[2025-07-07T18:02:54.675+0000] {local_task_job_runner.py:120} INFO - ::group::Pre task execution logs
[2025-07-07T18:02:54.697+0000] {taskinstance.py:2076} INFO - Dependencies all met for dep_context=non-requeueable deps ti=<TaskInstance: dbt_run_lakehouse_project.dbt_generate_docs manual__2025-07-07T18:02:19.477966+00:00 [queued]>
[2025-07-07T18:02:54.705+0000] {taskinstance.py:2076} INFO - Dependencies all met for dep_context=requeueable deps ti=<TaskInstance: dbt_run_lakehouse_project.dbt_generate_docs manual__2025-07-07T18:02:19.477966+00:00 [queued]>
[2025-07-07T18:02:54.705+0000] {taskinstance.py:2306} INFO - Starting attempt 1 of 1
[2025-07-07T18:02:54.714+0000] {taskinstance.py:2330} INFO - Executing <Task(BashOperator): dbt_generate_docs> on 2025-07-07 18:02:19.477966+00:00
[2025-07-07T18:02:54.722+0000] {standard_task_runner.py:90} INFO - Running: ['***', 'tasks', 'run', 'dbt_run_lakehouse_project', 'dbt_generate_docs', 'manual__2025-07-07T18:02:19.477966+00:00', '--job-id', '6', '--raw', '--subdir', 'DAGS_FOLDER/dbt_dag.py', '--cfg-path', '/tmp/tmpbam4cgmf']
[2025-07-07T18:02:54.723+0000] {standard_task_runner.py:91} INFO - Job 6: Subtask dbt_generate_docs
[2025-07-07T18:02:54.724+0000] {logging_mixin.py:188} WARNING - /home/***/.local/lib/python3.12/site-packages/***/task/task_runner/standard_task_runner.py:61 DeprecationWarning: This process (pid=1026) is multi-threaded, use of fork() may lead to deadlocks in the child.
[2025-07-07T18:02:54.724+0000] {standard_task_runner.py:63} INFO - Started process 1027 to run task
[2025-07-07T18:02:54.752+0000] {task_command.py:426} INFO - Running <TaskInstance: dbt_run_lakehouse_project.dbt_generate_docs manual__2025-07-07T18:02:19.477966+00:00 [running]> on host 97f0f1d9847e
[2025-07-07T18:02:54.806+0000] {taskinstance.py:2648} INFO - Exporting env vars: AIRFLOW_CTX_DAG_OWNER='***' AIRFLOW_CTX_DAG_ID='dbt_run_lakehouse_project' AIRFLOW_CTX_TASK_ID='dbt_generate_docs' AIRFLOW_CTX_EXECUTION_DATE='2025-07-07T18:02:19.477966+00:00' AIRFLOW_CTX_TRY_NUMBER='1' AIRFLOW_CTX_DAG_RUN_ID='manual__2025-07-07T18:02:19.477966+00:00'
[2025-07-07T18:02:54.807+0000] {taskinstance.py:430} INFO - ::endgroup::
[2025-07-07T18:02:54.818+0000] {subprocess.py:63} INFO - Tmp dir root location: /tmp
[2025-07-07T18:02:54.819+0000] {subprocess.py:75} INFO - Running command: ['/usr/bin/bash', '-c', 'cd /dbt_lakehouse && dbt docs generate']
[2025-07-07T18:02:54.826+0000] {subprocess.py:86} INFO - Output:
[2025-07-07T18:02:56.620+0000] {subprocess.py:93} INFO - [0m18:02:56  Running with dbt=1.10.3
[2025-07-07T18:02:56.637+0000] {subprocess.py:93} INFO - WARNING:thrift.transport.sslcompat:using legacy validation callback
[2025-07-07T18:02:56.859+0000] {subprocess.py:93} INFO - [0m18:02:56  Registered adapter: spark=1.9.2
[2025-07-07T18:02:57.042+0000] {subprocess.py:93} INFO - [0m18:02:57  [[33mWARNING[0m]: Configuration paths exist in your dbt_project.yml file which do not apply to any resources.
[2025-07-07T18:02:57.043+0000] {subprocess.py:93} INFO - There are 2 unused configuration paths:
[2025-07-07T18:02:57.043+0000] {subprocess.py:93} INFO - - models.dbt_lakehouse.intermediate
[2025-07-07T18:02:57.043+0000] {subprocess.py:93} INFO - - models.dbt_lakehouse.staging
[2025-07-07T18:02:57.098+0000] {subprocess.py:93} INFO - [0m18:02:57  Found 3 models, 2 data tests, 1 source, 474 macros
[2025-07-07T18:02:57.100+0000] {subprocess.py:93} INFO - [0m18:02:57
[2025-07-07T18:02:57.101+0000] {subprocess.py:93} INFO - [0m18:02:57  Concurrency: 1 threads (target='dev')
[2025-07-07T18:02:57.101+0000] {subprocess.py:93} INFO - [0m18:02:57
[2025-07-07T18:02:57.425+0000] {subprocess.py:93} INFO - [0m18:02:57  Building catalog
[2025-07-07T18:02:57.576+0000] {subprocess.py:93} INFO - [0m18:02:57  Catalog written to /dbt_lakehouse/target/catalog.json
[2025-07-07T18:02:57.846+0000] {subprocess.py:97} INFO - Command exited with return code 0
[2025-07-07T18:02:57.846+0000] {taskinstance.py:441} INFO - ::group::Post task execution logs
[2025-07-07T18:02:57.865+0000] {taskinstance.py:1206} INFO - Marking task as SUCCESS. dag_id=dbt_run_lakehouse_project, task_id=dbt_generate_docs, run_id=manual__2025-07-07T18:02:19.477966+00:00, execution_date=20250707T180219, start_date=20250707T180254, end_date=20250707T180257
[2025-07-07T18:02:57.906+0000] {local_task_job_runner.py:240} INFO - Task exited with return code 0
[2025-07-07T18:02:57.935+0000] {taskinstance.py:3498} INFO - 0 downstream tasks scheduled from follow-on schedule check
[2025-07-07T18:02:57.937+0000] {local_task_job_runner.py:222} INFO - ::endgroup::
