[2025-07-07T15:17:21.818+0000] {local_task_job_runner.py:120} INFO - ::group::Pre task execution logs
[2025-07-07T15:17:21.842+0000] {taskinstance.py:2076} INFO - Dependencies all met for dep_context=non-requeueable deps ti=<TaskInstance: dbt_run_lakehouse_project.dbt_run_all manual__2025-07-07T15:17:21.038117+00:00 [queued]>
[2025-07-07T15:17:21.848+0000] {taskinstance.py:2076} INFO - Dependencies all met for dep_context=requeueable deps ti=<TaskInstance: dbt_run_lakehouse_project.dbt_run_all manual__2025-07-07T15:17:21.038117+00:00 [queued]>
[2025-07-07T15:17:21.849+0000] {taskinstance.py:2306} INFO - Starting attempt 1 of 1
[2025-07-07T15:17:21.861+0000] {taskinstance.py:2330} INFO - Executing <Task(BashOperator): dbt_run_all> on 2025-07-07 15:17:21.038117+00:00
[2025-07-07T15:17:21.869+0000] {standard_task_runner.py:90} INFO - Running: ['***', 'tasks', 'run', 'dbt_run_lakehouse_project', 'dbt_run_all', 'manual__2025-07-07T15:17:21.038117+00:00', '--job-id', '4', '--raw', '--subdir', 'DAGS_FOLDER/dbt_dag.py', '--cfg-path', '/tmp/tmpoagce9ll']
[2025-07-07T15:17:21.870+0000] {standard_task_runner.py:91} INFO - Job 4: Subtask dbt_run_all
[2025-07-07T15:17:21.872+0000] {logging_mixin.py:188} WARNING - /home/***/.local/lib/python3.12/site-packages/***/task/task_runner/standard_task_runner.py:61 DeprecationWarning: This process (pid=1946) is multi-threaded, use of fork() may lead to deadlocks in the child.
[2025-07-07T15:17:21.872+0000] {standard_task_runner.py:63} INFO - Started process 1947 to run task
[2025-07-07T15:17:21.902+0000] {task_command.py:426} INFO - Running <TaskInstance: dbt_run_lakehouse_project.dbt_run_all manual__2025-07-07T15:17:21.038117+00:00 [running]> on host 4548c9e5e95e
[2025-07-07T15:17:21.958+0000] {taskinstance.py:2648} INFO - Exporting env vars: AIRFLOW_CTX_DAG_OWNER='***' AIRFLOW_CTX_DAG_ID='dbt_run_lakehouse_project' AIRFLOW_CTX_TASK_ID='dbt_run_all' AIRFLOW_CTX_EXECUTION_DATE='2025-07-07T15:17:21.038117+00:00' AIRFLOW_CTX_TRY_NUMBER='1' AIRFLOW_CTX_DAG_RUN_ID='manual__2025-07-07T15:17:21.038117+00:00'
[2025-07-07T15:17:21.958+0000] {taskinstance.py:430} INFO - ::endgroup::
[2025-07-07T15:17:21.971+0000] {subprocess.py:63} INFO - Tmp dir root location: /tmp
[2025-07-07T15:17:21.971+0000] {subprocess.py:75} INFO - Running command: ['/usr/bin/bash', '-c', 'cd /dbt_lakehouse && dbt run']
[2025-07-07T15:17:21.978+0000] {subprocess.py:86} INFO - Output:
[2025-07-07T15:17:23.739+0000] {subprocess.py:93} INFO - [0m15:17:23  Running with dbt=1.10.3
[2025-07-07T15:17:23.755+0000] {subprocess.py:93} INFO - WARNING:thrift.transport.sslcompat:using legacy validation callback
[2025-07-07T15:17:23.954+0000] {subprocess.py:93} INFO - [0m15:17:23  Registered adapter: spark=1.9.2
[2025-07-07T15:17:24.111+0000] {subprocess.py:93} INFO - [0m15:17:24  [[33mWARNING[0m]: Configuration paths exist in your dbt_project.yml file which do not apply to any resources.
[2025-07-07T15:17:24.111+0000] {subprocess.py:93} INFO - There are 2 unused configuration paths:
[2025-07-07T15:17:24.111+0000] {subprocess.py:93} INFO - - models.dbt_lakehouse.staging
[2025-07-07T15:17:24.112+0000] {subprocess.py:93} INFO - - models.dbt_lakehouse.intermediate
[2025-07-07T15:17:24.230+0000] {subprocess.py:93} INFO - [0m15:17:24  Found 3 models, 6 data tests, 1 source, 473 macros
[2025-07-07T15:17:24.231+0000] {subprocess.py:93} INFO - [0m15:17:24
[2025-07-07T15:17:24.231+0000] {subprocess.py:93} INFO - [0m15:17:24  Concurrency: 1 threads (target='dev')
[2025-07-07T15:17:24.231+0000] {subprocess.py:93} INFO - [0m15:17:24
[2025-07-07T15:17:24.561+0000] {subprocess.py:93} INFO - [0m15:17:24  1 of 3 START sql incremental model default_marts.fct_summary ................... [RUN]
[2025-07-07T15:17:25.863+0000] {subprocess.py:93} INFO - [0m15:17:25  1 of 3 OK created sql incremental model default_marts.fct_summary .............. [[32mOK[0m in 1.30s]
[2025-07-07T15:17:25.864+0000] {subprocess.py:93} INFO - [0m15:17:25  2 of 3 START sql table model default_staging.my_first_dbt_model ................ [RUN]
[2025-07-07T15:17:26.603+0000] {subprocess.py:93} INFO - [0m15:17:26  2 of 3 OK created sql table model default_staging.my_first_dbt_model ........... [[32mOK[0m in 0.74s]
[2025-07-07T15:17:26.605+0000] {subprocess.py:93} INFO - [0m15:17:26  3 of 3 START sql incremental model default_staging.my_second_dbt_model ......... [RUN]
[2025-07-07T15:17:27.246+0000] {subprocess.py:93} INFO - [0m15:17:27  3 of 3 OK created sql incremental model default_staging.my_second_dbt_model .... [[32mOK[0m in 0.64s]
[2025-07-07T15:17:27.284+0000] {subprocess.py:93} INFO - [0m15:17:27
[2025-07-07T15:17:27.284+0000] {subprocess.py:93} INFO - [0m15:17:27  Finished running 2 incremental models, 1 table model in 0 hours 0 minutes and 3.05 seconds (3.05s).
[2025-07-07T15:17:27.311+0000] {subprocess.py:93} INFO - [0m15:17:27
[2025-07-07T15:17:27.312+0000] {subprocess.py:93} INFO - [0m15:17:27  [32mCompleted successfully[0m
[2025-07-07T15:17:27.312+0000] {subprocess.py:93} INFO - [0m15:17:27
[2025-07-07T15:17:27.312+0000] {subprocess.py:93} INFO - [0m15:17:27  Done. PASS=3 WARN=0 ERROR=0 SKIP=0 NO-OP=0 TOTAL=3
[2025-07-07T15:17:27.526+0000] {subprocess.py:97} INFO - Command exited with return code 0
[2025-07-07T15:17:27.527+0000] {taskinstance.py:441} INFO - ::group::Post task execution logs
[2025-07-07T15:17:27.543+0000] {taskinstance.py:1206} INFO - Marking task as SUCCESS. dag_id=dbt_run_lakehouse_project, task_id=dbt_run_all, run_id=manual__2025-07-07T15:17:21.038117+00:00, execution_date=20250707T151721, start_date=20250707T151721, end_date=20250707T151727
[2025-07-07T15:17:27.568+0000] {local_task_job_runner.py:240} INFO - Task exited with return code 0
[2025-07-07T15:17:27.585+0000] {taskinstance.py:3498} INFO - 1 downstream tasks scheduled from follow-on schedule check
[2025-07-07T15:17:27.586+0000] {local_task_job_runner.py:222} INFO - ::endgroup::
