[2025-07-05T06:10:59.066+0000] {local_task_job_runner.py:120} INFO - ::group::Pre task execution logs
[2025-07-05T06:10:59.164+0000] {taskinstance.py:2076} INFO - Dependencies all met for dep_context=non-requeueable deps ti=<TaskInstance: dataset_produces_1.producing_task_1 scheduled__2025-07-04T00:00:00+00:00 [queued]>
[2025-07-05T06:10:59.200+0000] {taskinstance.py:2076} INFO - Dependencies all met for dep_context=requeueable deps ti=<TaskInstance: dataset_produces_1.producing_task_1 scheduled__2025-07-04T00:00:00+00:00 [queued]>
[2025-07-05T06:10:59.200+0000] {taskinstance.py:2306} INFO - Starting attempt 1 of 1
[2025-07-05T06:10:59.229+0000] {taskinstance.py:2330} INFO - Executing <Task(BashOperator): producing_task_1> on 2025-07-04 00:00:00+00:00
[2025-07-05T06:10:59.241+0000] {logging_mixin.py:188} WARNING - /home/***/.local/lib/python3.12/site-packages/***/task/task_runner/standard_task_runner.py:61 DeprecationWarning: This process (pid=917) is multi-threaded, use of fork() may lead to deadlocks in the child.
[2025-07-05T06:10:59.242+0000] {standard_task_runner.py:63} INFO - Started process 1037 to run task
[2025-07-05T06:10:59.260+0000] {standard_task_runner.py:90} INFO - Running: ['***', 'tasks', 'run', 'dataset_produces_1', 'producing_task_1', 'scheduled__2025-07-04T00:00:00+00:00', '--job-id', '145', '--raw', '--subdir', '/home/***/.local/lib/python3.12/site-packages/***/example_dags/example_datasets.py', '--cfg-path', '/tmp/tmp6cullq9g']
[2025-07-05T06:10:59.262+0000] {standard_task_runner.py:91} INFO - Job 145: Subtask producing_task_1
[2025-07-05T06:10:59.417+0000] {task_command.py:426} INFO - Running <TaskInstance: dataset_produces_1.producing_task_1 scheduled__2025-07-04T00:00:00+00:00 [running]> on host b39724c39614
[2025-07-05T06:10:59.628+0000] {taskinstance.py:2648} INFO - Exporting env vars: AIRFLOW_CTX_DAG_OWNER='***' AIRFLOW_CTX_DAG_ID='dataset_produces_1' AIRFLOW_CTX_TASK_ID='producing_task_1' AIRFLOW_CTX_EXECUTION_DATE='2025-07-04T00:00:00+00:00' AIRFLOW_CTX_TRY_NUMBER='1' AIRFLOW_CTX_DAG_RUN_ID='scheduled__2025-07-04T00:00:00+00:00'
[2025-07-05T06:10:59.630+0000] {taskinstance.py:430} INFO - ::endgroup::
[2025-07-05T06:10:59.630+0000] {subprocess.py:63} INFO - Tmp dir root location: /tmp
[2025-07-05T06:10:59.631+0000] {subprocess.py:75} INFO - Running command: ['/usr/bin/bash', '-c', 'sleep 5']
[2025-07-05T06:10:59.658+0000] {subprocess.py:86} INFO - Output:
[2025-07-05T06:11:04.711+0000] {subprocess.py:97} INFO - Command exited with return code 0
[2025-07-05T06:11:04.712+0000] {taskinstance.py:441} INFO - ::group::Post task execution logs
[2025-07-05T06:11:04.754+0000] {logging_mixin.py:188} WARNING - /home/***/.local/lib/python3.12/site-packages/***/models/baseoperator.py:1564 RemovedInAirflow3Warning: Passing 'execution_date' to 'TaskInstance.xcom_push()' is deprecated.
[2025-07-05T06:11:04.794+0000] {taskinstance.py:1206} INFO - Marking task as SUCCESS. dag_id=dataset_produces_1, task_id=producing_task_1, run_id=scheduled__2025-07-04T00:00:00+00:00, execution_date=20250704T000000, start_date=20250705T061059, end_date=20250705T061104
[2025-07-05T06:11:04.953+0000] {local_task_job_runner.py:240} INFO - Task exited with return code 0
[2025-07-05T06:11:04.989+0000] {taskinstance.py:3498} INFO - 0 downstream tasks scheduled from follow-on schedule check
[2025-07-05T06:11:04.999+0000] {local_task_job_runner.py:222} INFO - ::endgroup::
