[2025-07-05T06:10:53.879+0000] {local_task_job_runner.py:120} INFO - ::group::Pre task execution logs
[2025-07-05T06:10:54.131+0000] {taskinstance.py:2076} INFO - Dependencies all met for dep_context=non-requeueable deps ti=<TaskInstance: example_branch_operator.branching_ext_python scheduled__2025-07-04T00:00:00+00:00 [queued]>
[2025-07-05T06:10:54.211+0000] {taskinstance.py:2076} INFO - Dependencies all met for dep_context=requeueable deps ti=<TaskInstance: example_branch_operator.branching_ext_python scheduled__2025-07-04T00:00:00+00:00 [queued]>
[2025-07-05T06:10:54.227+0000] {taskinstance.py:2306} INFO - Starting attempt 1 of 1
[2025-07-05T06:10:54.312+0000] {taskinstance.py:2330} INFO - Executing <Task(BranchExternalPythonOperator): branching_ext_python> on 2025-07-04 00:00:00+00:00
[2025-07-05T06:10:54.337+0000] {logging_mixin.py:188} WARNING - /home/***/.local/lib/python3.12/site-packages/***/task/task_runner/standard_task_runner.py:61 DeprecationWarning: This process (pid=801) is multi-threaded, use of fork() may lead to deadlocks in the child.
[2025-07-05T06:10:54.336+0000] {standard_task_runner.py:90} INFO - Running: ['***', 'tasks', 'run', 'example_branch_operator', 'branching_ext_python', 'scheduled__2025-07-04T00:00:00+00:00', '--job-id', '127', '--raw', '--subdir', '/home/***/.local/lib/python3.12/site-packages/***/example_dags/example_branch_operator.py', '--cfg-path', '/tmp/tmprng2xat6']
[2025-07-05T06:10:54.349+0000] {standard_task_runner.py:91} INFO - Job 127: Subtask branching_ext_python
[2025-07-05T06:10:54.352+0000] {standard_task_runner.py:63} INFO - Started process 936 to run task
[2025-07-05T06:10:54.512+0000] {task_command.py:426} INFO - Running <TaskInstance: example_branch_operator.branching_ext_python scheduled__2025-07-04T00:00:00+00:00 [running]> on host b39724c39614
[2025-07-05T06:10:54.848+0000] {taskinstance.py:2648} INFO - Exporting env vars: AIRFLOW_CTX_DAG_OWNER='***' AIRFLOW_CTX_DAG_ID='example_branch_operator' AIRFLOW_CTX_TASK_ID='branching_ext_python' AIRFLOW_CTX_EXECUTION_DATE='2025-07-04T00:00:00+00:00' AIRFLOW_CTX_TRY_NUMBER='1' AIRFLOW_CTX_DAG_RUN_ID='scheduled__2025-07-04T00:00:00+00:00'
[2025-07-05T06:10:54.849+0000] {taskinstance.py:430} INFO - ::endgroup::
[2025-07-05T06:10:54.850+0000] {baseoperator.py:399} WARNING - BranchExternalPythonOperator.execute cannot be called outside TaskInstance!
[2025-07-05T06:10:56.575+0000] {baseoperator.py:399} WARNING - BranchExternalPythonOperator.execute cannot be called outside TaskInstance!
[2025-07-05T06:10:56.928+0000] {process_utils.py:183} INFO - Executing cmd: /home/***/.local/bin/python /tmp/venv-callh0ze8za7/script.py /tmp/venv-callh0ze8za7/script.in /tmp/venv-callh0ze8za7/script.out /tmp/venv-callh0ze8za7/string_args.txt /tmp/venv-callh0ze8za7/termination.log
[2025-07-05T06:10:56.946+0000] {process_utils.py:187} INFO - Output:
[2025-07-05T06:11:05.314+0000] {python.py:237} INFO - Done. Returned value was: ext_py_a
[2025-07-05T06:11:05.314+0000] {branch.py:36} INFO - Branch into ext_py_a
[2025-07-05T06:11:05.315+0000] {skipmixin.py:178} INFO - Following branch ext_py_a
[2025-07-05T06:11:05.359+0000] {skipmixin.py:246} INFO - Skipping tasks [('ext_py_d', -1), ('ext_py_b', -1), ('ext_py_c', -1)]
[2025-07-05T06:11:05.394+0000] {taskinstance.py:441} INFO - ::group::Post task execution logs
[2025-07-05T06:11:05.434+0000] {taskinstance.py:1206} INFO - Marking task as SUCCESS. dag_id=example_branch_operator, task_id=branching_ext_python, run_id=scheduled__2025-07-04T00:00:00+00:00, execution_date=20250704T000000, start_date=20250705T061054, end_date=20250705T061105
[2025-07-05T06:11:05.493+0000] {local_task_job_runner.py:240} INFO - Task exited with return code 0
[2025-07-05T06:11:05.679+0000] {taskinstance.py:3498} INFO - 1 downstream tasks scheduled from follow-on schedule check
[2025-07-05T06:11:05.694+0000] {local_task_job_runner.py:222} INFO - ::endgroup::
