[2025-07-06T10:03:04.747+0000] {local_task_job_runner.py:120} INFO - ::group::Pre task execution logs
[2025-07-06T10:03:04.766+0000] {taskinstance.py:2076} INFO - Dependencies all met for dep_context=non-requeueable deps ti=<TaskInstance: lakehouse_pipeline.create_trino_table manual__2025-07-06T10:03:03.048345+00:00 [queued]>
[2025-07-06T10:03:04.771+0000] {taskinstance.py:2076} INFO - Dependencies all met for dep_context=requeueable deps ti=<TaskInstance: lakehouse_pipeline.create_trino_table manual__2025-07-06T10:03:03.048345+00:00 [queued]>
[2025-07-06T10:03:04.771+0000] {taskinstance.py:2306} INFO - Starting attempt 1 of 1
[2025-07-06T10:03:04.779+0000] {taskinstance.py:2330} INFO - Executing <Task(BashOperator): create_trino_table> on 2025-07-06 10:03:03.048345+00:00
[2025-07-06T10:03:04.785+0000] {standard_task_runner.py:90} INFO - Running: ['***', 'tasks', 'run', 'lakehouse_pipeline', 'create_trino_table', 'manual__2025-07-06T10:03:03.048345+00:00', '--job-id', '2', '--raw', '--subdir', 'DAGS_FOLDER/pipeline_dag.py', '--cfg-path', '/tmp/tmp59at7v8v']
[2025-07-06T10:03:04.786+0000] {standard_task_runner.py:91} INFO - Job 2: Subtask create_trino_table
[2025-07-06T10:03:04.789+0000] {logging_mixin.py:188} WARNING - /home/***/.local/lib/python3.12/site-packages/***/task/task_runner/standard_task_runner.py:61 DeprecationWarning: This process (pid=292) is multi-threaded, use of fork() may lead to deadlocks in the child.
[2025-07-06T10:03:04.789+0000] {standard_task_runner.py:63} INFO - Started process 293 to run task
[2025-07-06T10:03:04.813+0000] {task_command.py:426} INFO - Running <TaskInstance: lakehouse_pipeline.create_trino_table manual__2025-07-06T10:03:03.048345+00:00 [running]> on host 5a7ab00c848e
[2025-07-06T10:03:04.861+0000] {taskinstance.py:2648} INFO - Exporting env vars: AIRFLOW_CTX_DAG_OWNER='***' AIRFLOW_CTX_DAG_ID='lakehouse_pipeline' AIRFLOW_CTX_TASK_ID='create_trino_table' AIRFLOW_CTX_EXECUTION_DATE='2025-07-06T10:03:03.048345+00:00' AIRFLOW_CTX_TRY_NUMBER='1' AIRFLOW_CTX_DAG_RUN_ID='manual__2025-07-06T10:03:03.048345+00:00'
[2025-07-06T10:03:04.862+0000] {taskinstance.py:430} INFO - ::endgroup::
[2025-07-06T10:03:04.877+0000] {subprocess.py:63} INFO - Tmp dir root location: /tmp
[2025-07-06T10:03:04.878+0000] {subprocess.py:75} INFO - Running command: ['/usr/bin/bash', '-c', '\n        trino --server trino:8080 --catalog gold --schema default --execute "\n        CREATE TABLE IF NOT EXISTS order_summary (\n            customer_id VARCHAR,\n            total_amount DOUBLE\n        )\n        WITH (location = \'s3a://gold/warehouse/default/order_summary\')"\n        ']
[2025-07-06T10:03:04.886+0000] {subprocess.py:86} INFO - Output:
[2025-07-06T10:03:05.382+0000] {subprocess.py:93} INFO - Jul 06, 2025 10:03:05 AM org.jline.utils.Log logr
[2025-07-06T10:03:05.382+0000] {subprocess.py:93} INFO - WARNING: Unable to create a system terminal, creating a dumb terminal (enable debug logging for more information)
[2025-07-06T10:03:05.738+0000] {subprocess.py:93} INFO - CREATE TABLE
[2025-07-06T10:03:05.766+0000] {subprocess.py:97} INFO - Command exited with return code 0
[2025-07-06T10:03:05.767+0000] {taskinstance.py:441} INFO - ::group::Post task execution logs
[2025-07-06T10:03:05.794+0000] {taskinstance.py:1206} INFO - Marking task as SUCCESS. dag_id=lakehouse_pipeline, task_id=create_trino_table, run_id=manual__2025-07-06T10:03:03.048345+00:00, execution_date=20250706T100303, start_date=20250706T100304, end_date=20250706T100305
[2025-07-06T10:03:05.845+0000] {local_task_job_runner.py:240} INFO - Task exited with return code 0
[2025-07-06T10:03:05.879+0000] {taskinstance.py:3498} INFO - 1 downstream tasks scheduled from follow-on schedule check
[2025-07-06T10:03:05.880+0000] {local_task_job_runner.py:222} INFO - ::endgroup::
