[2025-07-05T06:10:31.857+0000] {local_task_job_runner.py:120} INFO - ::group::Pre task execution logs
[2025-07-05T06:10:32.031+0000] {taskinstance.py:2076} INFO - Dependencies all met for dep_context=non-requeueable deps ti=<TaskInstance: example_branch_dop_operator_v3.should_run scheduled__2025-07-05T06:09:00+00:00 [queued]>
[2025-07-05T06:10:32.092+0000] {taskinstance.py:2076} INFO - Dependencies all met for dep_context=requeueable deps ti=<TaskInstance: example_branch_dop_operator_v3.should_run scheduled__2025-07-05T06:09:00+00:00 [queued]>
[2025-07-05T06:10:32.092+0000] {taskinstance.py:2306} INFO - Starting attempt 1 of 1
[2025-07-05T06:10:32.187+0000] {taskinstance.py:2330} INFO - Executing <Task(_BranchPythonDecoratedOperator): should_run> on 2025-07-05 06:09:00+00:00
[2025-07-05T06:10:32.213+0000] {logging_mixin.py:188} WARNING - /home/***/.local/lib/python3.12/site-packages/***/task/task_runner/standard_task_runner.py:61 DeprecationWarning: This process (pid=524) is multi-threaded, use of fork() may lead to deadlocks in the child.
[2025-07-05T06:10:32.234+0000] {standard_task_runner.py:63} INFO - Started process 638 to run task
[2025-07-05T06:10:32.238+0000] {standard_task_runner.py:90} INFO - Running: ['***', 'tasks', 'run', 'example_branch_dop_operator_v3', 'should_run', 'scheduled__2025-07-05T06:09:00+00:00', '--job-id', '48', '--raw', '--subdir', '/home/***/.local/lib/python3.12/site-packages/***/example_dags/example_branch_python_dop_operator_3.py', '--cfg-path', '/tmp/tmp21y_m92i']
[2025-07-05T06:10:32.264+0000] {standard_task_runner.py:91} INFO - Job 48: Subtask should_run
[2025-07-05T06:10:32.381+0000] {task_command.py:426} INFO - Running <TaskInstance: example_branch_dop_operator_v3.should_run scheduled__2025-07-05T06:09:00+00:00 [running]> on host b39724c39614
[2025-07-05T06:10:32.714+0000] {taskinstance.py:2648} INFO - Exporting env vars: AIRFLOW_CTX_DAG_OWNER='***' AIRFLOW_CTX_DAG_ID='example_branch_dop_operator_v3' AIRFLOW_CTX_TASK_ID='should_run' AIRFLOW_CTX_EXECUTION_DATE='2025-07-05T06:09:00+00:00' AIRFLOW_CTX_TRY_NUMBER='1' AIRFLOW_CTX_DAG_RUN_ID='scheduled__2025-07-05T06:09:00+00:00'
[2025-07-05T06:10:32.718+0000] {taskinstance.py:430} INFO - ::endgroup::
[2025-07-05T06:10:32.721+0000] {logging_mixin.py:188} WARNING - /home/***/.local/lib/python3.12/site-packages/***/utils/context.py:320 AirflowContextDeprecationWarning: Accessing 'execution_date' from the template is deprecated and will be removed in a future version. Please use 'data_interval_start' or 'logical_date' instead.
[2025-07-05T06:10:32.725+0000] {logging_mixin.py:188} INFO - ------------- exec dttm = 2025-07-05 06:09:00+00:00 and minute = 9
[2025-07-05T06:10:32.726+0000] {python.py:237} INFO - Done. Returned value was: empty_task_2
[2025-07-05T06:10:32.726+0000] {branch.py:36} INFO - Branch into empty_task_2
[2025-07-05T06:10:32.740+0000] {skipmixin.py:178} INFO - Following branch empty_task_2
[2025-07-05T06:10:32.847+0000] {skipmixin.py:246} INFO - Skipping tasks [('empty_task_1', -1)]
[2025-07-05T06:10:32.958+0000] {taskinstance.py:441} INFO - ::group::Post task execution logs
[2025-07-05T06:10:33.058+0000] {taskinstance.py:1206} INFO - Marking task as SUCCESS. dag_id=example_branch_dop_operator_v3, task_id=should_run, run_id=scheduled__2025-07-05T06:09:00+00:00, execution_date=20250705T060900, start_date=20250705T061032, end_date=20250705T061033
[2025-07-05T06:10:33.209+0000] {local_task_job_runner.py:240} INFO - Task exited with return code 0
[2025-07-05T06:10:33.295+0000] {taskinstance.py:3498} INFO - 0 downstream tasks scheduled from follow-on schedule check
[2025-07-05T06:10:33.311+0000] {local_task_job_runner.py:222} INFO - ::endgroup::
