[2025-07-05T06:11:26.540+0000] {local_task_job_runner.py:120} INFO - ::group::Pre task execution logs
[2025-07-05T06:11:26.599+0000] {taskinstance.py:2076} INFO - Dependencies all met for dep_context=non-requeueable deps ti=<TaskInstance: example_branch_python_operator_decorator.branching_virtualenv scheduled__2025-07-04T00:00:00+00:00 [queued]>
[2025-07-05T06:11:26.625+0000] {taskinstance.py:2076} INFO - Dependencies all met for dep_context=requeueable deps ti=<TaskInstance: example_branch_python_operator_decorator.branching_virtualenv scheduled__2025-07-04T00:00:00+00:00 [queued]>
[2025-07-05T06:11:26.625+0000] {taskinstance.py:2306} INFO - Starting attempt 1 of 1
[2025-07-05T06:11:26.642+0000] {taskinstance.py:2330} INFO - Executing <Task(_BranchPythonVirtualenvDecoratedOperator): branching_virtualenv> on 2025-07-04 00:00:00+00:00
[2025-07-05T06:11:26.652+0000] {standard_task_runner.py:90} INFO - Running: ['***', 'tasks', 'run', 'example_branch_python_operator_decorator', 'branching_virtualenv', 'scheduled__2025-07-04T00:00:00+00:00', '--job-id', '225', '--raw', '--subdir', '/home/***/.local/lib/python3.12/site-packages/***/example_dags/example_branch_operator_decorator.py', '--cfg-path', '/tmp/tmpu_nkxbxr']
[2025-07-05T06:11:26.654+0000] {standard_task_runner.py:91} INFO - Job 225: Subtask branching_virtualenv
[2025-07-05T06:11:26.652+0000] {logging_mixin.py:188} WARNING - /home/***/.local/lib/python3.12/site-packages/***/task/task_runner/standard_task_runner.py:61 DeprecationWarning: This process (pid=1498) is multi-threaded, use of fork() may lead to deadlocks in the child.
[2025-07-05T06:11:26.661+0000] {standard_task_runner.py:63} INFO - Started process 1521 to run task
[2025-07-05T06:11:26.735+0000] {task_command.py:426} INFO - Running <TaskInstance: example_branch_python_operator_decorator.branching_virtualenv scheduled__2025-07-04T00:00:00+00:00 [running]> on host b39724c39614
[2025-07-05T06:11:26.840+0000] {taskinstance.py:2648} INFO - Exporting env vars: AIRFLOW_CTX_DAG_OWNER='***' AIRFLOW_CTX_DAG_ID='example_branch_python_operator_decorator' AIRFLOW_CTX_TASK_ID='branching_virtualenv' AIRFLOW_CTX_EXECUTION_DATE='2025-07-04T00:00:00+00:00' AIRFLOW_CTX_TRY_NUMBER='1' AIRFLOW_CTX_DAG_RUN_ID='scheduled__2025-07-04T00:00:00+00:00'
[2025-07-05T06:11:26.842+0000] {taskinstance.py:430} INFO - ::endgroup::
[2025-07-05T06:11:26.855+0000] {python.py:708} INFO - Python virtual environment will be cached in /tmp/venv-ebe3c33d
[2025-07-05T06:11:26.856+0000] {process_utils.py:183} INFO - Executing cmd: /home/***/.local/bin/python -m virtualenv /tmp/venv-ebe3c33d --system-site-packages --python=python
[2025-07-05T06:11:26.859+0000] {process_utils.py:187} INFO - Output:
[2025-07-05T06:11:28.485+0000] {process_utils.py:191} INFO - created virtual environment CPython3.12.3.final.0-64 in 827ms
[2025-07-05T06:11:28.486+0000] {process_utils.py:191} INFO -   creator CPython3Posix(dest=/tmp/venv-ebe3c33d, clear=False, no_vcs_ignore=False, global=True)
[2025-07-05T06:11:28.486+0000] {process_utils.py:191} INFO -   seeder FromAppData(download=False, pip=bundle, via=copy, app_data_dir=/home/***/.local/share/virtualenv)
[2025-07-05T06:11:28.487+0000] {process_utils.py:191} INFO -     added seed packages: pip==24.0
[2025-07-05T06:11:28.487+0000] {process_utils.py:191} INFO -   activators BashActivator,CShellActivator,FishActivator,NushellActivator,PowerShellActivator,PythonActivator
[2025-07-05T06:11:28.529+0000] {process_utils.py:183} INFO - Executing cmd: /tmp/venv-ebe3c33d/bin/pip install -r /tmp/venv-ebe3c33d/requirements.txt
[2025-07-05T06:11:28.530+0000] {process_utils.py:187} INFO - Output:
[2025-07-05T06:11:39.179+0000] {process_utils.py:191} INFO - Collecting numpy~=1.24.4 (from -r /tmp/venv-ebe3c33d/requirements.txt (line 1))
[2025-07-05T06:11:39.579+0000] {process_utils.py:191} INFO -   Downloading numpy-1.24.4.tar.gz (10.9 MB)
[2025-07-05T06:11:40.793+0000] {process_utils.py:191} INFO -      ━━━━━━━━━━━━━━━━━━━━━━━━━━━━━━━━━━━━━━━━ 10.9/10.9 MB 10.2 MB/s eta 0:00:00
[2025-07-05T06:11:43.125+0000] {process_utils.py:191} INFO -   Installing build dependencies: started
