[2025-07-05T06:10:51.971+0000] {local_task_job_runner.py:120} INFO - ::group::Pre task execution logs
[2025-07-05T06:10:52.190+0000] {taskinstance.py:2076} INFO - Dependencies all met for dep_context=non-requeueable deps ti=<TaskInstance: example_setup_teardown.section_1.normal scheduled__2025-07-04T00:00:00+00:00 [queued]>
[2025-07-05T06:10:52.228+0000] {taskinstance.py:2076} INFO - Dependencies all met for dep_context=requeueable deps ti=<TaskInstance: example_setup_teardown.section_1.normal scheduled__2025-07-04T00:00:00+00:00 [queued]>
[2025-07-05T06:10:52.228+0000] {taskinstance.py:2306} INFO - Starting attempt 1 of 1
[2025-07-05T06:10:52.266+0000] {taskinstance.py:2330} INFO - Executing <Task(BashOperator): section_1.normal> on 2025-07-04 00:00:00+00:00
[2025-07-05T06:10:52.275+0000] {logging_mixin.py:188} WARNING - /home/***/.local/lib/python3.12/site-packages/***/task/task_runner/standard_task_runner.py:61 DeprecationWarning: This process (pid=793) is multi-threaded, use of fork() may lead to deadlocks in the child.
[2025-07-05T06:10:52.288+0000] {standard_task_runner.py:63} INFO - Started process 908 to run task
[2025-07-05T06:10:52.305+0000] {standard_task_runner.py:90} INFO - Running: ['***', 'tasks', 'run', 'example_setup_teardown', 'section_1.normal', 'scheduled__2025-07-04T00:00:00+00:00', '--job-id', '120', '--raw', '--subdir', '/home/***/.local/lib/python3.12/site-packages/***/example_dags/example_setup_teardown.py', '--cfg-path', '/tmp/tmp76bj_gxp']
[2025-07-05T06:10:52.307+0000] {standard_task_runner.py:91} INFO - Job 120: Subtask section_1.normal
[2025-07-05T06:10:52.468+0000] {task_command.py:426} INFO - Running <TaskInstance: example_setup_teardown.section_1.normal scheduled__2025-07-04T00:00:00+00:00 [running]> on host b39724c39614
[2025-07-05T06:10:52.827+0000] {taskinstance.py:2648} INFO - Exporting env vars: AIRFLOW_CTX_DAG_OWNER='***' AIRFLOW_CTX_DAG_ID='example_setup_teardown' AIRFLOW_CTX_TASK_ID='section_1.normal' AIRFLOW_CTX_EXECUTION_DATE='2025-07-04T00:00:00+00:00' AIRFLOW_CTX_TRY_NUMBER='1' AIRFLOW_CTX_DAG_RUN_ID='scheduled__2025-07-04T00:00:00+00:00'
[2025-07-05T06:10:52.829+0000] {taskinstance.py:430} INFO - ::endgroup::
[2025-07-05T06:10:52.830+0000] {subprocess.py:63} INFO - Tmp dir root location: /tmp
[2025-07-05T06:10:52.830+0000] {subprocess.py:75} INFO - Running command: ['/usr/bin/bash', '-c', "echo 'I am just a normal task'"]
[2025-07-05T06:10:52.979+0000] {subprocess.py:86} INFO - Output:
[2025-07-05T06:10:52.983+0000] {subprocess.py:93} INFO - I am just a normal task
[2025-07-05T06:10:52.991+0000] {subprocess.py:97} INFO - Command exited with return code 0
[2025-07-05T06:10:52.991+0000] {taskinstance.py:441} INFO - ::group::Post task execution logs
[2025-07-05T06:10:53.064+0000] {taskinstance.py:1206} INFO - Marking task as SUCCESS. dag_id=example_setup_teardown, task_id=section_1.normal, run_id=scheduled__2025-07-04T00:00:00+00:00, execution_date=20250704T000000, start_date=20250705T061052, end_date=20250705T061053
[2025-07-05T06:10:53.157+0000] {local_task_job_runner.py:240} INFO - Task exited with return code 0
[2025-07-05T06:10:53.202+0000] {taskinstance.py:3498} INFO - 1 downstream tasks scheduled from follow-on schedule check
[2025-07-05T06:10:53.210+0000] {local_task_job_runner.py:222} INFO - ::endgroup::
