[2025-07-07T16:44:22.134+0000] {local_task_job_runner.py:120} INFO - ::group::Pre task execution logs
[2025-07-07T16:44:22.158+0000] {taskinstance.py:2076} INFO - Dependencies all met for dep_context=non-requeueable deps ti=<TaskInstance: dbt_run_lakehouse_project.dbt_generate_docs manual__2025-07-07T16:43:59.177550+00:00 [queued]>
[2025-07-07T16:44:22.163+0000] {taskinstance.py:2076} INFO - Dependencies all met for dep_context=requeueable deps ti=<TaskInstance: dbt_run_lakehouse_project.dbt_generate_docs manual__2025-07-07T16:43:59.177550+00:00 [queued]>
[2025-07-07T16:44:22.163+0000] {taskinstance.py:2306} INFO - Starting attempt 1 of 1
[2025-07-07T16:44:22.173+0000] {taskinstance.py:2330} INFO - Executing <Task(BashOperator): dbt_generate_docs> on 2025-07-07 16:43:59.177550+00:00
[2025-07-07T16:44:22.179+0000] {standard_task_runner.py:90} INFO - Running: ['***', 'tasks', 'run', 'dbt_run_lakehouse_project', 'dbt_generate_docs', 'manual__2025-07-07T16:43:59.177550+00:00', '--job-id', '6', '--raw', '--subdir', 'DAGS_FOLDER/dbt_dag.py', '--cfg-path', '/tmp/tmpwzx9miwh']
[2025-07-07T16:44:22.180+0000] {standard_task_runner.py:91} INFO - Job 6: Subtask dbt_generate_docs
[2025-07-07T16:44:22.181+0000] {logging_mixin.py:188} WARNING - /home/***/.local/lib/python3.12/site-packages/***/task/task_runner/standard_task_runner.py:61 DeprecationWarning: This process (pid=999) is multi-threaded, use of fork() may lead to deadlocks in the child.
[2025-07-07T16:44:22.182+0000] {standard_task_runner.py:63} INFO - Started process 1000 to run task
[2025-07-07T16:44:22.211+0000] {task_command.py:426} INFO - Running <TaskInstance: dbt_run_lakehouse_project.dbt_generate_docs manual__2025-07-07T16:43:59.177550+00:00 [running]> on host 9d4fba75afdd
[2025-07-07T16:44:22.265+0000] {taskinstance.py:2648} INFO - Exporting env vars: AIRFLOW_CTX_DAG_OWNER='***' AIRFLOW_CTX_DAG_ID='dbt_run_lakehouse_project' AIRFLOW_CTX_TASK_ID='dbt_generate_docs' AIRFLOW_CTX_EXECUTION_DATE='2025-07-07T16:43:59.177550+00:00' AIRFLOW_CTX_TRY_NUMBER='1' AIRFLOW_CTX_DAG_RUN_ID='manual__2025-07-07T16:43:59.177550+00:00'
[2025-07-07T16:44:22.265+0000] {taskinstance.py:430} INFO - ::endgroup::
[2025-07-07T16:44:22.277+0000] {subprocess.py:63} INFO - Tmp dir root location: /tmp
[2025-07-07T16:44:22.278+0000] {subprocess.py:75} INFO - Running command: ['/usr/bin/bash', '-c', 'cd /dbt_lakehouse && dbt docs generate']
[2025-07-07T16:44:22.285+0000] {subprocess.py:86} INFO - Output:
[2025-07-07T16:44:24.058+0000] {subprocess.py:93} INFO - [0m16:44:24  Running with dbt=1.10.3
[2025-07-07T16:44:24.076+0000] {subprocess.py:93} INFO - WARNING:thrift.transport.sslcompat:using legacy validation callback
[2025-07-07T16:44:24.304+0000] {subprocess.py:93} INFO - [0m16:44:24  Registered adapter: spark=1.9.2
[2025-07-07T16:44:24.480+0000] {subprocess.py:93} INFO - [0m16:44:24  [[33mWARNING[0m]: Configuration paths exist in your dbt_project.yml file which do not apply to any resources.
[2025-07-07T16:44:24.481+0000] {subprocess.py:93} INFO - There are 2 unused configuration paths:
[2025-07-07T16:44:24.481+0000] {subprocess.py:93} INFO - - models.dbt_lakehouse.intermediate
[2025-07-07T16:44:24.481+0000] {subprocess.py:93} INFO - - models.dbt_lakehouse.staging
[2025-07-07T16:44:24.534+0000] {subprocess.py:93} INFO - [0m16:44:24  Found 3 models, 2 data tests, 1 source, 473 macros
[2025-07-07T16:44:24.536+0000] {subprocess.py:93} INFO - [0m16:44:24
[2025-07-07T16:44:24.536+0000] {subprocess.py:93} INFO - [0m16:44:24  Concurrency: 1 threads (target='dev')
[2025-07-07T16:44:24.537+0000] {subprocess.py:93} INFO - [0m16:44:24
[2025-07-07T16:44:24.875+0000] {subprocess.py:93} INFO - [0m16:44:24  Building catalog
[2025-07-07T16:44:25.008+0000] {subprocess.py:93} INFO - [0m16:44:25  Catalog written to /dbt_lakehouse/target/catalog.json
[2025-07-07T16:44:25.290+0000] {subprocess.py:97} INFO - Command exited with return code 0
[2025-07-07T16:44:25.291+0000] {taskinstance.py:441} INFO - ::group::Post task execution logs
[2025-07-07T16:44:25.308+0000] {taskinstance.py:1206} INFO - Marking task as SUCCESS. dag_id=dbt_run_lakehouse_project, task_id=dbt_generate_docs, run_id=manual__2025-07-07T16:43:59.177550+00:00, execution_date=20250707T164359, start_date=20250707T164422, end_date=20250707T164425
[2025-07-07T16:44:25.323+0000] {local_task_job_runner.py:240} INFO - Task exited with return code 0
[2025-07-07T16:44:25.333+0000] {taskinstance.py:3498} INFO - 0 downstream tasks scheduled from follow-on schedule check
[2025-07-07T16:44:25.334+0000] {local_task_job_runner.py:222} INFO - ::endgroup::
