[2025-07-05T06:10:23.898+0000] {local_task_job_runner.py:120} INFO - ::group::Pre task execution logs
[2025-07-05T06:10:24.087+0000] {taskinstance.py:2076} INFO - Dependencies all met for dep_context=non-requeueable deps ti=<TaskInstance: example_bash_operator.runme_0 scheduled__2025-07-04T00:00:00+00:00 [queued]>
[2025-07-05T06:10:24.112+0000] {taskinstance.py:2076} INFO - Dependencies all met for dep_context=requeueable deps ti=<TaskInstance: example_bash_operator.runme_0 scheduled__2025-07-04T00:00:00+00:00 [queued]>
[2025-07-05T06:10:24.112+0000] {taskinstance.py:2306} INFO - Starting attempt 1 of 1
[2025-07-05T06:10:24.168+0000] {taskinstance.py:2330} INFO - Executing <Task(BashOperator): runme_0> on 2025-07-04 00:00:00+00:00
[2025-07-05T06:10:24.214+0000] {standard_task_runner.py:90} INFO - Running: ['***', 'tasks', 'run', 'example_bash_operator', 'runme_0', 'scheduled__2025-07-04T00:00:00+00:00', '--job-id', '19', '--raw', '--subdir', '/home/***/.local/lib/python3.12/site-packages/***/example_dags/example_bash_operator.py', '--cfg-path', '/tmp/tmpfeoq4aqo']
[2025-07-05T06:10:24.216+0000] {standard_task_runner.py:91} INFO - Job 19: Subtask runme_0
[2025-07-05T06:10:24.222+0000] {logging_mixin.py:188} WARNING - /home/***/.local/lib/python3.12/site-packages/***/task/task_runner/standard_task_runner.py:61 DeprecationWarning: This process (pid=224) is multi-threaded, use of fork() may lead to deadlocks in the child.
[2025-07-05T06:10:24.235+0000] {standard_task_runner.py:63} INFO - Started process 469 to run task
[2025-07-05T06:10:24.394+0000] {task_command.py:426} INFO - Running <TaskInstance: example_bash_operator.runme_0 scheduled__2025-07-04T00:00:00+00:00 [running]> on host b39724c39614
[2025-07-05T06:10:24.736+0000] {taskinstance.py:2648} INFO - Exporting env vars: AIRFLOW_CTX_DAG_OWNER='***' AIRFLOW_CTX_DAG_ID='example_bash_operator' AIRFLOW_CTX_TASK_ID='runme_0' AIRFLOW_CTX_EXECUTION_DATE='2025-07-04T00:00:00+00:00' AIRFLOW_CTX_TRY_NUMBER='1' AIRFLOW_CTX_DAG_RUN_ID='scheduled__2025-07-04T00:00:00+00:00'
[2025-07-05T06:10:24.737+0000] {taskinstance.py:430} INFO - ::endgroup::
[2025-07-05T06:10:24.738+0000] {subprocess.py:63} INFO - Tmp dir root location: /tmp
[2025-07-05T06:10:24.739+0000] {subprocess.py:75} INFO - Running command: ['/usr/bin/bash', '-c', 'echo "example_bash_operator__runme_0__20250704" && sleep 1']
[2025-07-05T06:10:24.795+0000] {subprocess.py:86} INFO - Output:
[2025-07-05T06:10:24.798+0000] {subprocess.py:93} INFO - example_bash_operator__runme_0__20250704
[2025-07-05T06:10:25.804+0000] {subprocess.py:97} INFO - Command exited with return code 0
[2025-07-05T06:10:25.805+0000] {taskinstance.py:441} INFO - ::group::Post task execution logs
[2025-07-05T06:10:25.944+0000] {taskinstance.py:1206} INFO - Marking task as SUCCESS. dag_id=example_bash_operator, task_id=runme_0, run_id=scheduled__2025-07-04T00:00:00+00:00, execution_date=20250704T000000, start_date=20250705T061024, end_date=20250705T061025
[2025-07-05T06:10:26.022+0000] {local_task_job_runner.py:240} INFO - Task exited with return code 0
[2025-07-05T06:10:26.069+0000] {taskinstance.py:3498} INFO - 1 downstream tasks scheduled from follow-on schedule check
[2025-07-05T06:10:26.076+0000] {local_task_job_runner.py:222} INFO - ::endgroup::
