[2025-07-05T06:10:25.188+0000] {processor.py:161} INFO - Started process (PID=506) to work on /home/airflow/.local/lib/python3.12/site-packages/airflow/example_dags/example_subdag_operator.py
[2025-07-05T06:10:25.188+0000] {processor.py:830} INFO - Processing file /home/airflow/.local/lib/python3.12/site-packages/airflow/example_dags/example_subdag_operator.py for tasks to queue
[2025-07-05T06:10:25.190+0000] {logging_mixin.py:188} INFO - [2025-07-05T06:10:25.190+0000] {dagbag.py:545} INFO - Filling up the DagBag from /home/airflow/.local/lib/python3.12/site-packages/airflow/example_dags/example_subdag_operator.py
[2025-07-05T06:10:25.273+0000] {processor.py:840} INFO - DAG(s) 'example_subdag_operator.section-1', 'example_subdag_operator.section-2', 'example_subdag_operator' retrieved from /home/airflow/.local/lib/python3.12/site-packages/airflow/example_dags/example_subdag_operator.py
[2025-07-05T06:10:25.277+0000] {logging_mixin.py:188} INFO - [2025-07-05T06:10:25.276+0000] {dag.py:3096} INFO - Sync 3 DAGs
[2025-07-05T06:10:25.310+0000] {logging_mixin.py:188} INFO - [2025-07-05T06:10:25.310+0000] {dag.py:3954} INFO - Setting next_dagrun for example_subdag_operator to None, run_after=None
[2025-07-05T06:10:25.327+0000] {logging_mixin.py:188} INFO - [2025-07-05T06:10:25.327+0000] {dag.py:3954} INFO - Setting next_dagrun for example_subdag_operator.section-1 to None, run_after=None
[2025-07-05T06:10:25.332+0000] {logging_mixin.py:188} INFO - [2025-07-05T06:10:25.332+0000] {dag.py:3954} INFO - Setting next_dagrun for example_subdag_operator.section-2 to None, run_after=None
[2025-07-05T06:10:25.348+0000] {logging_mixin.py:188} INFO - [2025-07-05T06:10:25.348+0000] {dag.py:3096} INFO - Sync 2 DAGs
[2025-07-05T06:10:25.366+0000] {logging_mixin.py:188} INFO - [2025-07-05T06:10:25.366+0000] {dag.py:3954} INFO - Setting next_dagrun for example_subdag_operator.section-1 to None, run_after=None
[2025-07-05T06:10:25.367+0000] {logging_mixin.py:188} INFO - [2025-07-05T06:10:25.366+0000] {dag.py:3954} INFO - Setting next_dagrun for example_subdag_operator.section-2 to None, run_after=None
[2025-07-05T06:10:25.465+0000] {processor.py:183} INFO - Processing /home/airflow/.local/lib/python3.12/site-packages/airflow/example_dags/example_subdag_operator.py took 0.283 seconds
[2025-07-05T06:11:05.554+0000] {processor.py:161} INFO - Started process (PID=1212) to work on /home/airflow/.local/lib/python3.12/site-packages/airflow/example_dags/example_subdag_operator.py
[2025-07-05T06:11:05.556+0000] {processor.py:830} INFO - Processing file /home/airflow/.local/lib/python3.12/site-packages/airflow/example_dags/example_subdag_operator.py for tasks to queue
[2025-07-05T06:11:05.557+0000] {logging_mixin.py:188} INFO - [2025-07-05T06:11:05.557+0000] {dagbag.py:545} INFO - Filling up the DagBag from /home/airflow/.local/lib/python3.12/site-packages/airflow/example_dags/example_subdag_operator.py
[2025-07-05T06:11:05.700+0000] {processor.py:840} INFO - DAG(s) 'example_subdag_operator.section-1', 'example_subdag_operator.section-2', 'example_subdag_operator' retrieved from /home/airflow/.local/lib/python3.12/site-packages/airflow/example_dags/example_subdag_operator.py
[2025-07-05T06:11:06.261+0000] {logging_mixin.py:188} INFO - [2025-07-05T06:11:06.260+0000] {dag.py:3096} INFO - Sync 3 DAGs
[2025-07-05T06:11:06.347+0000] {logging_mixin.py:188} INFO - [2025-07-05T06:11:06.346+0000] {dag.py:3954} INFO - Setting next_dagrun for example_subdag_operator to None, run_after=None
[2025-07-05T06:11:06.368+0000] {logging_mixin.py:188} INFO - [2025-07-05T06:11:06.368+0000] {dag.py:3954} INFO - Setting next_dagrun for example_subdag_operator.section-1 to None, run_after=None
[2025-07-05T06:11:06.373+0000] {logging_mixin.py:188} INFO - [2025-07-05T06:11:06.373+0000] {dag.py:3954} INFO - Setting next_dagrun for example_subdag_operator.section-2 to None, run_after=None
[2025-07-05T06:11:06.419+0000] {logging_mixin.py:188} INFO - [2025-07-05T06:11:06.419+0000] {dag.py:3096} INFO - Sync 2 DAGs
[2025-07-05T06:11:06.480+0000] {logging_mixin.py:188} INFO - [2025-07-05T06:11:06.480+0000] {dag.py:3954} INFO - Setting next_dagrun for example_subdag_operator.section-1 to None, run_after=None
[2025-07-05T06:11:06.481+0000] {logging_mixin.py:188} INFO - [2025-07-05T06:11:06.481+0000] {dag.py:3954} INFO - Setting next_dagrun for example_subdag_operator.section-2 to None, run_after=None
[2025-07-05T06:11:06.536+0000] {processor.py:183} INFO - Processing /home/airflow/.local/lib/python3.12/site-packages/airflow/example_dags/example_subdag_operator.py took 0.989 seconds
[2025-07-05T06:11:37.165+0000] {processor.py:161} INFO - Started process (PID=1779) to work on /home/airflow/.local/lib/python3.12/site-packages/airflow/example_dags/example_subdag_operator.py
[2025-07-05T06:11:37.167+0000] {processor.py:830} INFO - Processing file /home/airflow/.local/lib/python3.12/site-packages/airflow/example_dags/example_subdag_operator.py for tasks to queue
[2025-07-05T06:11:37.169+0000] {logging_mixin.py:188} INFO - [2025-07-05T06:11:37.169+0000] {dagbag.py:545} INFO - Filling up the DagBag from /home/airflow/.local/lib/python3.12/site-packages/airflow/example_dags/example_subdag_operator.py
[2025-07-05T06:11:37.307+0000] {processor.py:840} INFO - DAG(s) 'example_subdag_operator.section-1', 'example_subdag_operator.section-2', 'example_subdag_operator' retrieved from /home/airflow/.local/lib/python3.12/site-packages/airflow/example_dags/example_subdag_operator.py
[2025-07-05T06:11:37.466+0000] {logging_mixin.py:188} INFO - [2025-07-05T06:11:37.466+0000] {dag.py:3096} INFO - Sync 3 DAGs
[2025-07-05T06:11:37.673+0000] {logging_mixin.py:188} INFO - [2025-07-05T06:11:37.664+0000] {dag.py:3954} INFO - Setting next_dagrun for example_subdag_operator to None, run_after=None
[2025-07-05T06:11:37.709+0000] {logging_mixin.py:188} INFO - [2025-07-05T06:11:37.708+0000] {dag.py:3954} INFO - Setting next_dagrun for example_subdag_operator.section-1 to None, run_after=None
[2025-07-05T06:11:37.717+0000] {logging_mixin.py:188} INFO - [2025-07-05T06:11:37.717+0000] {dag.py:3954} INFO - Setting next_dagrun for example_subdag_operator.section-2 to None, run_after=None
[2025-07-05T06:11:37.771+0000] {logging_mixin.py:188} INFO - [2025-07-05T06:11:37.770+0000] {dag.py:3096} INFO - Sync 2 DAGs
[2025-07-05T06:11:37.805+0000] {logging_mixin.py:188} INFO - [2025-07-05T06:11:37.804+0000] {dag.py:3954} INFO - Setting next_dagrun for example_subdag_operator.section-1 to None, run_after=None
[2025-07-05T06:11:37.805+0000] {logging_mixin.py:188} INFO - [2025-07-05T06:11:37.805+0000] {dag.py:3954} INFO - Setting next_dagrun for example_subdag_operator.section-2 to None, run_after=None
[2025-07-05T06:11:37.850+0000] {processor.py:183} INFO - Processing /home/airflow/.local/lib/python3.12/site-packages/airflow/example_dags/example_subdag_operator.py took 0.708 seconds
