[2025-07-05T06:10:16.515+0000] {processor.py:161} INFO - Started process (PID=195) to work on /home/airflow/.local/lib/python3.12/site-packages/airflow/example_dags/example_datasets.py
[2025-07-05T06:10:16.518+0000] {processor.py:830} INFO - Processing file /home/airflow/.local/lib/python3.12/site-packages/airflow/example_dags/example_datasets.py for tasks to queue
[2025-07-05T06:10:16.520+0000] {logging_mixin.py:188} INFO - [2025-07-05T06:10:16.519+0000] {dagbag.py:545} INFO - Filling up the DagBag from /home/airflow/.local/lib/python3.12/site-packages/airflow/example_dags/example_datasets.py
[2025-07-05T06:10:16.540+0000] {processor.py:840} INFO - DAG(s) 'dataset_consumes_1_never_scheduled', 'dataset_produces_2', 'conditional_dataset_and_time_based_timetable', 'dataset_consumes_1_and_2', 'dataset_consumes_unknown_never_scheduled', 'consume_1_and_2_with_dataset_expressions', 'consume_1_or_both_2_and_3_with_dataset_expressions', 'consume_1_or_2_with_dataset_expressions', 'dataset_consumes_1', 'dataset_produces_1' retrieved from /home/airflow/.local/lib/python3.12/site-packages/airflow/example_dags/example_datasets.py
[2025-07-05T06:10:16.578+0000] {logging_mixin.py:188} INFO - [2025-07-05T06:10:16.578+0000] {dag.py:3096} INFO - Sync 10 DAGs
[2025-07-05T06:10:16.606+0000] {logging_mixin.py:188} INFO - [2025-07-05T06:10:16.606+0000] {dag.py:3954} INFO - Setting next_dagrun for conditional_dataset_and_time_based_timetable to 2025-07-09 01:00:00+00:00, run_after=2025-07-09 01:00:00+00:00
[2025-07-05T06:10:16.611+0000] {logging_mixin.py:188} INFO - [2025-07-05T06:10:16.611+0000] {dag.py:3954} INFO - Setting next_dagrun for consume_1_and_2_with_dataset_expressions to None, run_after=None
[2025-07-05T06:10:16.613+0000] {logging_mixin.py:188} INFO - [2025-07-05T06:10:16.613+0000] {dag.py:3954} INFO - Setting next_dagrun for consume_1_or_2_with_dataset_expressions to None, run_after=None
[2025-07-05T06:10:16.614+0000] {logging_mixin.py:188} INFO - [2025-07-05T06:10:16.614+0000] {dag.py:3954} INFO - Setting next_dagrun for consume_1_or_both_2_and_3_with_dataset_expressions to None, run_after=None
[2025-07-05T06:10:16.616+0000] {logging_mixin.py:188} INFO - [2025-07-05T06:10:16.616+0000] {dag.py:3954} INFO - Setting next_dagrun for dataset_consumes_1 to None, run_after=None
[2025-07-05T06:10:16.617+0000] {logging_mixin.py:188} INFO - [2025-07-05T06:10:16.617+0000] {dag.py:3954} INFO - Setting next_dagrun for dataset_consumes_1_and_2 to None, run_after=None
[2025-07-05T06:10:16.618+0000] {logging_mixin.py:188} INFO - [2025-07-05T06:10:16.618+0000] {dag.py:3954} INFO - Setting next_dagrun for dataset_consumes_1_never_scheduled to None, run_after=None
[2025-07-05T06:10:16.620+0000] {logging_mixin.py:188} INFO - [2025-07-05T06:10:16.620+0000] {dag.py:3954} INFO - Setting next_dagrun for dataset_consumes_unknown_never_scheduled to None, run_after=None
[2025-07-05T06:10:16.623+0000] {logging_mixin.py:188} INFO - [2025-07-05T06:10:16.623+0000] {dag.py:3954} INFO - Setting next_dagrun for dataset_produces_1 to 2025-07-04 00:00:00+00:00, run_after=2025-07-05 00:00:00+00:00
[2025-07-05T06:10:16.624+0000] {logging_mixin.py:188} INFO - [2025-07-05T06:10:16.624+0000] {dag.py:3954} INFO - Setting next_dagrun for dataset_produces_2 to None, run_after=None
[2025-07-05T06:10:16.655+0000] {processor.py:183} INFO - Processing /home/airflow/.local/lib/python3.12/site-packages/airflow/example_dags/example_datasets.py took 0.146 seconds
[2025-07-05T06:10:47.253+0000] {processor.py:161} INFO - Started process (PID=813) to work on /home/airflow/.local/lib/python3.12/site-packages/airflow/example_dags/example_datasets.py
[2025-07-05T06:10:47.254+0000] {processor.py:830} INFO - Processing file /home/airflow/.local/lib/python3.12/site-packages/airflow/example_dags/example_datasets.py for tasks to queue
[2025-07-05T06:10:47.256+0000] {logging_mixin.py:188} INFO - [2025-07-05T06:10:47.256+0000] {dagbag.py:545} INFO - Filling up the DagBag from /home/airflow/.local/lib/python3.12/site-packages/airflow/example_dags/example_datasets.py
[2025-07-05T06:10:47.327+0000] {processor.py:840} INFO - DAG(s) 'dataset_consumes_unknown_never_scheduled', 'dataset_consumes_1', 'dataset_produces_1', 'consume_1_or_2_with_dataset_expressions', 'dataset_consumes_1_never_scheduled', 'consume_1_or_both_2_and_3_with_dataset_expressions', 'consume_1_and_2_with_dataset_expressions', 'conditional_dataset_and_time_based_timetable', 'dataset_consumes_1_and_2', 'dataset_produces_2' retrieved from /home/airflow/.local/lib/python3.12/site-packages/airflow/example_dags/example_datasets.py
[2025-07-05T06:10:48.734+0000] {logging_mixin.py:188} INFO - [2025-07-05T06:10:48.733+0000] {dag.py:3096} INFO - Sync 10 DAGs
[2025-07-05T06:10:48.909+0000] {logging_mixin.py:188} INFO - [2025-07-05T06:10:48.909+0000] {dag.py:3954} INFO - Setting next_dagrun for conditional_dataset_and_time_based_timetable to 2025-07-09 01:00:00+00:00, run_after=2025-07-09 01:00:00+00:00
[2025-07-05T06:10:48.961+0000] {logging_mixin.py:188} INFO - [2025-07-05T06:10:48.961+0000] {dag.py:3954} INFO - Setting next_dagrun for consume_1_and_2_with_dataset_expressions to None, run_after=None
[2025-07-05T06:10:48.980+0000] {logging_mixin.py:188} INFO - [2025-07-05T06:10:48.980+0000] {dag.py:3954} INFO - Setting next_dagrun for consume_1_or_2_with_dataset_expressions to None, run_after=None
[2025-07-05T06:10:48.994+0000] {logging_mixin.py:188} INFO - [2025-07-05T06:10:48.993+0000] {dag.py:3954} INFO - Setting next_dagrun for consume_1_or_both_2_and_3_with_dataset_expressions to None, run_after=None
[2025-07-05T06:10:49.000+0000] {logging_mixin.py:188} INFO - [2025-07-05T06:10:49.000+0000] {dag.py:3954} INFO - Setting next_dagrun for dataset_consumes_1 to None, run_after=None
[2025-07-05T06:10:49.011+0000] {logging_mixin.py:188} INFO - [2025-07-05T06:10:49.010+0000] {dag.py:3954} INFO - Setting next_dagrun for dataset_consumes_1_and_2 to None, run_after=None
[2025-07-05T06:10:49.028+0000] {logging_mixin.py:188} INFO - [2025-07-05T06:10:49.028+0000] {dag.py:3954} INFO - Setting next_dagrun for dataset_consumes_1_never_scheduled to None, run_after=None
[2025-07-05T06:10:49.036+0000] {logging_mixin.py:188} INFO - [2025-07-05T06:10:49.035+0000] {dag.py:3954} INFO - Setting next_dagrun for dataset_consumes_unknown_never_scheduled to None, run_after=None
[2025-07-05T06:10:49.058+0000] {logging_mixin.py:188} INFO - [2025-07-05T06:10:49.058+0000] {dag.py:3954} INFO - Setting next_dagrun for dataset_produces_1 to 2025-07-05 00:00:00+00:00, run_after=2025-07-06 00:00:00+00:00
[2025-07-05T06:10:49.068+0000] {logging_mixin.py:188} INFO - [2025-07-05T06:10:49.068+0000] {dag.py:3954} INFO - Setting next_dagrun for dataset_produces_2 to None, run_after=None
[2025-07-05T06:10:49.291+0000] {processor.py:183} INFO - Processing /home/airflow/.local/lib/python3.12/site-packages/airflow/example_dags/example_datasets.py took 2.045 seconds
[2025-07-05T06:11:19.684+0000] {processor.py:161} INFO - Started process (PID=1412) to work on /home/airflow/.local/lib/python3.12/site-packages/airflow/example_dags/example_datasets.py
[2025-07-05T06:11:19.687+0000] {processor.py:830} INFO - Processing file /home/airflow/.local/lib/python3.12/site-packages/airflow/example_dags/example_datasets.py for tasks to queue
[2025-07-05T06:11:19.691+0000] {logging_mixin.py:188} INFO - [2025-07-05T06:11:19.690+0000] {dagbag.py:545} INFO - Filling up the DagBag from /home/airflow/.local/lib/python3.12/site-packages/airflow/example_dags/example_datasets.py
[2025-07-05T06:11:19.730+0000] {processor.py:840} INFO - DAG(s) 'consume_1_or_both_2_and_3_with_dataset_expressions', 'dataset_produces_2', 'dataset_consumes_1_never_scheduled', 'dataset_produces_1', 'dataset_consumes_unknown_never_scheduled', 'consume_1_or_2_with_dataset_expressions', 'dataset_consumes_1_and_2', 'conditional_dataset_and_time_based_timetable', 'consume_1_and_2_with_dataset_expressions', 'dataset_consumes_1' retrieved from /home/airflow/.local/lib/python3.12/site-packages/airflow/example_dags/example_datasets.py
[2025-07-05T06:11:20.127+0000] {logging_mixin.py:188} INFO - [2025-07-05T06:11:20.127+0000] {dag.py:3096} INFO - Sync 10 DAGs
[2025-07-05T06:11:20.442+0000] {logging_mixin.py:188} INFO - [2025-07-05T06:11:20.441+0000] {dag.py:3954} INFO - Setting next_dagrun for conditional_dataset_and_time_based_timetable to 2025-07-09 01:00:00+00:00, run_after=2025-07-09 01:00:00+00:00
[2025-07-05T06:11:20.472+0000] {logging_mixin.py:188} INFO - [2025-07-05T06:11:20.472+0000] {dag.py:3954} INFO - Setting next_dagrun for consume_1_and_2_with_dataset_expressions to None, run_after=None
[2025-07-05T06:11:20.481+0000] {logging_mixin.py:188} INFO - [2025-07-05T06:11:20.480+0000] {dag.py:3954} INFO - Setting next_dagrun for consume_1_or_2_with_dataset_expressions to None, run_after=None
[2025-07-05T06:11:20.494+0000] {logging_mixin.py:188} INFO - [2025-07-05T06:11:20.494+0000] {dag.py:3954} INFO - Setting next_dagrun for consume_1_or_both_2_and_3_with_dataset_expressions to None, run_after=None
[2025-07-05T06:11:20.514+0000] {logging_mixin.py:188} INFO - [2025-07-05T06:11:20.513+0000] {dag.py:3954} INFO - Setting next_dagrun for dataset_consumes_1 to None, run_after=None
[2025-07-05T06:11:20.525+0000] {logging_mixin.py:188} INFO - [2025-07-05T06:11:20.525+0000] {dag.py:3954} INFO - Setting next_dagrun for dataset_consumes_1_and_2 to None, run_after=None
[2025-07-05T06:11:20.537+0000] {logging_mixin.py:188} INFO - [2025-07-05T06:11:20.537+0000] {dag.py:3954} INFO - Setting next_dagrun for dataset_consumes_1_never_scheduled to None, run_after=None
[2025-07-05T06:11:20.548+0000] {logging_mixin.py:188} INFO - [2025-07-05T06:11:20.548+0000] {dag.py:3954} INFO - Setting next_dagrun for dataset_consumes_unknown_never_scheduled to None, run_after=None
[2025-07-05T06:11:20.554+0000] {logging_mixin.py:188} INFO - [2025-07-05T06:11:20.554+0000] {dag.py:3954} INFO - Setting next_dagrun for dataset_produces_1 to 2025-07-05 00:00:00+00:00, run_after=2025-07-06 00:00:00+00:00
[2025-07-05T06:11:20.571+0000] {logging_mixin.py:188} INFO - [2025-07-05T06:11:20.570+0000] {dag.py:3954} INFO - Setting next_dagrun for dataset_produces_2 to None, run_after=None
[2025-07-05T06:11:20.691+0000] {processor.py:183} INFO - Processing /home/airflow/.local/lib/python3.12/site-packages/airflow/example_dags/example_datasets.py took 1.021 seconds
[2025-07-05T06:11:50.860+0000] {processor.py:161} INFO - Started process (PID=1994) to work on /home/airflow/.local/lib/python3.12/site-packages/airflow/example_dags/example_datasets.py
[2025-07-05T06:11:50.862+0000] {processor.py:830} INFO - Processing file /home/airflow/.local/lib/python3.12/site-packages/airflow/example_dags/example_datasets.py for tasks to queue
[2025-07-05T06:11:50.864+0000] {logging_mixin.py:188} INFO - [2025-07-05T06:11:50.864+0000] {dagbag.py:545} INFO - Filling up the DagBag from /home/airflow/.local/lib/python3.12/site-packages/airflow/example_dags/example_datasets.py
[2025-07-05T06:11:50.894+0000] {processor.py:840} INFO - DAG(s) 'consume_1_or_both_2_and_3_with_dataset_expressions', 'consume_1_and_2_with_dataset_expressions', 'dataset_produces_2', 'dataset_consumes_unknown_never_scheduled', 'consume_1_or_2_with_dataset_expressions', 'dataset_consumes_1', 'dataset_consumes_1_and_2', 'dataset_consumes_1_never_scheduled', 'dataset_produces_1', 'conditional_dataset_and_time_based_timetable' retrieved from /home/airflow/.local/lib/python3.12/site-packages/airflow/example_dags/example_datasets.py
[2025-07-05T06:11:51.008+0000] {logging_mixin.py:188} INFO - [2025-07-05T06:11:51.007+0000] {dag.py:3096} INFO - Sync 10 DAGs
[2025-07-05T06:11:51.057+0000] {logging_mixin.py:188} INFO - [2025-07-05T06:11:51.057+0000] {dag.py:3954} INFO - Setting next_dagrun for conditional_dataset_and_time_based_timetable to 2025-07-09 01:00:00+00:00, run_after=2025-07-09 01:00:00+00:00
[2025-07-05T06:11:51.070+0000] {logging_mixin.py:188} INFO - [2025-07-05T06:11:51.070+0000] {dag.py:3954} INFO - Setting next_dagrun for consume_1_and_2_with_dataset_expressions to None, run_after=None
[2025-07-05T06:11:51.074+0000] {logging_mixin.py:188} INFO - [2025-07-05T06:11:51.074+0000] {dag.py:3954} INFO - Setting next_dagrun for consume_1_or_2_with_dataset_expressions to None, run_after=None
[2025-07-05T06:11:51.076+0000] {logging_mixin.py:188} INFO - [2025-07-05T06:11:51.076+0000] {dag.py:3954} INFO - Setting next_dagrun for consume_1_or_both_2_and_3_with_dataset_expressions to None, run_after=None
[2025-07-05T06:11:51.078+0000] {logging_mixin.py:188} INFO - [2025-07-05T06:11:51.077+0000] {dag.py:3954} INFO - Setting next_dagrun for dataset_consumes_1 to None, run_after=None
[2025-07-05T06:11:51.079+0000] {logging_mixin.py:188} INFO - [2025-07-05T06:11:51.079+0000] {dag.py:3954} INFO - Setting next_dagrun for dataset_consumes_1_and_2 to None, run_after=None
[2025-07-05T06:11:51.080+0000] {logging_mixin.py:188} INFO - [2025-07-05T06:11:51.080+0000] {dag.py:3954} INFO - Setting next_dagrun for dataset_consumes_1_never_scheduled to None, run_after=None
[2025-07-05T06:11:51.082+0000] {logging_mixin.py:188} INFO - [2025-07-05T06:11:51.082+0000] {dag.py:3954} INFO - Setting next_dagrun for dataset_consumes_unknown_never_scheduled to None, run_after=None
[2025-07-05T06:11:51.086+0000] {logging_mixin.py:188} INFO - [2025-07-05T06:11:51.085+0000] {dag.py:3954} INFO - Setting next_dagrun for dataset_produces_1 to 2025-07-05 00:00:00+00:00, run_after=2025-07-06 00:00:00+00:00
[2025-07-05T06:11:51.088+0000] {logging_mixin.py:188} INFO - [2025-07-05T06:11:51.088+0000] {dag.py:3954} INFO - Setting next_dagrun for dataset_produces_2 to None, run_after=None
[2025-07-05T06:11:51.135+0000] {processor.py:183} INFO - Processing /home/airflow/.local/lib/python3.12/site-packages/airflow/example_dags/example_datasets.py took 0.282 seconds
