[2025-07-05T06:10:24.766+0000] {processor.py:161} INFO - Started process (PID=495) to work on /home/airflow/.local/lib/python3.12/site-packages/airflow/example_dags/example_branch_operator.py
[2025-07-05T06:10:24.767+0000] {processor.py:830} INFO - Processing file /home/airflow/.local/lib/python3.12/site-packages/airflow/example_dags/example_branch_operator.py for tasks to queue
[2025-07-05T06:10:24.776+0000] {logging_mixin.py:188} INFO - [2025-07-05T06:10:24.775+0000] {dagbag.py:545} INFO - Filling up the DagBag from /home/airflow/.local/lib/python3.12/site-packages/airflow/example_dags/example_branch_operator.py
[2025-07-05T06:10:24.860+0000] {processor.py:840} INFO - DAG(s) 'example_branch_operator' retrieved from /home/airflow/.local/lib/python3.12/site-packages/airflow/example_dags/example_branch_operator.py
[2025-07-05T06:10:24.949+0000] {logging_mixin.py:188} INFO - [2025-07-05T06:10:24.949+0000] {dag.py:3096} INFO - Sync 1 DAGs
[2025-07-05T06:10:24.981+0000] {logging_mixin.py:188} INFO - [2025-07-05T06:10:24.981+0000] {dag.py:3954} INFO - Setting next_dagrun for example_branch_operator to 2025-07-05 00:00:00+00:00, run_after=2025-07-06 00:00:00+00:00
[2025-07-05T06:10:25.067+0000] {processor.py:183} INFO - Processing /home/airflow/.local/lib/python3.12/site-packages/airflow/example_dags/example_branch_operator.py took 0.311 seconds
[2025-07-05T06:11:04.361+0000] {processor.py:161} INFO - Started process (PID=1195) to work on /home/airflow/.local/lib/python3.12/site-packages/airflow/example_dags/example_branch_operator.py
[2025-07-05T06:11:04.362+0000] {processor.py:830} INFO - Processing file /home/airflow/.local/lib/python3.12/site-packages/airflow/example_dags/example_branch_operator.py for tasks to queue
[2025-07-05T06:11:04.364+0000] {logging_mixin.py:188} INFO - [2025-07-05T06:11:04.364+0000] {dagbag.py:545} INFO - Filling up the DagBag from /home/airflow/.local/lib/python3.12/site-packages/airflow/example_dags/example_branch_operator.py
[2025-07-05T06:11:04.445+0000] {processor.py:840} INFO - DAG(s) 'example_branch_operator' retrieved from /home/airflow/.local/lib/python3.12/site-packages/airflow/example_dags/example_branch_operator.py
[2025-07-05T06:11:05.212+0000] {logging_mixin.py:188} INFO - [2025-07-05T06:11:05.212+0000] {dag.py:3096} INFO - Sync 1 DAGs
[2025-07-05T06:11:05.312+0000] {logging_mixin.py:188} INFO - [2025-07-05T06:11:05.312+0000] {dag.py:3954} INFO - Setting next_dagrun for example_branch_operator to 2025-07-05 00:00:00+00:00, run_after=2025-07-06 00:00:00+00:00
[2025-07-05T06:11:05.413+0000] {processor.py:183} INFO - Processing /home/airflow/.local/lib/python3.12/site-packages/airflow/example_dags/example_branch_operator.py took 1.058 seconds
[2025-07-05T06:11:35.819+0000] {processor.py:161} INFO - Started process (PID=1761) to work on /home/airflow/.local/lib/python3.12/site-packages/airflow/example_dags/example_branch_operator.py
[2025-07-05T06:11:35.820+0000] {processor.py:830} INFO - Processing file /home/airflow/.local/lib/python3.12/site-packages/airflow/example_dags/example_branch_operator.py for tasks to queue
[2025-07-05T06:11:35.822+0000] {logging_mixin.py:188} INFO - [2025-07-05T06:11:35.822+0000] {dagbag.py:545} INFO - Filling up the DagBag from /home/airflow/.local/lib/python3.12/site-packages/airflow/example_dags/example_branch_operator.py
[2025-07-05T06:11:35.930+0000] {processor.py:840} INFO - DAG(s) 'example_branch_operator' retrieved from /home/airflow/.local/lib/python3.12/site-packages/airflow/example_dags/example_branch_operator.py
[2025-07-05T06:11:36.033+0000] {logging_mixin.py:188} INFO - [2025-07-05T06:11:36.032+0000] {dag.py:3096} INFO - Sync 1 DAGs
[2025-07-05T06:11:36.075+0000] {logging_mixin.py:188} INFO - [2025-07-05T06:11:36.075+0000] {dag.py:3954} INFO - Setting next_dagrun for example_branch_operator to 2025-07-05 00:00:00+00:00, run_after=2025-07-06 00:00:00+00:00
[2025-07-05T06:11:36.145+0000] {processor.py:183} INFO - Processing /home/airflow/.local/lib/python3.12/site-packages/airflow/example_dags/example_branch_operator.py took 0.332 seconds
