[2025-07-05T06:10:20.944+0000] {processor.py:161} INFO - Started process (PID=374) to work on /home/airflow/.local/lib/python3.12/site-packages/airflow/example_dags/example_setup_teardown.py
[2025-07-05T06:10:20.945+0000] {processor.py:830} INFO - Processing file /home/airflow/.local/lib/python3.12/site-packages/airflow/example_dags/example_setup_teardown.py for tasks to queue
[2025-07-05T06:10:20.946+0000] {logging_mixin.py:188} INFO - [2025-07-05T06:10:20.946+0000] {dagbag.py:545} INFO - Filling up the DagBag from /home/airflow/.local/lib/python3.12/site-packages/airflow/example_dags/example_setup_teardown.py
[2025-07-05T06:10:21.021+0000] {processor.py:840} INFO - DAG(s) 'example_setup_teardown' retrieved from /home/airflow/.local/lib/python3.12/site-packages/airflow/example_dags/example_setup_teardown.py
[2025-07-05T06:10:21.089+0000] {logging_mixin.py:188} INFO - [2025-07-05T06:10:21.088+0000] {dag.py:3096} INFO - Sync 1 DAGs
[2025-07-05T06:10:21.202+0000] {logging_mixin.py:188} INFO - [2025-07-05T06:10:21.202+0000] {dag.py:3954} INFO - Setting next_dagrun for example_setup_teardown to 2025-07-05 00:00:00+00:00, run_after=2025-07-06 00:00:00+00:00
[2025-07-05T06:10:21.379+0000] {processor.py:183} INFO - Processing /home/airflow/.local/lib/python3.12/site-packages/airflow/example_dags/example_setup_teardown.py took 0.442 seconds
[2025-07-05T06:11:00.370+0000] {processor.py:161} INFO - Started process (PID=1079) to work on /home/airflow/.local/lib/python3.12/site-packages/airflow/example_dags/example_setup_teardown.py
[2025-07-05T06:11:00.371+0000] {processor.py:830} INFO - Processing file /home/airflow/.local/lib/python3.12/site-packages/airflow/example_dags/example_setup_teardown.py for tasks to queue
[2025-07-05T06:11:00.372+0000] {logging_mixin.py:188} INFO - [2025-07-05T06:11:00.372+0000] {dagbag.py:545} INFO - Filling up the DagBag from /home/airflow/.local/lib/python3.12/site-packages/airflow/example_dags/example_setup_teardown.py
[2025-07-05T06:11:00.380+0000] {processor.py:840} INFO - DAG(s) 'example_setup_teardown' retrieved from /home/airflow/.local/lib/python3.12/site-packages/airflow/example_dags/example_setup_teardown.py
[2025-07-05T06:11:00.539+0000] {logging_mixin.py:188} INFO - [2025-07-05T06:11:00.539+0000] {dag.py:3096} INFO - Sync 1 DAGs
[2025-07-05T06:11:00.566+0000] {logging_mixin.py:188} INFO - [2025-07-05T06:11:00.566+0000] {dag.py:3954} INFO - Setting next_dagrun for example_setup_teardown to 2025-07-05 00:00:00+00:00, run_after=2025-07-06 00:00:00+00:00
[2025-07-05T06:11:00.591+0000] {processor.py:183} INFO - Processing /home/airflow/.local/lib/python3.12/site-packages/airflow/example_dags/example_setup_teardown.py took 0.228 seconds
[2025-07-05T06:11:31.156+0000] {processor.py:161} INFO - Started process (PID=1629) to work on /home/airflow/.local/lib/python3.12/site-packages/airflow/example_dags/example_setup_teardown.py
[2025-07-05T06:11:31.158+0000] {processor.py:830} INFO - Processing file /home/airflow/.local/lib/python3.12/site-packages/airflow/example_dags/example_setup_teardown.py for tasks to queue
[2025-07-05T06:11:31.160+0000] {logging_mixin.py:188} INFO - [2025-07-05T06:11:31.159+0000] {dagbag.py:545} INFO - Filling up the DagBag from /home/airflow/.local/lib/python3.12/site-packages/airflow/example_dags/example_setup_teardown.py
[2025-07-05T06:11:31.182+0000] {processor.py:840} INFO - DAG(s) 'example_setup_teardown' retrieved from /home/airflow/.local/lib/python3.12/site-packages/airflow/example_dags/example_setup_teardown.py
[2025-07-05T06:11:31.229+0000] {logging_mixin.py:188} INFO - [2025-07-05T06:11:31.228+0000] {dag.py:3096} INFO - Sync 1 DAGs
[2025-07-05T06:11:31.264+0000] {logging_mixin.py:188} INFO - [2025-07-05T06:11:31.263+0000] {dag.py:3954} INFO - Setting next_dagrun for example_setup_teardown to 2025-07-05 00:00:00+00:00, run_after=2025-07-06 00:00:00+00:00
[2025-07-05T06:11:31.304+0000] {processor.py:183} INFO - Processing /home/airflow/.local/lib/python3.12/site-packages/airflow/example_dags/example_setup_teardown.py took 0.154 seconds
[2025-07-05T06:12:02.249+0000] {processor.py:161} INFO - Started process (PID=2203) to work on /home/airflow/.local/lib/python3.12/site-packages/airflow/example_dags/example_setup_teardown.py
[2025-07-05T06:12:02.250+0000] {processor.py:830} INFO - Processing file /home/airflow/.local/lib/python3.12/site-packages/airflow/example_dags/example_setup_teardown.py for tasks to queue
[2025-07-05T06:12:02.252+0000] {logging_mixin.py:188} INFO - [2025-07-05T06:12:02.252+0000] {dagbag.py:545} INFO - Filling up the DagBag from /home/airflow/.local/lib/python3.12/site-packages/airflow/example_dags/example_setup_teardown.py
[2025-07-05T06:12:02.260+0000] {processor.py:840} INFO - DAG(s) 'example_setup_teardown' retrieved from /home/airflow/.local/lib/python3.12/site-packages/airflow/example_dags/example_setup_teardown.py
[2025-07-05T06:12:02.304+0000] {logging_mixin.py:188} INFO - [2025-07-05T06:12:02.304+0000] {dag.py:3096} INFO - Sync 1 DAGs
[2025-07-05T06:12:02.354+0000] {logging_mixin.py:188} INFO - [2025-07-05T06:12:02.354+0000] {dag.py:3954} INFO - Setting next_dagrun for example_setup_teardown to 2025-07-05 00:00:00+00:00, run_after=2025-07-06 00:00:00+00:00
[2025-07-05T06:12:02.450+0000] {processor.py:183} INFO - Processing /home/airflow/.local/lib/python3.12/site-packages/airflow/example_dags/example_setup_teardown.py took 0.216 seconds
