[2025-07-05T06:10:18.476+0000] {processor.py:161} INFO - Started process (PID=293) to work on /home/airflow/.local/lib/python3.12/site-packages/airflow/example_dags/example_branch_labels.py
[2025-07-05T06:10:18.476+0000] {processor.py:830} INFO - Processing file /home/airflow/.local/lib/python3.12/site-packages/airflow/example_dags/example_branch_labels.py for tasks to queue
[2025-07-05T06:10:18.478+0000] {logging_mixin.py:188} INFO - [2025-07-05T06:10:18.478+0000] {dagbag.py:545} INFO - Filling up the DagBag from /home/airflow/.local/lib/python3.12/site-packages/airflow/example_dags/example_branch_labels.py
[2025-07-05T06:10:18.516+0000] {processor.py:840} INFO - DAG(s) 'example_branch_labels' retrieved from /home/airflow/.local/lib/python3.12/site-packages/airflow/example_dags/example_branch_labels.py
[2025-07-05T06:10:18.541+0000] {logging_mixin.py:188} INFO - [2025-07-05T06:10:18.540+0000] {dag.py:3096} INFO - Sync 1 DAGs
[2025-07-05T06:10:18.570+0000] {logging_mixin.py:188} INFO - [2025-07-05T06:10:18.570+0000] {dag.py:3954} INFO - Setting next_dagrun for example_branch_labels to 2025-07-05 00:00:00+00:00, run_after=2025-07-06 00:00:00+00:00
[2025-07-05T06:10:18.592+0000] {processor.py:183} INFO - Processing /home/airflow/.local/lib/python3.12/site-packages/airflow/example_dags/example_branch_labels.py took 0.122 seconds
[2025-07-05T06:10:57.397+0000] {processor.py:161} INFO - Started process (PID=1002) to work on /home/airflow/.local/lib/python3.12/site-packages/airflow/example_dags/example_branch_labels.py
[2025-07-05T06:10:57.398+0000] {processor.py:830} INFO - Processing file /home/airflow/.local/lib/python3.12/site-packages/airflow/example_dags/example_branch_labels.py for tasks to queue
[2025-07-05T06:10:57.399+0000] {logging_mixin.py:188} INFO - [2025-07-05T06:10:57.399+0000] {dagbag.py:545} INFO - Filling up the DagBag from /home/airflow/.local/lib/python3.12/site-packages/airflow/example_dags/example_branch_labels.py
[2025-07-05T06:10:57.457+0000] {processor.py:840} INFO - DAG(s) 'example_branch_labels' retrieved from /home/airflow/.local/lib/python3.12/site-packages/airflow/example_dags/example_branch_labels.py
[2025-07-05T06:10:57.948+0000] {logging_mixin.py:188} INFO - [2025-07-05T06:10:57.948+0000] {dag.py:3096} INFO - Sync 1 DAGs
[2025-07-05T06:10:58.009+0000] {logging_mixin.py:188} INFO - [2025-07-05T06:10:58.008+0000] {dag.py:3954} INFO - Setting next_dagrun for example_branch_labels to 2025-07-05 00:00:00+00:00, run_after=2025-07-06 00:00:00+00:00
[2025-07-05T06:10:58.080+0000] {processor.py:183} INFO - Processing /home/airflow/.local/lib/python3.12/site-packages/airflow/example_dags/example_branch_labels.py took 0.689 seconds
[2025-07-05T06:11:28.209+0000] {processor.py:161} INFO - Started process (PID=1547) to work on /home/airflow/.local/lib/python3.12/site-packages/airflow/example_dags/example_branch_labels.py
[2025-07-05T06:11:28.210+0000] {processor.py:830} INFO - Processing file /home/airflow/.local/lib/python3.12/site-packages/airflow/example_dags/example_branch_labels.py for tasks to queue
[2025-07-05T06:11:28.211+0000] {logging_mixin.py:188} INFO - [2025-07-05T06:11:28.211+0000] {dagbag.py:545} INFO - Filling up the DagBag from /home/airflow/.local/lib/python3.12/site-packages/airflow/example_dags/example_branch_labels.py
[2025-07-05T06:11:28.220+0000] {processor.py:840} INFO - DAG(s) 'example_branch_labels' retrieved from /home/airflow/.local/lib/python3.12/site-packages/airflow/example_dags/example_branch_labels.py
[2025-07-05T06:11:28.244+0000] {logging_mixin.py:188} INFO - [2025-07-05T06:11:28.244+0000] {dag.py:3096} INFO - Sync 1 DAGs
[2025-07-05T06:11:28.277+0000] {logging_mixin.py:188} INFO - [2025-07-05T06:11:28.276+0000] {dag.py:3954} INFO - Setting next_dagrun for example_branch_labels to 2025-07-05 00:00:00+00:00, run_after=2025-07-06 00:00:00+00:00
[2025-07-05T06:11:28.305+0000] {processor.py:183} INFO - Processing /home/airflow/.local/lib/python3.12/site-packages/airflow/example_dags/example_branch_labels.py took 0.103 seconds
[2025-07-05T06:11:58.655+0000] {processor.py:161} INFO - Started process (PID=2125) to work on /home/airflow/.local/lib/python3.12/site-packages/airflow/example_dags/example_branch_labels.py
[2025-07-05T06:11:58.659+0000] {processor.py:830} INFO - Processing file /home/airflow/.local/lib/python3.12/site-packages/airflow/example_dags/example_branch_labels.py for tasks to queue
[2025-07-05T06:11:58.661+0000] {logging_mixin.py:188} INFO - [2025-07-05T06:11:58.661+0000] {dagbag.py:545} INFO - Filling up the DagBag from /home/airflow/.local/lib/python3.12/site-packages/airflow/example_dags/example_branch_labels.py
[2025-07-05T06:11:58.711+0000] {processor.py:840} INFO - DAG(s) 'example_branch_labels' retrieved from /home/airflow/.local/lib/python3.12/site-packages/airflow/example_dags/example_branch_labels.py
[2025-07-05T06:11:58.811+0000] {logging_mixin.py:188} INFO - [2025-07-05T06:11:58.810+0000] {dag.py:3096} INFO - Sync 1 DAGs
[2025-07-05T06:11:58.937+0000] {logging_mixin.py:188} INFO - [2025-07-05T06:11:58.936+0000] {dag.py:3954} INFO - Setting next_dagrun for example_branch_labels to 2025-07-05 00:00:00+00:00, run_after=2025-07-06 00:00:00+00:00
[2025-07-05T06:11:59.092+0000] {processor.py:183} INFO - Processing /home/airflow/.local/lib/python3.12/site-packages/airflow/example_dags/example_branch_labels.py took 0.444 seconds
