[2025-07-05T06:10:17.195+0000] {processor.py:161} INFO - Started process (PID=243) to work on /home/airflow/.local/lib/python3.12/site-packages/airflow/example_dags/example_latest_only.py
[2025-07-05T06:10:17.195+0000] {processor.py:830} INFO - Processing file /home/airflow/.local/lib/python3.12/site-packages/airflow/example_dags/example_latest_only.py for tasks to queue
[2025-07-05T06:10:17.197+0000] {logging_mixin.py:188} INFO - [2025-07-05T06:10:17.197+0000] {dagbag.py:545} INFO - Filling up the DagBag from /home/airflow/.local/lib/python3.12/site-packages/airflow/example_dags/example_latest_only.py
[2025-07-05T06:10:17.205+0000] {processor.py:840} INFO - DAG(s) 'latest_only' retrieved from /home/airflow/.local/lib/python3.12/site-packages/airflow/example_dags/example_latest_only.py
[2025-07-05T06:10:17.226+0000] {logging_mixin.py:188} INFO - [2025-07-05T06:10:17.226+0000] {dag.py:3096} INFO - Sync 1 DAGs
[2025-07-05T06:10:17.293+0000] {logging_mixin.py:188} INFO - [2025-07-05T06:10:17.292+0000] {dag.py:3954} INFO - Setting next_dagrun for latest_only to 2025-07-05 00:00:00+00:00, run_after=2025-07-05 04:00:00+00:00
[2025-07-05T06:10:17.334+0000] {processor.py:183} INFO - Processing /home/airflow/.local/lib/python3.12/site-packages/airflow/example_dags/example_latest_only.py took 0.145 seconds
[2025-07-05T06:10:51.692+0000] {processor.py:161} INFO - Started process (PID=896) to work on /home/airflow/.local/lib/python3.12/site-packages/airflow/example_dags/example_latest_only.py
[2025-07-05T06:10:51.693+0000] {processor.py:830} INFO - Processing file /home/airflow/.local/lib/python3.12/site-packages/airflow/example_dags/example_latest_only.py for tasks to queue
[2025-07-05T06:10:51.695+0000] {logging_mixin.py:188} INFO - [2025-07-05T06:10:51.695+0000] {dagbag.py:545} INFO - Filling up the DagBag from /home/airflow/.local/lib/python3.12/site-packages/airflow/example_dags/example_latest_only.py
[2025-07-05T06:10:51.700+0000] {processor.py:840} INFO - DAG(s) 'latest_only' retrieved from /home/airflow/.local/lib/python3.12/site-packages/airflow/example_dags/example_latest_only.py
[2025-07-05T06:10:52.758+0000] {logging_mixin.py:188} INFO - [2025-07-05T06:10:52.758+0000] {dag.py:3096} INFO - Sync 1 DAGs
[2025-07-05T06:10:52.849+0000] {logging_mixin.py:188} INFO - [2025-07-05T06:10:52.849+0000] {dag.py:3954} INFO - Setting next_dagrun for latest_only to 2025-07-05 04:00:00+00:00, run_after=2025-07-05 08:00:00+00:00
[2025-07-05T06:10:53.022+0000] {processor.py:183} INFO - Processing /home/airflow/.local/lib/python3.12/site-packages/airflow/example_dags/example_latest_only.py took 1.337 seconds
[2025-07-05T06:11:23.340+0000] {processor.py:161} INFO - Started process (PID=1477) to work on /home/airflow/.local/lib/python3.12/site-packages/airflow/example_dags/example_latest_only.py
[2025-07-05T06:11:23.340+0000] {processor.py:830} INFO - Processing file /home/airflow/.local/lib/python3.12/site-packages/airflow/example_dags/example_latest_only.py for tasks to queue
[2025-07-05T06:11:23.342+0000] {logging_mixin.py:188} INFO - [2025-07-05T06:11:23.342+0000] {dagbag.py:545} INFO - Filling up the DagBag from /home/airflow/.local/lib/python3.12/site-packages/airflow/example_dags/example_latest_only.py
[2025-07-05T06:11:23.360+0000] {processor.py:840} INFO - DAG(s) 'latest_only' retrieved from /home/airflow/.local/lib/python3.12/site-packages/airflow/example_dags/example_latest_only.py
[2025-07-05T06:11:23.395+0000] {logging_mixin.py:188} INFO - [2025-07-05T06:11:23.394+0000] {dag.py:3096} INFO - Sync 1 DAGs
[2025-07-05T06:11:23.432+0000] {logging_mixin.py:188} INFO - [2025-07-05T06:11:23.431+0000] {dag.py:3954} INFO - Setting next_dagrun for latest_only to 2025-07-05 04:00:00+00:00, run_after=2025-07-05 08:00:00+00:00
[2025-07-05T06:11:23.505+0000] {processor.py:183} INFO - Processing /home/airflow/.local/lib/python3.12/site-packages/airflow/example_dags/example_latest_only.py took 0.181 seconds
[2025-07-05T06:11:53.645+0000] {processor.py:161} INFO - Started process (PID=2033) to work on /home/airflow/.local/lib/python3.12/site-packages/airflow/example_dags/example_latest_only.py
[2025-07-05T06:11:53.646+0000] {processor.py:830} INFO - Processing file /home/airflow/.local/lib/python3.12/site-packages/airflow/example_dags/example_latest_only.py for tasks to queue
[2025-07-05T06:11:53.648+0000] {logging_mixin.py:188} INFO - [2025-07-05T06:11:53.648+0000] {dagbag.py:545} INFO - Filling up the DagBag from /home/airflow/.local/lib/python3.12/site-packages/airflow/example_dags/example_latest_only.py
[2025-07-05T06:11:53.668+0000] {processor.py:840} INFO - DAG(s) 'latest_only' retrieved from /home/airflow/.local/lib/python3.12/site-packages/airflow/example_dags/example_latest_only.py
[2025-07-05T06:11:53.740+0000] {logging_mixin.py:188} INFO - [2025-07-05T06:11:53.740+0000] {dag.py:3096} INFO - Sync 1 DAGs
[2025-07-05T06:11:53.770+0000] {logging_mixin.py:188} INFO - [2025-07-05T06:11:53.769+0000] {dag.py:3954} INFO - Setting next_dagrun for latest_only to 2025-07-05 04:00:00+00:00, run_after=2025-07-05 08:00:00+00:00
[2025-07-05T06:11:53.798+0000] {processor.py:183} INFO - Processing /home/airflow/.local/lib/python3.12/site-packages/airflow/example_dags/example_latest_only.py took 0.159 seconds
