[2025-07-05T06:10:24.285+0000] {processor.py:161} INFO - Started process (PID=471) to work on /home/airflow/.local/lib/python3.12/site-packages/airflow/example_dags/example_task_group_decorator.py
[2025-07-05T06:10:24.285+0000] {processor.py:830} INFO - Processing file /home/airflow/.local/lib/python3.12/site-packages/airflow/example_dags/example_task_group_decorator.py for tasks to queue
[2025-07-05T06:10:24.287+0000] {logging_mixin.py:188} INFO - [2025-07-05T06:10:24.287+0000] {dagbag.py:545} INFO - Filling up the DagBag from /home/airflow/.local/lib/python3.12/site-packages/airflow/example_dags/example_task_group_decorator.py
[2025-07-05T06:10:24.386+0000] {processor.py:840} INFO - DAG(s) 'example_task_group_decorator' retrieved from /home/airflow/.local/lib/python3.12/site-packages/airflow/example_dags/example_task_group_decorator.py
[2025-07-05T06:10:24.473+0000] {logging_mixin.py:188} INFO - [2025-07-05T06:10:24.472+0000] {dag.py:3096} INFO - Sync 1 DAGs
[2025-07-05T06:10:24.533+0000] {logging_mixin.py:188} INFO - [2025-07-05T06:10:24.533+0000] {dag.py:3954} INFO - Setting next_dagrun for example_task_group_decorator to 2025-07-05 00:00:00+00:00, run_after=2025-07-06 00:00:00+00:00
[2025-07-05T06:10:24.590+0000] {processor.py:183} INFO - Processing /home/airflow/.local/lib/python3.12/site-packages/airflow/example_dags/example_task_group_decorator.py took 0.311 seconds
[2025-07-05T06:11:03.129+0000] {processor.py:161} INFO - Started process (PID=1167) to work on /home/airflow/.local/lib/python3.12/site-packages/airflow/example_dags/example_task_group_decorator.py
[2025-07-05T06:11:03.130+0000] {processor.py:830} INFO - Processing file /home/airflow/.local/lib/python3.12/site-packages/airflow/example_dags/example_task_group_decorator.py for tasks to queue
[2025-07-05T06:11:03.132+0000] {logging_mixin.py:188} INFO - [2025-07-05T06:11:03.132+0000] {dagbag.py:545} INFO - Filling up the DagBag from /home/airflow/.local/lib/python3.12/site-packages/airflow/example_dags/example_task_group_decorator.py
[2025-07-05T06:11:03.186+0000] {processor.py:840} INFO - DAG(s) 'example_task_group_decorator' retrieved from /home/airflow/.local/lib/python3.12/site-packages/airflow/example_dags/example_task_group_decorator.py
[2025-07-05T06:11:03.750+0000] {logging_mixin.py:188} INFO - [2025-07-05T06:11:03.750+0000] {dag.py:3096} INFO - Sync 1 DAGs
[2025-07-05T06:11:03.857+0000] {logging_mixin.py:188} INFO - [2025-07-05T06:11:03.857+0000] {dag.py:3954} INFO - Setting next_dagrun for example_task_group_decorator to 2025-07-05 00:00:00+00:00, run_after=2025-07-06 00:00:00+00:00
[2025-07-05T06:11:03.991+0000] {processor.py:183} INFO - Processing /home/airflow/.local/lib/python3.12/site-packages/airflow/example_dags/example_task_group_decorator.py took 0.868 seconds
[2025-07-05T06:11:34.252+0000] {processor.py:161} INFO - Started process (PID=1716) to work on /home/airflow/.local/lib/python3.12/site-packages/airflow/example_dags/example_task_group_decorator.py
[2025-07-05T06:11:34.253+0000] {processor.py:830} INFO - Processing file /home/airflow/.local/lib/python3.12/site-packages/airflow/example_dags/example_task_group_decorator.py for tasks to queue
[2025-07-05T06:11:34.255+0000] {logging_mixin.py:188} INFO - [2025-07-05T06:11:34.254+0000] {dagbag.py:545} INFO - Filling up the DagBag from /home/airflow/.local/lib/python3.12/site-packages/airflow/example_dags/example_task_group_decorator.py
[2025-07-05T06:11:34.304+0000] {processor.py:840} INFO - DAG(s) 'example_task_group_decorator' retrieved from /home/airflow/.local/lib/python3.12/site-packages/airflow/example_dags/example_task_group_decorator.py
[2025-07-05T06:11:34.440+0000] {logging_mixin.py:188} INFO - [2025-07-05T06:11:34.439+0000] {dag.py:3096} INFO - Sync 1 DAGs
[2025-07-05T06:11:34.559+0000] {logging_mixin.py:188} INFO - [2025-07-05T06:11:34.559+0000] {dag.py:3954} INFO - Setting next_dagrun for example_task_group_decorator to 2025-07-05 00:00:00+00:00, run_after=2025-07-06 00:00:00+00:00
[2025-07-05T06:11:34.659+0000] {processor.py:183} INFO - Processing /home/airflow/.local/lib/python3.12/site-packages/airflow/example_dags/example_task_group_decorator.py took 0.413 seconds
