[2025-07-05T06:10:20.273+0000] {processor.py:161} INFO - Started process (PID=360) to work on /home/airflow/.local/lib/python3.12/site-packages/airflow/example_dags/example_task_group.py
[2025-07-05T06:10:20.274+0000] {processor.py:830} INFO - Processing file /home/airflow/.local/lib/python3.12/site-packages/airflow/example_dags/example_task_group.py for tasks to queue
[2025-07-05T06:10:20.275+0000] {logging_mixin.py:188} INFO - [2025-07-05T06:10:20.275+0000] {dagbag.py:545} INFO - Filling up the DagBag from /home/airflow/.local/lib/python3.12/site-packages/airflow/example_dags/example_task_group.py
[2025-07-05T06:10:20.310+0000] {processor.py:840} INFO - DAG(s) 'example_task_group' retrieved from /home/airflow/.local/lib/python3.12/site-packages/airflow/example_dags/example_task_group.py
[2025-07-05T06:10:20.346+0000] {logging_mixin.py:188} INFO - [2025-07-05T06:10:20.346+0000] {dag.py:3096} INFO - Sync 1 DAGs
[2025-07-05T06:10:20.473+0000] {logging_mixin.py:188} INFO - [2025-07-05T06:10:20.473+0000] {dag.py:3954} INFO - Setting next_dagrun for example_task_group to 2025-07-05 00:00:00+00:00, run_after=2025-07-06 00:00:00+00:00
[2025-07-05T06:10:20.580+0000] {processor.py:183} INFO - Processing /home/airflow/.local/lib/python3.12/site-packages/airflow/example_dags/example_task_group.py took 0.314 seconds
[2025-07-05T06:11:00.134+0000] {processor.py:161} INFO - Started process (PID=1069) to work on /home/airflow/.local/lib/python3.12/site-packages/airflow/example_dags/example_task_group.py
[2025-07-05T06:11:00.145+0000] {processor.py:830} INFO - Processing file /home/airflow/.local/lib/python3.12/site-packages/airflow/example_dags/example_task_group.py for tasks to queue
[2025-07-05T06:11:00.147+0000] {logging_mixin.py:188} INFO - [2025-07-05T06:11:00.146+0000] {dagbag.py:545} INFO - Filling up the DagBag from /home/airflow/.local/lib/python3.12/site-packages/airflow/example_dags/example_task_group.py
[2025-07-05T06:11:00.155+0000] {processor.py:840} INFO - DAG(s) 'example_task_group' retrieved from /home/airflow/.local/lib/python3.12/site-packages/airflow/example_dags/example_task_group.py
[2025-07-05T06:11:00.285+0000] {logging_mixin.py:188} INFO - [2025-07-05T06:11:00.285+0000] {dag.py:3096} INFO - Sync 1 DAGs
[2025-07-05T06:11:00.314+0000] {logging_mixin.py:188} INFO - [2025-07-05T06:11:00.314+0000] {dag.py:3954} INFO - Setting next_dagrun for example_task_group to 2025-07-05 00:00:00+00:00, run_after=2025-07-06 00:00:00+00:00
[2025-07-05T06:11:00.338+0000] {processor.py:183} INFO - Processing /home/airflow/.local/lib/python3.12/site-packages/airflow/example_dags/example_task_group.py took 0.212 seconds
[2025-07-05T06:11:30.671+0000] {processor.py:161} INFO - Started process (PID=1614) to work on /home/airflow/.local/lib/python3.12/site-packages/airflow/example_dags/example_task_group.py
[2025-07-05T06:11:30.672+0000] {processor.py:830} INFO - Processing file /home/airflow/.local/lib/python3.12/site-packages/airflow/example_dags/example_task_group.py for tasks to queue
[2025-07-05T06:11:30.674+0000] {logging_mixin.py:188} INFO - [2025-07-05T06:11:30.674+0000] {dagbag.py:545} INFO - Filling up the DagBag from /home/airflow/.local/lib/python3.12/site-packages/airflow/example_dags/example_task_group.py
[2025-07-05T06:11:30.684+0000] {processor.py:840} INFO - DAG(s) 'example_task_group' retrieved from /home/airflow/.local/lib/python3.12/site-packages/airflow/example_dags/example_task_group.py
[2025-07-05T06:11:30.770+0000] {logging_mixin.py:188} INFO - [2025-07-05T06:11:30.770+0000] {dag.py:3096} INFO - Sync 1 DAGs
[2025-07-05T06:11:30.893+0000] {logging_mixin.py:188} INFO - [2025-07-05T06:11:30.892+0000] {dag.py:3954} INFO - Setting next_dagrun for example_task_group to 2025-07-05 00:00:00+00:00, run_after=2025-07-06 00:00:00+00:00
[2025-07-05T06:11:31.013+0000] {processor.py:183} INFO - Processing /home/airflow/.local/lib/python3.12/site-packages/airflow/example_dags/example_task_group.py took 0.351 seconds
[2025-07-05T06:12:01.860+0000] {processor.py:161} INFO - Started process (PID=2190) to work on /home/airflow/.local/lib/python3.12/site-packages/airflow/example_dags/example_task_group.py
[2025-07-05T06:12:01.861+0000] {processor.py:830} INFO - Processing file /home/airflow/.local/lib/python3.12/site-packages/airflow/example_dags/example_task_group.py for tasks to queue
[2025-07-05T06:12:01.862+0000] {logging_mixin.py:188} INFO - [2025-07-05T06:12:01.862+0000] {dagbag.py:545} INFO - Filling up the DagBag from /home/airflow/.local/lib/python3.12/site-packages/airflow/example_dags/example_task_group.py
[2025-07-05T06:12:01.870+0000] {processor.py:840} INFO - DAG(s) 'example_task_group' retrieved from /home/airflow/.local/lib/python3.12/site-packages/airflow/example_dags/example_task_group.py
[2025-07-05T06:12:01.941+0000] {logging_mixin.py:188} INFO - [2025-07-05T06:12:01.941+0000] {dag.py:3096} INFO - Sync 1 DAGs
[2025-07-05T06:12:02.031+0000] {logging_mixin.py:188} INFO - [2025-07-05T06:12:02.031+0000] {dag.py:3954} INFO - Setting next_dagrun for example_task_group to 2025-07-05 00:00:00+00:00, run_after=2025-07-06 00:00:00+00:00
[2025-07-05T06:12:02.119+0000] {processor.py:183} INFO - Processing /home/airflow/.local/lib/python3.12/site-packages/airflow/example_dags/example_task_group.py took 0.276 seconds
