[2025-07-05T06:10:19.785+0000] {processor.py:161} INFO - Started process (PID=354) to work on /home/airflow/.local/lib/python3.12/site-packages/airflow/example_dags/example_sla_dag.py
[2025-07-05T06:10:19.786+0000] {processor.py:830} INFO - Processing file /home/airflow/.local/lib/python3.12/site-packages/airflow/example_dags/example_sla_dag.py for tasks to queue
[2025-07-05T06:10:19.787+0000] {logging_mixin.py:188} INFO - [2025-07-05T06:10:19.787+0000] {dagbag.py:545} INFO - Filling up the DagBag from /home/airflow/.local/lib/python3.12/site-packages/airflow/example_dags/example_sla_dag.py
[2025-07-05T06:10:19.816+0000] {processor.py:840} INFO - DAG(s) 'example_sla_dag' retrieved from /home/airflow/.local/lib/python3.12/site-packages/airflow/example_dags/example_sla_dag.py
[2025-07-05T06:10:19.865+0000] {logging_mixin.py:188} INFO - [2025-07-05T06:10:19.864+0000] {dag.py:3096} INFO - Sync 1 DAGs
[2025-07-05T06:10:19.988+0000] {logging_mixin.py:188} INFO - [2025-07-05T06:10:19.977+0000] {dag.py:3954} INFO - Setting next_dagrun for example_sla_dag to 2025-07-05 06:08:00+00:00, run_after=2025-07-05 06:10:00+00:00
[2025-07-05T06:10:20.102+0000] {processor.py:183} INFO - Processing /home/airflow/.local/lib/python3.12/site-packages/airflow/example_dags/example_sla_dag.py took 0.323 seconds
[2025-07-05T06:10:59.846+0000] {processor.py:161} INFO - Started process (PID=1062) to work on /home/airflow/.local/lib/python3.12/site-packages/airflow/example_dags/example_sla_dag.py
[2025-07-05T06:10:59.848+0000] {processor.py:830} INFO - Processing file /home/airflow/.local/lib/python3.12/site-packages/airflow/example_dags/example_sla_dag.py for tasks to queue
[2025-07-05T06:10:59.852+0000] {logging_mixin.py:188} INFO - [2025-07-05T06:10:59.851+0000] {dagbag.py:545} INFO - Filling up the DagBag from /home/airflow/.local/lib/python3.12/site-packages/airflow/example_dags/example_sla_dag.py
[2025-07-05T06:10:59.861+0000] {processor.py:840} INFO - DAG(s) 'example_sla_dag' retrieved from /home/airflow/.local/lib/python3.12/site-packages/airflow/example_dags/example_sla_dag.py
[2025-07-05T06:10:59.862+0000] {logging_mixin.py:188} INFO - [2025-07-05T06:10:59.862+0000] {dagbag.py:545} INFO - Filling up the DagBag from /home/airflow/.local/lib/python3.12/site-packages/airflow/example_dags/example_sla_dag.py
[2025-07-05T06:10:59.883+0000] {logging_mixin.py:188} INFO - [2025-07-05T06:10:59.883+0000] {processor.py:431} INFO - Running SLA Checks for example_sla_dag
[2025-07-05T06:11:00.038+0000] {logging_mixin.py:188} INFO - [2025-07-05T06:11:00.037+0000] {dag.py:3096} INFO - Sync 1 DAGs
[2025-07-05T06:11:00.060+0000] {logging_mixin.py:188} INFO - [2025-07-05T06:11:00.060+0000] {dag.py:3954} INFO - Setting next_dagrun for example_sla_dag to 2025-07-05 06:10:00+00:00, run_after=2025-07-05 06:12:00+00:00
[2025-07-05T06:11:00.098+0000] {processor.py:183} INFO - Processing /home/airflow/.local/lib/python3.12/site-packages/airflow/example_dags/example_sla_dag.py took 0.258 seconds
[2025-07-05T06:11:30.308+0000] {processor.py:161} INFO - Started process (PID=1606) to work on /home/airflow/.local/lib/python3.12/site-packages/airflow/example_dags/example_sla_dag.py
[2025-07-05T06:11:30.310+0000] {processor.py:830} INFO - Processing file /home/airflow/.local/lib/python3.12/site-packages/airflow/example_dags/example_sla_dag.py for tasks to queue
[2025-07-05T06:11:30.312+0000] {logging_mixin.py:188} INFO - [2025-07-05T06:11:30.311+0000] {dagbag.py:545} INFO - Filling up the DagBag from /home/airflow/.local/lib/python3.12/site-packages/airflow/example_dags/example_sla_dag.py
[2025-07-05T06:11:30.323+0000] {processor.py:840} INFO - DAG(s) 'example_sla_dag' retrieved from /home/airflow/.local/lib/python3.12/site-packages/airflow/example_dags/example_sla_dag.py
[2025-07-05T06:11:30.324+0000] {logging_mixin.py:188} INFO - [2025-07-05T06:11:30.324+0000] {dagbag.py:545} INFO - Filling up the DagBag from /home/airflow/.local/lib/python3.12/site-packages/airflow/example_dags/example_sla_dag.py
[2025-07-05T06:11:30.362+0000] {logging_mixin.py:188} INFO - [2025-07-05T06:11:30.362+0000] {processor.py:431} INFO - Running SLA Checks for example_sla_dag
[2025-07-05T06:11:30.484+0000] {logging_mixin.py:188} INFO - [2025-07-05T06:11:30.484+0000] {dag.py:3096} INFO - Sync 1 DAGs
[2025-07-05T06:11:30.547+0000] {logging_mixin.py:188} INFO - [2025-07-05T06:11:30.539+0000] {dag.py:3954} INFO - Setting next_dagrun for example_sla_dag to 2025-07-05 06:10:00+00:00, run_after=2025-07-05 06:12:00+00:00
[2025-07-05T06:11:30.587+0000] {processor.py:183} INFO - Processing /home/airflow/.local/lib/python3.12/site-packages/airflow/example_dags/example_sla_dag.py took 0.287 seconds
[2025-07-05T06:12:01.527+0000] {processor.py:161} INFO - Started process (PID=2185) to work on /home/airflow/.local/lib/python3.12/site-packages/airflow/example_dags/example_sla_dag.py
[2025-07-05T06:12:01.531+0000] {processor.py:830} INFO - Processing file /home/airflow/.local/lib/python3.12/site-packages/airflow/example_dags/example_sla_dag.py for tasks to queue
[2025-07-05T06:12:01.533+0000] {logging_mixin.py:188} INFO - [2025-07-05T06:12:01.533+0000] {dagbag.py:545} INFO - Filling up the DagBag from /home/airflow/.local/lib/python3.12/site-packages/airflow/example_dags/example_sla_dag.py
[2025-07-05T06:12:01.581+0000] {processor.py:840} INFO - DAG(s) 'example_sla_dag' retrieved from /home/airflow/.local/lib/python3.12/site-packages/airflow/example_dags/example_sla_dag.py
[2025-07-05T06:12:01.582+0000] {logging_mixin.py:188} INFO - [2025-07-05T06:12:01.581+0000] {dagbag.py:545} INFO - Filling up the DagBag from /home/airflow/.local/lib/python3.12/site-packages/airflow/example_dags/example_sla_dag.py
[2025-07-05T06:12:01.696+0000] {logging_mixin.py:188} INFO - [2025-07-05T06:12:01.695+0000] {processor.py:431} INFO - Running SLA Checks for example_sla_dag
[2025-07-05T06:12:01.825+0000] {logging_mixin.py:188} INFO - [2025-07-05T06:12:01.825+0000] {dag.py:3096} INFO - Sync 1 DAGs
[2025-07-05T06:12:01.888+0000] {logging_mixin.py:188} INFO - [2025-07-05T06:12:01.888+0000] {dag.py:3954} INFO - Setting next_dagrun for example_sla_dag to 2025-07-05 06:12:00+00:00, run_after=2025-07-05 06:14:00+00:00
[2025-07-05T06:12:01.985+0000] {processor.py:183} INFO - Processing /home/airflow/.local/lib/python3.12/site-packages/airflow/example_dags/example_sla_dag.py took 0.468 seconds
