[2025-07-05T06:10:17.543+0000] {processor.py:161} INFO - Started process (PID=258) to work on /home/airflow/.local/lib/python3.12/site-packages/airflow/example_dags/example_xcom.py
[2025-07-05T06:10:17.544+0000] {processor.py:830} INFO - Processing file /home/airflow/.local/lib/python3.12/site-packages/airflow/example_dags/example_xcom.py for tasks to queue
[2025-07-05T06:10:17.545+0000] {logging_mixin.py:188} INFO - [2025-07-05T06:10:17.545+0000] {dagbag.py:545} INFO - Filling up the DagBag from /home/airflow/.local/lib/python3.12/site-packages/airflow/example_dags/example_xcom.py
[2025-07-05T06:10:17.597+0000] {processor.py:840} INFO - DAG(s) 'example_xcom' retrieved from /home/airflow/.local/lib/python3.12/site-packages/airflow/example_dags/example_xcom.py
[2025-07-05T06:10:17.641+0000] {logging_mixin.py:188} INFO - [2025-07-05T06:10:17.640+0000] {dag.py:3096} INFO - Sync 1 DAGs
[2025-07-05T06:10:17.689+0000] {logging_mixin.py:188} INFO - [2025-07-05T06:10:17.689+0000] {dag.py:3954} INFO - Setting next_dagrun for example_xcom to None, run_after=None
[2025-07-05T06:10:17.722+0000] {processor.py:183} INFO - Processing /home/airflow/.local/lib/python3.12/site-packages/airflow/example_dags/example_xcom.py took 0.185 seconds
[2025-07-05T06:10:53.549+0000] {processor.py:161} INFO - Started process (PID=930) to work on /home/airflow/.local/lib/python3.12/site-packages/airflow/example_dags/example_xcom.py
[2025-07-05T06:10:53.559+0000] {processor.py:830} INFO - Processing file /home/airflow/.local/lib/python3.12/site-packages/airflow/example_dags/example_xcom.py for tasks to queue
[2025-07-05T06:10:53.561+0000] {logging_mixin.py:188} INFO - [2025-07-05T06:10:53.561+0000] {dagbag.py:545} INFO - Filling up the DagBag from /home/airflow/.local/lib/python3.12/site-packages/airflow/example_dags/example_xcom.py
[2025-07-05T06:10:53.601+0000] {processor.py:840} INFO - DAG(s) 'example_xcom' retrieved from /home/airflow/.local/lib/python3.12/site-packages/airflow/example_dags/example_xcom.py
[2025-07-05T06:10:54.895+0000] {logging_mixin.py:188} INFO - [2025-07-05T06:10:54.894+0000] {dag.py:3096} INFO - Sync 1 DAGs
[2025-07-05T06:10:55.021+0000] {logging_mixin.py:188} INFO - [2025-07-05T06:10:55.020+0000] {dag.py:3954} INFO - Setting next_dagrun for example_xcom to None, run_after=None
[2025-07-05T06:10:55.141+0000] {processor.py:183} INFO - Processing /home/airflow/.local/lib/python3.12/site-packages/airflow/example_dags/example_xcom.py took 1.607 seconds
[2025-07-05T06:11:25.484+0000] {processor.py:161} INFO - Started process (PID=1506) to work on /home/airflow/.local/lib/python3.12/site-packages/airflow/example_dags/example_xcom.py
[2025-07-05T06:11:25.486+0000] {processor.py:830} INFO - Processing file /home/airflow/.local/lib/python3.12/site-packages/airflow/example_dags/example_xcom.py for tasks to queue
[2025-07-05T06:11:25.489+0000] {logging_mixin.py:188} INFO - [2025-07-05T06:11:25.488+0000] {dagbag.py:545} INFO - Filling up the DagBag from /home/airflow/.local/lib/python3.12/site-packages/airflow/example_dags/example_xcom.py
[2025-07-05T06:11:25.516+0000] {processor.py:840} INFO - DAG(s) 'example_xcom' retrieved from /home/airflow/.local/lib/python3.12/site-packages/airflow/example_dags/example_xcom.py
[2025-07-05T06:11:25.576+0000] {logging_mixin.py:188} INFO - [2025-07-05T06:11:25.575+0000] {dag.py:3096} INFO - Sync 1 DAGs
[2025-07-05T06:11:25.671+0000] {logging_mixin.py:188} INFO - [2025-07-05T06:11:25.667+0000] {dag.py:3954} INFO - Setting next_dagrun for example_xcom to None, run_after=None
[2025-07-05T06:11:25.760+0000] {processor.py:183} INFO - Processing /home/airflow/.local/lib/python3.12/site-packages/airflow/example_dags/example_xcom.py took 0.285 seconds
[2025-07-05T06:11:56.064+0000] {processor.py:161} INFO - Started process (PID=2066) to work on /home/airflow/.local/lib/python3.12/site-packages/airflow/example_dags/example_xcom.py
[2025-07-05T06:11:56.065+0000] {processor.py:830} INFO - Processing file /home/airflow/.local/lib/python3.12/site-packages/airflow/example_dags/example_xcom.py for tasks to queue
[2025-07-05T06:11:56.067+0000] {logging_mixin.py:188} INFO - [2025-07-05T06:11:56.067+0000] {dagbag.py:545} INFO - Filling up the DagBag from /home/airflow/.local/lib/python3.12/site-packages/airflow/example_dags/example_xcom.py
[2025-07-05T06:11:56.093+0000] {processor.py:840} INFO - DAG(s) 'example_xcom' retrieved from /home/airflow/.local/lib/python3.12/site-packages/airflow/example_dags/example_xcom.py
[2025-07-05T06:11:56.210+0000] {logging_mixin.py:188} INFO - [2025-07-05T06:11:56.209+0000] {dag.py:3096} INFO - Sync 1 DAGs
[2025-07-05T06:11:56.298+0000] {logging_mixin.py:188} INFO - [2025-07-05T06:11:56.298+0000] {dag.py:3954} INFO - Setting next_dagrun for example_xcom to None, run_after=None
[2025-07-05T06:11:56.404+0000] {processor.py:183} INFO - Processing /home/airflow/.local/lib/python3.12/site-packages/airflow/example_dags/example_xcom.py took 0.346 seconds
