[2025-07-05T06:10:17.977+0000] {processor.py:161} INFO - Started process (PID=273) to work on /home/airflow/.local/lib/python3.12/site-packages/airflow/example_dags/example_complex.py
[2025-07-05T06:10:17.977+0000] {processor.py:830} INFO - Processing file /home/airflow/.local/lib/python3.12/site-packages/airflow/example_dags/example_complex.py for tasks to queue
[2025-07-05T06:10:17.979+0000] {logging_mixin.py:188} INFO - [2025-07-05T06:10:17.979+0000] {dagbag.py:545} INFO - Filling up the DagBag from /home/airflow/.local/lib/python3.12/site-packages/airflow/example_dags/example_complex.py
[2025-07-05T06:10:18.044+0000] {processor.py:840} INFO - DAG(s) 'example_complex' retrieved from /home/airflow/.local/lib/python3.12/site-packages/airflow/example_dags/example_complex.py
[2025-07-05T06:10:18.091+0000] {logging_mixin.py:188} INFO - [2025-07-05T06:10:18.090+0000] {dag.py:3096} INFO - Sync 1 DAGs
[2025-07-05T06:10:18.106+0000] {logging_mixin.py:188} INFO - [2025-07-05T06:10:18.106+0000] {dag.py:3954} INFO - Setting next_dagrun for example_complex to None, run_after=None
[2025-07-05T06:10:18.166+0000] {processor.py:183} INFO - Processing /home/airflow/.local/lib/python3.12/site-packages/airflow/example_dags/example_complex.py took 0.195 seconds
[2025-07-05T06:10:56.245+0000] {processor.py:161} INFO - Started process (PID=968) to work on /home/airflow/.local/lib/python3.12/site-packages/airflow/example_dags/example_complex.py
[2025-07-05T06:10:56.250+0000] {processor.py:830} INFO - Processing file /home/airflow/.local/lib/python3.12/site-packages/airflow/example_dags/example_complex.py for tasks to queue
[2025-07-05T06:10:56.252+0000] {logging_mixin.py:188} INFO - [2025-07-05T06:10:56.251+0000] {dagbag.py:545} INFO - Filling up the DagBag from /home/airflow/.local/lib/python3.12/site-packages/airflow/example_dags/example_complex.py
[2025-07-05T06:10:56.319+0000] {processor.py:840} INFO - DAG(s) 'example_complex' retrieved from /home/airflow/.local/lib/python3.12/site-packages/airflow/example_dags/example_complex.py
[2025-07-05T06:10:57.100+0000] {logging_mixin.py:188} INFO - [2025-07-05T06:10:57.100+0000] {dag.py:3096} INFO - Sync 1 DAGs
[2025-07-05T06:10:57.174+0000] {logging_mixin.py:188} INFO - [2025-07-05T06:10:57.173+0000] {dag.py:3954} INFO - Setting next_dagrun for example_complex to None, run_after=None
[2025-07-05T06:10:57.267+0000] {processor.py:183} INFO - Processing /home/airflow/.local/lib/python3.12/site-packages/airflow/example_dags/example_complex.py took 1.055 seconds
[2025-07-05T06:11:27.387+0000] {processor.py:161} INFO - Started process (PID=1534) to work on /home/airflow/.local/lib/python3.12/site-packages/airflow/example_dags/example_complex.py
[2025-07-05T06:11:27.388+0000] {processor.py:830} INFO - Processing file /home/airflow/.local/lib/python3.12/site-packages/airflow/example_dags/example_complex.py for tasks to queue
[2025-07-05T06:11:27.390+0000] {logging_mixin.py:188} INFO - [2025-07-05T06:11:27.390+0000] {dagbag.py:545} INFO - Filling up the DagBag from /home/airflow/.local/lib/python3.12/site-packages/airflow/example_dags/example_complex.py
[2025-07-05T06:11:27.404+0000] {processor.py:840} INFO - DAG(s) 'example_complex' retrieved from /home/airflow/.local/lib/python3.12/site-packages/airflow/example_dags/example_complex.py
[2025-07-05T06:11:27.449+0000] {logging_mixin.py:188} INFO - [2025-07-05T06:11:27.448+0000] {dag.py:3096} INFO - Sync 1 DAGs
[2025-07-05T06:11:27.465+0000] {logging_mixin.py:188} INFO - [2025-07-05T06:11:27.465+0000] {dag.py:3954} INFO - Setting next_dagrun for example_complex to None, run_after=None
[2025-07-05T06:11:27.488+0000] {processor.py:183} INFO - Processing /home/airflow/.local/lib/python3.12/site-packages/airflow/example_dags/example_complex.py took 0.108 seconds
[2025-07-05T06:11:57.690+0000] {processor.py:161} INFO - Started process (PID=2103) to work on /home/airflow/.local/lib/python3.12/site-packages/airflow/example_dags/example_complex.py
[2025-07-05T06:11:57.691+0000] {processor.py:830} INFO - Processing file /home/airflow/.local/lib/python3.12/site-packages/airflow/example_dags/example_complex.py for tasks to queue
[2025-07-05T06:11:57.693+0000] {logging_mixin.py:188} INFO - [2025-07-05T06:11:57.693+0000] {dagbag.py:545} INFO - Filling up the DagBag from /home/airflow/.local/lib/python3.12/site-packages/airflow/example_dags/example_complex.py
[2025-07-05T06:11:57.708+0000] {processor.py:840} INFO - DAG(s) 'example_complex' retrieved from /home/airflow/.local/lib/python3.12/site-packages/airflow/example_dags/example_complex.py
[2025-07-05T06:11:57.816+0000] {logging_mixin.py:188} INFO - [2025-07-05T06:11:57.816+0000] {dag.py:3096} INFO - Sync 1 DAGs
[2025-07-05T06:11:57.848+0000] {logging_mixin.py:188} INFO - [2025-07-05T06:11:57.848+0000] {dag.py:3954} INFO - Setting next_dagrun for example_complex to None, run_after=None
[2025-07-05T06:11:57.972+0000] {processor.py:183} INFO - Processing /home/airflow/.local/lib/python3.12/site-packages/airflow/example_dags/example_complex.py took 0.302 seconds
