[2025-07-05T06:10:17.693+0000] {processor.py:161} INFO - Started process (PID=263) to work on /home/airflow/.local/lib/python3.12/site-packages/airflow/example_dags/example_short_circuit_operator.py
[2025-07-05T06:10:17.693+0000] {processor.py:830} INFO - Processing file /home/airflow/.local/lib/python3.12/site-packages/airflow/example_dags/example_short_circuit_operator.py for tasks to queue
[2025-07-05T06:10:17.695+0000] {logging_mixin.py:188} INFO - [2025-07-05T06:10:17.695+0000] {dagbag.py:545} INFO - Filling up the DagBag from /home/airflow/.local/lib/python3.12/site-packages/airflow/example_dags/example_short_circuit_operator.py
[2025-07-05T06:10:17.711+0000] {processor.py:840} INFO - DAG(s) 'example_short_circuit_operator' retrieved from /home/airflow/.local/lib/python3.12/site-packages/airflow/example_dags/example_short_circuit_operator.py
[2025-07-05T06:10:17.761+0000] {logging_mixin.py:188} INFO - [2025-07-05T06:10:17.760+0000] {dag.py:3096} INFO - Sync 1 DAGs
[2025-07-05T06:10:17.816+0000] {logging_mixin.py:188} INFO - [2025-07-05T06:10:17.816+0000] {dag.py:3954} INFO - Setting next_dagrun for example_short_circuit_operator to 2025-07-05 00:00:00+00:00, run_after=2025-07-06 00:00:00+00:00
[2025-07-05T06:10:17.886+0000] {processor.py:183} INFO - Processing /home/airflow/.local/lib/python3.12/site-packages/airflow/example_dags/example_short_circuit_operator.py took 0.201 seconds
[2025-07-05T06:10:55.303+0000] {processor.py:161} INFO - Started process (PID=953) to work on /home/airflow/.local/lib/python3.12/site-packages/airflow/example_dags/example_short_circuit_operator.py
[2025-07-05T06:10:55.304+0000] {processor.py:830} INFO - Processing file /home/airflow/.local/lib/python3.12/site-packages/airflow/example_dags/example_short_circuit_operator.py for tasks to queue
[2025-07-05T06:10:55.306+0000] {logging_mixin.py:188} INFO - [2025-07-05T06:10:55.305+0000] {dagbag.py:545} INFO - Filling up the DagBag from /home/airflow/.local/lib/python3.12/site-packages/airflow/example_dags/example_short_circuit_operator.py
[2025-07-05T06:10:55.325+0000] {processor.py:840} INFO - DAG(s) 'example_short_circuit_operator' retrieved from /home/airflow/.local/lib/python3.12/site-packages/airflow/example_dags/example_short_circuit_operator.py
[2025-07-05T06:10:55.928+0000] {logging_mixin.py:188} INFO - [2025-07-05T06:10:55.927+0000] {dag.py:3096} INFO - Sync 1 DAGs
[2025-07-05T06:10:56.068+0000] {logging_mixin.py:188} INFO - [2025-07-05T06:10:56.067+0000] {dag.py:3954} INFO - Setting next_dagrun for example_short_circuit_operator to 2025-07-05 00:00:00+00:00, run_after=2025-07-06 00:00:00+00:00
[2025-07-05T06:10:56.144+0000] {processor.py:183} INFO - Processing /home/airflow/.local/lib/python3.12/site-packages/airflow/example_dags/example_short_circuit_operator.py took 0.847 seconds
[2025-07-05T06:11:26.834+0000] {processor.py:161} INFO - Started process (PID=1523) to work on /home/airflow/.local/lib/python3.12/site-packages/airflow/example_dags/example_short_circuit_operator.py
[2025-07-05T06:11:26.835+0000] {processor.py:830} INFO - Processing file /home/airflow/.local/lib/python3.12/site-packages/airflow/example_dags/example_short_circuit_operator.py for tasks to queue
[2025-07-05T06:11:26.836+0000] {logging_mixin.py:188} INFO - [2025-07-05T06:11:26.836+0000] {dagbag.py:545} INFO - Filling up the DagBag from /home/airflow/.local/lib/python3.12/site-packages/airflow/example_dags/example_short_circuit_operator.py
[2025-07-05T06:11:26.844+0000] {processor.py:840} INFO - DAG(s) 'example_short_circuit_operator' retrieved from /home/airflow/.local/lib/python3.12/site-packages/airflow/example_dags/example_short_circuit_operator.py
[2025-07-05T06:11:26.878+0000] {logging_mixin.py:188} INFO - [2025-07-05T06:11:26.877+0000] {dag.py:3096} INFO - Sync 1 DAGs
[2025-07-05T06:11:26.908+0000] {logging_mixin.py:188} INFO - [2025-07-05T06:11:26.907+0000] {dag.py:3954} INFO - Setting next_dagrun for example_short_circuit_operator to 2025-07-05 00:00:00+00:00, run_after=2025-07-06 00:00:00+00:00
[2025-07-05T06:11:26.932+0000] {processor.py:183} INFO - Processing /home/airflow/.local/lib/python3.12/site-packages/airflow/example_dags/example_short_circuit_operator.py took 0.104 seconds
[2025-07-05T06:11:57.378+0000] {processor.py:161} INFO - Started process (PID=2092) to work on /home/airflow/.local/lib/python3.12/site-packages/airflow/example_dags/example_short_circuit_operator.py
[2025-07-05T06:11:57.382+0000] {processor.py:830} INFO - Processing file /home/airflow/.local/lib/python3.12/site-packages/airflow/example_dags/example_short_circuit_operator.py for tasks to queue
[2025-07-05T06:11:57.384+0000] {logging_mixin.py:188} INFO - [2025-07-05T06:11:57.383+0000] {dagbag.py:545} INFO - Filling up the DagBag from /home/airflow/.local/lib/python3.12/site-packages/airflow/example_dags/example_short_circuit_operator.py
[2025-07-05T06:11:57.395+0000] {processor.py:840} INFO - DAG(s) 'example_short_circuit_operator' retrieved from /home/airflow/.local/lib/python3.12/site-packages/airflow/example_dags/example_short_circuit_operator.py
[2025-07-05T06:11:57.465+0000] {logging_mixin.py:188} INFO - [2025-07-05T06:11:57.465+0000] {dag.py:3096} INFO - Sync 1 DAGs
[2025-07-05T06:11:57.541+0000] {logging_mixin.py:188} INFO - [2025-07-05T06:11:57.540+0000] {dag.py:3954} INFO - Setting next_dagrun for example_short_circuit_operator to 2025-07-05 00:00:00+00:00, run_after=2025-07-06 00:00:00+00:00
[2025-07-05T06:11:57.610+0000] {processor.py:183} INFO - Processing /home/airflow/.local/lib/python3.12/site-packages/airflow/example_dags/example_short_circuit_operator.py took 0.243 seconds
