[2025-07-05T06:10:25.416+0000] {processor.py:161} INFO - Started process (PID=514) to work on /home/airflow/.local/lib/python3.12/site-packages/airflow/example_dags/example_branch_python_dop_operator_3.py
[2025-07-05T06:10:25.417+0000] {processor.py:830} INFO - Processing file /home/airflow/.local/lib/python3.12/site-packages/airflow/example_dags/example_branch_python_dop_operator_3.py for tasks to queue
[2025-07-05T06:10:25.418+0000] {logging_mixin.py:188} INFO - [2025-07-05T06:10:25.418+0000] {dagbag.py:545} INFO - Filling up the DagBag from /home/airflow/.local/lib/python3.12/site-packages/airflow/example_dags/example_branch_python_dop_operator_3.py
[2025-07-05T06:10:25.462+0000] {processor.py:840} INFO - DAG(s) 'example_branch_dop_operator_v3' retrieved from /home/airflow/.local/lib/python3.12/site-packages/airflow/example_dags/example_branch_python_dop_operator_3.py
[2025-07-05T06:10:25.516+0000] {logging_mixin.py:188} INFO - [2025-07-05T06:10:25.516+0000] {dag.py:3096} INFO - Sync 1 DAGs
[2025-07-05T06:10:25.592+0000] {logging_mixin.py:188} INFO - [2025-07-05T06:10:25.592+0000] {dag.py:3954} INFO - Setting next_dagrun for example_branch_dop_operator_v3 to 2025-07-05 06:10:00+00:00, run_after=2025-07-05 06:11:00+00:00
[2025-07-05T06:10:25.680+0000] {processor.py:183} INFO - Processing /home/airflow/.local/lib/python3.12/site-packages/airflow/example_dags/example_branch_python_dop_operator_3.py took 0.276 seconds
[2025-07-05T06:11:06.457+0000] {processor.py:161} INFO - Started process (PID=1227) to work on /home/airflow/.local/lib/python3.12/site-packages/airflow/example_dags/example_branch_python_dop_operator_3.py
[2025-07-05T06:11:06.458+0000] {processor.py:830} INFO - Processing file /home/airflow/.local/lib/python3.12/site-packages/airflow/example_dags/example_branch_python_dop_operator_3.py for tasks to queue
[2025-07-05T06:11:06.460+0000] {logging_mixin.py:188} INFO - [2025-07-05T06:11:06.460+0000] {dagbag.py:545} INFO - Filling up the DagBag from /home/airflow/.local/lib/python3.12/site-packages/airflow/example_dags/example_branch_python_dop_operator_3.py
[2025-07-05T06:11:06.488+0000] {processor.py:840} INFO - DAG(s) 'example_branch_dop_operator_v3' retrieved from /home/airflow/.local/lib/python3.12/site-packages/airflow/example_dags/example_branch_python_dop_operator_3.py
[2025-07-05T06:11:06.924+0000] {logging_mixin.py:188} INFO - [2025-07-05T06:11:06.924+0000] {dag.py:3096} INFO - Sync 1 DAGs
[2025-07-05T06:11:07.068+0000] {logging_mixin.py:188} INFO - [2025-07-05T06:11:07.068+0000] {dag.py:3954} INFO - Setting next_dagrun for example_branch_dop_operator_v3 to 2025-07-05 06:11:00+00:00, run_after=2025-07-05 06:12:00+00:00
[2025-07-05T06:11:07.194+0000] {processor.py:183} INFO - Processing /home/airflow/.local/lib/python3.12/site-packages/airflow/example_dags/example_branch_python_dop_operator_3.py took 0.744 seconds
[2025-07-05T06:11:37.421+0000] {processor.py:161} INFO - Started process (PID=1791) to work on /home/airflow/.local/lib/python3.12/site-packages/airflow/example_dags/example_branch_python_dop_operator_3.py
[2025-07-05T06:11:37.422+0000] {processor.py:830} INFO - Processing file /home/airflow/.local/lib/python3.12/site-packages/airflow/example_dags/example_branch_python_dop_operator_3.py for tasks to queue
[2025-07-05T06:11:37.424+0000] {logging_mixin.py:188} INFO - [2025-07-05T06:11:37.424+0000] {dagbag.py:545} INFO - Filling up the DagBag from /home/airflow/.local/lib/python3.12/site-packages/airflow/example_dags/example_branch_python_dop_operator_3.py
[2025-07-05T06:11:37.479+0000] {processor.py:840} INFO - DAG(s) 'example_branch_dop_operator_v3' retrieved from /home/airflow/.local/lib/python3.12/site-packages/airflow/example_dags/example_branch_python_dop_operator_3.py
[2025-07-05T06:11:37.609+0000] {logging_mixin.py:188} INFO - [2025-07-05T06:11:37.608+0000] {dag.py:3096} INFO - Sync 1 DAGs
[2025-07-05T06:11:37.828+0000] {logging_mixin.py:188} INFO - [2025-07-05T06:11:37.828+0000] {dag.py:3954} INFO - Setting next_dagrun for example_branch_dop_operator_v3 to 2025-07-05 06:11:00+00:00, run_after=2025-07-05 06:12:00+00:00
[2025-07-05T06:11:37.947+0000] {processor.py:183} INFO - Processing /home/airflow/.local/lib/python3.12/site-packages/airflow/example_dags/example_branch_python_dop_operator_3.py took 0.534 seconds
