[2025-07-05T06:10:16.762+0000] {processor.py:161} INFO - Started process (PID=216) to work on /home/airflow/.local/lib/python3.12/site-packages/airflow/example_dags/example_bash_operator.py
[2025-07-05T06:10:16.763+0000] {processor.py:830} INFO - Processing file /home/airflow/.local/lib/python3.12/site-packages/airflow/example_dags/example_bash_operator.py for tasks to queue
[2025-07-05T06:10:16.765+0000] {logging_mixin.py:188} INFO - [2025-07-05T06:10:16.764+0000] {dagbag.py:545} INFO - Filling up the DagBag from /home/airflow/.local/lib/python3.12/site-packages/airflow/example_dags/example_bash_operator.py
[2025-07-05T06:10:16.779+0000] {processor.py:840} INFO - DAG(s) 'example_bash_operator' retrieved from /home/airflow/.local/lib/python3.12/site-packages/airflow/example_dags/example_bash_operator.py
[2025-07-05T06:10:16.793+0000] {logging_mixin.py:188} INFO - [2025-07-05T06:10:16.792+0000] {dag.py:3096} INFO - Sync 1 DAGs
[2025-07-05T06:10:16.882+0000] {logging_mixin.py:188} INFO - [2025-07-05T06:10:16.882+0000] {dag.py:3954} INFO - Setting next_dagrun for example_bash_operator to 2025-07-05 00:00:00+00:00, run_after=2025-07-06 00:00:00+00:00
[2025-07-05T06:10:17.058+0000] {processor.py:183} INFO - Processing /home/airflow/.local/lib/python3.12/site-packages/airflow/example_dags/example_bash_operator.py took 0.301 seconds
[2025-07-05T06:10:50.380+0000] {processor.py:161} INFO - Started process (PID=870) to work on /home/airflow/.local/lib/python3.12/site-packages/airflow/example_dags/example_bash_operator.py
[2025-07-05T06:10:50.382+0000] {processor.py:830} INFO - Processing file /home/airflow/.local/lib/python3.12/site-packages/airflow/example_dags/example_bash_operator.py for tasks to queue
[2025-07-05T06:10:50.384+0000] {logging_mixin.py:188} INFO - [2025-07-05T06:10:50.383+0000] {dagbag.py:545} INFO - Filling up the DagBag from /home/airflow/.local/lib/python3.12/site-packages/airflow/example_dags/example_bash_operator.py
[2025-07-05T06:10:50.429+0000] {processor.py:840} INFO - DAG(s) 'example_bash_operator' retrieved from /home/airflow/.local/lib/python3.12/site-packages/airflow/example_dags/example_bash_operator.py
[2025-07-05T06:10:51.504+0000] {logging_mixin.py:188} INFO - [2025-07-05T06:10:51.504+0000] {dag.py:3096} INFO - Sync 1 DAGs
[2025-07-05T06:10:51.747+0000] {logging_mixin.py:188} INFO - [2025-07-05T06:10:51.746+0000] {dag.py:3954} INFO - Setting next_dagrun for example_bash_operator to 2025-07-05 00:00:00+00:00, run_after=2025-07-06 00:00:00+00:00
[2025-07-05T06:10:52.019+0000] {processor.py:183} INFO - Processing /home/airflow/.local/lib/python3.12/site-packages/airflow/example_dags/example_bash_operator.py took 1.660 seconds
[2025-07-05T06:11:22.788+0000] {processor.py:161} INFO - Started process (PID=1461) to work on /home/airflow/.local/lib/python3.12/site-packages/airflow/example_dags/example_bash_operator.py
[2025-07-05T06:11:22.789+0000] {processor.py:830} INFO - Processing file /home/airflow/.local/lib/python3.12/site-packages/airflow/example_dags/example_bash_operator.py for tasks to queue
[2025-07-05T06:11:22.791+0000] {logging_mixin.py:188} INFO - [2025-07-05T06:11:22.791+0000] {dagbag.py:545} INFO - Filling up the DagBag from /home/airflow/.local/lib/python3.12/site-packages/airflow/example_dags/example_bash_operator.py
[2025-07-05T06:11:22.864+0000] {processor.py:840} INFO - DAG(s) 'example_bash_operator' retrieved from /home/airflow/.local/lib/python3.12/site-packages/airflow/example_dags/example_bash_operator.py
[2025-07-05T06:11:22.976+0000] {logging_mixin.py:188} INFO - [2025-07-05T06:11:22.976+0000] {dag.py:3096} INFO - Sync 1 DAGs
[2025-07-05T06:11:23.084+0000] {logging_mixin.py:188} INFO - [2025-07-05T06:11:23.084+0000] {dag.py:3954} INFO - Setting next_dagrun for example_bash_operator to 2025-07-05 00:00:00+00:00, run_after=2025-07-06 00:00:00+00:00
[2025-07-05T06:11:23.221+0000] {processor.py:183} INFO - Processing /home/airflow/.local/lib/python3.12/site-packages/airflow/example_dags/example_bash_operator.py took 0.440 seconds
[2025-07-05T06:11:53.574+0000] {processor.py:161} INFO - Started process (PID=2027) to work on /home/airflow/.local/lib/python3.12/site-packages/airflow/example_dags/example_bash_operator.py
[2025-07-05T06:11:53.581+0000] {processor.py:830} INFO - Processing file /home/airflow/.local/lib/python3.12/site-packages/airflow/example_dags/example_bash_operator.py for tasks to queue
[2025-07-05T06:11:53.584+0000] {logging_mixin.py:188} INFO - [2025-07-05T06:11:53.583+0000] {dagbag.py:545} INFO - Filling up the DagBag from /home/airflow/.local/lib/python3.12/site-packages/airflow/example_dags/example_bash_operator.py
[2025-07-05T06:11:53.617+0000] {processor.py:840} INFO - DAG(s) 'example_bash_operator' retrieved from /home/airflow/.local/lib/python3.12/site-packages/airflow/example_dags/example_bash_operator.py
[2025-07-05T06:11:53.708+0000] {logging_mixin.py:188} INFO - [2025-07-05T06:11:53.708+0000] {dag.py:3096} INFO - Sync 1 DAGs
[2025-07-05T06:11:53.791+0000] {logging_mixin.py:188} INFO - [2025-07-05T06:11:53.791+0000] {dag.py:3954} INFO - Setting next_dagrun for example_bash_operator to 2025-07-05 00:00:00+00:00, run_after=2025-07-06 00:00:00+00:00
[2025-07-05T06:11:53.880+0000] {processor.py:183} INFO - Processing /home/airflow/.local/lib/python3.12/site-packages/airflow/example_dags/example_bash_operator.py took 0.323 seconds
