[2025-07-05T06:10:16.614+0000] {processor.py:161} INFO - Started process (PID=201) to work on /home/airflow/.local/lib/python3.12/site-packages/airflow/example_dags/example_python_operator.py
[2025-07-05T06:10:16.614+0000] {processor.py:830} INFO - Processing file /home/airflow/.local/lib/python3.12/site-packages/airflow/example_dags/example_python_operator.py for tasks to queue
[2025-07-05T06:10:16.615+0000] {logging_mixin.py:188} INFO - [2025-07-05T06:10:16.615+0000] {dagbag.py:545} INFO - Filling up the DagBag from /home/airflow/.local/lib/python3.12/site-packages/airflow/example_dags/example_python_operator.py
[2025-07-05T06:10:16.628+0000] {processor.py:840} INFO - DAG(s) 'example_python_operator' retrieved from /home/airflow/.local/lib/python3.12/site-packages/airflow/example_dags/example_python_operator.py
[2025-07-05T06:10:16.639+0000] {logging_mixin.py:188} INFO - [2025-07-05T06:10:16.638+0000] {dag.py:3096} INFO - Sync 1 DAGs
[2025-07-05T06:10:16.655+0000] {logging_mixin.py:188} INFO - [2025-07-05T06:10:16.655+0000] {dag.py:3954} INFO - Setting next_dagrun for example_python_operator to None, run_after=None
[2025-07-05T06:10:16.674+0000] {processor.py:183} INFO - Processing /home/airflow/.local/lib/python3.12/site-packages/airflow/example_dags/example_python_operator.py took 0.065 seconds
[2025-07-05T06:10:48.677+0000] {processor.py:161} INFO - Started process (PID=834) to work on /home/airflow/.local/lib/python3.12/site-packages/airflow/example_dags/example_python_operator.py
[2025-07-05T06:10:48.682+0000] {processor.py:830} INFO - Processing file /home/airflow/.local/lib/python3.12/site-packages/airflow/example_dags/example_python_operator.py for tasks to queue
[2025-07-05T06:10:48.686+0000] {logging_mixin.py:188} INFO - [2025-07-05T06:10:48.686+0000] {dagbag.py:545} INFO - Filling up the DagBag from /home/airflow/.local/lib/python3.12/site-packages/airflow/example_dags/example_python_operator.py
[2025-07-05T06:10:48.706+0000] {processor.py:840} INFO - DAG(s) 'example_python_operator' retrieved from /home/airflow/.local/lib/python3.12/site-packages/airflow/example_dags/example_python_operator.py
[2025-07-05T06:10:49.320+0000] {logging_mixin.py:188} INFO - [2025-07-05T06:10:49.320+0000] {dag.py:3096} INFO - Sync 1 DAGs
[2025-07-05T06:10:49.345+0000] {logging_mixin.py:188} INFO - [2025-07-05T06:10:49.345+0000] {dag.py:3954} INFO - Setting next_dagrun for example_python_operator to None, run_after=None
[2025-07-05T06:10:49.468+0000] {processor.py:183} INFO - Processing /home/airflow/.local/lib/python3.12/site-packages/airflow/example_dags/example_python_operator.py took 0.798 seconds
[2025-07-05T06:11:20.039+0000] {processor.py:161} INFO - Started process (PID=1415) to work on /home/airflow/.local/lib/python3.12/site-packages/airflow/example_dags/example_python_operator.py
[2025-07-05T06:11:20.061+0000] {processor.py:830} INFO - Processing file /home/airflow/.local/lib/python3.12/site-packages/airflow/example_dags/example_python_operator.py for tasks to queue
[2025-07-05T06:11:20.063+0000] {logging_mixin.py:188} INFO - [2025-07-05T06:11:20.063+0000] {dagbag.py:545} INFO - Filling up the DagBag from /home/airflow/.local/lib/python3.12/site-packages/airflow/example_dags/example_python_operator.py
[2025-07-05T06:11:20.120+0000] {processor.py:840} INFO - DAG(s) 'example_python_operator' retrieved from /home/airflow/.local/lib/python3.12/site-packages/airflow/example_dags/example_python_operator.py
[2025-07-05T06:11:20.224+0000] {logging_mixin.py:188} INFO - [2025-07-05T06:11:20.223+0000] {dag.py:3096} INFO - Sync 1 DAGs
[2025-07-05T06:11:20.282+0000] {logging_mixin.py:188} INFO - [2025-07-05T06:11:20.282+0000] {dag.py:3954} INFO - Setting next_dagrun for example_python_operator to None, run_after=None
[2025-07-05T06:11:20.412+0000] {processor.py:183} INFO - Processing /home/airflow/.local/lib/python3.12/site-packages/airflow/example_dags/example_python_operator.py took 0.392 seconds
[2025-07-05T06:11:50.682+0000] {processor.py:161} INFO - Started process (PID=1987) to work on /home/airflow/.local/lib/python3.12/site-packages/airflow/example_dags/example_python_operator.py
[2025-07-05T06:11:50.683+0000] {processor.py:830} INFO - Processing file /home/airflow/.local/lib/python3.12/site-packages/airflow/example_dags/example_python_operator.py for tasks to queue
[2025-07-05T06:11:50.684+0000] {logging_mixin.py:188} INFO - [2025-07-05T06:11:50.684+0000] {dagbag.py:545} INFO - Filling up the DagBag from /home/airflow/.local/lib/python3.12/site-packages/airflow/example_dags/example_python_operator.py
[2025-07-05T06:11:50.696+0000] {processor.py:840} INFO - DAG(s) 'example_python_operator' retrieved from /home/airflow/.local/lib/python3.12/site-packages/airflow/example_dags/example_python_operator.py
[2025-07-05T06:11:50.757+0000] {logging_mixin.py:188} INFO - [2025-07-05T06:11:50.757+0000] {dag.py:3096} INFO - Sync 1 DAGs
[2025-07-05T06:11:50.777+0000] {logging_mixin.py:188} INFO - [2025-07-05T06:11:50.777+0000] {dag.py:3954} INFO - Setting next_dagrun for example_python_operator to None, run_after=None
[2025-07-05T06:11:50.801+0000] {processor.py:183} INFO - Processing /home/airflow/.local/lib/python3.12/site-packages/airflow/example_dags/example_python_operator.py took 0.126 seconds
