[2025-07-05T06:10:23.955+0000] {processor.py:161} INFO - Started process (PID=457) to work on /home/airflow/.local/lib/python3.12/site-packages/airflow/example_dags/example_python_decorator.py
[2025-07-05T06:10:23.956+0000] {processor.py:830} INFO - Processing file /home/airflow/.local/lib/python3.12/site-packages/airflow/example_dags/example_python_decorator.py for tasks to queue
[2025-07-05T06:10:23.958+0000] {logging_mixin.py:188} INFO - [2025-07-05T06:10:23.958+0000] {dagbag.py:545} INFO - Filling up the DagBag from /home/airflow/.local/lib/python3.12/site-packages/airflow/example_dags/example_python_decorator.py
[2025-07-05T06:10:24.045+0000] {processor.py:840} INFO - DAG(s) 'example_python_decorator' retrieved from /home/airflow/.local/lib/python3.12/site-packages/airflow/example_dags/example_python_decorator.py
[2025-07-05T06:10:24.117+0000] {logging_mixin.py:188} INFO - [2025-07-05T06:10:24.117+0000] {dag.py:3096} INFO - Sync 1 DAGs
[2025-07-05T06:10:24.168+0000] {logging_mixin.py:188} INFO - [2025-07-05T06:10:24.168+0000] {dag.py:3954} INFO - Setting next_dagrun for example_python_decorator to None, run_after=None
[2025-07-05T06:10:24.327+0000] {processor.py:183} INFO - Processing /home/airflow/.local/lib/python3.12/site-packages/airflow/example_dags/example_python_decorator.py took 0.378 seconds
[2025-07-05T06:11:02.502+0000] {processor.py:161} INFO - Started process (PID=1151) to work on /home/airflow/.local/lib/python3.12/site-packages/airflow/example_dags/example_python_decorator.py
[2025-07-05T06:11:02.503+0000] {processor.py:830} INFO - Processing file /home/airflow/.local/lib/python3.12/site-packages/airflow/example_dags/example_python_decorator.py for tasks to queue
[2025-07-05T06:11:02.505+0000] {logging_mixin.py:188} INFO - [2025-07-05T06:11:02.504+0000] {dagbag.py:545} INFO - Filling up the DagBag from /home/airflow/.local/lib/python3.12/site-packages/airflow/example_dags/example_python_decorator.py
[2025-07-05T06:11:02.556+0000] {processor.py:840} INFO - DAG(s) 'example_python_decorator' retrieved from /home/airflow/.local/lib/python3.12/site-packages/airflow/example_dags/example_python_decorator.py
[2025-07-05T06:11:02.837+0000] {logging_mixin.py:188} INFO - [2025-07-05T06:11:02.837+0000] {dag.py:3096} INFO - Sync 1 DAGs
[2025-07-05T06:11:02.862+0000] {logging_mixin.py:188} INFO - [2025-07-05T06:11:02.862+0000] {dag.py:3954} INFO - Setting next_dagrun for example_python_decorator to None, run_after=None
[2025-07-05T06:11:02.955+0000] {processor.py:183} INFO - Processing /home/airflow/.local/lib/python3.12/site-packages/airflow/example_dags/example_python_decorator.py took 0.460 seconds
[2025-07-05T06:11:33.759+0000] {processor.py:161} INFO - Started process (PID=1697) to work on /home/airflow/.local/lib/python3.12/site-packages/airflow/example_dags/example_python_decorator.py
[2025-07-05T06:11:33.759+0000] {processor.py:830} INFO - Processing file /home/airflow/.local/lib/python3.12/site-packages/airflow/example_dags/example_python_decorator.py for tasks to queue
[2025-07-05T06:11:33.761+0000] {logging_mixin.py:188} INFO - [2025-07-05T06:11:33.761+0000] {dagbag.py:545} INFO - Filling up the DagBag from /home/airflow/.local/lib/python3.12/site-packages/airflow/example_dags/example_python_decorator.py
[2025-07-05T06:11:33.798+0000] {processor.py:840} INFO - DAG(s) 'example_python_decorator' retrieved from /home/airflow/.local/lib/python3.12/site-packages/airflow/example_dags/example_python_decorator.py
[2025-07-05T06:11:33.902+0000] {logging_mixin.py:188} INFO - [2025-07-05T06:11:33.902+0000] {dag.py:3096} INFO - Sync 1 DAGs
[2025-07-05T06:11:33.950+0000] {logging_mixin.py:188} INFO - [2025-07-05T06:11:33.949+0000] {dag.py:3954} INFO - Setting next_dagrun for example_python_decorator to None, run_after=None
[2025-07-05T06:11:34.084+0000] {processor.py:183} INFO - Processing /home/airflow/.local/lib/python3.12/site-packages/airflow/example_dags/example_python_decorator.py took 0.332 seconds
