[2025-07-05T06:10:22.026+0000] {processor.py:161} INFO - Started process (PID=409) to work on /home/airflow/.local/lib/python3.12/site-packages/airflow/example_dags/example_xcomargs.py
[2025-07-05T06:10:22.027+0000] {processor.py:830} INFO - Processing file /home/airflow/.local/lib/python3.12/site-packages/airflow/example_dags/example_xcomargs.py for tasks to queue
[2025-07-05T06:10:22.029+0000] {logging_mixin.py:188} INFO - [2025-07-05T06:10:22.028+0000] {dagbag.py:545} INFO - Filling up the DagBag from /home/airflow/.local/lib/python3.12/site-packages/airflow/example_dags/example_xcomargs.py
[2025-07-05T06:10:22.046+0000] {processor.py:840} INFO - DAG(s) 'example_xcom_args_with_operators', 'example_xcom_args' retrieved from /home/airflow/.local/lib/python3.12/site-packages/airflow/example_dags/example_xcomargs.py
[2025-07-05T06:10:22.067+0000] {logging_mixin.py:188} INFO - [2025-07-05T06:10:22.067+0000] {dag.py:3096} INFO - Sync 2 DAGs
[2025-07-05T06:10:22.139+0000] {logging_mixin.py:188} INFO - [2025-07-05T06:10:22.139+0000] {dag.py:3954} INFO - Setting next_dagrun for example_xcom_args to None, run_after=None
[2025-07-05T06:10:22.149+0000] {logging_mixin.py:188} INFO - [2025-07-05T06:10:22.148+0000] {dag.py:3954} INFO - Setting next_dagrun for example_xcom_args_with_operators to None, run_after=None
[2025-07-05T06:10:22.272+0000] {processor.py:183} INFO - Processing /home/airflow/.local/lib/python3.12/site-packages/airflow/example_dags/example_xcomargs.py took 0.251 seconds
[2025-07-05T06:11:00.912+0000] {processor.py:161} INFO - Started process (PID=1104) to work on /home/airflow/.local/lib/python3.12/site-packages/airflow/example_dags/example_xcomargs.py
[2025-07-05T06:11:00.913+0000] {processor.py:830} INFO - Processing file /home/airflow/.local/lib/python3.12/site-packages/airflow/example_dags/example_xcomargs.py for tasks to queue
[2025-07-05T06:11:00.915+0000] {logging_mixin.py:188} INFO - [2025-07-05T06:11:00.915+0000] {dagbag.py:545} INFO - Filling up the DagBag from /home/airflow/.local/lib/python3.12/site-packages/airflow/example_dags/example_xcomargs.py
[2025-07-05T06:11:00.925+0000] {processor.py:840} INFO - DAG(s) 'example_xcom_args_with_operators', 'example_xcom_args' retrieved from /home/airflow/.local/lib/python3.12/site-packages/airflow/example_dags/example_xcomargs.py
[2025-07-05T06:11:01.076+0000] {logging_mixin.py:188} INFO - [2025-07-05T06:11:01.076+0000] {dag.py:3096} INFO - Sync 2 DAGs
[2025-07-05T06:11:01.091+0000] {logging_mixin.py:188} INFO - [2025-07-05T06:11:01.091+0000] {dag.py:3954} INFO - Setting next_dagrun for example_xcom_args to None, run_after=None
[2025-07-05T06:11:01.095+0000] {logging_mixin.py:188} INFO - [2025-07-05T06:11:01.095+0000] {dag.py:3954} INFO - Setting next_dagrun for example_xcom_args_with_operators to None, run_after=None
[2025-07-05T06:11:01.119+0000] {processor.py:183} INFO - Processing /home/airflow/.local/lib/python3.12/site-packages/airflow/example_dags/example_xcomargs.py took 0.213 seconds
[2025-07-05T06:11:32.131+0000] {processor.py:161} INFO - Started process (PID=1657) to work on /home/airflow/.local/lib/python3.12/site-packages/airflow/example_dags/example_xcomargs.py
[2025-07-05T06:11:32.134+0000] {processor.py:830} INFO - Processing file /home/airflow/.local/lib/python3.12/site-packages/airflow/example_dags/example_xcomargs.py for tasks to queue
[2025-07-05T06:11:32.137+0000] {logging_mixin.py:188} INFO - [2025-07-05T06:11:32.136+0000] {dagbag.py:545} INFO - Filling up the DagBag from /home/airflow/.local/lib/python3.12/site-packages/airflow/example_dags/example_xcomargs.py
[2025-07-05T06:11:32.176+0000] {processor.py:840} INFO - DAG(s) 'example_xcom_args_with_operators', 'example_xcom_args' retrieved from /home/airflow/.local/lib/python3.12/site-packages/airflow/example_dags/example_xcomargs.py
[2025-07-05T06:11:32.324+0000] {logging_mixin.py:188} INFO - [2025-07-05T06:11:32.323+0000] {dag.py:3096} INFO - Sync 2 DAGs
[2025-07-05T06:11:32.407+0000] {logging_mixin.py:188} INFO - [2025-07-05T06:11:32.406+0000] {dag.py:3954} INFO - Setting next_dagrun for example_xcom_args to None, run_after=None
[2025-07-05T06:11:32.428+0000] {logging_mixin.py:188} INFO - [2025-07-05T06:11:32.427+0000] {dag.py:3954} INFO - Setting next_dagrun for example_xcom_args_with_operators to None, run_after=None
[2025-07-05T06:11:32.532+0000] {processor.py:183} INFO - Processing /home/airflow/.local/lib/python3.12/site-packages/airflow/example_dags/example_xcomargs.py took 0.407 seconds
[2025-07-05T06:12:03.102+0000] {processor.py:161} INFO - Started process (PID=2237) to work on /home/airflow/.local/lib/python3.12/site-packages/airflow/example_dags/example_xcomargs.py
[2025-07-05T06:12:03.104+0000] {processor.py:830} INFO - Processing file /home/airflow/.local/lib/python3.12/site-packages/airflow/example_dags/example_xcomargs.py for tasks to queue
[2025-07-05T06:12:03.106+0000] {logging_mixin.py:188} INFO - [2025-07-05T06:12:03.106+0000] {dagbag.py:545} INFO - Filling up the DagBag from /home/airflow/.local/lib/python3.12/site-packages/airflow/example_dags/example_xcomargs.py
[2025-07-05T06:12:03.145+0000] {processor.py:840} INFO - DAG(s) 'example_xcom_args', 'example_xcom_args_with_operators' retrieved from /home/airflow/.local/lib/python3.12/site-packages/airflow/example_dags/example_xcomargs.py
[2025-07-05T06:12:03.220+0000] {logging_mixin.py:188} INFO - [2025-07-05T06:12:03.220+0000] {dag.py:3096} INFO - Sync 2 DAGs
[2025-07-05T06:12:03.243+0000] {logging_mixin.py:188} INFO - [2025-07-05T06:12:03.243+0000] {dag.py:3954} INFO - Setting next_dagrun for example_xcom_args to None, run_after=None
[2025-07-05T06:12:03.249+0000] {logging_mixin.py:188} INFO - [2025-07-05T06:12:03.249+0000] {dag.py:3954} INFO - Setting next_dagrun for example_xcom_args_with_operators to None, run_after=None
[2025-07-05T06:12:03.317+0000] {processor.py:183} INFO - Processing /home/airflow/.local/lib/python3.12/site-packages/airflow/example_dags/example_xcomargs.py took 0.222 seconds
