[2025-07-05T06:10:24.726+0000] {processor.py:161} INFO - Started process (PID=493) to work on /home/airflow/.local/lib/python3.12/site-packages/airflow/example_dags/example_nested_branch_dag.py
[2025-07-05T06:10:24.729+0000] {processor.py:830} INFO - Processing file /home/airflow/.local/lib/python3.12/site-packages/airflow/example_dags/example_nested_branch_dag.py for tasks to queue
[2025-07-05T06:10:24.731+0000] {logging_mixin.py:188} INFO - [2025-07-05T06:10:24.730+0000] {dagbag.py:545} INFO - Filling up the DagBag from /home/airflow/.local/lib/python3.12/site-packages/airflow/example_dags/example_nested_branch_dag.py
[2025-07-05T06:10:24.810+0000] {processor.py:840} INFO - DAG(s) 'example_nested_branch_dag' retrieved from /home/airflow/.local/lib/python3.12/site-packages/airflow/example_dags/example_nested_branch_dag.py
[2025-07-05T06:10:24.871+0000] {logging_mixin.py:188} INFO - [2025-07-05T06:10:24.871+0000] {dag.py:3096} INFO - Sync 1 DAGs
[2025-07-05T06:10:24.975+0000] {logging_mixin.py:188} INFO - [2025-07-05T06:10:24.975+0000] {dag.py:3954} INFO - Setting next_dagrun for example_nested_branch_dag to 2025-07-05 00:00:00+00:00, run_after=2025-07-06 00:00:00+00:00
[2025-07-05T06:10:25.047+0000] {processor.py:183} INFO - Processing /home/airflow/.local/lib/python3.12/site-packages/airflow/example_dags/example_nested_branch_dag.py took 0.330 seconds
[2025-07-05T06:11:04.164+0000] {processor.py:161} INFO - Started process (PID=1188) to work on /home/airflow/.local/lib/python3.12/site-packages/airflow/example_dags/example_nested_branch_dag.py
[2025-07-05T06:11:04.168+0000] {processor.py:830} INFO - Processing file /home/airflow/.local/lib/python3.12/site-packages/airflow/example_dags/example_nested_branch_dag.py for tasks to queue
[2025-07-05T06:11:04.169+0000] {logging_mixin.py:188} INFO - [2025-07-05T06:11:04.169+0000] {dagbag.py:545} INFO - Filling up the DagBag from /home/airflow/.local/lib/python3.12/site-packages/airflow/example_dags/example_nested_branch_dag.py
[2025-07-05T06:11:04.181+0000] {processor.py:840} INFO - DAG(s) 'example_nested_branch_dag' retrieved from /home/airflow/.local/lib/python3.12/site-packages/airflow/example_dags/example_nested_branch_dag.py
[2025-07-05T06:11:04.808+0000] {logging_mixin.py:188} INFO - [2025-07-05T06:11:04.808+0000] {dag.py:3096} INFO - Sync 1 DAGs
[2025-07-05T06:11:04.893+0000] {logging_mixin.py:188} INFO - [2025-07-05T06:11:04.893+0000] {dag.py:3954} INFO - Setting next_dagrun for example_nested_branch_dag to 2025-07-05 00:00:00+00:00, run_after=2025-07-06 00:00:00+00:00
[2025-07-05T06:11:04.999+0000] {processor.py:183} INFO - Processing /home/airflow/.local/lib/python3.12/site-packages/airflow/example_dags/example_nested_branch_dag.py took 0.865 seconds
[2025-07-05T06:11:35.315+0000] {processor.py:161} INFO - Started process (PID=1751) to work on /home/airflow/.local/lib/python3.12/site-packages/airflow/example_dags/example_nested_branch_dag.py
[2025-07-05T06:11:35.331+0000] {processor.py:830} INFO - Processing file /home/airflow/.local/lib/python3.12/site-packages/airflow/example_dags/example_nested_branch_dag.py for tasks to queue
[2025-07-05T06:11:35.333+0000] {logging_mixin.py:188} INFO - [2025-07-05T06:11:35.333+0000] {dagbag.py:545} INFO - Filling up the DagBag from /home/airflow/.local/lib/python3.12/site-packages/airflow/example_dags/example_nested_branch_dag.py
[2025-07-05T06:11:35.368+0000] {processor.py:840} INFO - DAG(s) 'example_nested_branch_dag' retrieved from /home/airflow/.local/lib/python3.12/site-packages/airflow/example_dags/example_nested_branch_dag.py
[2025-07-05T06:11:35.508+0000] {logging_mixin.py:188} INFO - [2025-07-05T06:11:35.508+0000] {dag.py:3096} INFO - Sync 1 DAGs
[2025-07-05T06:11:35.607+0000] {logging_mixin.py:188} INFO - [2025-07-05T06:11:35.606+0000] {dag.py:3954} INFO - Setting next_dagrun for example_nested_branch_dag to 2025-07-05 00:00:00+00:00, run_after=2025-07-06 00:00:00+00:00
[2025-07-05T06:11:35.701+0000] {processor.py:183} INFO - Processing /home/airflow/.local/lib/python3.12/site-packages/airflow/example_dags/example_nested_branch_dag.py took 0.429 seconds
