[2025-07-05T06:10:16.701+0000] {processor.py:161} INFO - Started process (PID=211) to work on /home/airflow/.local/lib/python3.12/site-packages/airflow/example_dags/example_sensors.py
[2025-07-05T06:10:16.702+0000] {processor.py:830} INFO - Processing file /home/airflow/.local/lib/python3.12/site-packages/airflow/example_dags/example_sensors.py for tasks to queue
[2025-07-05T06:10:16.703+0000] {logging_mixin.py:188} INFO - [2025-07-05T06:10:16.703+0000] {dagbag.py:545} INFO - Filling up the DagBag from /home/airflow/.local/lib/python3.12/site-packages/airflow/example_dags/example_sensors.py
[2025-07-05T06:10:16.715+0000] {processor.py:840} INFO - DAG(s) 'example_sensors' retrieved from /home/airflow/.local/lib/python3.12/site-packages/airflow/example_dags/example_sensors.py
[2025-07-05T06:10:16.725+0000] {logging_mixin.py:188} INFO - [2025-07-05T06:10:16.724+0000] {dag.py:3096} INFO - Sync 1 DAGs
[2025-07-05T06:10:16.741+0000] {logging_mixin.py:188} INFO - [2025-07-05T06:10:16.741+0000] {dag.py:3954} INFO - Setting next_dagrun for example_sensors to None, run_after=None
[2025-07-05T06:10:16.760+0000] {processor.py:183} INFO - Processing /home/airflow/.local/lib/python3.12/site-packages/airflow/example_dags/example_sensors.py took 0.064 seconds
[2025-07-05T06:10:49.596+0000] {processor.py:161} INFO - Started process (PID=853) to work on /home/airflow/.local/lib/python3.12/site-packages/airflow/example_dags/example_sensors.py
[2025-07-05T06:10:49.597+0000] {processor.py:830} INFO - Processing file /home/airflow/.local/lib/python3.12/site-packages/airflow/example_dags/example_sensors.py for tasks to queue
[2025-07-05T06:10:49.599+0000] {logging_mixin.py:188} INFO - [2025-07-05T06:10:49.598+0000] {dagbag.py:545} INFO - Filling up the DagBag from /home/airflow/.local/lib/python3.12/site-packages/airflow/example_dags/example_sensors.py
[2025-07-05T06:10:49.673+0000] {processor.py:840} INFO - DAG(s) 'example_sensors' retrieved from /home/airflow/.local/lib/python3.12/site-packages/airflow/example_dags/example_sensors.py
[2025-07-05T06:10:50.191+0000] {logging_mixin.py:188} INFO - [2025-07-05T06:10:50.191+0000] {dag.py:3096} INFO - Sync 1 DAGs
[2025-07-05T06:10:50.207+0000] {logging_mixin.py:188} INFO - [2025-07-05T06:10:50.207+0000] {dag.py:3954} INFO - Setting next_dagrun for example_sensors to None, run_after=None
[2025-07-05T06:10:50.268+0000] {processor.py:183} INFO - Processing /home/airflow/.local/lib/python3.12/site-packages/airflow/example_dags/example_sensors.py took 0.678 seconds
[2025-07-05T06:11:20.568+0000] {processor.py:161} INFO - Started process (PID=1426) to work on /home/airflow/.local/lib/python3.12/site-packages/airflow/example_dags/example_sensors.py
[2025-07-05T06:11:20.587+0000] {processor.py:830} INFO - Processing file /home/airflow/.local/lib/python3.12/site-packages/airflow/example_dags/example_sensors.py for tasks to queue
[2025-07-05T06:11:20.589+0000] {logging_mixin.py:188} INFO - [2025-07-05T06:11:20.589+0000] {dagbag.py:545} INFO - Filling up the DagBag from /home/airflow/.local/lib/python3.12/site-packages/airflow/example_dags/example_sensors.py
[2025-07-05T06:11:20.629+0000] {processor.py:840} INFO - DAG(s) 'example_sensors' retrieved from /home/airflow/.local/lib/python3.12/site-packages/airflow/example_dags/example_sensors.py
[2025-07-05T06:11:20.760+0000] {logging_mixin.py:188} INFO - [2025-07-05T06:11:20.760+0000] {dag.py:3096} INFO - Sync 1 DAGs
[2025-07-05T06:11:20.829+0000] {logging_mixin.py:188} INFO - [2025-07-05T06:11:20.828+0000] {dag.py:3954} INFO - Setting next_dagrun for example_sensors to None, run_after=None
[2025-07-05T06:11:21.031+0000] {processor.py:183} INFO - Processing /home/airflow/.local/lib/python3.12/site-packages/airflow/example_dags/example_sensors.py took 0.470 seconds
[2025-07-05T06:11:51.178+0000] {processor.py:161} INFO - Started process (PID=2001) to work on /home/airflow/.local/lib/python3.12/site-packages/airflow/example_dags/example_sensors.py
[2025-07-05T06:11:51.179+0000] {processor.py:830} INFO - Processing file /home/airflow/.local/lib/python3.12/site-packages/airflow/example_dags/example_sensors.py for tasks to queue
[2025-07-05T06:11:51.181+0000] {logging_mixin.py:188} INFO - [2025-07-05T06:11:51.180+0000] {dagbag.py:545} INFO - Filling up the DagBag from /home/airflow/.local/lib/python3.12/site-packages/airflow/example_dags/example_sensors.py
[2025-07-05T06:11:51.193+0000] {processor.py:840} INFO - DAG(s) 'example_sensors' retrieved from /home/airflow/.local/lib/python3.12/site-packages/airflow/example_dags/example_sensors.py
[2025-07-05T06:11:51.227+0000] {logging_mixin.py:188} INFO - [2025-07-05T06:11:51.226+0000] {dag.py:3096} INFO - Sync 1 DAGs
[2025-07-05T06:11:51.243+0000] {logging_mixin.py:188} INFO - [2025-07-05T06:11:51.243+0000] {dag.py:3954} INFO - Setting next_dagrun for example_sensors to None, run_after=None
[2025-07-05T06:11:51.265+0000] {processor.py:183} INFO - Processing /home/airflow/.local/lib/python3.12/site-packages/airflow/example_dags/example_sensors.py took 0.095 seconds
