[2025-07-05T06:10:16.676+0000] {processor.py:161} INFO - Started process (PID=206) to work on /home/airflow/.local/lib/python3.12/site-packages/airflow/example_dags/example_skip_dag.py
[2025-07-05T06:10:16.677+0000] {processor.py:830} INFO - Processing file /home/airflow/.local/lib/python3.12/site-packages/airflow/example_dags/example_skip_dag.py for tasks to queue
[2025-07-05T06:10:16.678+0000] {logging_mixin.py:188} INFO - [2025-07-05T06:10:16.678+0000] {dagbag.py:545} INFO - Filling up the DagBag from /home/airflow/.local/lib/python3.12/site-packages/airflow/example_dags/example_skip_dag.py
[2025-07-05T06:10:16.686+0000] {processor.py:840} INFO - DAG(s) 'example_skip_dag' retrieved from /home/airflow/.local/lib/python3.12/site-packages/airflow/example_dags/example_skip_dag.py
[2025-07-05T06:10:16.696+0000] {logging_mixin.py:188} INFO - [2025-07-05T06:10:16.696+0000] {dag.py:3096} INFO - Sync 1 DAGs
[2025-07-05T06:10:16.721+0000] {logging_mixin.py:188} INFO - [2025-07-05T06:10:16.720+0000] {dag.py:3954} INFO - Setting next_dagrun for example_skip_dag to 2025-07-04 00:00:00+00:00, run_after=2025-07-05 00:00:00+00:00
[2025-07-05T06:10:16.737+0000] {processor.py:183} INFO - Processing /home/airflow/.local/lib/python3.12/site-packages/airflow/example_dags/example_skip_dag.py took 0.067 seconds
[2025-07-05T06:10:49.474+0000] {processor.py:161} INFO - Started process (PID=846) to work on /home/airflow/.local/lib/python3.12/site-packages/airflow/example_dags/example_skip_dag.py
[2025-07-05T06:10:49.483+0000] {processor.py:830} INFO - Processing file /home/airflow/.local/lib/python3.12/site-packages/airflow/example_dags/example_skip_dag.py for tasks to queue
[2025-07-05T06:10:49.486+0000] {logging_mixin.py:188} INFO - [2025-07-05T06:10:49.486+0000] {dagbag.py:545} INFO - Filling up the DagBag from /home/airflow/.local/lib/python3.12/site-packages/airflow/example_dags/example_skip_dag.py
[2025-07-05T06:10:49.499+0000] {processor.py:840} INFO - DAG(s) 'example_skip_dag' retrieved from /home/airflow/.local/lib/python3.12/site-packages/airflow/example_dags/example_skip_dag.py
[2025-07-05T06:10:50.129+0000] {logging_mixin.py:188} INFO - [2025-07-05T06:10:50.129+0000] {dag.py:3096} INFO - Sync 1 DAGs
[2025-07-05T06:10:50.301+0000] {logging_mixin.py:188} INFO - [2025-07-05T06:10:50.301+0000] {dag.py:3954} INFO - Setting next_dagrun for example_skip_dag to 2025-07-05 00:00:00+00:00, run_after=2025-07-06 00:00:00+00:00
[2025-07-05T06:10:50.520+0000] {processor.py:183} INFO - Processing /home/airflow/.local/lib/python3.12/site-packages/airflow/example_dags/example_skip_dag.py took 1.069 seconds
[2025-07-05T06:11:20.854+0000] {processor.py:161} INFO - Started process (PID=1435) to work on /home/airflow/.local/lib/python3.12/site-packages/airflow/example_dags/example_skip_dag.py
[2025-07-05T06:11:20.867+0000] {processor.py:830} INFO - Processing file /home/airflow/.local/lib/python3.12/site-packages/airflow/example_dags/example_skip_dag.py for tasks to queue
[2025-07-05T06:11:20.871+0000] {logging_mixin.py:188} INFO - [2025-07-05T06:11:20.870+0000] {dagbag.py:545} INFO - Filling up the DagBag from /home/airflow/.local/lib/python3.12/site-packages/airflow/example_dags/example_skip_dag.py
[2025-07-05T06:11:20.920+0000] {processor.py:840} INFO - DAG(s) 'example_skip_dag' retrieved from /home/airflow/.local/lib/python3.12/site-packages/airflow/example_dags/example_skip_dag.py
[2025-07-05T06:11:20.997+0000] {logging_mixin.py:188} INFO - [2025-07-05T06:11:20.997+0000] {dag.py:3096} INFO - Sync 1 DAGs
[2025-07-05T06:11:21.036+0000] {logging_mixin.py:188} INFO - [2025-07-05T06:11:21.036+0000] {dag.py:3954} INFO - Setting next_dagrun for example_skip_dag to 2025-07-05 00:00:00+00:00, run_after=2025-07-06 00:00:00+00:00
[2025-07-05T06:11:21.116+0000] {processor.py:183} INFO - Processing /home/airflow/.local/lib/python3.12/site-packages/airflow/example_dags/example_skip_dag.py took 0.269 seconds
[2025-07-05T06:11:51.330+0000] {processor.py:161} INFO - Started process (PID=2006) to work on /home/airflow/.local/lib/python3.12/site-packages/airflow/example_dags/example_skip_dag.py
[2025-07-05T06:11:51.331+0000] {processor.py:830} INFO - Processing file /home/airflow/.local/lib/python3.12/site-packages/airflow/example_dags/example_skip_dag.py for tasks to queue
[2025-07-05T06:11:51.332+0000] {logging_mixin.py:188} INFO - [2025-07-05T06:11:51.332+0000] {dagbag.py:545} INFO - Filling up the DagBag from /home/airflow/.local/lib/python3.12/site-packages/airflow/example_dags/example_skip_dag.py
[2025-07-05T06:11:51.339+0000] {processor.py:840} INFO - DAG(s) 'example_skip_dag' retrieved from /home/airflow/.local/lib/python3.12/site-packages/airflow/example_dags/example_skip_dag.py
[2025-07-05T06:11:51.390+0000] {logging_mixin.py:188} INFO - [2025-07-05T06:11:51.390+0000] {dag.py:3096} INFO - Sync 1 DAGs
[2025-07-05T06:11:51.420+0000] {logging_mixin.py:188} INFO - [2025-07-05T06:11:51.420+0000] {dag.py:3954} INFO - Setting next_dagrun for example_skip_dag to 2025-07-05 00:00:00+00:00, run_after=2025-07-06 00:00:00+00:00
[2025-07-05T06:11:51.443+0000] {processor.py:183} INFO - Processing /home/airflow/.local/lib/python3.12/site-packages/airflow/example_dags/example_skip_dag.py took 0.146 seconds
