[2025-07-05T06:10:18.834+0000] {processor.py:161} INFO - Started process (PID=325) to work on /home/airflow/.local/lib/python3.12/site-packages/airflow/example_dags/example_trigger_controller_dag.py
[2025-07-05T06:10:18.835+0000] {processor.py:830} INFO - Processing file /home/airflow/.local/lib/python3.12/site-packages/airflow/example_dags/example_trigger_controller_dag.py for tasks to queue
[2025-07-05T06:10:18.849+0000] {logging_mixin.py:188} INFO - [2025-07-05T06:10:18.849+0000] {dagbag.py:545} INFO - Filling up the DagBag from /home/airflow/.local/lib/python3.12/site-packages/airflow/example_dags/example_trigger_controller_dag.py
[2025-07-05T06:10:18.920+0000] {processor.py:840} INFO - DAG(s) 'example_trigger_controller_dag' retrieved from /home/airflow/.local/lib/python3.12/site-packages/airflow/example_dags/example_trigger_controller_dag.py
[2025-07-05T06:10:19.000+0000] {logging_mixin.py:188} INFO - [2025-07-05T06:10:19.000+0000] {dag.py:3096} INFO - Sync 1 DAGs
[2025-07-05T06:10:19.068+0000] {logging_mixin.py:188} INFO - [2025-07-05T06:10:19.068+0000] {dag.py:3954} INFO - Setting next_dagrun for example_trigger_controller_dag to None, run_after=None
[2025-07-05T06:10:19.204+0000] {processor.py:183} INFO - Processing /home/airflow/.local/lib/python3.12/site-packages/airflow/example_dags/example_trigger_controller_dag.py took 0.400 seconds
[2025-07-05T06:10:58.652+0000] {processor.py:161} INFO - Started process (PID=1025) to work on /home/airflow/.local/lib/python3.12/site-packages/airflow/example_dags/example_trigger_controller_dag.py
[2025-07-05T06:10:58.655+0000] {processor.py:830} INFO - Processing file /home/airflow/.local/lib/python3.12/site-packages/airflow/example_dags/example_trigger_controller_dag.py for tasks to queue
[2025-07-05T06:10:58.657+0000] {logging_mixin.py:188} INFO - [2025-07-05T06:10:58.657+0000] {dagbag.py:545} INFO - Filling up the DagBag from /home/airflow/.local/lib/python3.12/site-packages/airflow/example_dags/example_trigger_controller_dag.py
[2025-07-05T06:10:58.676+0000] {processor.py:840} INFO - DAG(s) 'example_trigger_controller_dag' retrieved from /home/airflow/.local/lib/python3.12/site-packages/airflow/example_dags/example_trigger_controller_dag.py
[2025-07-05T06:10:59.134+0000] {logging_mixin.py:188} INFO - [2025-07-05T06:10:59.134+0000] {dag.py:3096} INFO - Sync 1 DAGs
[2025-07-05T06:10:59.183+0000] {logging_mixin.py:188} INFO - [2025-07-05T06:10:59.182+0000] {dag.py:3954} INFO - Setting next_dagrun for example_trigger_controller_dag to None, run_after=None
[2025-07-05T06:10:59.233+0000] {processor.py:183} INFO - Processing /home/airflow/.local/lib/python3.12/site-packages/airflow/example_dags/example_trigger_controller_dag.py took 0.604 seconds
[2025-07-05T06:11:29.473+0000] {processor.py:161} INFO - Started process (PID=1575) to work on /home/airflow/.local/lib/python3.12/site-packages/airflow/example_dags/example_trigger_controller_dag.py
[2025-07-05T06:11:29.474+0000] {processor.py:830} INFO - Processing file /home/airflow/.local/lib/python3.12/site-packages/airflow/example_dags/example_trigger_controller_dag.py for tasks to queue
[2025-07-05T06:11:29.475+0000] {logging_mixin.py:188} INFO - [2025-07-05T06:11:29.475+0000] {dagbag.py:545} INFO - Filling up the DagBag from /home/airflow/.local/lib/python3.12/site-packages/airflow/example_dags/example_trigger_controller_dag.py
[2025-07-05T06:11:29.480+0000] {processor.py:840} INFO - DAG(s) 'example_trigger_controller_dag' retrieved from /home/airflow/.local/lib/python3.12/site-packages/airflow/example_dags/example_trigger_controller_dag.py
[2025-07-05T06:11:29.504+0000] {logging_mixin.py:188} INFO - [2025-07-05T06:11:29.504+0000] {dag.py:3096} INFO - Sync 1 DAGs
[2025-07-05T06:11:29.534+0000] {logging_mixin.py:188} INFO - [2025-07-05T06:11:29.533+0000] {dag.py:3954} INFO - Setting next_dagrun for example_trigger_controller_dag to None, run_after=None
[2025-07-05T06:11:29.564+0000] {processor.py:183} INFO - Processing /home/airflow/.local/lib/python3.12/site-packages/airflow/example_dags/example_trigger_controller_dag.py took 0.110 seconds
[2025-07-05T06:12:00.648+0000] {processor.py:161} INFO - Started process (PID=2151) to work on /home/airflow/.local/lib/python3.12/site-packages/airflow/example_dags/example_trigger_controller_dag.py
[2025-07-05T06:12:00.651+0000] {processor.py:830} INFO - Processing file /home/airflow/.local/lib/python3.12/site-packages/airflow/example_dags/example_trigger_controller_dag.py for tasks to queue
[2025-07-05T06:12:00.653+0000] {logging_mixin.py:188} INFO - [2025-07-05T06:12:00.653+0000] {dagbag.py:545} INFO - Filling up the DagBag from /home/airflow/.local/lib/python3.12/site-packages/airflow/example_dags/example_trigger_controller_dag.py
[2025-07-05T06:12:00.658+0000] {processor.py:840} INFO - DAG(s) 'example_trigger_controller_dag' retrieved from /home/airflow/.local/lib/python3.12/site-packages/airflow/example_dags/example_trigger_controller_dag.py
[2025-07-05T06:12:00.720+0000] {logging_mixin.py:188} INFO - [2025-07-05T06:12:00.720+0000] {dag.py:3096} INFO - Sync 1 DAGs
[2025-07-05T06:12:00.853+0000] {logging_mixin.py:188} INFO - [2025-07-05T06:12:00.853+0000] {dag.py:3954} INFO - Setting next_dagrun for example_trigger_controller_dag to None, run_after=None
[2025-07-05T06:12:00.908+0000] {processor.py:183} INFO - Processing /home/airflow/.local/lib/python3.12/site-packages/airflow/example_dags/example_trigger_controller_dag.py took 0.267 seconds
