[2025-07-05T06:10:18.550+0000] {processor.py:161} INFO - Started process (PID=300) to work on /home/airflow/.local/lib/python3.12/site-packages/airflow/example_dags/example_display_name.py
[2025-07-05T06:10:18.551+0000] {processor.py:830} INFO - Processing file /home/airflow/.local/lib/python3.12/site-packages/airflow/example_dags/example_display_name.py for tasks to queue
[2025-07-05T06:10:18.553+0000] {logging_mixin.py:188} INFO - [2025-07-05T06:10:18.552+0000] {dagbag.py:545} INFO - Filling up the DagBag from /home/airflow/.local/lib/python3.12/site-packages/airflow/example_dags/example_display_name.py
[2025-07-05T06:10:18.560+0000] {processor.py:840} INFO - DAG(s) 'example_display_name' retrieved from /home/airflow/.local/lib/python3.12/site-packages/airflow/example_dags/example_display_name.py
[2025-07-05T06:10:18.603+0000] {logging_mixin.py:188} INFO - [2025-07-05T06:10:18.603+0000] {dag.py:3096} INFO - Sync 1 DAGs
[2025-07-05T06:10:18.636+0000] {logging_mixin.py:188} INFO - [2025-07-05T06:10:18.636+0000] {dag.py:3954} INFO - Setting next_dagrun for example_display_name to None, run_after=None
[2025-07-05T06:10:18.671+0000] {processor.py:183} INFO - Processing /home/airflow/.local/lib/python3.12/site-packages/airflow/example_dags/example_display_name.py took 0.127 seconds
[2025-07-05T06:10:58.196+0000] {processor.py:161} INFO - Started process (PID=1016) to work on /home/airflow/.local/lib/python3.12/site-packages/airflow/example_dags/example_display_name.py
[2025-07-05T06:10:58.198+0000] {processor.py:830} INFO - Processing file /home/airflow/.local/lib/python3.12/site-packages/airflow/example_dags/example_display_name.py for tasks to queue
[2025-07-05T06:10:58.199+0000] {logging_mixin.py:188} INFO - [2025-07-05T06:10:58.199+0000] {dagbag.py:545} INFO - Filling up the DagBag from /home/airflow/.local/lib/python3.12/site-packages/airflow/example_dags/example_display_name.py
[2025-07-05T06:10:58.209+0000] {processor.py:840} INFO - DAG(s) 'example_display_name' retrieved from /home/airflow/.local/lib/python3.12/site-packages/airflow/example_dags/example_display_name.py
[2025-07-05T06:10:58.472+0000] {logging_mixin.py:188} INFO - [2025-07-05T06:10:58.471+0000] {dag.py:3096} INFO - Sync 1 DAGs
[2025-07-05T06:10:58.522+0000] {logging_mixin.py:188} INFO - [2025-07-05T06:10:58.522+0000] {dag.py:3954} INFO - Setting next_dagrun for example_display_name to None, run_after=None
[2025-07-05T06:10:58.625+0000] {processor.py:183} INFO - Processing /home/airflow/.local/lib/python3.12/site-packages/airflow/example_dags/example_display_name.py took 0.435 seconds
[2025-07-05T06:11:29.225+0000] {processor.py:161} INFO - Started process (PID=1562) to work on /home/airflow/.local/lib/python3.12/site-packages/airflow/example_dags/example_display_name.py
[2025-07-05T06:11:29.226+0000] {processor.py:830} INFO - Processing file /home/airflow/.local/lib/python3.12/site-packages/airflow/example_dags/example_display_name.py for tasks to queue
[2025-07-05T06:11:29.228+0000] {logging_mixin.py:188} INFO - [2025-07-05T06:11:29.228+0000] {dagbag.py:545} INFO - Filling up the DagBag from /home/airflow/.local/lib/python3.12/site-packages/airflow/example_dags/example_display_name.py
[2025-07-05T06:11:29.239+0000] {processor.py:840} INFO - DAG(s) 'example_display_name' retrieved from /home/airflow/.local/lib/python3.12/site-packages/airflow/example_dags/example_display_name.py
[2025-07-05T06:11:29.260+0000] {logging_mixin.py:188} INFO - [2025-07-05T06:11:29.260+0000] {dag.py:3096} INFO - Sync 1 DAGs
[2025-07-05T06:11:29.277+0000] {logging_mixin.py:188} INFO - [2025-07-05T06:11:29.277+0000] {dag.py:3954} INFO - Setting next_dagrun for example_display_name to None, run_after=None
[2025-07-05T06:11:29.316+0000] {processor.py:183} INFO - Processing /home/airflow/.local/lib/python3.12/site-packages/airflow/example_dags/example_display_name.py took 0.097 seconds
[2025-07-05T06:12:00.167+0000] {processor.py:161} INFO - Started process (PID=2141) to work on /home/airflow/.local/lib/python3.12/site-packages/airflow/example_dags/example_display_name.py
[2025-07-05T06:12:00.168+0000] {processor.py:830} INFO - Processing file /home/airflow/.local/lib/python3.12/site-packages/airflow/example_dags/example_display_name.py for tasks to queue
[2025-07-05T06:12:00.170+0000] {logging_mixin.py:188} INFO - [2025-07-05T06:12:00.170+0000] {dagbag.py:545} INFO - Filling up the DagBag from /home/airflow/.local/lib/python3.12/site-packages/airflow/example_dags/example_display_name.py
[2025-07-05T06:12:00.211+0000] {processor.py:840} INFO - DAG(s) 'example_display_name' retrieved from /home/airflow/.local/lib/python3.12/site-packages/airflow/example_dags/example_display_name.py
[2025-07-05T06:12:00.352+0000] {logging_mixin.py:188} INFO - [2025-07-05T06:12:00.351+0000] {dag.py:3096} INFO - Sync 1 DAGs
[2025-07-05T06:12:00.409+0000] {logging_mixin.py:188} INFO - [2025-07-05T06:12:00.409+0000] {dag.py:3954} INFO - Setting next_dagrun for example_display_name to None, run_after=None
[2025-07-05T06:12:00.618+0000] {processor.py:183} INFO - Processing /home/airflow/.local/lib/python3.12/site-packages/airflow/example_dags/example_display_name.py took 0.456 seconds
