[2025-07-05T06:10:19.468+0000] {processor.py:161} INFO - Started process (PID=343) to work on /home/airflow/.local/lib/python3.12/site-packages/airflow/example_dags/example_external_task_marker_dag.py
[2025-07-05T06:10:19.469+0000] {processor.py:830} INFO - Processing file /home/airflow/.local/lib/python3.12/site-packages/airflow/example_dags/example_external_task_marker_dag.py for tasks to queue
[2025-07-05T06:10:19.471+0000] {logging_mixin.py:188} INFO - [2025-07-05T06:10:19.470+0000] {dagbag.py:545} INFO - Filling up the DagBag from /home/airflow/.local/lib/python3.12/site-packages/airflow/example_dags/example_external_task_marker_dag.py
[2025-07-05T06:10:19.559+0000] {processor.py:840} INFO - DAG(s) 'example_external_task_marker_child', 'example_external_task_marker_parent' retrieved from /home/airflow/.local/lib/python3.12/site-packages/airflow/example_dags/example_external_task_marker_dag.py
[2025-07-05T06:10:19.603+0000] {logging_mixin.py:188} INFO - [2025-07-05T06:10:19.602+0000] {dag.py:3096} INFO - Sync 2 DAGs
[2025-07-05T06:10:19.618+0000] {logging_mixin.py:188} INFO - [2025-07-05T06:10:19.618+0000] {dag.py:3954} INFO - Setting next_dagrun for example_external_task_marker_child to None, run_after=None
[2025-07-05T06:10:19.623+0000] {logging_mixin.py:188} INFO - [2025-07-05T06:10:19.622+0000] {dag.py:3954} INFO - Setting next_dagrun for example_external_task_marker_parent to None, run_after=None
[2025-07-05T06:10:19.641+0000] {processor.py:183} INFO - Processing /home/airflow/.local/lib/python3.12/site-packages/airflow/example_dags/example_external_task_marker_dag.py took 0.220 seconds
[2025-07-05T06:10:59.362+0000] {processor.py:161} INFO - Started process (PID=1047) to work on /home/airflow/.local/lib/python3.12/site-packages/airflow/example_dags/example_external_task_marker_dag.py
[2025-07-05T06:10:59.368+0000] {processor.py:830} INFO - Processing file /home/airflow/.local/lib/python3.12/site-packages/airflow/example_dags/example_external_task_marker_dag.py for tasks to queue
[2025-07-05T06:10:59.370+0000] {logging_mixin.py:188} INFO - [2025-07-05T06:10:59.370+0000] {dagbag.py:545} INFO - Filling up the DagBag from /home/airflow/.local/lib/python3.12/site-packages/airflow/example_dags/example_external_task_marker_dag.py
[2025-07-05T06:10:59.387+0000] {processor.py:840} INFO - DAG(s) 'example_external_task_marker_child', 'example_external_task_marker_parent' retrieved from /home/airflow/.local/lib/python3.12/site-packages/airflow/example_dags/example_external_task_marker_dag.py
[2025-07-05T06:10:59.696+0000] {logging_mixin.py:188} INFO - [2025-07-05T06:10:59.696+0000] {dag.py:3096} INFO - Sync 2 DAGs
[2025-07-05T06:10:59.723+0000] {logging_mixin.py:188} INFO - [2025-07-05T06:10:59.715+0000] {dag.py:3954} INFO - Setting next_dagrun for example_external_task_marker_child to None, run_after=None
[2025-07-05T06:10:59.729+0000] {logging_mixin.py:188} INFO - [2025-07-05T06:10:59.728+0000] {dag.py:3954} INFO - Setting next_dagrun for example_external_task_marker_parent to None, run_after=None
[2025-07-05T06:10:59.784+0000] {processor.py:183} INFO - Processing /home/airflow/.local/lib/python3.12/site-packages/airflow/example_dags/example_external_task_marker_dag.py took 0.429 seconds
[2025-07-05T06:11:30.008+0000] {processor.py:161} INFO - Started process (PID=1589) to work on /home/airflow/.local/lib/python3.12/site-packages/airflow/example_dags/example_external_task_marker_dag.py
[2025-07-05T06:11:30.009+0000] {processor.py:830} INFO - Processing file /home/airflow/.local/lib/python3.12/site-packages/airflow/example_dags/example_external_task_marker_dag.py for tasks to queue
[2025-07-05T06:11:30.011+0000] {logging_mixin.py:188} INFO - [2025-07-05T06:11:30.011+0000] {dagbag.py:545} INFO - Filling up the DagBag from /home/airflow/.local/lib/python3.12/site-packages/airflow/example_dags/example_external_task_marker_dag.py
[2025-07-05T06:11:30.023+0000] {processor.py:840} INFO - DAG(s) 'example_external_task_marker_child', 'example_external_task_marker_parent' retrieved from /home/airflow/.local/lib/python3.12/site-packages/airflow/example_dags/example_external_task_marker_dag.py
[2025-07-05T06:11:30.096+0000] {logging_mixin.py:188} INFO - [2025-07-05T06:11:30.096+0000] {dag.py:3096} INFO - Sync 2 DAGs
[2025-07-05T06:11:30.134+0000] {logging_mixin.py:188} INFO - [2025-07-05T06:11:30.134+0000] {dag.py:3954} INFO - Setting next_dagrun for example_external_task_marker_child to None, run_after=None
[2025-07-05T06:11:30.148+0000] {logging_mixin.py:188} INFO - [2025-07-05T06:11:30.148+0000] {dag.py:3954} INFO - Setting next_dagrun for example_external_task_marker_parent to None, run_after=None
[2025-07-05T06:11:30.199+0000] {processor.py:183} INFO - Processing /home/airflow/.local/lib/python3.12/site-packages/airflow/example_dags/example_external_task_marker_dag.py took 0.197 seconds
[2025-07-05T06:12:01.170+0000] {processor.py:161} INFO - Started process (PID=2171) to work on /home/airflow/.local/lib/python3.12/site-packages/airflow/example_dags/example_external_task_marker_dag.py
[2025-07-05T06:12:01.172+0000] {processor.py:830} INFO - Processing file /home/airflow/.local/lib/python3.12/site-packages/airflow/example_dags/example_external_task_marker_dag.py for tasks to queue
[2025-07-05T06:12:01.174+0000] {logging_mixin.py:188} INFO - [2025-07-05T06:12:01.173+0000] {dagbag.py:545} INFO - Filling up the DagBag from /home/airflow/.local/lib/python3.12/site-packages/airflow/example_dags/example_external_task_marker_dag.py
[2025-07-05T06:12:01.225+0000] {processor.py:840} INFO - DAG(s) 'example_external_task_marker_child', 'example_external_task_marker_parent' retrieved from /home/airflow/.local/lib/python3.12/site-packages/airflow/example_dags/example_external_task_marker_dag.py
[2025-07-05T06:12:01.304+0000] {logging_mixin.py:188} INFO - [2025-07-05T06:12:01.304+0000] {dag.py:3096} INFO - Sync 2 DAGs
[2025-07-05T06:12:01.357+0000] {logging_mixin.py:188} INFO - [2025-07-05T06:12:01.357+0000] {dag.py:3954} INFO - Setting next_dagrun for example_external_task_marker_child to None, run_after=None
[2025-07-05T06:12:01.370+0000] {logging_mixin.py:188} INFO - [2025-07-05T06:12:01.370+0000] {dag.py:3954} INFO - Setting next_dagrun for example_external_task_marker_parent to None, run_after=None
[2025-07-05T06:12:01.428+0000] {processor.py:183} INFO - Processing /home/airflow/.local/lib/python3.12/site-packages/airflow/example_dags/example_external_task_marker_dag.py took 0.291 seconds
