[2025-07-05T06:10:22.465+0000] {processor.py:161} INFO - Started process (PID=421) to work on /home/airflow/.local/lib/python3.12/site-packages/airflow/example_dags/example_kubernetes_executor.py
[2025-07-05T06:10:22.466+0000] {processor.py:830} INFO - Processing file /home/airflow/.local/lib/python3.12/site-packages/airflow/example_dags/example_kubernetes_executor.py for tasks to queue
[2025-07-05T06:10:22.471+0000] {logging_mixin.py:188} INFO - [2025-07-05T06:10:22.467+0000] {dagbag.py:545} INFO - Filling up the DagBag from /home/airflow/.local/lib/python3.12/site-packages/airflow/example_dags/example_kubernetes_executor.py
[2025-07-05T06:10:22.523+0000] {processor.py:840} INFO - DAG(s) 'example_kubernetes_executor' retrieved from /home/airflow/.local/lib/python3.12/site-packages/airflow/example_dags/example_kubernetes_executor.py
[2025-07-05T06:10:22.585+0000] {logging_mixin.py:188} INFO - [2025-07-05T06:10:22.584+0000] {dag.py:3096} INFO - Sync 1 DAGs
[2025-07-05T06:10:22.600+0000] {logging_mixin.py:188} INFO - [2025-07-05T06:10:22.600+0000] {dag.py:3954} INFO - Setting next_dagrun for example_kubernetes_executor to None, run_after=None
[2025-07-05T06:10:22.735+0000] {processor.py:183} INFO - Processing /home/airflow/.local/lib/python3.12/site-packages/airflow/example_dags/example_kubernetes_executor.py took 0.283 seconds
[2025-07-05T06:11:01.190+0000] {processor.py:161} INFO - Started process (PID=1116) to work on /home/airflow/.local/lib/python3.12/site-packages/airflow/example_dags/example_kubernetes_executor.py
[2025-07-05T06:11:01.195+0000] {processor.py:830} INFO - Processing file /home/airflow/.local/lib/python3.12/site-packages/airflow/example_dags/example_kubernetes_executor.py for tasks to queue
[2025-07-05T06:11:01.197+0000] {logging_mixin.py:188} INFO - [2025-07-05T06:11:01.197+0000] {dagbag.py:545} INFO - Filling up the DagBag from /home/airflow/.local/lib/python3.12/site-packages/airflow/example_dags/example_kubernetes_executor.py
[2025-07-05T06:11:01.247+0000] {processor.py:840} INFO - DAG(s) 'example_kubernetes_executor' retrieved from /home/airflow/.local/lib/python3.12/site-packages/airflow/example_dags/example_kubernetes_executor.py
[2025-07-05T06:11:01.657+0000] {logging_mixin.py:188} INFO - [2025-07-05T06:11:01.657+0000] {dag.py:3096} INFO - Sync 1 DAGs
[2025-07-05T06:11:01.710+0000] {logging_mixin.py:188} INFO - [2025-07-05T06:11:01.709+0000] {dag.py:3954} INFO - Setting next_dagrun for example_kubernetes_executor to None, run_after=None
[2025-07-05T06:11:01.788+0000] {processor.py:183} INFO - Processing /home/airflow/.local/lib/python3.12/site-packages/airflow/example_dags/example_kubernetes_executor.py took 0.617 seconds
[2025-07-05T06:11:32.670+0000] {processor.py:161} INFO - Started process (PID=1669) to work on /home/airflow/.local/lib/python3.12/site-packages/airflow/example_dags/example_kubernetes_executor.py
[2025-07-05T06:11:32.671+0000] {processor.py:830} INFO - Processing file /home/airflow/.local/lib/python3.12/site-packages/airflow/example_dags/example_kubernetes_executor.py for tasks to queue
[2025-07-05T06:11:32.673+0000] {logging_mixin.py:188} INFO - [2025-07-05T06:11:32.672+0000] {dagbag.py:545} INFO - Filling up the DagBag from /home/airflow/.local/lib/python3.12/site-packages/airflow/example_dags/example_kubernetes_executor.py
[2025-07-05T06:11:32.711+0000] {processor.py:840} INFO - DAG(s) 'example_kubernetes_executor' retrieved from /home/airflow/.local/lib/python3.12/site-packages/airflow/example_dags/example_kubernetes_executor.py
[2025-07-05T06:11:32.828+0000] {logging_mixin.py:188} INFO - [2025-07-05T06:11:32.828+0000] {dag.py:3096} INFO - Sync 1 DAGs
[2025-07-05T06:11:32.879+0000] {logging_mixin.py:188} INFO - [2025-07-05T06:11:32.879+0000] {dag.py:3954} INFO - Setting next_dagrun for example_kubernetes_executor to None, run_after=None
[2025-07-05T06:11:32.995+0000] {processor.py:183} INFO - Processing /home/airflow/.local/lib/python3.12/site-packages/airflow/example_dags/example_kubernetes_executor.py took 0.334 seconds
[2025-07-05T06:12:03.494+0000] {processor.py:161} INFO - Started process (PID=2249) to work on /home/airflow/.local/lib/python3.12/site-packages/airflow/example_dags/example_kubernetes_executor.py
[2025-07-05T06:12:03.499+0000] {processor.py:830} INFO - Processing file /home/airflow/.local/lib/python3.12/site-packages/airflow/example_dags/example_kubernetes_executor.py for tasks to queue
[2025-07-05T06:12:03.505+0000] {logging_mixin.py:188} INFO - [2025-07-05T06:12:03.501+0000] {dagbag.py:545} INFO - Filling up the DagBag from /home/airflow/.local/lib/python3.12/site-packages/airflow/example_dags/example_kubernetes_executor.py
[2025-07-05T06:12:03.573+0000] {processor.py:840} INFO - DAG(s) 'example_kubernetes_executor' retrieved from /home/airflow/.local/lib/python3.12/site-packages/airflow/example_dags/example_kubernetes_executor.py
[2025-07-05T06:12:03.705+0000] {logging_mixin.py:188} INFO - [2025-07-05T06:12:03.704+0000] {dag.py:3096} INFO - Sync 1 DAGs
[2025-07-05T06:12:03.774+0000] {logging_mixin.py:188} INFO - [2025-07-05T06:12:03.768+0000] {dag.py:3954} INFO - Setting next_dagrun for example_kubernetes_executor to None, run_after=None
[2025-07-05T06:12:03.832+0000] {processor.py:183} INFO - Processing /home/airflow/.local/lib/python3.12/site-packages/airflow/example_dags/example_kubernetes_executor.py took 0.345 seconds
