[2025-07-05T06:10:21.003+0000] {processor.py:161} INFO - Started process (PID=381) to work on /home/airflow/.local/lib/python3.12/site-packages/airflow/example_dags/example_dynamic_task_mapping.py
[2025-07-05T06:10:21.004+0000] {processor.py:830} INFO - Processing file /home/airflow/.local/lib/python3.12/site-packages/airflow/example_dags/example_dynamic_task_mapping.py for tasks to queue
[2025-07-05T06:10:21.005+0000] {logging_mixin.py:188} INFO - [2025-07-05T06:10:21.005+0000] {dagbag.py:545} INFO - Filling up the DagBag from /home/airflow/.local/lib/python3.12/site-packages/airflow/example_dags/example_dynamic_task_mapping.py
[2025-07-05T06:10:21.040+0000] {processor.py:840} INFO - DAG(s) 'example_dynamic_task_mapping' retrieved from /home/airflow/.local/lib/python3.12/site-packages/airflow/example_dags/example_dynamic_task_mapping.py
[2025-07-05T06:10:21.104+0000] {logging_mixin.py:188} INFO - [2025-07-05T06:10:21.104+0000] {dag.py:3096} INFO - Sync 1 DAGs
[2025-07-05T06:10:21.213+0000] {logging_mixin.py:188} INFO - [2025-07-05T06:10:21.212+0000] {dag.py:3954} INFO - Setting next_dagrun for example_dynamic_task_mapping to 2022-03-08 00:00:00+00:00, run_after=2022-03-09 00:00:00+00:00
[2025-07-05T06:10:21.302+0000] {processor.py:183} INFO - Processing /home/airflow/.local/lib/python3.12/site-packages/airflow/example_dags/example_dynamic_task_mapping.py took 0.304 seconds
[2025-07-05T06:11:00.436+0000] {processor.py:161} INFO - Started process (PID=1084) to work on /home/airflow/.local/lib/python3.12/site-packages/airflow/example_dags/example_dynamic_task_mapping.py
[2025-07-05T06:11:00.443+0000] {processor.py:830} INFO - Processing file /home/airflow/.local/lib/python3.12/site-packages/airflow/example_dags/example_dynamic_task_mapping.py for tasks to queue
[2025-07-05T06:11:00.445+0000] {logging_mixin.py:188} INFO - [2025-07-05T06:11:00.444+0000] {dagbag.py:545} INFO - Filling up the DagBag from /home/airflow/.local/lib/python3.12/site-packages/airflow/example_dags/example_dynamic_task_mapping.py
[2025-07-05T06:11:00.452+0000] {processor.py:840} INFO - DAG(s) 'example_dynamic_task_mapping' retrieved from /home/airflow/.local/lib/python3.12/site-packages/airflow/example_dags/example_dynamic_task_mapping.py
[2025-07-05T06:11:00.587+0000] {logging_mixin.py:188} INFO - [2025-07-05T06:11:00.587+0000] {dag.py:3096} INFO - Sync 1 DAGs
[2025-07-05T06:11:00.615+0000] {logging_mixin.py:188} INFO - [2025-07-05T06:11:00.615+0000] {dag.py:3954} INFO - Setting next_dagrun for example_dynamic_task_mapping to 2022-03-20 00:00:00+00:00, run_after=2022-03-21 00:00:00+00:00
[2025-07-05T06:11:00.639+0000] {processor.py:183} INFO - Processing /home/airflow/.local/lib/python3.12/site-packages/airflow/example_dags/example_dynamic_task_mapping.py took 0.210 seconds
[2025-07-05T06:11:31.387+0000] {processor.py:161} INFO - Started process (PID=1634) to work on /home/airflow/.local/lib/python3.12/site-packages/airflow/example_dags/example_dynamic_task_mapping.py
[2025-07-05T06:11:31.391+0000] {processor.py:830} INFO - Processing file /home/airflow/.local/lib/python3.12/site-packages/airflow/example_dags/example_dynamic_task_mapping.py for tasks to queue
[2025-07-05T06:11:31.393+0000] {logging_mixin.py:188} INFO - [2025-07-05T06:11:31.393+0000] {dagbag.py:545} INFO - Filling up the DagBag from /home/airflow/.local/lib/python3.12/site-packages/airflow/example_dags/example_dynamic_task_mapping.py
[2025-07-05T06:11:31.400+0000] {processor.py:840} INFO - DAG(s) 'example_dynamic_task_mapping' retrieved from /home/airflow/.local/lib/python3.12/site-packages/airflow/example_dags/example_dynamic_task_mapping.py
[2025-07-05T06:11:31.448+0000] {logging_mixin.py:188} INFO - [2025-07-05T06:11:31.448+0000] {dag.py:3096} INFO - Sync 1 DAGs
[2025-07-05T06:11:31.513+0000] {logging_mixin.py:188} INFO - [2025-07-05T06:11:31.512+0000] {dag.py:3954} INFO - Setting next_dagrun for example_dynamic_task_mapping to 2022-04-11 00:00:00+00:00, run_after=2022-04-12 00:00:00+00:00
[2025-07-05T06:11:31.583+0000] {processor.py:183} INFO - Processing /home/airflow/.local/lib/python3.12/site-packages/airflow/example_dags/example_dynamic_task_mapping.py took 0.203 seconds
[2025-07-05T06:12:02.619+0000] {processor.py:161} INFO - Started process (PID=2222) to work on /home/airflow/.local/lib/python3.12/site-packages/airflow/example_dags/example_dynamic_task_mapping.py
[2025-07-05T06:12:02.620+0000] {processor.py:830} INFO - Processing file /home/airflow/.local/lib/python3.12/site-packages/airflow/example_dags/example_dynamic_task_mapping.py for tasks to queue
[2025-07-05T06:12:02.621+0000] {logging_mixin.py:188} INFO - [2025-07-05T06:12:02.621+0000] {dagbag.py:545} INFO - Filling up the DagBag from /home/airflow/.local/lib/python3.12/site-packages/airflow/example_dags/example_dynamic_task_mapping.py
[2025-07-05T06:12:02.628+0000] {processor.py:840} INFO - DAG(s) 'example_dynamic_task_mapping' retrieved from /home/airflow/.local/lib/python3.12/site-packages/airflow/example_dags/example_dynamic_task_mapping.py
[2025-07-05T06:12:02.724+0000] {logging_mixin.py:188} INFO - [2025-07-05T06:12:02.724+0000] {dag.py:3096} INFO - Sync 1 DAGs
[2025-07-05T06:12:02.851+0000] {logging_mixin.py:188} INFO - [2025-07-05T06:12:02.851+0000] {dag.py:3954} INFO - Setting next_dagrun for example_dynamic_task_mapping to 2022-05-06 00:00:00+00:00, run_after=2022-05-07 00:00:00+00:00
[2025-07-05T06:12:02.936+0000] {processor.py:183} INFO - Processing /home/airflow/.local/lib/python3.12/site-packages/airflow/example_dags/example_dynamic_task_mapping.py took 0.324 seconds
