[2025-07-05T06:10:25.834+0000] {processor.py:161} INFO - Started process (PID=540) to work on /home/airflow/.local/lib/python3.12/site-packages/airflow/example_dags/example_latest_only_with_trigger.py
[2025-07-05T06:10:25.834+0000] {processor.py:830} INFO - Processing file /home/airflow/.local/lib/python3.12/site-packages/airflow/example_dags/example_latest_only_with_trigger.py for tasks to queue
[2025-07-05T06:10:25.836+0000] {logging_mixin.py:188} INFO - [2025-07-05T06:10:25.836+0000] {dagbag.py:545} INFO - Filling up the DagBag from /home/airflow/.local/lib/python3.12/site-packages/airflow/example_dags/example_latest_only_with_trigger.py
[2025-07-05T06:10:25.842+0000] {processor.py:840} INFO - DAG(s) 'latest_only_with_trigger' retrieved from /home/airflow/.local/lib/python3.12/site-packages/airflow/example_dags/example_latest_only_with_trigger.py
[2025-07-05T06:10:25.944+0000] {logging_mixin.py:188} INFO - [2025-07-05T06:10:25.944+0000] {dag.py:3096} INFO - Sync 1 DAGs
[2025-07-05T06:10:26.001+0000] {logging_mixin.py:188} INFO - [2025-07-05T06:10:26.001+0000] {dag.py:3954} INFO - Setting next_dagrun for latest_only_with_trigger to 2025-07-05 04:00:00+00:00, run_after=2025-07-05 08:00:00+00:00
[2025-07-05T06:10:26.130+0000] {processor.py:183} INFO - Processing /home/airflow/.local/lib/python3.12/site-packages/airflow/example_dags/example_latest_only_with_trigger.py took 0.306 seconds
[2025-07-05T06:11:07.340+0000] {processor.py:161} INFO - Started process (PID=1249) to work on /home/airflow/.local/lib/python3.12/site-packages/airflow/example_dags/example_latest_only_with_trigger.py
[2025-07-05T06:11:07.341+0000] {processor.py:830} INFO - Processing file /home/airflow/.local/lib/python3.12/site-packages/airflow/example_dags/example_latest_only_with_trigger.py for tasks to queue
[2025-07-05T06:11:07.342+0000] {logging_mixin.py:188} INFO - [2025-07-05T06:11:07.342+0000] {dagbag.py:545} INFO - Filling up the DagBag from /home/airflow/.local/lib/python3.12/site-packages/airflow/example_dags/example_latest_only_with_trigger.py
[2025-07-05T06:11:07.354+0000] {processor.py:840} INFO - DAG(s) 'latest_only_with_trigger' retrieved from /home/airflow/.local/lib/python3.12/site-packages/airflow/example_dags/example_latest_only_with_trigger.py
[2025-07-05T06:11:07.984+0000] {logging_mixin.py:188} INFO - [2025-07-05T06:11:07.984+0000] {dag.py:3096} INFO - Sync 1 DAGs
[2025-07-05T06:11:08.115+0000] {logging_mixin.py:188} INFO - [2025-07-05T06:11:08.114+0000] {dag.py:3954} INFO - Setting next_dagrun for latest_only_with_trigger to 2025-07-05 04:00:00+00:00, run_after=2025-07-05 08:00:00+00:00
[2025-07-05T06:11:08.224+0000] {processor.py:183} INFO - Processing /home/airflow/.local/lib/python3.12/site-packages/airflow/example_dags/example_latest_only_with_trigger.py took 0.890 seconds
[2025-07-05T06:11:38.419+0000] {processor.py:161} INFO - Started process (PID=1815) to work on /home/airflow/.local/lib/python3.12/site-packages/airflow/example_dags/example_latest_only_with_trigger.py
[2025-07-05T06:11:38.424+0000] {processor.py:830} INFO - Processing file /home/airflow/.local/lib/python3.12/site-packages/airflow/example_dags/example_latest_only_with_trigger.py for tasks to queue
[2025-07-05T06:11:38.425+0000] {logging_mixin.py:188} INFO - [2025-07-05T06:11:38.425+0000] {dagbag.py:545} INFO - Filling up the DagBag from /home/airflow/.local/lib/python3.12/site-packages/airflow/example_dags/example_latest_only_with_trigger.py
[2025-07-05T06:11:38.431+0000] {processor.py:840} INFO - DAG(s) 'latest_only_with_trigger' retrieved from /home/airflow/.local/lib/python3.12/site-packages/airflow/example_dags/example_latest_only_with_trigger.py
[2025-07-05T06:11:38.529+0000] {logging_mixin.py:188} INFO - [2025-07-05T06:11:38.528+0000] {dag.py:3096} INFO - Sync 1 DAGs
[2025-07-05T06:11:38.588+0000] {logging_mixin.py:188} INFO - [2025-07-05T06:11:38.588+0000] {dag.py:3954} INFO - Setting next_dagrun for latest_only_with_trigger to 2025-07-05 04:00:00+00:00, run_after=2025-07-05 08:00:00+00:00
[2025-07-05T06:11:38.670+0000] {processor.py:183} INFO - Processing /home/airflow/.local/lib/python3.12/site-packages/airflow/example_dags/example_latest_only_with_trigger.py took 0.257 seconds
