[2025-07-05T06:10:23.606+0000] {processor.py:161} INFO - Started process (PID=448) to work on /home/airflow/.local/lib/python3.12/site-packages/airflow/example_dags/tutorial.py
[2025-07-05T06:10:23.607+0000] {processor.py:830} INFO - Processing file /home/airflow/.local/lib/python3.12/site-packages/airflow/example_dags/tutorial.py for tasks to queue
[2025-07-05T06:10:23.608+0000] {logging_mixin.py:188} INFO - [2025-07-05T06:10:23.608+0000] {dagbag.py:545} INFO - Filling up the DagBag from /home/airflow/.local/lib/python3.12/site-packages/airflow/example_dags/tutorial.py
[2025-07-05T06:10:23.650+0000] {processor.py:840} INFO - DAG(s) 'tutorial' retrieved from /home/airflow/.local/lib/python3.12/site-packages/airflow/example_dags/tutorial.py
[2025-07-05T06:10:23.717+0000] {logging_mixin.py:188} INFO - [2025-07-05T06:10:23.717+0000] {dag.py:3096} INFO - Sync 1 DAGs
[2025-07-05T06:10:23.752+0000] {logging_mixin.py:188} INFO - [2025-07-05T06:10:23.752+0000] {dag.py:3954} INFO - Setting next_dagrun for tutorial to 2025-07-05 00:00:00+00:00, run_after=2025-07-06 00:00:00+00:00
[2025-07-05T06:10:23.811+0000] {processor.py:183} INFO - Processing /home/airflow/.local/lib/python3.12/site-packages/airflow/example_dags/tutorial.py took 0.211 seconds
[2025-07-05T06:11:01.936+0000] {processor.py:161} INFO - Started process (PID=1141) to work on /home/airflow/.local/lib/python3.12/site-packages/airflow/example_dags/tutorial.py
[2025-07-05T06:11:01.937+0000] {processor.py:830} INFO - Processing file /home/airflow/.local/lib/python3.12/site-packages/airflow/example_dags/tutorial.py for tasks to queue
[2025-07-05T06:11:01.938+0000] {logging_mixin.py:188} INFO - [2025-07-05T06:11:01.938+0000] {dagbag.py:545} INFO - Filling up the DagBag from /home/airflow/.local/lib/python3.12/site-packages/airflow/example_dags/tutorial.py
[2025-07-05T06:11:01.944+0000] {processor.py:840} INFO - DAG(s) 'tutorial' retrieved from /home/airflow/.local/lib/python3.12/site-packages/airflow/example_dags/tutorial.py
[2025-07-05T06:11:02.246+0000] {logging_mixin.py:188} INFO - [2025-07-05T06:11:02.245+0000] {dag.py:3096} INFO - Sync 1 DAGs
[2025-07-05T06:11:02.307+0000] {logging_mixin.py:188} INFO - [2025-07-05T06:11:02.306+0000] {dag.py:3954} INFO - Setting next_dagrun for tutorial to 2025-07-05 00:00:00+00:00, run_after=2025-07-06 00:00:00+00:00
[2025-07-05T06:11:02.372+0000] {processor.py:183} INFO - Processing /home/airflow/.local/lib/python3.12/site-packages/airflow/example_dags/tutorial.py took 0.443 seconds
[2025-07-05T06:11:33.633+0000] {processor.py:161} INFO - Started process (PID=1692) to work on /home/airflow/.local/lib/python3.12/site-packages/airflow/example_dags/tutorial.py
[2025-07-05T06:11:33.633+0000] {processor.py:830} INFO - Processing file /home/airflow/.local/lib/python3.12/site-packages/airflow/example_dags/tutorial.py for tasks to queue
[2025-07-05T06:11:33.635+0000] {logging_mixin.py:188} INFO - [2025-07-05T06:11:33.635+0000] {dagbag.py:545} INFO - Filling up the DagBag from /home/airflow/.local/lib/python3.12/site-packages/airflow/example_dags/tutorial.py
[2025-07-05T06:11:33.661+0000] {processor.py:840} INFO - DAG(s) 'tutorial' retrieved from /home/airflow/.local/lib/python3.12/site-packages/airflow/example_dags/tutorial.py
[2025-07-05T06:11:33.752+0000] {logging_mixin.py:188} INFO - [2025-07-05T06:11:33.752+0000] {dag.py:3096} INFO - Sync 1 DAGs
[2025-07-05T06:11:33.823+0000] {logging_mixin.py:188} INFO - [2025-07-05T06:11:33.823+0000] {dag.py:3954} INFO - Setting next_dagrun for tutorial to 2025-07-05 00:00:00+00:00, run_after=2025-07-06 00:00:00+00:00
[2025-07-05T06:11:33.907+0000] {processor.py:183} INFO - Processing /home/airflow/.local/lib/python3.12/site-packages/airflow/example_dags/tutorial.py took 0.280 seconds
