[2025-07-05T06:10:22.661+0000] {local_task_job_runner.py:120} INFO - ::group::Pre task execution logs
[2025-07-05T06:10:22.848+0000] {taskinstance.py:2076} INFO - Dependencies all met for dep_context=non-requeueable deps ti=<TaskInstance: example_bash_operator.this_will_skip scheduled__2025-07-04T00:00:00+00:00 [queued]>
[2025-07-05T06:10:22.924+0000] {taskinstance.py:2076} INFO - Dependencies all met for dep_context=requeueable deps ti=<TaskInstance: example_bash_operator.this_will_skip scheduled__2025-07-04T00:00:00+00:00 [queued]>
[2025-07-05T06:10:22.924+0000] {taskinstance.py:2306} INFO - Starting attempt 1 of 1
[2025-07-05T06:10:23.012+0000] {taskinstance.py:2330} INFO - Executing <Task(BashOperator): this_will_skip> on 2025-07-04 00:00:00+00:00
[2025-07-05T06:10:23.052+0000] {standard_task_runner.py:90} INFO - Running: ['***', 'tasks', 'run', 'example_bash_operator', 'this_will_skip', 'scheduled__2025-07-04T00:00:00+00:00', '--job-id', '15', '--raw', '--subdir', '/home/***/.local/lib/python3.12/site-packages/***/example_dags/example_bash_operator.py', '--cfg-path', '/tmp/tmpai0w9rfo']
[2025-07-05T06:10:23.054+0000] {standard_task_runner.py:91} INFO - Job 15: Subtask this_will_skip
[2025-07-05T06:10:23.080+0000] {logging_mixin.py:188} WARNING - /home/***/.local/lib/python3.12/site-packages/***/task/task_runner/standard_task_runner.py:61 DeprecationWarning: This process (pid=236) is multi-threaded, use of fork() may lead to deadlocks in the child.
[2025-07-05T06:10:23.081+0000] {standard_task_runner.py:63} INFO - Started process 439 to run task
[2025-07-05T06:10:23.213+0000] {task_command.py:426} INFO - Running <TaskInstance: example_bash_operator.this_will_skip scheduled__2025-07-04T00:00:00+00:00 [running]> on host b39724c39614
[2025-07-05T06:10:23.466+0000] {taskinstance.py:2648} INFO - Exporting env vars: AIRFLOW_CTX_DAG_OWNER='***' AIRFLOW_CTX_DAG_ID='example_bash_operator' AIRFLOW_CTX_TASK_ID='this_will_skip' AIRFLOW_CTX_EXECUTION_DATE='2025-07-04T00:00:00+00:00' AIRFLOW_CTX_TRY_NUMBER='1' AIRFLOW_CTX_DAG_RUN_ID='scheduled__2025-07-04T00:00:00+00:00'
[2025-07-05T06:10:23.469+0000] {taskinstance.py:430} INFO - ::endgroup::
[2025-07-05T06:10:23.470+0000] {subprocess.py:63} INFO - Tmp dir root location: /tmp
[2025-07-05T06:10:23.471+0000] {subprocess.py:75} INFO - Running command: ['/usr/bin/bash', '-c', 'echo "hello world"; exit 99;']
[2025-07-05T06:10:23.557+0000] {subprocess.py:86} INFO - Output:
[2025-07-05T06:10:23.558+0000] {subprocess.py:93} INFO - hello world
[2025-07-05T06:10:23.559+0000] {subprocess.py:97} INFO - Command exited with return code 99
[2025-07-05T06:10:23.559+0000] {taskinstance.py:441} INFO - ::group::Post task execution logs
[2025-07-05T06:10:23.559+0000] {taskinstance.py:2506} INFO - Bash command returned exit code 99. Skipping.
[2025-07-05T06:10:23.597+0000] {taskinstance.py:1206} INFO - Marking task as SKIPPED. dag_id=example_bash_operator, task_id=this_will_skip, run_id=scheduled__2025-07-04T00:00:00+00:00, execution_date=20250704T000000, start_date=20250705T061022, end_date=20250705T061023
[2025-07-05T06:10:23.678+0000] {local_task_job_runner.py:240} INFO - Task exited with return code 0
[2025-07-05T06:10:23.746+0000] {taskinstance.py:3498} INFO - 0 downstream tasks scheduled from follow-on schedule check
[2025-07-05T06:10:23.813+0000] {local_task_job_runner.py:222} INFO - ::endgroup::
