[2025-07-05T06:10:28.837+0000] {local_task_job_runner.py:120} INFO - ::group::Pre task execution logs
[2025-07-05T06:10:29.045+0000] {taskinstance.py:2076} INFO - Dependencies all met for dep_context=non-requeueable deps ti=<TaskInstance: example_branch_operator.branching scheduled__2025-07-04T00:00:00+00:00 [queued]>
[2025-07-05T06:10:29.104+0000] {taskinstance.py:2076} INFO - Dependencies all met for dep_context=requeueable deps ti=<TaskInstance: example_branch_operator.branching scheduled__2025-07-04T00:00:00+00:00 [queued]>
[2025-07-05T06:10:29.111+0000] {taskinstance.py:2306} INFO - Starting attempt 1 of 1
[2025-07-05T06:10:29.238+0000] {taskinstance.py:2330} INFO - Executing <Task(BranchPythonOperator): branching> on 2025-07-04 00:00:00+00:00
[2025-07-05T06:10:29.279+0000] {logging_mixin.py:188} WARNING - /home/***/.local/lib/python3.12/site-packages/***/task/task_runner/standard_task_runner.py:61 DeprecationWarning: This process (pid=483) is multi-threaded, use of fork() may lead to deadlocks in the child.
[2025-07-05T06:10:29.287+0000] {standard_task_runner.py:63} INFO - Started process 607 to run task
[2025-07-05T06:10:29.302+0000] {standard_task_runner.py:90} INFO - Running: ['***', 'tasks', 'run', 'example_branch_operator', 'branching', 'scheduled__2025-07-04T00:00:00+00:00', '--job-id', '34', '--raw', '--subdir', '/home/***/.local/lib/python3.12/site-packages/***/example_dags/example_branch_operator.py', '--cfg-path', '/tmp/tmpsc55h67f']
[2025-07-05T06:10:29.325+0000] {standard_task_runner.py:91} INFO - Job 34: Subtask branching
[2025-07-05T06:10:29.480+0000] {task_command.py:426} INFO - Running <TaskInstance: example_branch_operator.branching scheduled__2025-07-04T00:00:00+00:00 [running]> on host b39724c39614
[2025-07-05T06:10:29.711+0000] {taskinstance.py:2648} INFO - Exporting env vars: AIRFLOW_CTX_DAG_OWNER='***' AIRFLOW_CTX_DAG_ID='example_branch_operator' AIRFLOW_CTX_TASK_ID='branching' AIRFLOW_CTX_EXECUTION_DATE='2025-07-04T00:00:00+00:00' AIRFLOW_CTX_TRY_NUMBER='1' AIRFLOW_CTX_DAG_RUN_ID='scheduled__2025-07-04T00:00:00+00:00'
[2025-07-05T06:10:29.713+0000] {taskinstance.py:430} INFO - ::endgroup::
[2025-07-05T06:10:29.713+0000] {baseoperator.py:399} WARNING - BranchPythonOperator.execute cannot be called outside TaskInstance!
[2025-07-05T06:10:29.713+0000] {python.py:237} INFO - Done. Returned value was: branch_d
[2025-07-05T06:10:29.714+0000] {branch.py:36} INFO - Branch into branch_d
[2025-07-05T06:10:29.714+0000] {skipmixin.py:178} INFO - Following branch branch_d
[2025-07-05T06:10:29.852+0000] {skipmixin.py:246} INFO - Skipping tasks [('branch_a', -1), ('branch_c', -1), ('branch_b', -1)]
[2025-07-05T06:10:29.927+0000] {taskinstance.py:441} INFO - ::group::Post task execution logs
[2025-07-05T06:10:30.042+0000] {taskinstance.py:1206} INFO - Marking task as SUCCESS. dag_id=example_branch_operator, task_id=branching, run_id=scheduled__2025-07-04T00:00:00+00:00, execution_date=20250704T000000, start_date=20250705T061029, end_date=20250705T061030
[2025-07-05T06:10:30.128+0000] {local_task_job_runner.py:240} INFO - Task exited with return code 0
[2025-07-05T06:10:30.159+0000] {local_task_job_runner.py:222} INFO - ::endgroup::
