[2025-07-05T06:11:05.252+0000] {local_task_job_runner.py:120} INFO - ::group::Pre task execution logs
[2025-07-05T06:11:05.388+0000] {taskinstance.py:2076} INFO - Dependencies all met for dep_context=non-requeueable deps ti=<TaskInstance: example_branch_dop_operator_v3.should_run scheduled__2025-07-05T06:10:00+00:00 [queued]>
[2025-07-05T06:11:05.438+0000] {taskinstance.py:2076} INFO - Dependencies all met for dep_context=requeueable deps ti=<TaskInstance: example_branch_dop_operator_v3.should_run scheduled__2025-07-05T06:10:00+00:00 [queued]>
[2025-07-05T06:11:05.438+0000] {taskinstance.py:2306} INFO - Starting attempt 1 of 1
[2025-07-05T06:11:05.488+0000] {taskinstance.py:2330} INFO - Executing <Task(_BranchPythonDecoratedOperator): should_run> on 2025-07-05 06:10:00+00:00
[2025-07-05T06:11:05.517+0000] {logging_mixin.py:188} WARNING - /home/***/.local/lib/python3.12/site-packages/***/task/task_runner/standard_task_runner.py:61 DeprecationWarning: This process (pid=1120) is multi-threaded, use of fork() may lead to deadlocks in the child.
[2025-07-05T06:11:05.524+0000] {standard_task_runner.py:63} INFO - Started process 1214 to run task
[2025-07-05T06:11:05.523+0000] {standard_task_runner.py:90} INFO - Running: ['***', 'tasks', 'run', 'example_branch_dop_operator_v3', 'should_run', 'scheduled__2025-07-05T06:10:00+00:00', '--job-id', '156', '--raw', '--subdir', '/home/***/.local/lib/python3.12/site-packages/***/example_dags/example_branch_python_dop_operator_3.py', '--cfg-path', '/tmp/tmp13yfxm2w']
[2025-07-05T06:11:05.525+0000] {standard_task_runner.py:91} INFO - Job 156: Subtask should_run
[2025-07-05T06:11:05.690+0000] {task_command.py:426} INFO - Running <TaskInstance: example_branch_dop_operator_v3.should_run scheduled__2025-07-05T06:10:00+00:00 [running]> on host b39724c39614
[2025-07-05T06:11:05.948+0000] {taskinstance.py:2648} INFO - Exporting env vars: AIRFLOW_CTX_DAG_OWNER='***' AIRFLOW_CTX_DAG_ID='example_branch_dop_operator_v3' AIRFLOW_CTX_TASK_ID='should_run' AIRFLOW_CTX_EXECUTION_DATE='2025-07-05T06:10:00+00:00' AIRFLOW_CTX_TRY_NUMBER='1' AIRFLOW_CTX_DAG_RUN_ID='scheduled__2025-07-05T06:10:00+00:00'
[2025-07-05T06:11:05.949+0000] {taskinstance.py:430} INFO - ::endgroup::
[2025-07-05T06:11:05.954+0000] {logging_mixin.py:188} WARNING - /home/***/.local/lib/python3.12/site-packages/***/utils/context.py:320 AirflowContextDeprecationWarning: Accessing 'execution_date' from the template is deprecated and will be removed in a future version. Please use 'data_interval_start' or 'logical_date' instead.
[2025-07-05T06:11:05.955+0000] {logging_mixin.py:188} INFO - ------------- exec dttm = 2025-07-05 06:10:00+00:00 and minute = 10
[2025-07-05T06:11:05.955+0000] {python.py:237} INFO - Done. Returned value was: empty_task_1
[2025-07-05T06:11:05.955+0000] {branch.py:36} INFO - Branch into empty_task_1
[2025-07-05T06:11:05.955+0000] {skipmixin.py:178} INFO - Following branch empty_task_1
[2025-07-05T06:11:06.008+0000] {skipmixin.py:246} INFO - Skipping tasks [('empty_task_2', -1)]
[2025-07-05T06:11:06.071+0000] {taskinstance.py:441} INFO - ::group::Post task execution logs
[2025-07-05T06:11:06.146+0000] {taskinstance.py:1206} INFO - Marking task as SUCCESS. dag_id=example_branch_dop_operator_v3, task_id=should_run, run_id=scheduled__2025-07-05T06:10:00+00:00, execution_date=20250705T061000, start_date=20250705T061105, end_date=20250705T061106
[2025-07-05T06:11:06.188+0000] {local_task_job_runner.py:240} INFO - Task exited with return code 0
[2025-07-05T06:11:06.218+0000] {local_task_job_runner.py:222} INFO - ::endgroup::
