[2025-07-07T16:43:59.950+0000] {local_task_job_runner.py:120} INFO - ::group::Pre task execution logs
[2025-07-07T16:43:59.972+0000] {taskinstance.py:2076} INFO - Dependencies all met for dep_context=non-requeueable deps ti=<TaskInstance: dbt_run_lakehouse_project.dbt_run_all manual__2025-07-07T16:43:59.177550+00:00 [queued]>
[2025-07-07T16:43:59.978+0000] {taskinstance.py:2076} INFO - Dependencies all met for dep_context=requeueable deps ti=<TaskInstance: dbt_run_lakehouse_project.dbt_run_all manual__2025-07-07T16:43:59.177550+00:00 [queued]>
[2025-07-07T16:43:59.979+0000] {taskinstance.py:2306} INFO - Starting attempt 1 of 1
[2025-07-07T16:43:59.987+0000] {taskinstance.py:2330} INFO - Executing <Task(BashOperator): dbt_run_all> on 2025-07-07 16:43:59.177550+00:00
[2025-07-07T16:43:59.995+0000] {standard_task_runner.py:90} INFO - Running: ['***', 'tasks', 'run', 'dbt_run_lakehouse_project', 'dbt_run_all', 'manual__2025-07-07T16:43:59.177550+00:00', '--job-id', '4', '--raw', '--subdir', 'DAGS_FOLDER/dbt_dag.py', '--cfg-path', '/tmp/tmplpbkrim1']
[2025-07-07T16:43:59.997+0000] {standard_task_runner.py:91} INFO - Job 4: Subtask dbt_run_all
[2025-07-07T16:43:59.998+0000] {logging_mixin.py:188} WARNING - /home/***/.local/lib/python3.12/site-packages/***/task/task_runner/standard_task_runner.py:61 DeprecationWarning: This process (pid=960) is multi-threaded, use of fork() may lead to deadlocks in the child.
[2025-07-07T16:43:59.998+0000] {standard_task_runner.py:63} INFO - Started process 961 to run task
[2025-07-07T16:44:00.027+0000] {task_command.py:426} INFO - Running <TaskInstance: dbt_run_lakehouse_project.dbt_run_all manual__2025-07-07T16:43:59.177550+00:00 [running]> on host 9d4fba75afdd
[2025-07-07T16:44:00.081+0000] {taskinstance.py:2648} INFO - Exporting env vars: AIRFLOW_CTX_DAG_OWNER='***' AIRFLOW_CTX_DAG_ID='dbt_run_lakehouse_project' AIRFLOW_CTX_TASK_ID='dbt_run_all' AIRFLOW_CTX_EXECUTION_DATE='2025-07-07T16:43:59.177550+00:00' AIRFLOW_CTX_TRY_NUMBER='1' AIRFLOW_CTX_DAG_RUN_ID='manual__2025-07-07T16:43:59.177550+00:00'
[2025-07-07T16:44:00.081+0000] {taskinstance.py:430} INFO - ::endgroup::
[2025-07-07T16:44:00.093+0000] {subprocess.py:63} INFO - Tmp dir root location: /tmp
[2025-07-07T16:44:00.094+0000] {subprocess.py:75} INFO - Running command: ['/usr/bin/bash', '-c', 'cd /dbt_lakehouse && dbt run']
[2025-07-07T16:44:00.101+0000] {subprocess.py:86} INFO - Output:
[2025-07-07T16:44:01.762+0000] {subprocess.py:93} INFO - [0m16:44:01  Running with dbt=1.10.3
[2025-07-07T16:44:01.781+0000] {subprocess.py:93} INFO - WARNING:thrift.transport.sslcompat:using legacy validation callback
[2025-07-07T16:44:02.012+0000] {subprocess.py:93} INFO - [0m16:44:02  Registered adapter: spark=1.9.2
[2025-07-07T16:44:02.437+0000] {subprocess.py:93} INFO - [0m16:44:02  [[33mWARNING[0m]: Configuration paths exist in your dbt_project.yml file which do not apply to any resources.
[2025-07-07T16:44:02.438+0000] {subprocess.py:93} INFO - There are 2 unused configuration paths:
[2025-07-07T16:44:02.438+0000] {subprocess.py:93} INFO - - models.dbt_lakehouse.staging
[2025-07-07T16:44:02.438+0000] {subprocess.py:93} INFO - - models.dbt_lakehouse.intermediate
[2025-07-07T16:44:02.533+0000] {subprocess.py:93} INFO - [0m16:44:02  Found 3 models, 2 data tests, 1 source, 473 macros
[2025-07-07T16:44:02.534+0000] {subprocess.py:93} INFO - [0m16:44:02
[2025-07-07T16:44:02.534+0000] {subprocess.py:93} INFO - [0m16:44:02  Concurrency: 1 threads (target='dev')
[2025-07-07T16:44:02.534+0000] {subprocess.py:93} INFO - [0m16:44:02
[2025-07-07T16:44:03.384+0000] {subprocess.py:93} INFO - [0m16:44:03  1 of 3 START sql incremental model default_marts.fct_summary ................... [RUN]
[2025-07-07T16:44:13.444+0000] {subprocess.py:93} INFO - [0m16:44:13  1 of 3 OK created sql incremental model default_marts.fct_summary .............. [[32mOK[0m in 10.06s]
[2025-07-07T16:44:13.446+0000] {subprocess.py:93} INFO - [0m16:44:13  2 of 3 START sql table model default_staging.my_first_dbt_model ................ [RUN]
[2025-07-07T16:44:14.669+0000] {subprocess.py:93} INFO - [0m16:44:14  2 of 3 OK created sql table model default_staging.my_first_dbt_model ........... [[32mOK[0m in 1.22s]
[2025-07-07T16:44:14.671+0000] {subprocess.py:93} INFO - [0m16:44:14  3 of 3 START sql incremental model default_staging.my_second_dbt_model ......... [RUN]
[2025-07-07T16:44:15.858+0000] {subprocess.py:93} INFO - [0m16:44:15  3 of 3 OK created sql incremental model default_staging.my_second_dbt_model .... [[32mOK[0m in 1.19s]
[2025-07-07T16:44:15.903+0000] {subprocess.py:93} INFO - [0m16:44:15
[2025-07-07T16:44:15.904+0000] {subprocess.py:93} INFO - [0m16:44:15  Finished running 2 incremental models, 1 table model in 0 hours 0 minutes and 13.37 seconds (13.37s).
[2025-07-07T16:44:15.931+0000] {subprocess.py:93} INFO - [0m16:44:15
[2025-07-07T16:44:15.932+0000] {subprocess.py:93} INFO - [0m16:44:15  [32mCompleted successfully[0m
[2025-07-07T16:44:15.932+0000] {subprocess.py:93} INFO - [0m16:44:15
[2025-07-07T16:44:15.932+0000] {subprocess.py:93} INFO - [0m16:44:15  Done. PASS=3 WARN=0 ERROR=0 SKIP=0 NO-OP=0 TOTAL=3
[2025-07-07T16:44:16.224+0000] {subprocess.py:97} INFO - Command exited with return code 0
[2025-07-07T16:44:16.225+0000] {taskinstance.py:441} INFO - ::group::Post task execution logs
[2025-07-07T16:44:16.242+0000] {taskinstance.py:1206} INFO - Marking task as SUCCESS. dag_id=dbt_run_lakehouse_project, task_id=dbt_run_all, run_id=manual__2025-07-07T16:43:59.177550+00:00, execution_date=20250707T164359, start_date=20250707T164359, end_date=20250707T164416
[2025-07-07T16:44:16.279+0000] {local_task_job_runner.py:240} INFO - Task exited with return code 0
[2025-07-07T16:44:16.313+0000] {taskinstance.py:3498} INFO - 1 downstream tasks scheduled from follow-on schedule check
[2025-07-07T16:44:16.315+0000] {local_task_job_runner.py:222} INFO - ::endgroup::
