[2025-07-05T06:10:29.410+0000] {local_task_job_runner.py:120} INFO - ::group::Pre task execution logs
[2025-07-05T06:10:29.535+0000] {taskinstance.py:2076} INFO - Dependencies all met for dep_context=non-requeueable deps ti=<TaskInstance: example_short_circuit_operator.short_circuit scheduled__2025-07-04T00:00:00+00:00 [queued]>
[2025-07-05T06:10:29.568+0000] {taskinstance.py:2076} INFO - Dependencies all met for dep_context=requeueable deps ti=<TaskInstance: example_short_circuit_operator.short_circuit scheduled__2025-07-04T00:00:00+00:00 [queued]>
[2025-07-05T06:10:29.572+0000] {taskinstance.py:2306} INFO - Starting attempt 1 of 1
[2025-07-05T06:10:29.637+0000] {taskinstance.py:2330} INFO - Executing <Task(ShortCircuitOperator): short_circuit> on 2025-07-04 00:00:00+00:00
[2025-07-05T06:10:29.666+0000] {standard_task_runner.py:90} INFO - Running: ['***', 'tasks', 'run', 'example_short_circuit_operator', 'short_circuit', 'scheduled__2025-07-04T00:00:00+00:00', '--job-id', '36', '--raw', '--subdir', '/home/***/.local/lib/python3.12/site-packages/***/example_dags/example_short_circuit_operator.py', '--cfg-path', '/tmp/tmpnynolfe5']
[2025-07-05T06:10:29.668+0000] {standard_task_runner.py:91} INFO - Job 36: Subtask short_circuit
[2025-07-05T06:10:29.678+0000] {logging_mixin.py:188} WARNING - /home/***/.local/lib/python3.12/site-packages/***/task/task_runner/standard_task_runner.py:61 DeprecationWarning: This process (pid=521) is multi-threaded, use of fork() may lead to deadlocks in the child.
[2025-07-05T06:10:29.688+0000] {standard_task_runner.py:63} INFO - Started process 610 to run task
[2025-07-05T06:10:29.853+0000] {task_command.py:426} INFO - Running <TaskInstance: example_short_circuit_operator.short_circuit scheduled__2025-07-04T00:00:00+00:00 [running]> on host b39724c39614
[2025-07-05T06:10:30.286+0000] {taskinstance.py:2648} INFO - Exporting env vars: AIRFLOW_CTX_DAG_OWNER='***' AIRFLOW_CTX_DAG_ID='example_short_circuit_operator' AIRFLOW_CTX_TASK_ID='short_circuit' AIRFLOW_CTX_EXECUTION_DATE='2025-07-04T00:00:00+00:00' AIRFLOW_CTX_TRY_NUMBER='1' AIRFLOW_CTX_DAG_RUN_ID='scheduled__2025-07-04T00:00:00+00:00'
[2025-07-05T06:10:30.288+0000] {taskinstance.py:430} INFO - ::endgroup::
[2025-07-05T06:10:30.288+0000] {baseoperator.py:399} WARNING - ShortCircuitOperator.execute cannot be called outside TaskInstance!
[2025-07-05T06:10:30.289+0000] {python.py:237} INFO - Done. Returned value was: False
[2025-07-05T06:10:30.289+0000] {python.py:304} INFO - Condition result is False
[2025-07-05T06:10:30.290+0000] {python.py:331} INFO - Skipping downstream tasks
[2025-07-05T06:10:30.336+0000] {python.py:339} INFO - Done.
[2025-07-05T06:10:30.336+0000] {taskinstance.py:441} INFO - ::group::Post task execution logs
[2025-07-05T06:10:30.372+0000] {taskinstance.py:1206} INFO - Marking task as SUCCESS. dag_id=example_short_circuit_operator, task_id=short_circuit, run_id=scheduled__2025-07-04T00:00:00+00:00, execution_date=20250704T000000, start_date=20250705T061029, end_date=20250705T061030
[2025-07-05T06:10:30.411+0000] {local_task_job_runner.py:240} INFO - Task exited with return code 0
[2025-07-05T06:10:30.445+0000] {taskinstance.py:3498} INFO - 0 downstream tasks scheduled from follow-on schedule check
[2025-07-05T06:10:30.451+0000] {local_task_job_runner.py:222} INFO - ::endgroup::
