[2025-07-07T19:30:40.372+0000] {local_task_job_runner.py:120} INFO - ::group::Pre task execution logs
[2025-07-07T19:30:40.397+0000] {taskinstance.py:2076} INFO - Dependencies all met for dep_context=non-requeueable deps ti=<TaskInstance: dbt_run_lakehouse_project.dbt_run_all manual__2025-07-07T19:30:40.048959+00:00 [queued]>
[2025-07-07T19:30:40.405+0000] {taskinstance.py:2076} INFO - Dependencies all met for dep_context=requeueable deps ti=<TaskInstance: dbt_run_lakehouse_project.dbt_run_all manual__2025-07-07T19:30:40.048959+00:00 [queued]>
[2025-07-07T19:30:40.405+0000] {taskinstance.py:2306} INFO - Starting attempt 1 of 1
[2025-07-07T19:30:40.420+0000] {taskinstance.py:2330} INFO - Executing <Task(BashOperator): dbt_run_all> on 2025-07-07 19:30:40.048959+00:00
[2025-07-07T19:30:40.429+0000] {standard_task_runner.py:90} INFO - Running: ['***', 'tasks', 'run', 'dbt_run_lakehouse_project', 'dbt_run_all', 'manual__2025-07-07T19:30:40.048959+00:00', '--job-id', '4', '--raw', '--subdir', 'DAGS_FOLDER/dbt_dag.py', '--cfg-path', '/tmp/tmpyv7_aovb']
[2025-07-07T19:30:40.431+0000] {standard_task_runner.py:91} INFO - Job 4: Subtask dbt_run_all
[2025-07-07T19:30:40.433+0000] {logging_mixin.py:188} WARNING - /home/***/.local/lib/python3.12/site-packages/***/task/task_runner/standard_task_runner.py:61 DeprecationWarning: This process (pid=942) is multi-threaded, use of fork() may lead to deadlocks in the child.
[2025-07-07T19:30:40.433+0000] {standard_task_runner.py:63} INFO - Started process 943 to run task
[2025-07-07T19:30:40.465+0000] {task_command.py:426} INFO - Running <TaskInstance: dbt_run_lakehouse_project.dbt_run_all manual__2025-07-07T19:30:40.048959+00:00 [running]> on host 11b8aecc26a8
[2025-07-07T19:30:40.527+0000] {taskinstance.py:2648} INFO - Exporting env vars: AIRFLOW_CTX_DAG_OWNER='***' AIRFLOW_CTX_DAG_ID='dbt_run_lakehouse_project' AIRFLOW_CTX_TASK_ID='dbt_run_all' AIRFLOW_CTX_EXECUTION_DATE='2025-07-07T19:30:40.048959+00:00' AIRFLOW_CTX_TRY_NUMBER='1' AIRFLOW_CTX_DAG_RUN_ID='manual__2025-07-07T19:30:40.048959+00:00'
[2025-07-07T19:30:40.527+0000] {taskinstance.py:430} INFO - ::endgroup::
[2025-07-07T19:30:40.539+0000] {subprocess.py:63} INFO - Tmp dir root location: /tmp
[2025-07-07T19:30:40.540+0000] {subprocess.py:75} INFO - Running command: ['/usr/bin/bash', '-c', 'cd /dbt_lakehouse && dbt run']
[2025-07-07T19:30:40.548+0000] {subprocess.py:86} INFO - Output:
[2025-07-07T19:30:42.327+0000] {subprocess.py:93} INFO - [0m19:30:42  Running with dbt=1.10.3
[2025-07-07T19:30:42.344+0000] {subprocess.py:93} INFO - WARNING:thrift.transport.sslcompat:using legacy validation callback
[2025-07-07T19:30:42.557+0000] {subprocess.py:93} INFO - [0m19:30:42  Registered adapter: spark=1.9.2
[2025-07-07T19:30:42.785+0000] {subprocess.py:93} INFO - [0m19:30:42  [[33mWARNING[0m]: Configuration paths exist in your dbt_project.yml file which do not apply to any resources.
[2025-07-07T19:30:42.785+0000] {subprocess.py:93} INFO - There are 2 unused configuration paths:
[2025-07-07T19:30:42.785+0000] {subprocess.py:93} INFO - - models.dbt_lakehouse.staging
[2025-07-07T19:30:42.785+0000] {subprocess.py:93} INFO - - models.dbt_lakehouse.intermediate
[2025-07-07T19:30:42.884+0000] {subprocess.py:93} INFO - [0m19:30:42  Found 3 models, 2 data tests, 1 source, 475 macros
[2025-07-07T19:30:42.885+0000] {subprocess.py:93} INFO - [0m19:30:42
[2025-07-07T19:30:42.885+0000] {subprocess.py:93} INFO - [0m19:30:42  Concurrency: 1 threads (target='dev')
[2025-07-07T19:30:42.886+0000] {subprocess.py:93} INFO - [0m19:30:42
[2025-07-07T19:30:43.656+0000] {subprocess.py:93} INFO - [0m19:30:43  1 of 3 START sql table model marts.fct_summary ................................. [RUN]
[2025-07-07T19:30:52.476+0000] {subprocess.py:93} INFO - [0m19:30:52  1 of 3 OK created sql table model marts.fct_summary ............................ [[32mOK[0m in 8.82s]
[2025-07-07T19:30:52.478+0000] {subprocess.py:93} INFO - [0m19:30:52  2 of 3 START sql table model staging.my_first_dbt_model ........................ [RUN]
[2025-07-07T19:30:55.586+0000] {subprocess.py:93} INFO - [0m19:30:55  2 of 3 OK created sql table model staging.my_first_dbt_model ................... [[32mOK[0m in 3.11s]
[2025-07-07T19:30:55.588+0000] {subprocess.py:93} INFO - [0m19:30:55  3 of 3 START sql table model staging.my_second_dbt_model ....................... [RUN]
[2025-07-07T19:31:00.200+0000] {subprocess.py:93} INFO - [0m19:31:00  3 of 3 OK created sql table model staging.my_second_dbt_model .................. [[32mOK[0m in 4.61s]
[2025-07-07T19:31:00.237+0000] {subprocess.py:93} INFO - [0m19:31:00
[2025-07-07T19:31:00.237+0000] {subprocess.py:93} INFO - [0m19:31:00  Finished running 3 table models in 0 hours 0 minutes and 17.35 seconds (17.35s).
[2025-07-07T19:31:00.266+0000] {subprocess.py:93} INFO - [0m19:31:00
[2025-07-07T19:31:00.266+0000] {subprocess.py:93} INFO - [0m19:31:00  [32mCompleted successfully[0m
[2025-07-07T19:31:00.267+0000] {subprocess.py:93} INFO - [0m19:31:00
[2025-07-07T19:31:00.267+0000] {subprocess.py:93} INFO - [0m19:31:00  Done. PASS=3 WARN=0 ERROR=0 SKIP=0 NO-OP=0 TOTAL=3
[2025-07-07T19:31:00.534+0000] {subprocess.py:97} INFO - Command exited with return code 0
[2025-07-07T19:31:00.534+0000] {taskinstance.py:441} INFO - ::group::Post task execution logs
[2025-07-07T19:31:00.552+0000] {taskinstance.py:1206} INFO - Marking task as SUCCESS. dag_id=dbt_run_lakehouse_project, task_id=dbt_run_all, run_id=manual__2025-07-07T19:30:40.048959+00:00, execution_date=20250707T193040, start_date=20250707T193040, end_date=20250707T193100
[2025-07-07T19:31:00.597+0000] {local_task_job_runner.py:240} INFO - Task exited with return code 0
[2025-07-07T19:31:00.632+0000] {taskinstance.py:3498} INFO - 1 downstream tasks scheduled from follow-on schedule check
[2025-07-07T19:31:00.634+0000] {local_task_job_runner.py:222} INFO - ::endgroup::
