[2025-07-07T19:24:35.102+0000] {local_task_job_runner.py:120} INFO - ::group::Pre task execution logs
[2025-07-07T19:24:35.121+0000] {taskinstance.py:2076} INFO - Dependencies all met for dep_context=non-requeueable deps ti=<TaskInstance: lakehouse_pipeline.silver_to_gold manual__2025-07-07T19:23:44.839791+00:00 [queued]>
[2025-07-07T19:24:35.126+0000] {taskinstance.py:2076} INFO - Dependencies all met for dep_context=requeueable deps ti=<TaskInstance: lakehouse_pipeline.silver_to_gold manual__2025-07-07T19:23:44.839791+00:00 [queued]>
[2025-07-07T19:24:35.127+0000] {taskinstance.py:2306} INFO - Starting attempt 1 of 1
[2025-07-07T19:24:35.134+0000] {taskinstance.py:2330} INFO - Executing <Task(PythonOperator): silver_to_gold> on 2025-07-07 19:23:44.839791+00:00
[2025-07-07T19:24:35.140+0000] {standard_task_runner.py:90} INFO - Running: ['***', 'tasks', 'run', 'lakehouse_pipeline', 'silver_to_gold', 'manual__2025-07-07T19:23:44.839791+00:00', '--job-id', '3', '--raw', '--subdir', 'DAGS_FOLDER/pipeline_dag.py', '--cfg-path', '/tmp/tmpuqwkwwkb']
[2025-07-07T19:24:35.141+0000] {standard_task_runner.py:91} INFO - Job 3: Subtask silver_to_gold
[2025-07-07T19:24:35.142+0000] {logging_mixin.py:188} WARNING - /home/***/.local/lib/python3.12/site-packages/***/task/task_runner/standard_task_runner.py:61 DeprecationWarning: This process (pid=521) is multi-threaded, use of fork() may lead to deadlocks in the child.
[2025-07-07T19:24:35.143+0000] {standard_task_runner.py:63} INFO - Started process 522 to run task
[2025-07-07T19:24:35.169+0000] {task_command.py:426} INFO - Running <TaskInstance: lakehouse_pipeline.silver_to_gold manual__2025-07-07T19:23:44.839791+00:00 [running]> on host 53da00e00b90
[2025-07-07T19:24:35.216+0000] {taskinstance.py:2648} INFO - Exporting env vars: AIRFLOW_CTX_DAG_OWNER='***' AIRFLOW_CTX_DAG_ID='lakehouse_pipeline' AIRFLOW_CTX_TASK_ID='silver_to_gold' AIRFLOW_CTX_EXECUTION_DATE='2025-07-07T19:23:44.839791+00:00' AIRFLOW_CTX_TRY_NUMBER='1' AIRFLOW_CTX_DAG_RUN_ID='manual__2025-07-07T19:23:44.839791+00:00'
[2025-07-07T19:24:35.217+0000] {taskinstance.py:430} INFO - ::endgroup::
[2025-07-07T19:25:00.527+0000] {taskinstance.py:441} INFO - ::group::Post task execution logs
[2025-07-07T19:25:00.528+0000] {taskinstance.py:2905} ERROR - Task failed with exception
Traceback (most recent call last):
  File "/home/airflow/.local/lib/python3.12/site-packages/airflow/models/taskinstance.py", line 465, in _execute_task
    result = _execute_callable(context=context, **execute_callable_kwargs)
             ^^^^^^^^^^^^^^^^^^^^^^^^^^^^^^^^^^^^^^^^^^^^^^^^^^^^^^^^^^^^^
  File "/home/airflow/.local/lib/python3.12/site-packages/airflow/models/taskinstance.py", line 432, in _execute_callable
    return execute_callable(context=context, **execute_callable_kwargs)
           ^^^^^^^^^^^^^^^^^^^^^^^^^^^^^^^^^^^^^^^^^^^^^^^^^^^^^^^^^^^^
  File "/home/airflow/.local/lib/python3.12/site-packages/airflow/models/baseoperator.py", line 400, in wrapper
    return func(self, *args, **kwargs)
           ^^^^^^^^^^^^^^^^^^^^^^^^^^^
  File "/home/airflow/.local/lib/python3.12/site-packages/airflow/operators/python.py", line 235, in execute
    return_value = self.execute_callable()
                   ^^^^^^^^^^^^^^^^^^^^^^^
  File "/home/airflow/.local/lib/python3.12/site-packages/airflow/operators/python.py", line 252, in execute_callable
    return self.python_callable(*self.op_args, **self.op_kwargs)
           ^^^^^^^^^^^^^^^^^^^^^^^^^^^^^^^^^^^^^^^^^^^^^^^^^^^^^
  File "/app/silver_to_gold.py", line 31, in run
    .saveAsTable("default.order_summary")
     ^^^^^^^^^^^^^^^^^^^^^^^^^^^^^^^^^^^^
  File "/home/airflow/.local/lib/python3.12/site-packages/pyspark/sql/readwriter.py", line 1521, in saveAsTable
    self._jwrite.saveAsTable(name)
  File "/home/airflow/.local/lib/python3.12/site-packages/py4j/java_gateway.py", line 1322, in __call__
    return_value = get_return_value(
                   ^^^^^^^^^^^^^^^^^
  File "/home/airflow/.local/lib/python3.12/site-packages/pyspark/errors/exceptions/captured.py", line 175, in deco
    raise converted from None
pyspark.errors.exceptions.captured.AnalysisException: A schema mismatch detected when writing to the Delta table (Table ID: 7a81f42e-46d3-4ce0-8a44-ef6c5444d46d).
To enable schema migration using DataFrameWriter or DataStreamWriter, please set:
'.option("mergeSchema", "true")'.
For other operations, set the session configuration
spark.databricks.delta.schema.autoMerge.enabled to "true". See the documentation
specific to the operation for details.

Table schema:
root


Data schema:
root
-- customer_id: string (nullable = true)
-- total_amount: double (nullable = true)

         
To overwrite your schema or change partitioning, please set:
'.option("overwriteSchema", "true")'.

Note that the schema can't be overwritten when using
'replaceWhere'.
         
[2025-07-07T19:25:00.539+0000] {taskinstance.py:1206} INFO - Marking task as FAILED. dag_id=lakehouse_pipeline, task_id=silver_to_gold, run_id=manual__2025-07-07T19:23:44.839791+00:00, execution_date=20250707T192344, start_date=20250707T192435, end_date=20250707T192500
[2025-07-07T19:25:00.551+0000] {standard_task_runner.py:110} ERROR - Failed to execute job 3 for task silver_to_gold (A schema mismatch detected when writing to the Delta table (Table ID: 7a81f42e-46d3-4ce0-8a44-ef6c5444d46d).
To enable schema migration using DataFrameWriter or DataStreamWriter, please set:
'.option("mergeSchema", "true")'.
For other operations, set the session configuration
spark.databricks.delta.schema.autoMerge.enabled to "true". See the documentation
specific to the operation for details.

Table schema:
root


Data schema:
root
-- customer_id: string (nullable = true)
-- total_amount: double (nullable = true)

         
To overwrite your schema or change partitioning, please set:
'.option("overwriteSchema", "true")'.

Note that the schema can't be overwritten when using
'replaceWhere'.
         ; 522)
[2025-07-07T19:25:00.572+0000] {local_task_job_runner.py:240} INFO - Task exited with return code 1
[2025-07-07T19:25:00.619+0000] {taskinstance.py:3498} INFO - 0 downstream tasks scheduled from follow-on schedule check
[2025-07-07T19:25:00.631+0000] {local_task_job_runner.py:222} INFO - ::endgroup::
