[2025-07-05T06:10:25.249+0000] {local_task_job_runner.py:120} INFO - ::group::Pre task execution logs
[2025-07-05T06:10:25.325+0000] {taskinstance.py:2076} INFO - Dependencies all met for dep_context=non-requeueable deps ti=<TaskInstance: example_setup_teardown.root_setup scheduled__2025-07-04T00:00:00+00:00 [queued]>
[2025-07-05T06:10:25.345+0000] {taskinstance.py:2076} INFO - Dependencies all met for dep_context=requeueable deps ti=<TaskInstance: example_setup_teardown.root_setup scheduled__2025-07-04T00:00:00+00:00 [queued]>
[2025-07-05T06:10:25.346+0000] {taskinstance.py:2306} INFO - Starting attempt 1 of 1
[2025-07-05T06:10:25.375+0000] {taskinstance.py:2330} INFO - Executing <Task(BashOperator): root_setup> on 2025-07-04 00:00:00+00:00
[2025-07-05T06:10:25.431+0000] {logging_mixin.py:188} WARNING - /home/***/.local/lib/python3.12/site-packages/***/task/task_runner/standard_task_runner.py:61 DeprecationWarning: This process (pid=304) is multi-threaded, use of fork() may lead to deadlocks in the child.
[2025-07-05T06:10:25.448+0000] {standard_task_runner.py:63} INFO - Started process 526 to run task
[2025-07-05T06:10:25.457+0000] {standard_task_runner.py:90} INFO - Running: ['***', 'tasks', 'run', 'example_setup_teardown', 'root_setup', 'scheduled__2025-07-04T00:00:00+00:00', '--job-id', '29', '--raw', '--subdir', '/home/***/.local/lib/python3.12/site-packages/***/example_dags/example_setup_teardown.py', '--cfg-path', '/tmp/tmpwnlwki9v']
[2025-07-05T06:10:25.477+0000] {standard_task_runner.py:91} INFO - Job 29: Subtask root_setup
[2025-07-05T06:10:25.612+0000] {task_command.py:426} INFO - Running <TaskInstance: example_setup_teardown.root_setup scheduled__2025-07-04T00:00:00+00:00 [running]> on host b39724c39614
[2025-07-05T06:10:25.932+0000] {taskinstance.py:2648} INFO - Exporting env vars: AIRFLOW_CTX_DAG_OWNER='***' AIRFLOW_CTX_DAG_ID='example_setup_teardown' AIRFLOW_CTX_TASK_ID='root_setup' AIRFLOW_CTX_EXECUTION_DATE='2025-07-04T00:00:00+00:00' AIRFLOW_CTX_TRY_NUMBER='1' AIRFLOW_CTX_DAG_RUN_ID='scheduled__2025-07-04T00:00:00+00:00'
[2025-07-05T06:10:25.936+0000] {taskinstance.py:430} INFO - ::endgroup::
[2025-07-05T06:10:25.936+0000] {subprocess.py:63} INFO - Tmp dir root location: /tmp
[2025-07-05T06:10:25.937+0000] {subprocess.py:75} INFO - Running command: ['/usr/bin/bash', '-c', "echo 'Hello from root_setup'"]
[2025-07-05T06:10:25.998+0000] {subprocess.py:86} INFO - Output:
[2025-07-05T06:10:26.003+0000] {subprocess.py:93} INFO - Hello from root_setup
[2025-07-05T06:10:26.016+0000] {subprocess.py:97} INFO - Command exited with return code 0
[2025-07-05T06:10:26.016+0000] {taskinstance.py:441} INFO - ::group::Post task execution logs
[2025-07-05T06:10:26.074+0000] {taskinstance.py:1206} INFO - Marking task as SUCCESS. dag_id=example_setup_teardown, task_id=root_setup, run_id=scheduled__2025-07-04T00:00:00+00:00, execution_date=20250704T000000, start_date=20250705T061025, end_date=20250705T061026
[2025-07-05T06:10:26.155+0000] {local_task_job_runner.py:240} INFO - Task exited with return code 0
[2025-07-05T06:10:26.180+0000] {local_task_job_runner.py:222} INFO - ::endgroup::
