[2025-07-05T06:10:29.959+0000] {local_task_job_runner.py:120} INFO - ::group::Pre task execution logs
[2025-07-05T06:10:30.217+0000] {taskinstance.py:2076} INFO - Dependencies all met for dep_context=non-requeueable deps ti=<TaskInstance: example_short_circuit_decorator.condition_is_true scheduled__2025-07-04T00:00:00+00:00 [queued]>
[2025-07-05T06:10:30.352+0000] {taskinstance.py:2076} INFO - Dependencies all met for dep_context=requeueable deps ti=<TaskInstance: example_short_circuit_decorator.condition_is_true scheduled__2025-07-04T00:00:00+00:00 [queued]>
[2025-07-05T06:10:30.359+0000] {taskinstance.py:2306} INFO - Starting attempt 1 of 1
[2025-07-05T06:10:30.415+0000] {taskinstance.py:2330} INFO - Executing <Task(_ShortCircuitDecoratedOperator): condition_is_true> on 2025-07-04 00:00:00+00:00
[2025-07-05T06:10:30.482+0000] {standard_task_runner.py:90} INFO - Running: ['***', 'tasks', 'run', 'example_short_circuit_decorator', 'condition_is_true', 'scheduled__2025-07-04T00:00:00+00:00', '--job-id', '39', '--raw', '--subdir', '/home/***/.local/lib/python3.12/site-packages/***/example_dags/example_short_circuit_decorator.py', '--cfg-path', '/tmp/tmp6pfoich6']
[2025-07-05T06:10:30.484+0000] {standard_task_runner.py:91} INFO - Job 39: Subtask condition_is_true
[2025-07-05T06:10:30.475+0000] {logging_mixin.py:188} WARNING - /home/***/.local/lib/python3.12/site-packages/***/task/task_runner/standard_task_runner.py:61 DeprecationWarning: This process (pid=522) is multi-threaded, use of fork() may lead to deadlocks in the child.
[2025-07-05T06:10:30.500+0000] {standard_task_runner.py:63} INFO - Started process 617 to run task
[2025-07-05T06:10:30.628+0000] {task_command.py:426} INFO - Running <TaskInstance: example_short_circuit_decorator.condition_is_true scheduled__2025-07-04T00:00:00+00:00 [running]> on host b39724c39614
[2025-07-05T06:10:30.900+0000] {taskinstance.py:2648} INFO - Exporting env vars: AIRFLOW_CTX_DAG_OWNER='***' AIRFLOW_CTX_DAG_ID='example_short_circuit_decorator' AIRFLOW_CTX_TASK_ID='condition_is_true' AIRFLOW_CTX_EXECUTION_DATE='2025-07-04T00:00:00+00:00' AIRFLOW_CTX_TRY_NUMBER='1' AIRFLOW_CTX_DAG_RUN_ID='scheduled__2025-07-04T00:00:00+00:00'
[2025-07-05T06:10:30.905+0000] {taskinstance.py:430} INFO - ::endgroup::
[2025-07-05T06:10:30.905+0000] {python.py:237} INFO - Done. Returned value was: True
[2025-07-05T06:10:30.906+0000] {python.py:304} INFO - Condition result is True
[2025-07-05T06:10:30.906+0000] {python.py:307} INFO - Proceeding with downstream tasks...
[2025-07-05T06:10:30.906+0000] {taskinstance.py:441} INFO - ::group::Post task execution logs
[2025-07-05T06:10:30.985+0000] {taskinstance.py:1206} INFO - Marking task as SUCCESS. dag_id=example_short_circuit_decorator, task_id=condition_is_true, run_id=scheduled__2025-07-04T00:00:00+00:00, execution_date=20250704T000000, start_date=20250705T061030, end_date=20250705T061030
[2025-07-05T06:10:31.070+0000] {local_task_job_runner.py:240} INFO - Task exited with return code 0
[2025-07-05T06:10:31.135+0000] {taskinstance.py:3498} INFO - 0 downstream tasks scheduled from follow-on schedule check
[2025-07-05T06:10:31.143+0000] {local_task_job_runner.py:222} INFO - ::endgroup::
