[2025-07-07T10:29:14.198+0000] {local_task_job_runner.py:120} INFO - ::group::Pre task execution logs
[2025-07-07T10:29:14.217+0000] {taskinstance.py:2076} INFO - Dependencies all met for dep_context=non-requeueable deps ti=<TaskInstance: lakehouse_pipeline.create_trino_table manual__2025-07-07T10:29:12.596376+00:00 [queued]>
[2025-07-07T10:29:14.223+0000] {taskinstance.py:2076} INFO - Dependencies all met for dep_context=requeueable deps ti=<TaskInstance: lakehouse_pipeline.create_trino_table manual__2025-07-07T10:29:12.596376+00:00 [queued]>
[2025-07-07T10:29:14.223+0000] {taskinstance.py:2306} INFO - Starting attempt 1 of 1
[2025-07-07T10:29:14.231+0000] {taskinstance.py:2330} INFO - Executing <Task(BashOperator): create_trino_table> on 2025-07-07 10:29:12.596376+00:00
[2025-07-07T10:29:14.237+0000] {standard_task_runner.py:90} INFO - Running: ['***', 'tasks', 'run', 'lakehouse_pipeline', 'create_trino_table', 'manual__2025-07-07T10:29:12.596376+00:00', '--job-id', '2', '--raw', '--subdir', 'DAGS_FOLDER/pipeline_dag.py', '--cfg-path', '/tmp/tmpx6b5rdsp']
[2025-07-07T10:29:14.239+0000] {standard_task_runner.py:91} INFO - Job 2: Subtask create_trino_table
[2025-07-07T10:29:14.239+0000] {logging_mixin.py:188} WARNING - /home/***/.local/lib/python3.12/site-packages/***/task/task_runner/standard_task_runner.py:61 DeprecationWarning: This process (pid=484) is multi-threaded, use of fork() may lead to deadlocks in the child.
[2025-07-07T10:29:14.240+0000] {standard_task_runner.py:63} INFO - Started process 485 to run task
[2025-07-07T10:29:14.268+0000] {task_command.py:426} INFO - Running <TaskInstance: lakehouse_pipeline.create_trino_table manual__2025-07-07T10:29:12.596376+00:00 [running]> on host 84547bbd5155
[2025-07-07T10:29:14.318+0000] {taskinstance.py:2648} INFO - Exporting env vars: AIRFLOW_CTX_DAG_OWNER='***' AIRFLOW_CTX_DAG_ID='lakehouse_pipeline' AIRFLOW_CTX_TASK_ID='create_trino_table' AIRFLOW_CTX_EXECUTION_DATE='2025-07-07T10:29:12.596376+00:00' AIRFLOW_CTX_TRY_NUMBER='1' AIRFLOW_CTX_DAG_RUN_ID='manual__2025-07-07T10:29:12.596376+00:00'
[2025-07-07T10:29:14.319+0000] {taskinstance.py:430} INFO - ::endgroup::
[2025-07-07T10:29:14.334+0000] {subprocess.py:63} INFO - Tmp dir root location: /tmp
[2025-07-07T10:29:14.334+0000] {subprocess.py:75} INFO - Running command: ['/usr/bin/bash', '-c', '\n        trino --server trino:8080 --catalog gold --schema default --execute "\n        CREATE TABLE IF NOT EXISTS order_summary (\n            customer_id VARCHAR,\n            total_amount DOUBLE\n        )\n        WITH (location = \'s3a://gold/warehouse/default/order_summary\')"\n        ']
[2025-07-07T10:29:14.344+0000] {subprocess.py:86} INFO - Output:
[2025-07-07T10:29:14.997+0000] {subprocess.py:93} INFO - Jul 07, 2025 10:29:14 AM org.jline.utils.Log logr
[2025-07-07T10:29:14.997+0000] {subprocess.py:93} INFO - WARNING: Unable to create a system terminal, creating a dumb terminal (enable debug logging for more information)
[2025-07-07T10:29:15.411+0000] {subprocess.py:93} INFO - CREATE TABLE
[2025-07-07T10:29:15.448+0000] {subprocess.py:97} INFO - Command exited with return code 0
[2025-07-07T10:29:15.449+0000] {taskinstance.py:441} INFO - ::group::Post task execution logs
[2025-07-07T10:29:15.464+0000] {taskinstance.py:1206} INFO - Marking task as SUCCESS. dag_id=lakehouse_pipeline, task_id=create_trino_table, run_id=manual__2025-07-07T10:29:12.596376+00:00, execution_date=20250707T102912, start_date=20250707T102914, end_date=20250707T102915
[2025-07-07T10:29:15.495+0000] {local_task_job_runner.py:240} INFO - Task exited with return code 0
[2025-07-07T10:29:15.514+0000] {taskinstance.py:3498} INFO - 1 downstream tasks scheduled from follow-on schedule check
[2025-07-07T10:29:15.515+0000] {local_task_job_runner.py:222} INFO - ::endgroup::
