[2025-07-05T06:10:22.624+0000] {local_task_job_runner.py:120} INFO - ::group::Pre task execution logs
[2025-07-05T06:10:22.746+0000] {taskinstance.py:2076} INFO - Dependencies all met for dep_context=non-requeueable deps ti=<TaskInstance: example_branch_datetime_operator_2.datetime_branch scheduled__2025-07-04T00:00:00+00:00 [queued]>
[2025-07-05T06:10:22.815+0000] {taskinstance.py:2076} INFO - Dependencies all met for dep_context=requeueable deps ti=<TaskInstance: example_branch_datetime_operator_2.datetime_branch scheduled__2025-07-04T00:00:00+00:00 [queued]>
[2025-07-05T06:10:22.816+0000] {taskinstance.py:2306} INFO - Starting attempt 1 of 1
[2025-07-05T06:10:22.910+0000] {taskinstance.py:2330} INFO - Executing <Task(BranchDateTimeOperator): datetime_branch> on 2025-07-04 00:00:00+00:00
[2025-07-05T06:10:23.002+0000] {logging_mixin.py:188} WARNING - /home/***/.local/lib/python3.12/site-packages/***/task/task_runner/standard_task_runner.py:61 DeprecationWarning: This process (pid=229) is multi-threaded, use of fork() may lead to deadlocks in the child.
[2025-07-05T06:10:23.003+0000] {standard_task_runner.py:63} INFO - Started process 436 to run task
[2025-07-05T06:10:22.997+0000] {standard_task_runner.py:90} INFO - Running: ['***', 'tasks', 'run', 'example_branch_datetime_operator_2', 'datetime_branch', 'scheduled__2025-07-04T00:00:00+00:00', '--job-id', '14', '--raw', '--subdir', '/home/***/.local/lib/python3.12/site-packages/***/example_dags/example_branch_datetime_operator.py', '--cfg-path', '/tmp/tmpr46miwzb']
[2025-07-05T06:10:23.008+0000] {standard_task_runner.py:91} INFO - Job 14: Subtask datetime_branch
[2025-07-05T06:10:23.153+0000] {task_command.py:426} INFO - Running <TaskInstance: example_branch_datetime_operator_2.datetime_branch scheduled__2025-07-04T00:00:00+00:00 [running]> on host b39724c39614
[2025-07-05T06:10:23.420+0000] {taskinstance.py:2648} INFO - Exporting env vars: AIRFLOW_CTX_DAG_OWNER='***' AIRFLOW_CTX_DAG_ID='example_branch_datetime_operator_2' AIRFLOW_CTX_TASK_ID='datetime_branch' AIRFLOW_CTX_EXECUTION_DATE='2025-07-04T00:00:00+00:00' AIRFLOW_CTX_TRY_NUMBER='1' AIRFLOW_CTX_DAG_RUN_ID='scheduled__2025-07-04T00:00:00+00:00'
[2025-07-05T06:10:23.422+0000] {taskinstance.py:430} INFO - ::endgroup::
[2025-07-05T06:10:23.422+0000] {branch.py:36} INFO - Branch into ['date_outside_range']
[2025-07-05T06:10:23.423+0000] {skipmixin.py:178} INFO - Following branch ['date_outside_range']
[2025-07-05T06:10:23.492+0000] {skipmixin.py:246} INFO - Skipping tasks [('date_in_range', -1)]
[2025-07-05T06:10:23.589+0000] {taskinstance.py:441} INFO - ::group::Post task execution logs
[2025-07-05T06:10:23.660+0000] {taskinstance.py:1206} INFO - Marking task as SUCCESS. dag_id=example_branch_datetime_operator_2, task_id=datetime_branch, run_id=scheduled__2025-07-04T00:00:00+00:00, execution_date=20250704T000000, start_date=20250705T061022, end_date=20250705T061023
[2025-07-05T06:10:23.733+0000] {local_task_job_runner.py:240} INFO - Task exited with return code 0
[2025-07-05T06:10:23.795+0000] {taskinstance.py:3498} INFO - 0 downstream tasks scheduled from follow-on schedule check
[2025-07-05T06:10:23.799+0000] {local_task_job_runner.py:222} INFO - ::endgroup::
