[0m05:38:11.920478 [debug] [MainThread]: Sending event: {'category': 'dbt', 'action': 'invocation', 'label': 'start', 'context': [<snowplow_tracker.self_describing_json.SelfDescribingJson object at 0x7ff3375192b0>, <snowplow_tracker.self_describing_json.SelfDescribingJson object at 0x7ff336a87a40>, <snowplow_tracker.self_describing_json.SelfDescribingJson object at 0x7ff336d27ce0>]}


============================== 05:38:11.925701 | 3e54ed34-b60a-47a8-af1a-aa413a37decf ==============================
[0m05:38:11.925701 [info ] [MainThread]: Running with dbt=1.10.3
[0m05:38:11.926379 [debug] [MainThread]: running dbt with arguments {'printer_width': '80', 'indirect_selection': 'eager', 'write_json': 'True', 'log_cache_events': 'False', 'partial_parse': 'True', 'cache_selected_only': 'False', 'warn_error': 'None', 'version_check': 'True', 'profiles_dir': '/home/airflow/.dbt', 'log_path': 'logs', 'debug': 'False', 'fail_fast': 'False', 'use_colors': 'True', 'use_experimental_parser': 'False', 'no_print': 'None', 'quiet': 'False', 'empty': 'None', 'log_format': 'default', 'static_parser': 'True', 'introspect': 'True', 'invocation_command': 'dbt init', 'target_path': 'None', 'warn_error_options': 'WarnErrorOptionsV2(error=[], warn=[], silence=[])', 'send_anonymous_usage_stats': 'True'}
[0m05:38:11.934404 [info ] [MainThread]: Creating dbt configuration folder at /home/airflow/.dbt
[0m05:38:34.248904 [debug] [MainThread]: Starter project path: /home/airflow/.local/lib/python3.12/site-packages/dbt/include/starter_project
[0m05:38:34.253415 [info ] [MainThread]: 
Your new dbt project "dbt_lakehouse" was created!

For more information on how to configure the profiles.yml file,
please consult the dbt documentation here:

  https://docs.getdbt.com/docs/configure-your-profile

One more thing:

Need help? Don't hesitate to reach out to us via GitHub issues or on Slack:

  https://community.getdbt.com/

Happy modeling!

[0m05:38:34.253695 [info ] [MainThread]: Setting up your profile.
[0m05:38:36.438638 [info ] [MainThread]: Profile dbt_lakehouse written to /home/airflow/.dbt/profiles.yml using target's sample configuration. Once updated, you'll be able to start developing with dbt.
[0m05:38:36.439964 [debug] [MainThread]: Resource report: {"command_name": "init", "command_success": true, "command_wall_clock_time": 24.56139, "process_in_blocks": "0", "process_kernel_time": 0.067912, "process_mem_max_rss": "104784", "process_out_blocks": "1128", "process_user_time": 1.605919}
[0m05:38:36.440464 [debug] [MainThread]: Command `dbt init` succeeded at 05:38:36.440361 after 24.56 seconds
[0m05:38:36.440805 [debug] [MainThread]: Sending event: {'category': 'dbt', 'action': 'invocation', 'label': 'end', 'context': [<snowplow_tracker.self_describing_json.SelfDescribingJson object at 0x7ff337be0380>, <snowplow_tracker.self_describing_json.SelfDescribingJson object at 0x7ff3367213d0>, <snowplow_tracker.self_describing_json.SelfDescribingJson object at 0x7ff336a23290>]}
[0m05:38:36.441165 [debug] [MainThread]: Flushing usage events
[0m05:38:37.151110 [debug] [MainThread]: An error was encountered while trying to flush usage events
[0m20:23:46.304596 [debug] [MainThread]: Got an exception trying to initialize tracking


============================== 20:23:46.309587 | 07956a3e-0b5e-49c9-b0e9-3ef87f4d07d0 ==============================
[0m20:23:46.309587 [info ] [MainThread]: Running with dbt=1.10.9
[0m20:23:46.310039 [debug] [MainThread]: running dbt with arguments {'log_format': 'default', 'warn_error': 'None', 'use_colors': 'True', 'cache_selected_only': 'False', 'log_cache_events': 'False', 'static_parser': 'True', 'introspect': 'True', 'log_path': 'logs', 'version_check': 'True', 'no_print': 'None', 'warn_error_options': 'WarnErrorOptionsV2(error=[], warn=[], silence=[])', 'target_path': 'None', 'empty': 'None', 'quiet': 'False', 'profiles_dir': '/home/airflow/.dbt', 'send_anonymous_usage_stats': 'True', 'partial_parse': 'True', 'debug': 'False', 'use_experimental_parser': 'False', 'indirect_selection': 'eager', 'printer_width': '80', 'write_json': 'True', 'fail_fast': 'False', 'invocation_command': 'dbt init'}
[0m20:23:49.316275 [debug] [MainThread]: Starter project path: /home/airflow/.local/lib/python3.12/site-packages/dbt/include/starter_project
[0m20:23:49.320885 [info ] [MainThread]: 
Your new dbt project "teste" was created!

For more information on how to configure the profiles.yml file,
please consult the dbt documentation here:

  https://docs.getdbt.com/docs/configure-your-profile

One more thing:

Need help? Don't hesitate to reach out to us via GitHub issues or on Slack:

  https://community.getdbt.com/

Happy modeling!

[0m20:23:49.321226 [info ] [MainThread]: Setting up your profile.
[0m20:23:52.027075 [debug] [MainThread]: Spark adapter: Setting pyhive.hive logging to ERROR
[0m20:23:52.027454 [debug] [MainThread]: Spark adapter: Setting thrift.transport logging to ERROR
[0m20:23:52.027707 [debug] [MainThread]: Spark adapter: Setting thrift.protocol logging to ERROR
[0m20:24:05.835725 [info ] [MainThread]: Profile teste written to /home/airflow/.dbt/profiles.yml using target's profile_template.yml and your supplied values. Run 'dbt debug' to validate the connection.
[0m20:24:05.838039 [debug] [MainThread]: Resource report: {"command_name": "init", "command_success": true, "command_wall_clock_time": 19.57061, "process_in_blocks": "0", "process_kernel_time": 0.098814, "process_mem_max_rss": "109152", "process_out_blocks": "96", "process_user_time": 1.412354}
[0m20:24:05.839367 [debug] [MainThread]: Command `dbt init` succeeded at 20:24:05.839083 after 19.57 seconds
[0m20:24:05.840223 [debug] [MainThread]: Flushing usage events
