[2025-07-05T06:10:43.262+0000] {local_task_job_runner.py:120} INFO - ::group::Pre task execution logs
[2025-07-05T06:10:43.362+0000] {taskinstance.py:2076} INFO - Dependencies all met for dep_context=non-requeueable deps ti=<TaskInstance: example_bash_operator.run_after_loop scheduled__2025-07-04T00:00:00+00:00 [queued]>
[2025-07-05T06:10:43.387+0000] {taskinstance.py:2076} INFO - Dependencies all met for dep_context=requeueable deps ti=<TaskInstance: example_bash_operator.run_after_loop scheduled__2025-07-04T00:00:00+00:00 [queued]>
[2025-07-05T06:10:43.391+0000] {taskinstance.py:2306} INFO - Starting attempt 1 of 1
[2025-07-05T06:10:43.464+0000] {taskinstance.py:2330} INFO - Executing <Task(BashOperator): run_after_loop> on 2025-07-04 00:00:00+00:00
[2025-07-05T06:10:43.529+0000] {logging_mixin.py:188} WARNING - /home/***/.local/lib/python3.12/site-packages/***/task/task_runner/standard_task_runner.py:61 DeprecationWarning: This process (pid=701) is multi-threaded, use of fork() may lead to deadlocks in the child.
[2025-07-05T06:10:43.530+0000] {standard_task_runner.py:63} INFO - Started process 759 to run task
[2025-07-05T06:10:43.522+0000] {standard_task_runner.py:90} INFO - Running: ['***', 'tasks', 'run', 'example_bash_operator', 'run_after_loop', 'scheduled__2025-07-04T00:00:00+00:00', '--job-id', '88', '--raw', '--subdir', '/home/***/.local/lib/python3.12/site-packages/***/example_dags/example_bash_operator.py', '--cfg-path', '/tmp/tmpzh4_h1h6']
[2025-07-05T06:10:43.544+0000] {standard_task_runner.py:91} INFO - Job 88: Subtask run_after_loop
[2025-07-05T06:10:43.718+0000] {task_command.py:426} INFO - Running <TaskInstance: example_bash_operator.run_after_loop scheduled__2025-07-04T00:00:00+00:00 [running]> on host b39724c39614
[2025-07-05T06:10:43.916+0000] {taskinstance.py:2648} INFO - Exporting env vars: AIRFLOW_CTX_DAG_OWNER='***' AIRFLOW_CTX_DAG_ID='example_bash_operator' AIRFLOW_CTX_TASK_ID='run_after_loop' AIRFLOW_CTX_EXECUTION_DATE='2025-07-04T00:00:00+00:00' AIRFLOW_CTX_TRY_NUMBER='1' AIRFLOW_CTX_DAG_RUN_ID='scheduled__2025-07-04T00:00:00+00:00'
[2025-07-05T06:10:43.919+0000] {taskinstance.py:430} INFO - ::endgroup::
[2025-07-05T06:10:43.920+0000] {subprocess.py:63} INFO - Tmp dir root location: /tmp
[2025-07-05T06:10:43.921+0000] {subprocess.py:75} INFO - Running command: ['/usr/bin/bash', '-c', "ls -alh --color=always / && echo https://***.apache.org/  && echo 'some <code>html</code>'"]
[2025-07-05T06:10:43.983+0000] {subprocess.py:86} INFO - Output:
[2025-07-05T06:10:44.025+0000] {subprocess.py:93} INFO - total 164K
[2025-07-05T06:10:44.026+0000] {subprocess.py:93} INFO - drwxr-xr-x   1 root    root 4.0K Jul  5 06:09 .
[2025-07-05T06:10:44.026+0000] {subprocess.py:93} INFO - drwxr-xr-x   1 root    root 4.0K Jul  5 06:09 ..
[2025-07-05T06:10:44.026+0000] {subprocess.py:93} INFO - -rwxr-xr-x   1 root    root    0 Jul  5 06:09 .dockerenv
[2025-07-05T06:10:44.026+0000] {subprocess.py:93} INFO - -rw-r--r--   1 *** root  73K May  6  2024 Dockerfile
[2025-07-05T06:10:44.027+0000] {subprocess.py:93} INFO - -rw-rw-r--   1 root    root  282 May  6  2024 ***-scheduler-autorestart
[2025-07-05T06:10:44.027+0000] {subprocess.py:93} INFO - lrwxrwxrwx   1 root    root    7 Apr 23  2024 bin -> usr/bin
[2025-07-05T06:10:44.027+0000] {subprocess.py:93} INFO - drwxr-xr-x   2 root    root 4.0K Jan 28  2024 boot
[2025-07-05T06:10:44.027+0000] {subprocess.py:93} INFO - -rwxrwxr-x   1 root    root  643 May  6  2024 clean-logs
[2025-07-05T06:10:44.027+0000] {subprocess.py:93} INFO - drwxr-xr-x   5 root    root  340 Jul  5 06:10 dev
[2025-07-05T06:10:44.028+0000] {subprocess.py:93} INFO - -rwxrwxr-x   1 root    root  12K May  6  2024 entrypoint
[2025-07-05T06:10:44.028+0000] {subprocess.py:93} INFO - drwxr-xr-x   1 root    root 4.0K Jul  5 06:09 etc
[2025-07-05T06:10:44.028+0000] {subprocess.py:93} INFO - drwxr-xr-x   1 root    root 4.0K May  6  2024 home
[2025-07-05T06:10:44.028+0000] {subprocess.py:93} INFO - lrwxrwxrwx   1 root    root    7 Apr 23  2024 lib -> usr/lib
[2025-07-05T06:10:44.028+0000] {subprocess.py:93} INFO - lrwxrwxrwx   1 root    root    9 Apr 23  2024 lib64 -> usr/lib64
[2025-07-05T06:10:44.028+0000] {subprocess.py:93} INFO - drwxr-xr-x   2 root    root 4.0K Apr 23  2024 media
[2025-07-05T06:10:44.029+0000] {subprocess.py:93} INFO - drwxr-xr-x   2 root    root 4.0K Apr 23  2024 mnt
[2025-07-05T06:10:44.029+0000] {subprocess.py:93} INFO - drwxr-xr-x   1 root    root 4.0K May  6  2024 opt
[2025-07-05T06:10:44.029+0000] {subprocess.py:93} INFO - dr-xr-xr-x 506 root    root    0 Jul  5 06:10 proc
[2025-07-05T06:10:44.029+0000] {subprocess.py:93} INFO - drwx------   1 root    root 4.0K May  6  2024 root
[2025-07-05T06:10:44.029+0000] {subprocess.py:93} INFO - drwxr-xr-x   1 root    root 4.0K May  6  2024 run
[2025-07-05T06:10:44.029+0000] {subprocess.py:93} INFO - lrwxrwxrwx   1 root    root    8 Apr 23  2024 sbin -> usr/sbin
[2025-07-05T06:10:44.030+0000] {subprocess.py:93} INFO - drwxr-xr-x   1 root    root 4.0K May  6  2024 scripts
[2025-07-05T06:10:44.030+0000] {subprocess.py:93} INFO - drwxr-xr-x   2 root    root 4.0K Apr 23  2024 srv
[2025-07-05T06:10:44.030+0000] {subprocess.py:93} INFO - dr-xr-xr-x  13 root    root    0 Jul  5 06:10 sys
[2025-07-05T06:10:44.030+0000] {subprocess.py:93} INFO - drwxrwxrwt   1 root    root 4.0K Jul  5 06:10 tmp
[2025-07-05T06:10:44.030+0000] {subprocess.py:93} INFO - drwxr-xr-x   1 root    root 4.0K Apr 23  2024 usr
[2025-07-05T06:10:44.030+0000] {subprocess.py:93} INFO - drwxr-xr-x   1 root    root 4.0K Apr 23  2024 var
[2025-07-05T06:10:44.031+0000] {subprocess.py:93} INFO - https://***.apache.org/
[2025-07-05T06:10:44.032+0000] {subprocess.py:93} INFO - some <code>html</code>
[2025-07-05T06:10:44.032+0000] {subprocess.py:97} INFO - Command exited with return code 0
[2025-07-05T06:10:44.032+0000] {taskinstance.py:441} INFO - ::group::Post task execution logs
[2025-07-05T06:10:44.128+0000] {taskinstance.py:1206} INFO - Marking task as SUCCESS. dag_id=example_bash_operator, task_id=run_after_loop, run_id=scheduled__2025-07-04T00:00:00+00:00, execution_date=20250704T000000, start_date=20250705T061043, end_date=20250705T061044
[2025-07-05T06:10:44.205+0000] {local_task_job_runner.py:240} INFO - Task exited with return code 0
[2025-07-05T06:10:44.228+0000] {local_task_job_runner.py:222} INFO - ::endgroup::
