[2025-07-05T06:11:05.903+0000] {local_task_job_runner.py:120} INFO - ::group::Pre task execution logs
[2025-07-05T06:11:05.988+0000] {taskinstance.py:2076} INFO - Dependencies all met for dep_context=non-requeueable deps ti=<TaskInstance: example_branch_python_operator_decorator.ext_py_b scheduled__2025-07-04T00:00:00+00:00 [queued]>
[2025-07-05T06:11:06.007+0000] {taskinstance.py:2076} INFO - Dependencies all met for dep_context=requeueable deps ti=<TaskInstance: example_branch_python_operator_decorator.ext_py_b scheduled__2025-07-04T00:00:00+00:00 [queued]>
[2025-07-05T06:11:06.008+0000] {taskinstance.py:2306} INFO - Starting attempt 1 of 1
[2025-07-05T06:11:06.033+0000] {taskinstance.py:2330} INFO - Executing <Task(_PythonExternalDecoratedOperator): ext_py_b> on 2025-07-04 00:00:00+00:00
[2025-07-05T06:11:06.047+0000] {logging_mixin.py:188} WARNING - /home/***/.local/lib/python3.12/site-packages/***/task/task_runner/standard_task_runner.py:61 DeprecationWarning: This process (pid=1117) is multi-threaded, use of fork() may lead to deadlocks in the child.
[2025-07-05T06:11:06.048+0000] {standard_task_runner.py:63} INFO - Started process 1221 to run task
[2025-07-05T06:11:06.053+0000] {standard_task_runner.py:90} INFO - Running: ['***', 'tasks', 'run', 'example_branch_python_operator_decorator', 'ext_py_b', 'scheduled__2025-07-04T00:00:00+00:00', '--job-id', '160', '--raw', '--subdir', '/home/***/.local/lib/python3.12/site-packages/***/example_dags/example_branch_operator_decorator.py', '--cfg-path', '/tmp/tmplbl61w4u']
[2025-07-05T06:11:06.058+0000] {standard_task_runner.py:91} INFO - Job 160: Subtask ext_py_b
[2025-07-05T06:11:06.154+0000] {task_command.py:426} INFO - Running <TaskInstance: example_branch_python_operator_decorator.ext_py_b scheduled__2025-07-04T00:00:00+00:00 [running]> on host b39724c39614
[2025-07-05T06:11:06.464+0000] {taskinstance.py:2648} INFO - Exporting env vars: AIRFLOW_CTX_DAG_OWNER='***' AIRFLOW_CTX_DAG_ID='example_branch_python_operator_decorator' AIRFLOW_CTX_TASK_ID='ext_py_b' AIRFLOW_CTX_EXECUTION_DATE='2025-07-04T00:00:00+00:00' AIRFLOW_CTX_TRY_NUMBER='1' AIRFLOW_CTX_DAG_RUN_ID='scheduled__2025-07-04T00:00:00+00:00'
[2025-07-05T06:11:06.466+0000] {taskinstance.py:430} INFO - ::endgroup::
[2025-07-05T06:11:09.689+0000] {process_utils.py:183} INFO - Executing cmd: /home/***/.local/bin/python /tmp/venv-callb3qm1hzg/script.py /tmp/venv-callb3qm1hzg/script.in /tmp/venv-callb3qm1hzg/script.out /tmp/venv-callb3qm1hzg/string_args.txt /tmp/venv-callb3qm1hzg/termination.log
[2025-07-05T06:11:09.711+0000] {process_utils.py:187} INFO - Output:
[2025-07-05T06:11:21.368+0000] {process_utils.py:191} INFO - doing something in external Python
[2025-07-05T06:11:22.220+0000] {python.py:237} INFO - Done. Returned value was: None
[2025-07-05T06:11:22.221+0000] {taskinstance.py:441} INFO - ::group::Post task execution logs
[2025-07-05T06:11:22.233+0000] {taskinstance.py:1206} INFO - Marking task as SUCCESS. dag_id=example_branch_python_operator_decorator, task_id=ext_py_b, run_id=scheduled__2025-07-04T00:00:00+00:00, execution_date=20250704T000000, start_date=20250705T061105, end_date=20250705T061122
[2025-07-05T06:11:22.837+0000] {local_task_job_runner.py:240} INFO - Task exited with return code 0
[2025-07-05T06:11:22.909+0000] {taskinstance.py:3498} INFO - 0 downstream tasks scheduled from follow-on schedule check
[2025-07-05T06:11:22.927+0000] {local_task_job_runner.py:222} INFO - ::endgroup::
