[2025-07-05T06:10:49.056+0000] {local_task_job_runner.py:120} INFO - ::group::Pre task execution logs
[2025-07-05T06:10:49.275+0000] {taskinstance.py:2076} INFO - Dependencies all met for dep_context=non-requeueable deps ti=<TaskInstance: latest_only.latest_only scheduled__2025-07-05T00:00:00+00:00 [queued]>
[2025-07-05T06:10:49.331+0000] {taskinstance.py:2076} INFO - Dependencies all met for dep_context=requeueable deps ti=<TaskInstance: latest_only.latest_only scheduled__2025-07-05T00:00:00+00:00 [queued]>
[2025-07-05T06:10:49.332+0000] {taskinstance.py:2306} INFO - Starting attempt 1 of 1
[2025-07-05T06:10:49.421+0000] {taskinstance.py:2330} INFO - Executing <Task(LatestOnlyOperator): latest_only> on 2025-07-05 00:00:00+00:00
[2025-07-05T06:10:49.471+0000] {logging_mixin.py:188} WARNING - /home/***/.local/lib/python3.12/site-packages/***/task/task_runner/standard_task_runner.py:61 DeprecationWarning: This process (pid=757) is multi-threaded, use of fork() may lead to deadlocks in the child.
[2025-07-05T06:10:49.481+0000] {standard_task_runner.py:63} INFO - Started process 849 to run task
[2025-07-05T06:10:49.469+0000] {standard_task_runner.py:90} INFO - Running: ['***', 'tasks', 'run', 'latest_only', 'latest_only', 'scheduled__2025-07-05T00:00:00+00:00', '--job-id', '109', '--raw', '--subdir', '/home/***/.local/lib/python3.12/site-packages/***/example_dags/example_latest_only.py', '--cfg-path', '/tmp/tmpzejiwxbq']
[2025-07-05T06:10:49.507+0000] {standard_task_runner.py:91} INFO - Job 109: Subtask latest_only
[2025-07-05T06:10:49.632+0000] {task_command.py:426} INFO - Running <TaskInstance: latest_only.latest_only scheduled__2025-07-05T00:00:00+00:00 [running]> on host b39724c39614
[2025-07-05T06:10:49.936+0000] {taskinstance.py:2648} INFO - Exporting env vars: AIRFLOW_CTX_DAG_OWNER='***' AIRFLOW_CTX_DAG_ID='latest_only' AIRFLOW_CTX_TASK_ID='latest_only' AIRFLOW_CTX_EXECUTION_DATE='2025-07-05T00:00:00+00:00' AIRFLOW_CTX_TRY_NUMBER='1' AIRFLOW_CTX_DAG_RUN_ID='scheduled__2025-07-05T00:00:00+00:00'
[2025-07-05T06:10:49.941+0000] {taskinstance.py:430} INFO - ::endgroup::
[2025-07-05T06:10:49.941+0000] {latest_only.py:63} INFO - Checking latest only with left_window: 2025-07-05 04:00:00+00:00 right_window: 2025-07-05 08:00:00+00:00 now: 2025-07-05 06:10:49.941828+00:00
[2025-07-05T06:10:49.942+0000] {latest_only.py:76} INFO - Latest, allowing execution to proceed.
[2025-07-05T06:10:49.942+0000] {branch.py:36} INFO - Branch into ['task1']
[2025-07-05T06:10:49.942+0000] {skipmixin.py:178} INFO - Following branch ['task1']
[2025-07-05T06:10:49.966+0000] {skipmixin.py:246} INFO - Skipping tasks []
[2025-07-05T06:10:50.023+0000] {taskinstance.py:441} INFO - ::group::Post task execution logs
[2025-07-05T06:10:50.082+0000] {taskinstance.py:1206} INFO - Marking task as SUCCESS. dag_id=latest_only, task_id=latest_only, run_id=scheduled__2025-07-05T00:00:00+00:00, execution_date=20250705T000000, start_date=20250705T061049, end_date=20250705T061050
[2025-07-05T06:10:50.190+0000] {local_task_job_runner.py:240} INFO - Task exited with return code 0
[2025-07-05T06:10:50.273+0000] {taskinstance.py:3498} INFO - 0 downstream tasks scheduled from follow-on schedule check
[2025-07-05T06:10:50.293+0000] {local_task_job_runner.py:222} INFO - ::endgroup::
