[2025-07-05T06:10:59.583+0000] {local_task_job_runner.py:120} INFO - ::group::Pre task execution logs
[2025-07-05T06:10:59.654+0000] {taskinstance.py:2076} INFO - Dependencies all met for dep_context=non-requeueable deps ti=<TaskInstance: example_trigger_target_dag.bash_task manual__2025-07-05T06:10:23.564928+00:00 [queued]>
[2025-07-05T06:10:59.680+0000] {taskinstance.py:2076} INFO - Dependencies all met for dep_context=requeueable deps ti=<TaskInstance: example_trigger_target_dag.bash_task manual__2025-07-05T06:10:23.564928+00:00 [queued]>
[2025-07-05T06:10:59.681+0000] {taskinstance.py:2306} INFO - Starting attempt 1 of 1
[2025-07-05T06:10:59.714+0000] {taskinstance.py:2330} INFO - Executing <Task(BashOperator): bash_task> on 2025-07-05 06:10:23.564928+00:00
[2025-07-05T06:10:59.729+0000] {standard_task_runner.py:90} INFO - Running: ['***', 'tasks', 'run', 'example_trigger_target_dag', 'bash_task', 'manual__2025-07-05T06:10:23.564928+00:00', '--job-id', '149', '--raw', '--subdir', '/home/***/.local/lib/python3.12/site-packages/***/example_dags/example_trigger_target_dag.py', '--cfg-path', '/tmp/tmpphn5hpp1']
[2025-07-05T06:10:59.734+0000] {standard_task_runner.py:91} INFO - Job 149: Subtask bash_task
[2025-07-05T06:10:59.731+0000] {logging_mixin.py:188} WARNING - /home/***/.local/lib/python3.12/site-packages/***/task/task_runner/standard_task_runner.py:61 DeprecationWarning: This process (pid=952) is multi-threaded, use of fork() may lead to deadlocks in the child.
[2025-07-05T06:10:59.739+0000] {standard_task_runner.py:63} INFO - Started process 1053 to run task
[2025-07-05T06:10:59.828+0000] {task_command.py:426} INFO - Running <TaskInstance: example_trigger_target_dag.bash_task manual__2025-07-05T06:10:23.564928+00:00 [running]> on host b39724c39614
[2025-07-05T06:10:59.949+0000] {taskinstance.py:2648} INFO - Exporting env vars: AIRFLOW_CTX_DAG_OWNER='***' AIRFLOW_CTX_DAG_ID='example_trigger_target_dag' AIRFLOW_CTX_TASK_ID='bash_task' AIRFLOW_CTX_EXECUTION_DATE='2025-07-05T06:10:23.564928+00:00' AIRFLOW_CTX_TRY_NUMBER='1' AIRFLOW_CTX_DAG_RUN_ID='manual__2025-07-05T06:10:23.564928+00:00'
[2025-07-05T06:10:59.951+0000] {taskinstance.py:430} INFO - ::endgroup::
[2025-07-05T06:10:59.952+0000] {subprocess.py:63} INFO - Tmp dir root location: /tmp
[2025-07-05T06:10:59.952+0000] {subprocess.py:75} INFO - Running command: ['/usr/bin/bash', '-c', 'echo "Here is the message: $message"']
[2025-07-05T06:10:59.976+0000] {subprocess.py:86} INFO - Output:
[2025-07-05T06:10:59.977+0000] {subprocess.py:93} INFO - Here is the message: Hello World
[2025-07-05T06:10:59.977+0000] {subprocess.py:97} INFO - Command exited with return code 0
[2025-07-05T06:10:59.978+0000] {taskinstance.py:441} INFO - ::group::Post task execution logs
[2025-07-05T06:11:00.028+0000] {taskinstance.py:1206} INFO - Marking task as SUCCESS. dag_id=example_trigger_target_dag, task_id=bash_task, run_id=manual__2025-07-05T06:10:23.564928+00:00, execution_date=20250705T061023, start_date=20250705T061059, end_date=20250705T061100
[2025-07-05T06:11:00.080+0000] {local_task_job_runner.py:240} INFO - Task exited with return code 0
[2025-07-05T06:11:00.109+0000] {taskinstance.py:3498} INFO - 0 downstream tasks scheduled from follow-on schedule check
[2025-07-05T06:11:00.115+0000] {local_task_job_runner.py:222} INFO - ::endgroup::
