[2025-07-05T06:11:10.318+0000] {local_task_job_runner.py:120} INFO - ::group::Pre task execution logs
[2025-07-05T06:11:10.424+0000] {taskinstance.py:2076} INFO - Dependencies all met for dep_context=non-requeueable deps ti=<TaskInstance: dataset_consumes_1.consuming_1 dataset_triggered__2025-07-05T06:11:04.890820+00:00 [queued]>
[2025-07-05T06:11:10.456+0000] {taskinstance.py:2076} INFO - Dependencies all met for dep_context=requeueable deps ti=<TaskInstance: dataset_consumes_1.consuming_1 dataset_triggered__2025-07-05T06:11:04.890820+00:00 [queued]>
[2025-07-05T06:11:10.456+0000] {taskinstance.py:2306} INFO - Starting attempt 1 of 1
[2025-07-05T06:11:10.493+0000] {taskinstance.py:2330} INFO - Executing <Task(BashOperator): consuming_1> on 2025-07-05 06:11:04.890820+00:00
[2025-07-05T06:11:10.506+0000] {logging_mixin.py:188} WARNING - /home/***/.local/lib/python3.12/site-packages/***/task/task_runner/standard_task_runner.py:61 DeprecationWarning: This process (pid=1240) is multi-threaded, use of fork() may lead to deadlocks in the child.
[2025-07-05T06:11:10.516+0000] {standard_task_runner.py:63} INFO - Started process 1313 to run task
[2025-07-05T06:11:10.519+0000] {standard_task_runner.py:90} INFO - Running: ['***', 'tasks', 'run', 'dataset_consumes_1', 'consuming_1', 'dataset_triggered__2025-07-05T06:11:04.890820+00:00', '--job-id', '175', '--raw', '--subdir', '/home/***/.local/lib/python3.12/site-packages/***/example_dags/example_datasets.py', '--cfg-path', '/tmp/tmpcce53gxi']
[2025-07-05T06:11:10.522+0000] {standard_task_runner.py:91} INFO - Job 175: Subtask consuming_1
[2025-07-05T06:11:10.730+0000] {task_command.py:426} INFO - Running <TaskInstance: dataset_consumes_1.consuming_1 dataset_triggered__2025-07-05T06:11:04.890820+00:00 [running]> on host b39724c39614
[2025-07-05T06:11:10.986+0000] {taskinstance.py:2648} INFO - Exporting env vars: AIRFLOW_CTX_DAG_OWNER='***' AIRFLOW_CTX_DAG_ID='dataset_consumes_1' AIRFLOW_CTX_TASK_ID='consuming_1' AIRFLOW_CTX_EXECUTION_DATE='2025-07-05T06:11:04.890820+00:00' AIRFLOW_CTX_TRY_NUMBER='1' AIRFLOW_CTX_DAG_RUN_ID='dataset_triggered__2025-07-05T06:11:04.890820+00:00'
[2025-07-05T06:11:10.992+0000] {taskinstance.py:430} INFO - ::endgroup::
[2025-07-05T06:11:10.993+0000] {subprocess.py:63} INFO - Tmp dir root location: /tmp
[2025-07-05T06:11:10.997+0000] {subprocess.py:75} INFO - Running command: ['/usr/bin/bash', '-c', 'sleep 5']
[2025-07-05T06:11:11.077+0000] {subprocess.py:86} INFO - Output:
[2025-07-05T06:11:16.110+0000] {subprocess.py:97} INFO - Command exited with return code 0
[2025-07-05T06:11:16.111+0000] {taskinstance.py:441} INFO - ::group::Post task execution logs
[2025-07-05T06:11:16.161+0000] {logging_mixin.py:188} WARNING - /home/***/.local/lib/python3.12/site-packages/***/models/baseoperator.py:1564 RemovedInAirflow3Warning: Passing 'execution_date' to 'TaskInstance.xcom_push()' is deprecated.
[2025-07-05T06:11:16.212+0000] {taskinstance.py:1206} INFO - Marking task as SUCCESS. dag_id=dataset_consumes_1, task_id=consuming_1, run_id=dataset_triggered__2025-07-05T06:11:04.890820+00:00, execution_date=20250705T061104, start_date=20250705T061110, end_date=20250705T061116
[2025-07-05T06:11:16.314+0000] {local_task_job_runner.py:240} INFO - Task exited with return code 0
[2025-07-05T06:11:16.361+0000] {taskinstance.py:3498} INFO - 0 downstream tasks scheduled from follow-on schedule check
[2025-07-05T06:11:16.390+0000] {local_task_job_runner.py:222} INFO - ::endgroup::
