[2025-07-05T06:10:31.613+0000] {local_task_job_runner.py:120} INFO - ::group::Pre task execution logs
[2025-07-05T06:10:31.849+0000] {taskinstance.py:2076} INFO - Dependencies all met for dep_context=non-requeueable deps ti=<TaskInstance: example_nested_branch_dag.branch_1 scheduled__2025-07-04T00:00:00+00:00 [queued]>
[2025-07-05T06:10:31.867+0000] {taskinstance.py:2076} INFO - Dependencies all met for dep_context=requeueable deps ti=<TaskInstance: example_nested_branch_dag.branch_1 scheduled__2025-07-04T00:00:00+00:00 [queued]>
[2025-07-05T06:10:31.867+0000] {taskinstance.py:2306} INFO - Starting attempt 1 of 1
[2025-07-05T06:10:31.936+0000] {taskinstance.py:2330} INFO - Executing <Task(_BranchPythonDecoratedOperator): branch_1> on 2025-07-04 00:00:00+00:00
[2025-07-05T06:10:31.953+0000] {standard_task_runner.py:90} INFO - Running: ['***', 'tasks', 'run', 'example_nested_branch_dag', 'branch_1', 'scheduled__2025-07-04T00:00:00+00:00', '--job-id', '43', '--raw', '--subdir', '/home/***/.local/lib/python3.12/site-packages/***/example_dags/example_nested_branch_dag.py', '--cfg-path', '/tmp/tmpexs961su']
[2025-07-05T06:10:31.978+0000] {standard_task_runner.py:91} INFO - Job 43: Subtask branch_1
[2025-07-05T06:10:31.967+0000] {logging_mixin.py:188} WARNING - /home/***/.local/lib/python3.12/site-packages/***/task/task_runner/standard_task_runner.py:61 DeprecationWarning: This process (pid=517) is multi-threaded, use of fork() may lead to deadlocks in the child.
[2025-07-05T06:10:31.983+0000] {standard_task_runner.py:63} INFO - Started process 633 to run task
[2025-07-05T06:10:32.127+0000] {task_command.py:426} INFO - Running <TaskInstance: example_nested_branch_dag.branch_1 scheduled__2025-07-04T00:00:00+00:00 [running]> on host b39724c39614
[2025-07-05T06:10:32.288+0000] {taskinstance.py:2648} INFO - Exporting env vars: AIRFLOW_CTX_DAG_OWNER='***' AIRFLOW_CTX_DAG_ID='example_nested_branch_dag' AIRFLOW_CTX_TASK_ID='branch_1' AIRFLOW_CTX_EXECUTION_DATE='2025-07-04T00:00:00+00:00' AIRFLOW_CTX_TRY_NUMBER='1' AIRFLOW_CTX_DAG_RUN_ID='scheduled__2025-07-04T00:00:00+00:00'
[2025-07-05T06:10:32.292+0000] {taskinstance.py:430} INFO - ::endgroup::
[2025-07-05T06:10:32.292+0000] {python.py:237} INFO - Done. Returned value was: true_1
[2025-07-05T06:10:32.293+0000] {branch.py:36} INFO - Branch into true_1
[2025-07-05T06:10:32.293+0000] {skipmixin.py:178} INFO - Following branch true_1
[2025-07-05T06:10:32.353+0000] {skipmixin.py:246} INFO - Skipping tasks [('false_1', -1)]
[2025-07-05T06:10:32.437+0000] {taskinstance.py:441} INFO - ::group::Post task execution logs
[2025-07-05T06:10:32.495+0000] {taskinstance.py:1206} INFO - Marking task as SUCCESS. dag_id=example_nested_branch_dag, task_id=branch_1, run_id=scheduled__2025-07-04T00:00:00+00:00, execution_date=20250704T000000, start_date=20250705T061031, end_date=20250705T061032
[2025-07-05T06:10:32.554+0000] {local_task_job_runner.py:240} INFO - Task exited with return code 0
[2025-07-05T06:10:32.686+0000] {taskinstance.py:3498} INFO - 0 downstream tasks scheduled from follow-on schedule check
[2025-07-05T06:10:32.699+0000] {local_task_job_runner.py:222} INFO - ::endgroup::
