[2025-07-05T06:10:43.301+0000] {local_task_job_runner.py:120} INFO - ::group::Pre task execution logs
[2025-07-05T06:10:43.429+0000] {taskinstance.py:2076} INFO - Dependencies all met for dep_context=non-requeueable deps ti=<TaskInstance: example_branch_python_operator_decorator.branching_ext_python scheduled__2025-07-04T00:00:00+00:00 [queued]>
[2025-07-05T06:10:43.492+0000] {taskinstance.py:2076} INFO - Dependencies all met for dep_context=requeueable deps ti=<TaskInstance: example_branch_python_operator_decorator.branching_ext_python scheduled__2025-07-04T00:00:00+00:00 [queued]>
[2025-07-05T06:10:43.497+0000] {taskinstance.py:2306} INFO - Starting attempt 1 of 1
[2025-07-05T06:10:43.564+0000] {taskinstance.py:2330} INFO - Executing <Task(_BranchExternalPythonDecoratedOperator): branching_ext_python> on 2025-07-04 00:00:00+00:00
[2025-07-05T06:10:43.606+0000] {logging_mixin.py:188} WARNING - /home/***/.local/lib/python3.12/site-packages/***/task/task_runner/standard_task_runner.py:61 DeprecationWarning: This process (pid=713) is multi-threaded, use of fork() may lead to deadlocks in the child.
[2025-07-05T06:10:43.615+0000] {standard_task_runner.py:63} INFO - Started process 760 to run task
[2025-07-05T06:10:43.603+0000] {standard_task_runner.py:90} INFO - Running: ['***', 'tasks', 'run', 'example_branch_python_operator_decorator', 'branching_ext_python', 'scheduled__2025-07-04T00:00:00+00:00', '--job-id', '89', '--raw', '--subdir', '/home/***/.local/lib/python3.12/site-packages/***/example_dags/example_branch_operator_decorator.py', '--cfg-path', '/tmp/tmpz53g1567']
[2025-07-05T06:10:43.624+0000] {standard_task_runner.py:91} INFO - Job 89: Subtask branching_ext_python
[2025-07-05T06:10:43.772+0000] {task_command.py:426} INFO - Running <TaskInstance: example_branch_python_operator_decorator.branching_ext_python scheduled__2025-07-04T00:00:00+00:00 [running]> on host b39724c39614
[2025-07-05T06:10:44.042+0000] {taskinstance.py:2648} INFO - Exporting env vars: AIRFLOW_CTX_DAG_OWNER='***' AIRFLOW_CTX_DAG_ID='example_branch_python_operator_decorator' AIRFLOW_CTX_TASK_ID='branching_ext_python' AIRFLOW_CTX_EXECUTION_DATE='2025-07-04T00:00:00+00:00' AIRFLOW_CTX_TRY_NUMBER='1' AIRFLOW_CTX_DAG_RUN_ID='scheduled__2025-07-04T00:00:00+00:00'
[2025-07-05T06:10:44.044+0000] {taskinstance.py:430} INFO - ::endgroup::
[2025-07-05T06:10:46.643+0000] {process_utils.py:183} INFO - Executing cmd: /home/***/.local/bin/python /tmp/venv-callpx7uowcf/script.py /tmp/venv-callpx7uowcf/script.in /tmp/venv-callpx7uowcf/script.out /tmp/venv-callpx7uowcf/string_args.txt /tmp/venv-callpx7uowcf/termination.log
[2025-07-05T06:10:46.651+0000] {process_utils.py:187} INFO - Output:
[2025-07-05T06:10:59.821+0000] {python.py:237} INFO - Done. Returned value was: ext_py_b
[2025-07-05T06:10:59.821+0000] {branch.py:36} INFO - Branch into ext_py_b
[2025-07-05T06:10:59.822+0000] {skipmixin.py:178} INFO - Following branch ext_py_b
[2025-07-05T06:10:59.868+0000] {skipmixin.py:246} INFO - Skipping tasks [('ext_py_d', -1), ('ext_py_a', -1), ('ext_py_c', -1)]
[2025-07-05T06:10:59.935+0000] {taskinstance.py:441} INFO - ::group::Post task execution logs
[2025-07-05T06:10:59.973+0000] {taskinstance.py:1206} INFO - Marking task as SUCCESS. dag_id=example_branch_python_operator_decorator, task_id=branching_ext_python, run_id=scheduled__2025-07-04T00:00:00+00:00, execution_date=20250704T000000, start_date=20250705T061043, end_date=20250705T061059
[2025-07-05T06:11:00.028+0000] {local_task_job_runner.py:240} INFO - Task exited with return code 0
[2025-07-05T06:11:00.073+0000] {taskinstance.py:3498} INFO - 1 downstream tasks scheduled from follow-on schedule check
[2025-07-05T06:11:00.077+0000] {local_task_job_runner.py:222} INFO - ::endgroup::
