[2025-07-05T06:10:25.420+0000] {local_task_job_runner.py:120} INFO - ::group::Pre task execution logs
[2025-07-05T06:10:25.567+0000] {taskinstance.py:2076} INFO - Dependencies all met for dep_context=non-requeueable deps ti=<TaskInstance: example_short_circuit_operator.condition_is_True scheduled__2025-07-04T00:00:00+00:00 [queued]>
[2025-07-05T06:10:25.645+0000] {taskinstance.py:2076} INFO - Dependencies all met for dep_context=requeueable deps ti=<TaskInstance: example_short_circuit_operator.condition_is_True scheduled__2025-07-04T00:00:00+00:00 [queued]>
[2025-07-05T06:10:25.646+0000] {taskinstance.py:2306} INFO - Starting attempt 1 of 1
[2025-07-05T06:10:25.712+0000] {taskinstance.py:2330} INFO - Executing <Task(ShortCircuitOperator): condition_is_True> on 2025-07-04 00:00:00+00:00
[2025-07-05T06:10:25.730+0000] {logging_mixin.py:188} WARNING - /home/***/.local/lib/python3.12/site-packages/***/task/task_runner/standard_task_runner.py:61 DeprecationWarning: This process (pid=310) is multi-threaded, use of fork() may lead to deadlocks in the child.
[2025-07-05T06:10:25.734+0000] {standard_task_runner.py:63} INFO - Started process 538 to run task
[2025-07-05T06:10:25.738+0000] {standard_task_runner.py:90} INFO - Running: ['***', 'tasks', 'run', 'example_short_circuit_operator', 'condition_is_True', 'scheduled__2025-07-04T00:00:00+00:00', '--job-id', '32', '--raw', '--subdir', '/home/***/.local/lib/python3.12/site-packages/***/example_dags/example_short_circuit_operator.py', '--cfg-path', '/tmp/tmp35dn0cb6']
[2025-07-05T06:10:25.762+0000] {standard_task_runner.py:91} INFO - Job 32: Subtask condition_is_True
[2025-07-05T06:10:25.887+0000] {task_command.py:426} INFO - Running <TaskInstance: example_short_circuit_operator.condition_is_True scheduled__2025-07-04T00:00:00+00:00 [running]> on host b39724c39614
[2025-07-05T06:10:26.206+0000] {taskinstance.py:2648} INFO - Exporting env vars: AIRFLOW_CTX_DAG_OWNER='***' AIRFLOW_CTX_DAG_ID='example_short_circuit_operator' AIRFLOW_CTX_TASK_ID='condition_is_True' AIRFLOW_CTX_EXECUTION_DATE='2025-07-04T00:00:00+00:00' AIRFLOW_CTX_TRY_NUMBER='1' AIRFLOW_CTX_DAG_RUN_ID='scheduled__2025-07-04T00:00:00+00:00'
[2025-07-05T06:10:26.207+0000] {taskinstance.py:430} INFO - ::endgroup::
[2025-07-05T06:10:26.226+0000] {baseoperator.py:399} WARNING - ShortCircuitOperator.execute cannot be called outside TaskInstance!
[2025-07-05T06:10:26.227+0000] {python.py:237} INFO - Done. Returned value was: True
[2025-07-05T06:10:26.231+0000] {python.py:304} INFO - Condition result is True
[2025-07-05T06:10:26.232+0000] {python.py:307} INFO - Proceeding with downstream tasks...
[2025-07-05T06:10:26.232+0000] {taskinstance.py:441} INFO - ::group::Post task execution logs
[2025-07-05T06:10:26.302+0000] {taskinstance.py:1206} INFO - Marking task as SUCCESS. dag_id=example_short_circuit_operator, task_id=condition_is_True, run_id=scheduled__2025-07-04T00:00:00+00:00, execution_date=20250704T000000, start_date=20250705T061025, end_date=20250705T061026
[2025-07-05T06:10:26.346+0000] {local_task_job_runner.py:240} INFO - Task exited with return code 0
[2025-07-05T06:10:26.364+0000] {local_task_job_runner.py:222} INFO - ::endgroup::
