[2025-07-07T18:02:20.374+0000] {local_task_job_runner.py:120} INFO - ::group::Pre task execution logs
[2025-07-07T18:02:20.396+0000] {taskinstance.py:2076} INFO - Dependencies all met for dep_context=non-requeueable deps ti=<TaskInstance: dbt_run_lakehouse_project.dbt_run_all manual__2025-07-07T18:02:19.477966+00:00 [queued]>
[2025-07-07T18:02:20.402+0000] {taskinstance.py:2076} INFO - Dependencies all met for dep_context=requeueable deps ti=<TaskInstance: dbt_run_lakehouse_project.dbt_run_all manual__2025-07-07T18:02:19.477966+00:00 [queued]>
[2025-07-07T18:02:20.402+0000] {taskinstance.py:2306} INFO - Starting attempt 1 of 1
[2025-07-07T18:02:20.413+0000] {taskinstance.py:2330} INFO - Executing <Task(BashOperator): dbt_run_all> on 2025-07-07 18:02:19.477966+00:00
[2025-07-07T18:02:20.419+0000] {standard_task_runner.py:90} INFO - Running: ['***', 'tasks', 'run', 'dbt_run_lakehouse_project', 'dbt_run_all', 'manual__2025-07-07T18:02:19.477966+00:00', '--job-id', '4', '--raw', '--subdir', 'DAGS_FOLDER/dbt_dag.py', '--cfg-path', '/tmp/tmpjidwnt4h']
[2025-07-07T18:02:20.420+0000] {standard_task_runner.py:91} INFO - Job 4: Subtask dbt_run_all
[2025-07-07T18:02:20.422+0000] {logging_mixin.py:188} WARNING - /home/***/.local/lib/python3.12/site-packages/***/task/task_runner/standard_task_runner.py:61 DeprecationWarning: This process (pid=987) is multi-threaded, use of fork() may lead to deadlocks in the child.
[2025-07-07T18:02:20.422+0000] {standard_task_runner.py:63} INFO - Started process 988 to run task
[2025-07-07T18:02:20.448+0000] {task_command.py:426} INFO - Running <TaskInstance: dbt_run_lakehouse_project.dbt_run_all manual__2025-07-07T18:02:19.477966+00:00 [running]> on host 97f0f1d9847e
[2025-07-07T18:02:20.504+0000] {taskinstance.py:2648} INFO - Exporting env vars: AIRFLOW_CTX_DAG_OWNER='***' AIRFLOW_CTX_DAG_ID='dbt_run_lakehouse_project' AIRFLOW_CTX_TASK_ID='dbt_run_all' AIRFLOW_CTX_EXECUTION_DATE='2025-07-07T18:02:19.477966+00:00' AIRFLOW_CTX_TRY_NUMBER='1' AIRFLOW_CTX_DAG_RUN_ID='manual__2025-07-07T18:02:19.477966+00:00'
[2025-07-07T18:02:20.505+0000] {taskinstance.py:430} INFO - ::endgroup::
[2025-07-07T18:02:20.517+0000] {subprocess.py:63} INFO - Tmp dir root location: /tmp
[2025-07-07T18:02:20.517+0000] {subprocess.py:75} INFO - Running command: ['/usr/bin/bash', '-c', 'cd /dbt_lakehouse && dbt run']
[2025-07-07T18:02:20.527+0000] {subprocess.py:86} INFO - Output:
[2025-07-07T18:02:22.154+0000] {subprocess.py:93} INFO - [0m18:02:22  Running with dbt=1.10.3
[2025-07-07T18:02:22.170+0000] {subprocess.py:93} INFO - WARNING:thrift.transport.sslcompat:using legacy validation callback
[2025-07-07T18:02:22.371+0000] {subprocess.py:93} INFO - [0m18:02:22  Registered adapter: spark=1.9.2
[2025-07-07T18:02:22.512+0000] {subprocess.py:93} INFO - [0m18:02:22  Unable to do partial parsing because a project config has changed
[2025-07-07T18:02:23.600+0000] {subprocess.py:93} INFO - [0m18:02:23  [[33mWARNING[0m]: Configuration paths exist in your dbt_project.yml file which do not apply to any resources.
[2025-07-07T18:02:23.601+0000] {subprocess.py:93} INFO - There are 2 unused configuration paths:
[2025-07-07T18:02:23.601+0000] {subprocess.py:93} INFO - - models.dbt_lakehouse.staging
[2025-07-07T18:02:23.601+0000] {subprocess.py:93} INFO - - models.dbt_lakehouse.intermediate
[2025-07-07T18:02:23.688+0000] {subprocess.py:93} INFO - [0m18:02:23  Found 3 models, 2 data tests, 1 source, 474 macros
[2025-07-07T18:02:23.689+0000] {subprocess.py:93} INFO - [0m18:02:23
[2025-07-07T18:02:23.690+0000] {subprocess.py:93} INFO - [0m18:02:23  Concurrency: 1 threads (target='dev')
[2025-07-07T18:02:23.690+0000] {subprocess.py:93} INFO - [0m18:02:23
[2025-07-07T18:02:24.504+0000] {subprocess.py:93} INFO - [0m18:02:24  1 of 3 START sql table model marts.fct_summary ................................. [RUN]
[2025-07-07T18:02:38.683+0000] {subprocess.py:93} INFO - [0m18:02:38  1 of 3 OK created sql table model marts.fct_summary ............................ [[32mOK[0m in 14.18s]
[2025-07-07T18:02:38.684+0000] {subprocess.py:93} INFO - [0m18:02:38  2 of 3 START sql table model staging.my_first_dbt_model ........................ [RUN]
[2025-07-07T18:02:42.253+0000] {subprocess.py:93} INFO - [0m18:02:42  2 of 3 OK created sql table model staging.my_first_dbt_model ................... [[32mOK[0m in 3.57s]
[2025-07-07T18:02:42.255+0000] {subprocess.py:93} INFO - [0m18:02:42  3 of 3 START sql table model staging.my_second_dbt_model ....................... [RUN]
[2025-07-07T18:02:47.794+0000] {subprocess.py:93} INFO - [0m18:02:47  3 of 3 OK created sql table model staging.my_second_dbt_model .................. [[32mOK[0m in 5.54s]
[2025-07-07T18:02:47.840+0000] {subprocess.py:93} INFO - [0m18:02:47
[2025-07-07T18:02:47.840+0000] {subprocess.py:93} INFO - [0m18:02:47  Finished running 3 table models in 0 hours 0 minutes and 24.15 seconds (24.15s).
[2025-07-07T18:02:47.874+0000] {subprocess.py:93} INFO - [0m18:02:47
[2025-07-07T18:02:47.874+0000] {subprocess.py:93} INFO - [0m18:02:47  [32mCompleted successfully[0m
[2025-07-07T18:02:47.875+0000] {subprocess.py:93} INFO - [0m18:02:47
[2025-07-07T18:02:47.875+0000] {subprocess.py:93} INFO - [0m18:02:47  Done. PASS=3 WARN=0 ERROR=0 SKIP=0 NO-OP=0 TOTAL=3
[2025-07-07T18:02:48.180+0000] {subprocess.py:97} INFO - Command exited with return code 0
[2025-07-07T18:02:48.181+0000] {taskinstance.py:441} INFO - ::group::Post task execution logs
[2025-07-07T18:02:48.198+0000] {taskinstance.py:1206} INFO - Marking task as SUCCESS. dag_id=dbt_run_lakehouse_project, task_id=dbt_run_all, run_id=manual__2025-07-07T18:02:19.477966+00:00, execution_date=20250707T180219, start_date=20250707T180220, end_date=20250707T180248
[2025-07-07T18:02:48.227+0000] {local_task_job_runner.py:240} INFO - Task exited with return code 0
[2025-07-07T18:02:48.257+0000] {taskinstance.py:3498} INFO - 1 downstream tasks scheduled from follow-on schedule check
[2025-07-07T18:02:48.259+0000] {local_task_job_runner.py:222} INFO - ::endgroup::
