[2025-07-05T06:10:58.061+0000] {local_task_job_runner.py:120} INFO - ::group::Pre task execution logs
[2025-07-05T06:10:58.139+0000] {taskinstance.py:2076} INFO - Dependencies all met for dep_context=non-requeueable deps ti=<TaskInstance: example_setup_teardown_taskflow.outer_teardown scheduled__2025-07-04T00:00:00+00:00 [queued]>
[2025-07-05T06:10:58.160+0000] {taskinstance.py:2076} INFO - Dependencies all met for dep_context=requeueable deps ti=<TaskInstance: example_setup_teardown_taskflow.outer_teardown scheduled__2025-07-04T00:00:00+00:00 [queued]>
[2025-07-05T06:10:58.162+0000] {taskinstance.py:2306} INFO - Starting attempt 1 of 1
[2025-07-05T06:10:58.205+0000] {taskinstance.py:2330} INFO - Executing <Task(_PythonDecoratedOperator): outer_teardown> on 2025-07-04 00:00:00+00:00
[2025-07-05T06:10:58.222+0000] {logging_mixin.py:188} WARNING - /home/***/.local/lib/python3.12/site-packages/***/task/task_runner/standard_task_runner.py:61 DeprecationWarning: This process (pid=890) is multi-threaded, use of fork() may lead to deadlocks in the child.
[2025-07-05T06:10:58.223+0000] {standard_task_runner.py:63} INFO - Started process 1021 to run task
[2025-07-05T06:10:58.242+0000] {standard_task_runner.py:90} INFO - Running: ['***', 'tasks', 'run', 'example_setup_teardown_taskflow', 'outer_teardown', 'scheduled__2025-07-04T00:00:00+00:00', '--job-id', '140', '--raw', '--subdir', '/home/***/.local/lib/python3.12/site-packages/***/example_dags/example_setup_teardown_taskflow.py', '--cfg-path', '/tmp/tmp1sryozp5']
[2025-07-05T06:10:58.253+0000] {standard_task_runner.py:91} INFO - Job 140: Subtask outer_teardown
[2025-07-05T06:10:58.373+0000] {task_command.py:426} INFO - Running <TaskInstance: example_setup_teardown_taskflow.outer_teardown scheduled__2025-07-04T00:00:00+00:00 [running]> on host b39724c39614
[2025-07-05T06:10:58.726+0000] {taskinstance.py:2648} INFO - Exporting env vars: AIRFLOW_CTX_DAG_OWNER='***' AIRFLOW_CTX_DAG_ID='example_setup_teardown_taskflow' AIRFLOW_CTX_TASK_ID='outer_teardown' AIRFLOW_CTX_EXECUTION_DATE='2025-07-04T00:00:00+00:00' AIRFLOW_CTX_TRY_NUMBER='1' AIRFLOW_CTX_DAG_RUN_ID='scheduled__2025-07-04T00:00:00+00:00'
[2025-07-05T06:10:58.731+0000] {taskinstance.py:430} INFO - ::endgroup::
[2025-07-05T06:10:58.732+0000] {logging_mixin.py:188} INFO - I am outer_teardown
[2025-07-05T06:10:58.732+0000] {logging_mixin.py:188} INFO - Tearing down cluster: some cluster id
[2025-07-05T06:10:58.732+0000] {python.py:237} INFO - Done. Returned value was: None
[2025-07-05T06:10:58.733+0000] {taskinstance.py:441} INFO - ::group::Post task execution logs
[2025-07-05T06:10:58.742+0000] {taskinstance.py:1206} INFO - Marking task as SUCCESS. dag_id=example_setup_teardown_taskflow, task_id=outer_teardown, run_id=scheduled__2025-07-04T00:00:00+00:00, execution_date=20250704T000000, start_date=20250705T061058, end_date=20250705T061058
[2025-07-05T06:10:58.814+0000] {local_task_job_runner.py:240} INFO - Task exited with return code 0
[2025-07-05T06:10:58.881+0000] {taskinstance.py:3498} INFO - 0 downstream tasks scheduled from follow-on schedule check
[2025-07-05T06:10:58.887+0000] {local_task_job_runner.py:222} INFO - ::endgroup::
