[2025-07-07T06:30:42.201+0000] {local_task_job_runner.py:120} INFO - ::group::Pre task execution logs
[2025-07-07T06:30:42.222+0000] {taskinstance.py:2076} INFO - Dependencies all met for dep_context=non-requeueable deps ti=<TaskInstance: lakehouse_pipeline.silver_to_gold scheduled__2025-07-06T06:00:00+00:00 [queued]>
[2025-07-07T06:30:42.228+0000] {taskinstance.py:2076} INFO - Dependencies all met for dep_context=requeueable deps ti=<TaskInstance: lakehouse_pipeline.silver_to_gold scheduled__2025-07-06T06:00:00+00:00 [queued]>
[2025-07-07T06:30:42.228+0000] {taskinstance.py:2306} INFO - Starting attempt 1 of 1
[2025-07-07T06:30:42.236+0000] {taskinstance.py:2330} INFO - Executing <Task(PythonOperator): silver_to_gold> on 2025-07-06 06:00:00+00:00
[2025-07-07T06:30:42.242+0000] {standard_task_runner.py:90} INFO - Running: ['***', 'tasks', 'run', 'lakehouse_pipeline', 'silver_to_gold', 'scheduled__2025-07-06T06:00:00+00:00', '--job-id', '7', '--raw', '--subdir', 'DAGS_FOLDER/pipeline_dag.py', '--cfg-path', '/tmp/tmpuo8htqml']
[2025-07-07T06:30:42.243+0000] {standard_task_runner.py:91} INFO - Job 7: Subtask silver_to_gold
[2025-07-07T06:30:42.244+0000] {logging_mixin.py:188} WARNING - /home/***/.local/lib/python3.12/site-packages/***/task/task_runner/standard_task_runner.py:61 DeprecationWarning: This process (pid=1666) is multi-threaded, use of fork() may lead to deadlocks in the child.
[2025-07-07T06:30:42.244+0000] {standard_task_runner.py:63} INFO - Started process 1667 to run task
[2025-07-07T06:30:42.271+0000] {task_command.py:426} INFO - Running <TaskInstance: lakehouse_pipeline.silver_to_gold scheduled__2025-07-06T06:00:00+00:00 [running]> on host 823b4fee21e3
[2025-07-07T06:30:42.318+0000] {taskinstance.py:2648} INFO - Exporting env vars: AIRFLOW_CTX_DAG_OWNER='***' AIRFLOW_CTX_DAG_ID='lakehouse_pipeline' AIRFLOW_CTX_TASK_ID='silver_to_gold' AIRFLOW_CTX_EXECUTION_DATE='2025-07-06T06:00:00+00:00' AIRFLOW_CTX_TRY_NUMBER='1' AIRFLOW_CTX_DAG_RUN_ID='scheduled__2025-07-06T06:00:00+00:00'
[2025-07-07T06:30:42.318+0000] {taskinstance.py:430} INFO - ::endgroup::
[2025-07-07T06:31:00.634+0000] {python.py:237} INFO - Done. Returned value was: None
[2025-07-07T06:31:00.635+0000] {taskinstance.py:441} INFO - ::group::Post task execution logs
[2025-07-07T06:31:00.647+0000] {taskinstance.py:1206} INFO - Marking task as SUCCESS. dag_id=lakehouse_pipeline, task_id=silver_to_gold, run_id=scheduled__2025-07-06T06:00:00+00:00, execution_date=20250706T060000, start_date=20250707T063042, end_date=20250707T063100
[2025-07-07T06:31:00.676+0000] {local_task_job_runner.py:240} INFO - Task exited with return code 0
[2025-07-07T06:31:00.708+0000] {taskinstance.py:3498} INFO - 0 downstream tasks scheduled from follow-on schedule check
[2025-07-07T06:31:00.710+0000] {local_task_job_runner.py:222} INFO - ::endgroup::
[2025-07-07T07:26:32.806+0000] {local_task_job_runner.py:120} INFO - ::group::Pre task execution logs
[2025-07-07T07:26:32.824+0000] {taskinstance.py:2076} INFO - Dependencies all met for dep_context=non-requeueable deps ti=<TaskInstance: lakehouse_pipeline.silver_to_gold scheduled__2025-07-06T06:00:00+00:00 [queued]>
[2025-07-07T07:26:32.829+0000] {taskinstance.py:2076} INFO - Dependencies all met for dep_context=requeueable deps ti=<TaskInstance: lakehouse_pipeline.silver_to_gold scheduled__2025-07-06T06:00:00+00:00 [queued]>
[2025-07-07T07:26:32.830+0000] {taskinstance.py:2306} INFO - Starting attempt 1 of 1
[2025-07-07T07:26:32.837+0000] {taskinstance.py:2330} INFO - Executing <Task(PythonOperator): silver_to_gold> on 2025-07-06 06:00:00+00:00
[2025-07-07T07:26:32.843+0000] {standard_task_runner.py:90} INFO - Running: ['***', 'tasks', 'run', 'lakehouse_pipeline', 'silver_to_gold', 'scheduled__2025-07-06T06:00:00+00:00', '--job-id', '6', '--raw', '--subdir', 'DAGS_FOLDER/pipeline_dag.py', '--cfg-path', '/tmp/tmpocjdb9ay']
[2025-07-07T07:26:32.845+0000] {standard_task_runner.py:91} INFO - Job 6: Subtask silver_to_gold
[2025-07-07T07:26:32.847+0000] {logging_mixin.py:188} WARNING - /home/***/.local/lib/python3.12/site-packages/***/task/task_runner/standard_task_runner.py:61 DeprecationWarning: This process (pid=847) is multi-threaded, use of fork() may lead to deadlocks in the child.
[2025-07-07T07:26:32.848+0000] {standard_task_runner.py:63} INFO - Started process 848 to run task
[2025-07-07T07:26:32.875+0000] {task_command.py:426} INFO - Running <TaskInstance: lakehouse_pipeline.silver_to_gold scheduled__2025-07-06T06:00:00+00:00 [running]> on host fb8ac4917e48
[2025-07-07T07:26:32.921+0000] {taskinstance.py:2648} INFO - Exporting env vars: AIRFLOW_CTX_DAG_OWNER='***' AIRFLOW_CTX_DAG_ID='lakehouse_pipeline' AIRFLOW_CTX_TASK_ID='silver_to_gold' AIRFLOW_CTX_EXECUTION_DATE='2025-07-06T06:00:00+00:00' AIRFLOW_CTX_TRY_NUMBER='1' AIRFLOW_CTX_DAG_RUN_ID='scheduled__2025-07-06T06:00:00+00:00'
[2025-07-07T07:26:32.922+0000] {taskinstance.py:430} INFO - ::endgroup::
[2025-07-07T07:26:56.755+0000] {python.py:237} INFO - Done. Returned value was: None
[2025-07-07T07:26:56.757+0000] {taskinstance.py:441} INFO - ::group::Post task execution logs
[2025-07-07T07:26:56.775+0000] {taskinstance.py:1206} INFO - Marking task as SUCCESS. dag_id=lakehouse_pipeline, task_id=silver_to_gold, run_id=scheduled__2025-07-06T06:00:00+00:00, execution_date=20250706T060000, start_date=20250707T072632, end_date=20250707T072656
[2025-07-07T07:26:56.828+0000] {local_task_job_runner.py:240} INFO - Task exited with return code 0
[2025-07-07T07:26:56.844+0000] {taskinstance.py:3498} INFO - 0 downstream tasks scheduled from follow-on schedule check
[2025-07-07T07:26:56.845+0000] {local_task_job_runner.py:222} INFO - ::endgroup::
