[2025-07-05T06:10:23.920+0000] {local_task_job_runner.py:120} INFO - ::group::Pre task execution logs
[2025-07-05T06:10:24.026+0000] {taskinstance.py:2076} INFO - Dependencies all met for dep_context=non-requeueable deps ti=<TaskInstance: example_bash_operator.also_run_this scheduled__2025-07-04T00:00:00+00:00 [queued]>
[2025-07-05T06:10:24.044+0000] {taskinstance.py:2076} INFO - Dependencies all met for dep_context=requeueable deps ti=<TaskInstance: example_bash_operator.also_run_this scheduled__2025-07-04T00:00:00+00:00 [queued]>
[2025-07-05T06:10:24.044+0000] {taskinstance.py:2306} INFO - Starting attempt 1 of 1
[2025-07-05T06:10:24.096+0000] {taskinstance.py:2330} INFO - Executing <Task(BashOperator): also_run_this> on 2025-07-04 00:00:00+00:00
[2025-07-05T06:10:24.123+0000] {logging_mixin.py:188} WARNING - /home/***/.local/lib/python3.12/site-packages/***/task/task_runner/standard_task_runner.py:61 DeprecationWarning: This process (pid=238) is multi-threaded, use of fork() may lead to deadlocks in the child.
[2025-07-05T06:10:24.124+0000] {standard_task_runner.py:63} INFO - Started process 466 to run task
[2025-07-05T06:10:24.132+0000] {standard_task_runner.py:90} INFO - Running: ['***', 'tasks', 'run', 'example_bash_operator', 'also_run_this', 'scheduled__2025-07-04T00:00:00+00:00', '--job-id', '20', '--raw', '--subdir', '/home/***/.local/lib/python3.12/site-packages/***/example_dags/example_bash_operator.py', '--cfg-path', '/tmp/tmp2unbtxop']
[2025-07-05T06:10:24.134+0000] {standard_task_runner.py:91} INFO - Job 20: Subtask also_run_this
[2025-07-05T06:10:24.270+0000] {task_command.py:426} INFO - Running <TaskInstance: example_bash_operator.also_run_this scheduled__2025-07-04T00:00:00+00:00 [running]> on host b39724c39614
[2025-07-05T06:10:24.542+0000] {taskinstance.py:2648} INFO - Exporting env vars: AIRFLOW_CTX_DAG_OWNER='***' AIRFLOW_CTX_DAG_ID='example_bash_operator' AIRFLOW_CTX_TASK_ID='also_run_this' AIRFLOW_CTX_EXECUTION_DATE='2025-07-04T00:00:00+00:00' AIRFLOW_CTX_TRY_NUMBER='1' AIRFLOW_CTX_DAG_RUN_ID='scheduled__2025-07-04T00:00:00+00:00'
[2025-07-05T06:10:24.550+0000] {taskinstance.py:430} INFO - ::endgroup::
[2025-07-05T06:10:24.551+0000] {subprocess.py:63} INFO - Tmp dir root location: /tmp
[2025-07-05T06:10:24.551+0000] {subprocess.py:75} INFO - Running command: ['/usr/bin/bash', '-c', 'echo "ti_key=example_bash_operator__also_run_this__20250704"']
[2025-07-05T06:10:24.637+0000] {subprocess.py:86} INFO - Output:
[2025-07-05T06:10:24.639+0000] {subprocess.py:93} INFO - ti_key=example_bash_operator__also_run_this__20250704
[2025-07-05T06:10:24.639+0000] {subprocess.py:97} INFO - Command exited with return code 0
[2025-07-05T06:10:24.640+0000] {taskinstance.py:441} INFO - ::group::Post task execution logs
[2025-07-05T06:10:24.714+0000] {taskinstance.py:1206} INFO - Marking task as SUCCESS. dag_id=example_bash_operator, task_id=also_run_this, run_id=scheduled__2025-07-04T00:00:00+00:00, execution_date=20250704T000000, start_date=20250705T061024, end_date=20250705T061024
[2025-07-05T06:10:24.756+0000] {local_task_job_runner.py:240} INFO - Task exited with return code 0
[2025-07-05T06:10:24.782+0000] {local_task_job_runner.py:222} INFO - ::endgroup::
