[2025-07-05T06:10:25.451+0000] {local_task_job_runner.py:120} INFO - ::group::Pre task execution logs
[2025-07-05T06:10:25.602+0000] {taskinstance.py:2076} INFO - Dependencies all met for dep_context=non-requeueable deps ti=<TaskInstance: example_subdag_operator.section-1 scheduled__2022-01-01T00:00:00+00:00 [queued]>
[2025-07-05T06:10:25.652+0000] {taskinstance.py:2076} INFO - Dependencies all met for dep_context=requeueable deps ti=<TaskInstance: example_subdag_operator.section-1 scheduled__2022-01-01T00:00:00+00:00 [queued]>
[2025-07-05T06:10:25.652+0000] {taskinstance.py:2306} INFO - Starting attempt 1 of 3
[2025-07-05T06:10:25.749+0000] {taskinstance.py:2330} INFO - Executing <Task(SubDagOperator): section-1> on 2022-01-01 00:00:00+00:00
[2025-07-05T06:10:25.763+0000] {standard_task_runner.py:90} INFO - Running: ['***', 'tasks', 'run', 'example_subdag_operator', 'section-1', 'scheduled__2022-01-01T00:00:00+00:00', '--job-id', '33', '--raw', '--subdir', '/home/***/.local/lib/python3.12/site-packages/***/example_dags/example_subdag_operator.py', '--cfg-path', '/tmp/tmp88p0_ztc']
[2025-07-05T06:10:25.765+0000] {standard_task_runner.py:91} INFO - Job 33: Subtask section-1
[2025-07-05T06:10:25.802+0000] {logging_mixin.py:188} WARNING - /home/***/.local/lib/python3.12/site-packages/***/task/task_runner/standard_task_runner.py:61 DeprecationWarning: This process (pid=303) is multi-threaded, use of fork() may lead to deadlocks in the child.
[2025-07-05T06:10:25.802+0000] {standard_task_runner.py:63} INFO - Started process 539 to run task
[2025-07-05T06:10:25.956+0000] {task_command.py:426} INFO - Running <TaskInstance: example_subdag_operator.section-1 scheduled__2022-01-01T00:00:00+00:00 [running]> on host b39724c39614
[2025-07-05T06:10:26.266+0000] {taskinstance.py:2648} INFO - Exporting env vars: AIRFLOW_CTX_DAG_OWNER='***' AIRFLOW_CTX_DAG_ID='example_subdag_operator' AIRFLOW_CTX_TASK_ID='section-1' AIRFLOW_CTX_EXECUTION_DATE='2022-01-01T00:00:00+00:00' AIRFLOW_CTX_TRY_NUMBER='1' AIRFLOW_CTX_DAG_RUN_ID='scheduled__2022-01-01T00:00:00+00:00'
[2025-07-05T06:10:26.276+0000] {logging_mixin.py:188} WARNING - /home/***/.local/lib/python3.12/site-packages/***/utils/context.py:212 AirflowContextDeprecationWarning: Accessing 'execution_date' from the template is deprecated and will be removed in a future version. Please use 'data_interval_start' or 'logical_date' instead.
[2025-07-05T06:10:26.354+0000] {subdag.py:180} INFO - Created DagRun: scheduled__2022-01-01T00:00:00+00:00
[2025-07-05T06:10:26.355+0000] {taskinstance.py:430} INFO - ::endgroup::
[2025-07-05T06:11:26.401+0000] {base.py:294} INFO - Success criteria met. Exiting.
[2025-07-05T06:11:26.401+0000] {taskinstance.py:441} INFO - ::group::Post task execution logs
[2025-07-05T06:11:26.419+0000] {subdag.py:195} INFO - Execution finished. State is success
[2025-07-05T06:11:26.434+0000] {taskinstance.py:1206} INFO - Marking task as SUCCESS. dag_id=example_subdag_operator, task_id=section-1, run_id=scheduled__2022-01-01T00:00:00+00:00, execution_date=20220101T000000, start_date=20250705T061025, end_date=20250705T061126
[2025-07-05T06:11:26.469+0000] {local_task_job_runner.py:240} INFO - Task exited with return code 0
[2025-07-05T06:11:26.534+0000] {taskinstance.py:3498} INFO - 0 downstream tasks scheduled from follow-on schedule check
[2025-07-05T06:11:26.536+0000] {local_task_job_runner.py:222} INFO - ::endgroup::
