[2025-07-05T06:10:31.619+0000] {local_task_job_runner.py:120} INFO - ::group::Pre task execution logs
[2025-07-05T06:10:31.700+0000] {taskinstance.py:2076} INFO - Dependencies all met for dep_context=non-requeueable deps ti=<TaskInstance: example_short_circuit_decorator.short_circuit scheduled__2025-07-04T00:00:00+00:00 [queued]>
[2025-07-05T06:10:31.742+0000] {taskinstance.py:2076} INFO - Dependencies all met for dep_context=requeueable deps ti=<TaskInstance: example_short_circuit_decorator.short_circuit scheduled__2025-07-04T00:00:00+00:00 [queued]>
[2025-07-05T06:10:31.742+0000] {taskinstance.py:2306} INFO - Starting attempt 1 of 1
[2025-07-05T06:10:31.780+0000] {taskinstance.py:2330} INFO - Executing <Task(_ShortCircuitDecoratedOperator): short_circuit> on 2025-07-04 00:00:00+00:00
[2025-07-05T06:10:31.828+0000] {logging_mixin.py:188} WARNING - /home/***/.local/lib/python3.12/site-packages/***/task/task_runner/standard_task_runner.py:61 DeprecationWarning: This process (pid=519) is multi-threaded, use of fork() may lead to deadlocks in the child.
[2025-07-05T06:10:31.835+0000] {standard_task_runner.py:63} INFO - Started process 632 to run task
[2025-07-05T06:10:31.826+0000] {standard_task_runner.py:90} INFO - Running: ['***', 'tasks', 'run', 'example_short_circuit_decorator', 'short_circuit', 'scheduled__2025-07-04T00:00:00+00:00', '--job-id', '45', '--raw', '--subdir', '/home/***/.local/lib/python3.12/site-packages/***/example_dags/example_short_circuit_decorator.py', '--cfg-path', '/tmp/tmp99_b3v21']
[2025-07-05T06:10:31.840+0000] {standard_task_runner.py:91} INFO - Job 45: Subtask short_circuit
[2025-07-05T06:10:31.971+0000] {task_command.py:426} INFO - Running <TaskInstance: example_short_circuit_decorator.short_circuit scheduled__2025-07-04T00:00:00+00:00 [running]> on host b39724c39614
[2025-07-05T06:10:32.214+0000] {taskinstance.py:2648} INFO - Exporting env vars: AIRFLOW_CTX_DAG_OWNER='***' AIRFLOW_CTX_DAG_ID='example_short_circuit_decorator' AIRFLOW_CTX_TASK_ID='short_circuit' AIRFLOW_CTX_EXECUTION_DATE='2025-07-04T00:00:00+00:00' AIRFLOW_CTX_TRY_NUMBER='1' AIRFLOW_CTX_DAG_RUN_ID='scheduled__2025-07-04T00:00:00+00:00'
[2025-07-05T06:10:32.217+0000] {taskinstance.py:430} INFO - ::endgroup::
[2025-07-05T06:10:32.218+0000] {python.py:237} INFO - Done. Returned value was: False
[2025-07-05T06:10:32.219+0000] {python.py:304} INFO - Condition result is False
[2025-07-05T06:10:32.219+0000] {python.py:331} INFO - Skipping downstream tasks
[2025-07-05T06:10:32.272+0000] {python.py:339} INFO - Done.
[2025-07-05T06:10:32.273+0000] {taskinstance.py:441} INFO - ::group::Post task execution logs
[2025-07-05T06:10:32.312+0000] {taskinstance.py:1206} INFO - Marking task as SUCCESS. dag_id=example_short_circuit_decorator, task_id=short_circuit, run_id=scheduled__2025-07-04T00:00:00+00:00, execution_date=20250704T000000, start_date=20250705T061031, end_date=20250705T061032
[2025-07-05T06:10:32.349+0000] {local_task_job_runner.py:240} INFO - Task exited with return code 0
[2025-07-05T06:10:32.373+0000] {local_task_job_runner.py:222} INFO - ::endgroup::
