[2025-07-05T06:11:12.022+0000] {local_task_job_runner.py:120} INFO - ::group::Pre task execution logs
[2025-07-05T06:11:12.056+0000] {taskinstance.py:2076} INFO - Dependencies all met for dep_context=non-requeueable deps ti=<TaskInstance: consume_1_or_2_with_dataset_expressions.consume_1_or_2_with_dataset_expressions dataset_triggered__2025-07-05T06:11:04.890814+00:00 [queued]>
[2025-07-05T06:11:12.066+0000] {taskinstance.py:2076} INFO - Dependencies all met for dep_context=requeueable deps ti=<TaskInstance: consume_1_or_2_with_dataset_expressions.consume_1_or_2_with_dataset_expressions dataset_triggered__2025-07-05T06:11:04.890814+00:00 [queued]>
[2025-07-05T06:11:12.066+0000] {taskinstance.py:2306} INFO - Starting attempt 1 of 1
[2025-07-05T06:11:12.096+0000] {taskinstance.py:2330} INFO - Executing <Task(BashOperator): consume_1_or_2_with_dataset_expressions> on 2025-07-05 06:11:04.890814+00:00
[2025-07-05T06:11:12.124+0000] {logging_mixin.py:188} WARNING - /home/***/.local/lib/python3.12/site-packages/***/task/task_runner/standard_task_runner.py:61 DeprecationWarning: This process (pid=1239) is multi-threaded, use of fork() may lead to deadlocks in the child.
[2025-07-05T06:11:12.125+0000] {standard_task_runner.py:63} INFO - Started process 1336 to run task
[2025-07-05T06:11:12.125+0000] {standard_task_runner.py:90} INFO - Running: ['***', 'tasks', 'run', 'consume_1_or_2_with_dataset_expressions', 'consume_1_or_2_with_dataset_expressions', 'dataset_triggered__2025-07-05T06:11:04.890814+00:00', '--job-id', '183', '--raw', '--subdir', '/home/***/.local/lib/python3.12/site-packages/***/example_dags/example_datasets.py', '--cfg-path', '/tmp/tmpklr8g719']
[2025-07-05T06:11:12.140+0000] {standard_task_runner.py:91} INFO - Job 183: Subtask consume_1_or_2_with_dataset_expressions
[2025-07-05T06:11:12.338+0000] {task_command.py:426} INFO - Running <TaskInstance: consume_1_or_2_with_dataset_expressions.consume_1_or_2_with_dataset_expressions dataset_triggered__2025-07-05T06:11:04.890814+00:00 [running]> on host b39724c39614
[2025-07-05T06:11:12.539+0000] {taskinstance.py:2648} INFO - Exporting env vars: AIRFLOW_CTX_DAG_OWNER='***' AIRFLOW_CTX_DAG_ID='consume_1_or_2_with_dataset_expressions' AIRFLOW_CTX_TASK_ID='consume_1_or_2_with_dataset_expressions' AIRFLOW_CTX_EXECUTION_DATE='2025-07-05T06:11:04.890814+00:00' AIRFLOW_CTX_TRY_NUMBER='1' AIRFLOW_CTX_DAG_RUN_ID='dataset_triggered__2025-07-05T06:11:04.890814+00:00'
[2025-07-05T06:11:12.544+0000] {taskinstance.py:430} INFO - ::endgroup::
[2025-07-05T06:11:12.545+0000] {subprocess.py:63} INFO - Tmp dir root location: /tmp
[2025-07-05T06:11:12.545+0000] {subprocess.py:75} INFO - Running command: ['/usr/bin/bash', '-c', 'sleep 5']
[2025-07-05T06:11:12.595+0000] {subprocess.py:86} INFO - Output:
[2025-07-05T06:11:17.609+0000] {subprocess.py:97} INFO - Command exited with return code 0
[2025-07-05T06:11:17.610+0000] {taskinstance.py:441} INFO - ::group::Post task execution logs
[2025-07-05T06:11:17.671+0000] {logging_mixin.py:188} WARNING - /home/***/.local/lib/python3.12/site-packages/***/models/baseoperator.py:1564 RemovedInAirflow3Warning: Passing 'execution_date' to 'TaskInstance.xcom_push()' is deprecated.
[2025-07-05T06:11:17.796+0000] {taskinstance.py:1206} INFO - Marking task as SUCCESS. dag_id=consume_1_or_2_with_dataset_expressions, task_id=consume_1_or_2_with_dataset_expressions, run_id=dataset_triggered__2025-07-05T06:11:04.890814+00:00, execution_date=20250705T061104, start_date=20250705T061112, end_date=20250705T061117
[2025-07-05T06:11:18.022+0000] {local_task_job_runner.py:240} INFO - Task exited with return code 0
[2025-07-05T06:11:18.052+0000] {local_task_job_runner.py:222} INFO - ::endgroup::
