[2025-07-05T06:10:34.268+0000] {local_task_job_runner.py:120} INFO - ::group::Pre task execution logs
[2025-07-05T06:10:34.317+0000] {taskinstance.py:2076} INFO - Dependencies all met for dep_context=non-requeueable deps ti=<TaskInstance: example_setup_teardown.normal scheduled__2025-07-04T00:00:00+00:00 [queued]>
[2025-07-05T06:10:34.341+0000] {taskinstance.py:2076} INFO - Dependencies all met for dep_context=requeueable deps ti=<TaskInstance: example_setup_teardown.normal scheduled__2025-07-04T00:00:00+00:00 [queued]>
[2025-07-05T06:10:34.341+0000] {taskinstance.py:2306} INFO - Starting attempt 1 of 1
[2025-07-05T06:10:34.378+0000] {taskinstance.py:2330} INFO - Executing <Task(BashOperator): normal> on 2025-07-04 00:00:00+00:00
[2025-07-05T06:10:34.400+0000] {logging_mixin.py:188} WARNING - /home/***/.local/lib/python3.12/site-packages/***/task/task_runner/standard_task_runner.py:61 DeprecationWarning: This process (pid=565) is multi-threaded, use of fork() may lead to deadlocks in the child.
[2025-07-05T06:10:34.401+0000] {standard_task_runner.py:63} INFO - Started process 657 to run task
[2025-07-05T06:10:34.401+0000] {standard_task_runner.py:90} INFO - Running: ['***', 'tasks', 'run', 'example_setup_teardown', 'normal', 'scheduled__2025-07-04T00:00:00+00:00', '--job-id', '62', '--raw', '--subdir', '/home/***/.local/lib/python3.12/site-packages/***/example_dags/example_setup_teardown.py', '--cfg-path', '/tmp/tmpo7kqaqqp']
[2025-07-05T06:10:34.404+0000] {standard_task_runner.py:91} INFO - Job 62: Subtask normal
[2025-07-05T06:10:34.512+0000] {task_command.py:426} INFO - Running <TaskInstance: example_setup_teardown.normal scheduled__2025-07-04T00:00:00+00:00 [running]> on host b39724c39614
[2025-07-05T06:10:34.753+0000] {taskinstance.py:2648} INFO - Exporting env vars: AIRFLOW_CTX_DAG_OWNER='***' AIRFLOW_CTX_DAG_ID='example_setup_teardown' AIRFLOW_CTX_TASK_ID='normal' AIRFLOW_CTX_EXECUTION_DATE='2025-07-04T00:00:00+00:00' AIRFLOW_CTX_TRY_NUMBER='1' AIRFLOW_CTX_DAG_RUN_ID='scheduled__2025-07-04T00:00:00+00:00'
[2025-07-05T06:10:34.758+0000] {taskinstance.py:430} INFO - ::endgroup::
[2025-07-05T06:10:34.759+0000] {subprocess.py:63} INFO - Tmp dir root location: /tmp
[2025-07-05T06:10:34.760+0000] {subprocess.py:75} INFO - Running command: ['/usr/bin/bash', '-c', "echo 'I am just a normal task'"]
[2025-07-05T06:10:34.789+0000] {subprocess.py:86} INFO - Output:
[2025-07-05T06:10:34.791+0000] {subprocess.py:93} INFO - I am just a normal task
[2025-07-05T06:10:34.792+0000] {subprocess.py:97} INFO - Command exited with return code 0
[2025-07-05T06:10:34.792+0000] {taskinstance.py:441} INFO - ::group::Post task execution logs
[2025-07-05T06:10:34.876+0000] {taskinstance.py:1206} INFO - Marking task as SUCCESS. dag_id=example_setup_teardown, task_id=normal, run_id=scheduled__2025-07-04T00:00:00+00:00, execution_date=20250704T000000, start_date=20250705T061034, end_date=20250705T061034
[2025-07-05T06:10:34.992+0000] {local_task_job_runner.py:240} INFO - Task exited with return code 0
[2025-07-05T06:10:35.140+0000] {taskinstance.py:3498} INFO - 2 downstream tasks scheduled from follow-on schedule check
[2025-07-05T06:10:35.167+0000] {local_task_job_runner.py:222} INFO - ::endgroup::
