[2025-07-07T06:30:23.853+0000] {local_task_job_runner.py:120} INFO - ::group::Pre task execution logs
[2025-07-07T06:30:23.872+0000] {taskinstance.py:2076} INFO - Dependencies all met for dep_context=non-requeueable deps ti=<TaskInstance: lakehouse_pipeline.create_trino_table scheduled__2025-07-06T06:00:00+00:00 [queued]>
[2025-07-07T06:30:23.877+0000] {taskinstance.py:2076} INFO - Dependencies all met for dep_context=requeueable deps ti=<TaskInstance: lakehouse_pipeline.create_trino_table scheduled__2025-07-06T06:00:00+00:00 [queued]>
[2025-07-07T06:30:23.877+0000] {taskinstance.py:2306} INFO - Starting attempt 1 of 1
[2025-07-07T06:30:23.884+0000] {taskinstance.py:2330} INFO - Executing <Task(BashOperator): create_trino_table> on 2025-07-06 06:00:00+00:00
[2025-07-07T06:30:23.890+0000] {standard_task_runner.py:90} INFO - Running: ['***', 'tasks', 'run', 'lakehouse_pipeline', 'create_trino_table', 'scheduled__2025-07-06T06:00:00+00:00', '--job-id', '5', '--raw', '--subdir', 'DAGS_FOLDER/pipeline_dag.py', '--cfg-path', '/tmp/tmp5koozmo4']
[2025-07-07T06:30:23.892+0000] {standard_task_runner.py:91} INFO - Job 5: Subtask create_trino_table
[2025-07-07T06:30:23.893+0000] {logging_mixin.py:188} WARNING - /home/***/.local/lib/python3.12/site-packages/***/task/task_runner/standard_task_runner.py:61 DeprecationWarning: This process (pid=1327) is multi-threaded, use of fork() may lead to deadlocks in the child.
[2025-07-07T06:30:23.893+0000] {standard_task_runner.py:63} INFO - Started process 1328 to run task
[2025-07-07T06:30:23.921+0000] {task_command.py:426} INFO - Running <TaskInstance: lakehouse_pipeline.create_trino_table scheduled__2025-07-06T06:00:00+00:00 [running]> on host 823b4fee21e3
[2025-07-07T06:30:23.972+0000] {taskinstance.py:2648} INFO - Exporting env vars: AIRFLOW_CTX_DAG_OWNER='***' AIRFLOW_CTX_DAG_ID='lakehouse_pipeline' AIRFLOW_CTX_TASK_ID='create_trino_table' AIRFLOW_CTX_EXECUTION_DATE='2025-07-06T06:00:00+00:00' AIRFLOW_CTX_TRY_NUMBER='1' AIRFLOW_CTX_DAG_RUN_ID='scheduled__2025-07-06T06:00:00+00:00'
[2025-07-07T06:30:23.972+0000] {taskinstance.py:430} INFO - ::endgroup::
[2025-07-07T06:30:23.980+0000] {subprocess.py:63} INFO - Tmp dir root location: /tmp
[2025-07-07T06:30:23.980+0000] {subprocess.py:75} INFO - Running command: ['/usr/bin/bash', '-c', '\n        trino --server trino:8080 --catalog gold --schema default --execute "\n        CREATE TABLE IF NOT EXISTS order_summary (\n            customer_id VARCHAR,\n            total_amount DOUBLE\n        )\n        WITH (location = \'s3a://gold/warehouse/default/order_summary\')"\n        ']
[2025-07-07T06:30:23.988+0000] {subprocess.py:86} INFO - Output:
[2025-07-07T06:30:24.455+0000] {subprocess.py:93} INFO - Jul 07, 2025 6:30:24 AM org.jline.utils.Log logr
[2025-07-07T06:30:24.455+0000] {subprocess.py:93} INFO - WARNING: Unable to create a system terminal, creating a dumb terminal (enable debug logging for more information)
[2025-07-07T06:30:24.676+0000] {subprocess.py:93} INFO - CREATE TABLE
[2025-07-07T06:30:24.703+0000] {subprocess.py:97} INFO - Command exited with return code 0
[2025-07-07T06:30:24.704+0000] {taskinstance.py:441} INFO - ::group::Post task execution logs
[2025-07-07T06:30:24.719+0000] {taskinstance.py:1206} INFO - Marking task as SUCCESS. dag_id=lakehouse_pipeline, task_id=create_trino_table, run_id=scheduled__2025-07-06T06:00:00+00:00, execution_date=20250706T060000, start_date=20250707T063023, end_date=20250707T063024
[2025-07-07T06:30:24.748+0000] {local_task_job_runner.py:240} INFO - Task exited with return code 0
[2025-07-07T06:30:24.784+0000] {taskinstance.py:3498} INFO - 1 downstream tasks scheduled from follow-on schedule check
[2025-07-07T06:30:24.785+0000] {local_task_job_runner.py:222} INFO - ::endgroup::
[2025-07-07T06:44:18.336+0000] {local_task_job_runner.py:120} INFO - ::group::Pre task execution logs
[2025-07-07T06:44:18.364+0000] {taskinstance.py:2076} INFO - Dependencies all met for dep_context=non-requeueable deps ti=<TaskInstance: lakehouse_pipeline.create_trino_table scheduled__2025-07-06T06:00:00+00:00 [queued]>
[2025-07-07T06:44:18.379+0000] {taskinstance.py:2076} INFO - Dependencies all met for dep_context=requeueable deps ti=<TaskInstance: lakehouse_pipeline.create_trino_table scheduled__2025-07-06T06:00:00+00:00 [queued]>
[2025-07-07T06:44:18.380+0000] {taskinstance.py:2306} INFO - Starting attempt 1 of 1
[2025-07-07T06:44:18.396+0000] {taskinstance.py:2330} INFO - Executing <Task(BashOperator): create_trino_table> on 2025-07-06 06:00:00+00:00
[2025-07-07T06:44:18.406+0000] {standard_task_runner.py:90} INFO - Running: ['***', 'tasks', 'run', 'lakehouse_pipeline', 'create_trino_table', 'scheduled__2025-07-06T06:00:00+00:00', '--job-id', '2', '--raw', '--subdir', 'DAGS_FOLDER/pipeline_dag.py', '--cfg-path', '/tmp/tmpwe5wr5bl']
[2025-07-07T06:44:18.408+0000] {standard_task_runner.py:91} INFO - Job 2: Subtask create_trino_table
[2025-07-07T06:44:18.410+0000] {logging_mixin.py:188} WARNING - /home/***/.local/lib/python3.12/site-packages/***/task/task_runner/standard_task_runner.py:61 DeprecationWarning: This process (pid=214) is multi-threaded, use of fork() may lead to deadlocks in the child.
[2025-07-07T06:44:18.411+0000] {standard_task_runner.py:63} INFO - Started process 221 to run task
[2025-07-07T06:44:18.464+0000] {task_command.py:426} INFO - Running <TaskInstance: lakehouse_pipeline.create_trino_table scheduled__2025-07-06T06:00:00+00:00 [running]> on host 5ff4c7b39ece
[2025-07-07T06:44:18.551+0000] {taskinstance.py:2648} INFO - Exporting env vars: AIRFLOW_CTX_DAG_OWNER='***' AIRFLOW_CTX_DAG_ID='lakehouse_pipeline' AIRFLOW_CTX_TASK_ID='create_trino_table' AIRFLOW_CTX_EXECUTION_DATE='2025-07-06T06:00:00+00:00' AIRFLOW_CTX_TRY_NUMBER='1' AIRFLOW_CTX_DAG_RUN_ID='scheduled__2025-07-06T06:00:00+00:00'
[2025-07-07T06:44:18.552+0000] {taskinstance.py:430} INFO - ::endgroup::
[2025-07-07T06:44:18.571+0000] {subprocess.py:63} INFO - Tmp dir root location: /tmp
[2025-07-07T06:44:18.571+0000] {subprocess.py:75} INFO - Running command: ['/usr/bin/bash', '-c', '\n        trino --server trino:8080 --catalog gold --schema default --execute "\n        CREATE TABLE IF NOT EXISTS order_summary (\n            customer_id VARCHAR,\n            total_amount DOUBLE\n        )\n        WITH (location = \'s3a://gold/warehouse/default/order_summary\')"\n        ']
[2025-07-07T06:44:18.582+0000] {subprocess.py:86} INFO - Output:
[2025-07-07T06:44:19.188+0000] {subprocess.py:93} INFO - Jul 07, 2025 6:44:19 AM org.jline.utils.Log logr
[2025-07-07T06:44:19.188+0000] {subprocess.py:93} INFO - WARNING: Unable to create a system terminal, creating a dumb terminal (enable debug logging for more information)
[2025-07-07T06:44:20.360+0000] {subprocess.py:93} INFO - Query 20250707_064419_00000_884xn failed: Schema default not found
[2025-07-07T06:44:20.361+0000] {subprocess.py:93} INFO - 
[2025-07-07T06:44:20.371+0000] {subprocess.py:97} INFO - Command exited with return code 1
[2025-07-07T06:44:20.371+0000] {taskinstance.py:441} INFO - ::group::Post task execution logs
[2025-07-07T06:44:20.378+0000] {taskinstance.py:2905} ERROR - Task failed with exception
Traceback (most recent call last):
  File "/home/airflow/.local/lib/python3.12/site-packages/airflow/models/taskinstance.py", line 465, in _execute_task
    result = _execute_callable(context=context, **execute_callable_kwargs)
             ^^^^^^^^^^^^^^^^^^^^^^^^^^^^^^^^^^^^^^^^^^^^^^^^^^^^^^^^^^^^^
  File "/home/airflow/.local/lib/python3.12/site-packages/airflow/models/taskinstance.py", line 432, in _execute_callable
    return execute_callable(context=context, **execute_callable_kwargs)
           ^^^^^^^^^^^^^^^^^^^^^^^^^^^^^^^^^^^^^^^^^^^^^^^^^^^^^^^^^^^^
  File "/home/airflow/.local/lib/python3.12/site-packages/airflow/models/baseoperator.py", line 400, in wrapper
    return func(self, *args, **kwargs)
           ^^^^^^^^^^^^^^^^^^^^^^^^^^^
  File "/home/airflow/.local/lib/python3.12/site-packages/airflow/operators/bash.py", line 243, in execute
    raise AirflowException(
airflow.exceptions.AirflowException: Bash command failed. The command returned a non-zero exit code 1.
[2025-07-07T06:44:20.381+0000] {taskinstance.py:1206} INFO - Marking task as FAILED. dag_id=lakehouse_pipeline, task_id=create_trino_table, run_id=scheduled__2025-07-06T06:00:00+00:00, execution_date=20250706T060000, start_date=20250707T064418, end_date=20250707T064420
[2025-07-07T06:44:20.388+0000] {standard_task_runner.py:110} ERROR - Failed to execute job 2 for task create_trino_table (Bash command failed. The command returned a non-zero exit code 1.; 221)
[2025-07-07T06:44:20.394+0000] {local_task_job_runner.py:240} INFO - Task exited with return code 1
[2025-07-07T06:44:20.411+0000] {taskinstance.py:3498} INFO - 0 downstream tasks scheduled from follow-on schedule check
[2025-07-07T06:44:20.413+0000] {local_task_job_runner.py:222} INFO - ::endgroup::
[2025-07-07T07:25:54.856+0000] {local_task_job_runner.py:120} INFO - ::group::Pre task execution logs
[2025-07-07T07:25:54.879+0000] {taskinstance.py:2076} INFO - Dependencies all met for dep_context=non-requeueable deps ti=<TaskInstance: lakehouse_pipeline.create_trino_table scheduled__2025-07-06T06:00:00+00:00 [queued]>
[2025-07-07T07:25:54.886+0000] {taskinstance.py:2076} INFO - Dependencies all met for dep_context=requeueable deps ti=<TaskInstance: lakehouse_pipeline.create_trino_table scheduled__2025-07-06T06:00:00+00:00 [queued]>
[2025-07-07T07:25:54.886+0000] {taskinstance.py:2306} INFO - Starting attempt 1 of 1
[2025-07-07T07:25:54.894+0000] {taskinstance.py:2330} INFO - Executing <Task(BashOperator): create_trino_table> on 2025-07-06 06:00:00+00:00
[2025-07-07T07:25:54.903+0000] {standard_task_runner.py:90} INFO - Running: ['***', 'tasks', 'run', 'lakehouse_pipeline', 'create_trino_table', 'scheduled__2025-07-06T06:00:00+00:00', '--job-id', '3', '--raw', '--subdir', 'DAGS_FOLDER/pipeline_dag.py', '--cfg-path', '/tmp/tmpakx8_417']
[2025-07-07T07:25:54.905+0000] {standard_task_runner.py:91} INFO - Job 3: Subtask create_trino_table
[2025-07-07T07:25:54.905+0000] {logging_mixin.py:188} WARNING - /home/***/.local/lib/python3.12/site-packages/***/task/task_runner/standard_task_runner.py:61 DeprecationWarning: This process (pid=410) is multi-threaded, use of fork() may lead to deadlocks in the child.
[2025-07-07T07:25:54.906+0000] {standard_task_runner.py:63} INFO - Started process 412 to run task
[2025-07-07T07:25:54.939+0000] {task_command.py:426} INFO - Running <TaskInstance: lakehouse_pipeline.create_trino_table scheduled__2025-07-06T06:00:00+00:00 [running]> on host fb8ac4917e48
[2025-07-07T07:25:54.996+0000] {taskinstance.py:2648} INFO - Exporting env vars: AIRFLOW_CTX_DAG_OWNER='***' AIRFLOW_CTX_DAG_ID='lakehouse_pipeline' AIRFLOW_CTX_TASK_ID='create_trino_table' AIRFLOW_CTX_EXECUTION_DATE='2025-07-06T06:00:00+00:00' AIRFLOW_CTX_TRY_NUMBER='1' AIRFLOW_CTX_DAG_RUN_ID='scheduled__2025-07-06T06:00:00+00:00'
[2025-07-07T07:25:54.997+0000] {taskinstance.py:430} INFO - ::endgroup::
[2025-07-07T07:25:55.016+0000] {subprocess.py:63} INFO - Tmp dir root location: /tmp
[2025-07-07T07:25:55.016+0000] {subprocess.py:75} INFO - Running command: ['/usr/bin/bash', '-c', '\n        trino --server trino:8080 --catalog gold --schema default --execute "\n        CREATE TABLE IF NOT EXISTS order_summary (\n            customer_id VARCHAR,\n            total_amount DOUBLE\n        )\n        WITH (location = \'s3a://gold/warehouse/default/order_summary\')"\n        ']
[2025-07-07T07:25:55.026+0000] {subprocess.py:86} INFO - Output:
[2025-07-07T07:25:55.680+0000] {subprocess.py:93} INFO - Jul 07, 2025 7:25:55 AM org.jline.utils.Log logr
[2025-07-07T07:25:55.680+0000] {subprocess.py:93} INFO - WARNING: Unable to create a system terminal, creating a dumb terminal (enable debug logging for more information)
[2025-07-07T07:25:56.089+0000] {subprocess.py:93} INFO - CREATE TABLE
[2025-07-07T07:25:56.104+0000] {subprocess.py:97} INFO - Command exited with return code 0
[2025-07-07T07:25:56.104+0000] {taskinstance.py:441} INFO - ::group::Post task execution logs
[2025-07-07T07:25:56.118+0000] {taskinstance.py:1206} INFO - Marking task as SUCCESS. dag_id=lakehouse_pipeline, task_id=create_trino_table, run_id=scheduled__2025-07-06T06:00:00+00:00, execution_date=20250706T060000, start_date=20250707T072554, end_date=20250707T072556
[2025-07-07T07:25:56.166+0000] {local_task_job_runner.py:240} INFO - Task exited with return code 0
[2025-07-07T07:25:56.213+0000] {taskinstance.py:3498} INFO - 1 downstream tasks scheduled from follow-on schedule check
[2025-07-07T07:25:56.214+0000] {local_task_job_runner.py:222} INFO - ::endgroup::
[2025-07-07T07:45:53.022+0000] {local_task_job_runner.py:120} INFO - ::group::Pre task execution logs
[2025-07-07T07:45:53.044+0000] {taskinstance.py:2076} INFO - Dependencies all met for dep_context=non-requeueable deps ti=<TaskInstance: lakehouse_pipeline.create_trino_table scheduled__2025-07-06T06:00:00+00:00 [queued]>
[2025-07-07T07:45:53.051+0000] {taskinstance.py:2076} INFO - Dependencies all met for dep_context=requeueable deps ti=<TaskInstance: lakehouse_pipeline.create_trino_table scheduled__2025-07-06T06:00:00+00:00 [queued]>
[2025-07-07T07:45:53.051+0000] {taskinstance.py:2306} INFO - Starting attempt 1 of 1
[2025-07-07T07:45:53.059+0000] {taskinstance.py:2330} INFO - Executing <Task(BashOperator): create_trino_table> on 2025-07-06 06:00:00+00:00
[2025-07-07T07:45:53.066+0000] {standard_task_runner.py:90} INFO - Running: ['***', 'tasks', 'run', 'lakehouse_pipeline', 'create_trino_table', 'scheduled__2025-07-06T06:00:00+00:00', '--job-id', '3', '--raw', '--subdir', 'DAGS_FOLDER/pipeline_dag.py', '--cfg-path', '/tmp/tmpzfi17uvn']
[2025-07-07T07:45:53.067+0000] {logging_mixin.py:188} WARNING - /home/***/.local/lib/python3.12/site-packages/***/task/task_runner/standard_task_runner.py:61 DeprecationWarning: This process (pid=374) is multi-threaded, use of fork() may lead to deadlocks in the child.
[2025-07-07T07:45:53.068+0000] {standard_task_runner.py:91} INFO - Job 3: Subtask create_trino_table
[2025-07-07T07:45:53.068+0000] {standard_task_runner.py:63} INFO - Started process 375 to run task
[2025-07-07T07:45:53.096+0000] {task_command.py:426} INFO - Running <TaskInstance: lakehouse_pipeline.create_trino_table scheduled__2025-07-06T06:00:00+00:00 [running]> on host 2a32f8b8ad06
[2025-07-07T07:45:53.149+0000] {taskinstance.py:2648} INFO - Exporting env vars: AIRFLOW_CTX_DAG_OWNER='***' AIRFLOW_CTX_DAG_ID='lakehouse_pipeline' AIRFLOW_CTX_TASK_ID='create_trino_table' AIRFLOW_CTX_EXECUTION_DATE='2025-07-06T06:00:00+00:00' AIRFLOW_CTX_TRY_NUMBER='1' AIRFLOW_CTX_DAG_RUN_ID='scheduled__2025-07-06T06:00:00+00:00'
[2025-07-07T07:45:53.149+0000] {taskinstance.py:430} INFO - ::endgroup::
[2025-07-07T07:45:53.165+0000] {subprocess.py:63} INFO - Tmp dir root location: /tmp
[2025-07-07T07:45:53.165+0000] {subprocess.py:75} INFO - Running command: ['/usr/bin/bash', '-c', '\n        trino --server trino:8080 --catalog gold --schema default --execute "\n        CREATE TABLE IF NOT EXISTS order_summary (\n            customer_id VARCHAR,\n            total_amount DOUBLE\n        )\n        WITH (location = \'s3a://gold/warehouse/default/order_summary\')"\n        ']
[2025-07-07T07:45:53.175+0000] {subprocess.py:86} INFO - Output:
[2025-07-07T07:45:53.761+0000] {subprocess.py:93} INFO - Jul 07, 2025 7:45:53 AM org.jline.utils.Log logr
[2025-07-07T07:45:53.761+0000] {subprocess.py:93} INFO - WARNING: Unable to create a system terminal, creating a dumb terminal (enable debug logging for more information)
[2025-07-07T07:45:54.171+0000] {subprocess.py:93} INFO - CREATE TABLE
[2025-07-07T07:45:54.197+0000] {subprocess.py:97} INFO - Command exited with return code 0
[2025-07-07T07:45:54.197+0000] {taskinstance.py:441} INFO - ::group::Post task execution logs
[2025-07-07T07:45:54.211+0000] {taskinstance.py:1206} INFO - Marking task as SUCCESS. dag_id=lakehouse_pipeline, task_id=create_trino_table, run_id=scheduled__2025-07-06T06:00:00+00:00, execution_date=20250706T060000, start_date=20250707T074553, end_date=20250707T074554
[2025-07-07T07:45:54.243+0000] {local_task_job_runner.py:240} INFO - Task exited with return code 0
[2025-07-07T07:45:54.283+0000] {taskinstance.py:3498} INFO - 1 downstream tasks scheduled from follow-on schedule check
[2025-07-07T07:45:54.285+0000] {local_task_job_runner.py:222} INFO - ::endgroup::
[2025-07-07T10:29:14.198+0000] {local_task_job_runner.py:120} INFO - ::group::Pre task execution logs
[2025-07-07T10:29:14.217+0000] {taskinstance.py:2076} INFO - Dependencies all met for dep_context=non-requeueable deps ti=<TaskInstance: lakehouse_pipeline.create_trino_table scheduled__2025-07-06T06:00:00+00:00 [queued]>
[2025-07-07T10:29:14.223+0000] {taskinstance.py:2076} INFO - Dependencies all met for dep_context=requeueable deps ti=<TaskInstance: lakehouse_pipeline.create_trino_table scheduled__2025-07-06T06:00:00+00:00 [queued]>
[2025-07-07T10:29:14.223+0000] {taskinstance.py:2306} INFO - Starting attempt 1 of 1
[2025-07-07T10:29:14.231+0000] {taskinstance.py:2330} INFO - Executing <Task(BashOperator): create_trino_table> on 2025-07-06 06:00:00+00:00
[2025-07-07T10:29:14.238+0000] {standard_task_runner.py:90} INFO - Running: ['***', 'tasks', 'run', 'lakehouse_pipeline', 'create_trino_table', 'scheduled__2025-07-06T06:00:00+00:00', '--job-id', '3', '--raw', '--subdir', 'DAGS_FOLDER/pipeline_dag.py', '--cfg-path', '/tmp/tmpdw2uvhy7']
[2025-07-07T10:29:14.239+0000] {logging_mixin.py:188} WARNING - /home/***/.local/lib/python3.12/site-packages/***/task/task_runner/standard_task_runner.py:61 DeprecationWarning: This process (pid=483) is multi-threaded, use of fork() may lead to deadlocks in the child.
[2025-07-07T10:29:14.239+0000] {standard_task_runner.py:91} INFO - Job 3: Subtask create_trino_table
[2025-07-07T10:29:14.240+0000] {standard_task_runner.py:63} INFO - Started process 486 to run task
[2025-07-07T10:29:14.269+0000] {task_command.py:426} INFO - Running <TaskInstance: lakehouse_pipeline.create_trino_table scheduled__2025-07-06T06:00:00+00:00 [running]> on host 84547bbd5155
[2025-07-07T10:29:14.318+0000] {taskinstance.py:2648} INFO - Exporting env vars: AIRFLOW_CTX_DAG_OWNER='***' AIRFLOW_CTX_DAG_ID='lakehouse_pipeline' AIRFLOW_CTX_TASK_ID='create_trino_table' AIRFLOW_CTX_EXECUTION_DATE='2025-07-06T06:00:00+00:00' AIRFLOW_CTX_TRY_NUMBER='1' AIRFLOW_CTX_DAG_RUN_ID='scheduled__2025-07-06T06:00:00+00:00'
[2025-07-07T10:29:14.318+0000] {taskinstance.py:430} INFO - ::endgroup::
[2025-07-07T10:29:14.334+0000] {subprocess.py:63} INFO - Tmp dir root location: /tmp
[2025-07-07T10:29:14.334+0000] {subprocess.py:75} INFO - Running command: ['/usr/bin/bash', '-c', '\n        trino --server trino:8080 --catalog gold --schema default --execute "\n        CREATE TABLE IF NOT EXISTS order_summary (\n            customer_id VARCHAR,\n            total_amount DOUBLE\n        )\n        WITH (location = \'s3a://gold/warehouse/default/order_summary\')"\n        ']
[2025-07-07T10:29:14.344+0000] {subprocess.py:86} INFO - Output:
[2025-07-07T10:29:14.993+0000] {subprocess.py:93} INFO - Jul 07, 2025 10:29:14 AM org.jline.utils.Log logr
[2025-07-07T10:29:14.994+0000] {subprocess.py:93} INFO - WARNING: Unable to create a system terminal, creating a dumb terminal (enable debug logging for more information)
[2025-07-07T10:29:15.413+0000] {subprocess.py:93} INFO - CREATE TABLE
[2025-07-07T10:29:15.437+0000] {subprocess.py:97} INFO - Command exited with return code 0
[2025-07-07T10:29:15.437+0000] {taskinstance.py:441} INFO - ::group::Post task execution logs
[2025-07-07T10:29:15.455+0000] {taskinstance.py:1206} INFO - Marking task as SUCCESS. dag_id=lakehouse_pipeline, task_id=create_trino_table, run_id=scheduled__2025-07-06T06:00:00+00:00, execution_date=20250706T060000, start_date=20250707T102914, end_date=20250707T102915
[2025-07-07T10:29:15.495+0000] {local_task_job_runner.py:240} INFO - Task exited with return code 0
[2025-07-07T10:29:15.520+0000] {taskinstance.py:3498} INFO - 1 downstream tasks scheduled from follow-on schedule check
[2025-07-07T10:29:15.521+0000] {local_task_job_runner.py:222} INFO - ::endgroup::
[2025-07-07T11:12:54.999+0000] {local_task_job_runner.py:120} INFO - ::group::Pre task execution logs
[2025-07-07T11:12:55.025+0000] {taskinstance.py:2076} INFO - Dependencies all met for dep_context=non-requeueable deps ti=<TaskInstance: lakehouse_pipeline.create_trino_table scheduled__2025-07-06T06:00:00+00:00 [queued]>
[2025-07-07T11:12:55.033+0000] {taskinstance.py:2076} INFO - Dependencies all met for dep_context=requeueable deps ti=<TaskInstance: lakehouse_pipeline.create_trino_table scheduled__2025-07-06T06:00:00+00:00 [queued]>
[2025-07-07T11:12:55.033+0000] {taskinstance.py:2306} INFO - Starting attempt 1 of 1
[2025-07-07T11:12:55.046+0000] {taskinstance.py:2330} INFO - Executing <Task(BashOperator): create_trino_table> on 2025-07-06 06:00:00+00:00
[2025-07-07T11:12:55.052+0000] {standard_task_runner.py:90} INFO - Running: ['***', 'tasks', 'run', 'lakehouse_pipeline', 'create_trino_table', 'scheduled__2025-07-06T06:00:00+00:00', '--job-id', '3', '--raw', '--subdir', 'DAGS_FOLDER/pipeline_dag.py', '--cfg-path', '/tmp/tmpex85di_q']
[2025-07-07T11:12:55.054+0000] {standard_task_runner.py:91} INFO - Job 3: Subtask create_trino_table
[2025-07-07T11:12:55.057+0000] {logging_mixin.py:188} WARNING - /home/***/.local/lib/python3.12/site-packages/***/task/task_runner/standard_task_runner.py:61 DeprecationWarning: This process (pid=394) is multi-threaded, use of fork() may lead to deadlocks in the child.
[2025-07-07T11:12:55.058+0000] {standard_task_runner.py:63} INFO - Started process 396 to run task
[2025-07-07T11:12:55.088+0000] {task_command.py:426} INFO - Running <TaskInstance: lakehouse_pipeline.create_trino_table scheduled__2025-07-06T06:00:00+00:00 [running]> on host cc0e4e7d50eb
[2025-07-07T11:12:55.143+0000] {taskinstance.py:2648} INFO - Exporting env vars: AIRFLOW_CTX_DAG_OWNER='***' AIRFLOW_CTX_DAG_ID='lakehouse_pipeline' AIRFLOW_CTX_TASK_ID='create_trino_table' AIRFLOW_CTX_EXECUTION_DATE='2025-07-06T06:00:00+00:00' AIRFLOW_CTX_TRY_NUMBER='1' AIRFLOW_CTX_DAG_RUN_ID='scheduled__2025-07-06T06:00:00+00:00'
[2025-07-07T11:12:55.143+0000] {taskinstance.py:430} INFO - ::endgroup::
[2025-07-07T11:12:55.159+0000] {subprocess.py:63} INFO - Tmp dir root location: /tmp
[2025-07-07T11:12:55.159+0000] {subprocess.py:75} INFO - Running command: ['/usr/bin/bash', '-c', '\n        trino --server trino:8080 --catalog gold --schema default --execute "\n        CREATE TABLE IF NOT EXISTS order_summary (\n            customer_id VARCHAR,\n            total_amount DOUBLE\n        )\n        WITH (location = \'s3a://gold/warehouse/default/order_summary\')"\n        ']
[2025-07-07T11:12:55.167+0000] {subprocess.py:86} INFO - Output:
[2025-07-07T11:12:55.776+0000] {subprocess.py:93} INFO - Jul 07, 2025 11:12:55 AM org.jline.utils.Log logr
[2025-07-07T11:12:55.776+0000] {subprocess.py:93} INFO - WARNING: Unable to create a system terminal, creating a dumb terminal (enable debug logging for more information)
[2025-07-07T11:12:56.174+0000] {subprocess.py:93} INFO - CREATE TABLE
[2025-07-07T11:12:56.195+0000] {subprocess.py:97} INFO - Command exited with return code 0
[2025-07-07T11:12:56.195+0000] {taskinstance.py:441} INFO - ::group::Post task execution logs
[2025-07-07T11:12:56.211+0000] {taskinstance.py:1206} INFO - Marking task as SUCCESS. dag_id=lakehouse_pipeline, task_id=create_trino_table, run_id=scheduled__2025-07-06T06:00:00+00:00, execution_date=20250706T060000, start_date=20250707T111255, end_date=20250707T111256
[2025-07-07T11:12:56.234+0000] {local_task_job_runner.py:240} INFO - Task exited with return code 0
[2025-07-07T11:12:56.258+0000] {taskinstance.py:3498} INFO - 1 downstream tasks scheduled from follow-on schedule check
[2025-07-07T11:12:56.259+0000] {local_task_job_runner.py:222} INFO - ::endgroup::
[2025-07-07T11:21:55.377+0000] {local_task_job_runner.py:120} INFO - ::group::Pre task execution logs
[2025-07-07T11:21:55.405+0000] {taskinstance.py:2076} INFO - Dependencies all met for dep_context=non-requeueable deps ti=<TaskInstance: lakehouse_pipeline.create_trino_table scheduled__2025-07-06T06:00:00+00:00 [queued]>
[2025-07-07T11:21:55.410+0000] {taskinstance.py:2076} INFO - Dependencies all met for dep_context=requeueable deps ti=<TaskInstance: lakehouse_pipeline.create_trino_table scheduled__2025-07-06T06:00:00+00:00 [queued]>
[2025-07-07T11:21:55.411+0000] {taskinstance.py:2306} INFO - Starting attempt 1 of 1
[2025-07-07T11:21:55.421+0000] {taskinstance.py:2330} INFO - Executing <Task(BashOperator): create_trino_table> on 2025-07-06 06:00:00+00:00
[2025-07-07T11:21:55.427+0000] {standard_task_runner.py:90} INFO - Running: ['***', 'tasks', 'run', 'lakehouse_pipeline', 'create_trino_table', 'scheduled__2025-07-06T06:00:00+00:00', '--job-id', '2', '--raw', '--subdir', 'DAGS_FOLDER/pipeline_dag.py', '--cfg-path', '/tmp/tmpv6tuk4hq']
[2025-07-07T11:21:55.429+0000] {standard_task_runner.py:91} INFO - Job 2: Subtask create_trino_table
[2025-07-07T11:21:55.430+0000] {logging_mixin.py:188} WARNING - /home/***/.local/lib/python3.12/site-packages/***/task/task_runner/standard_task_runner.py:61 DeprecationWarning: This process (pid=423) is multi-threaded, use of fork() may lead to deadlocks in the child.
[2025-07-07T11:21:55.430+0000] {standard_task_runner.py:63} INFO - Started process 425 to run task
[2025-07-07T11:21:55.476+0000] {task_command.py:426} INFO - Running <TaskInstance: lakehouse_pipeline.create_trino_table scheduled__2025-07-06T06:00:00+00:00 [running]> on host c4e8a223c4af
[2025-07-07T11:21:55.580+0000] {taskinstance.py:2648} INFO - Exporting env vars: AIRFLOW_CTX_DAG_OWNER='***' AIRFLOW_CTX_DAG_ID='lakehouse_pipeline' AIRFLOW_CTX_TASK_ID='create_trino_table' AIRFLOW_CTX_EXECUTION_DATE='2025-07-06T06:00:00+00:00' AIRFLOW_CTX_TRY_NUMBER='1' AIRFLOW_CTX_DAG_RUN_ID='scheduled__2025-07-06T06:00:00+00:00'
[2025-07-07T11:21:55.581+0000] {taskinstance.py:430} INFO - ::endgroup::
[2025-07-07T11:21:55.593+0000] {subprocess.py:63} INFO - Tmp dir root location: /tmp
[2025-07-07T11:21:55.593+0000] {subprocess.py:75} INFO - Running command: ['/usr/bin/bash', '-c', '\n        trino --server trino:8080 --catalog gold --schema default --execute "\n        CREATE TABLE IF NOT EXISTS order_summary (\n            customer_id VARCHAR,\n            total_amount DOUBLE\n        )\n        WITH (location = \'s3a://gold/warehouse/default/order_summary\')"\n        ']
[2025-07-07T11:21:55.604+0000] {subprocess.py:86} INFO - Output:
[2025-07-07T11:21:56.311+0000] {subprocess.py:93} INFO - Jul 07, 2025 11:21:56 AM org.jline.utils.Log logr
[2025-07-07T11:21:56.311+0000] {subprocess.py:93} INFO - WARNING: Unable to create a system terminal, creating a dumb terminal (enable debug logging for more information)
[2025-07-07T11:21:56.776+0000] {subprocess.py:93} INFO - CREATE TABLE
[2025-07-07T11:21:56.793+0000] {subprocess.py:97} INFO - Command exited with return code 0
[2025-07-07T11:21:56.794+0000] {taskinstance.py:441} INFO - ::group::Post task execution logs
[2025-07-07T11:21:56.807+0000] {taskinstance.py:1206} INFO - Marking task as SUCCESS. dag_id=lakehouse_pipeline, task_id=create_trino_table, run_id=scheduled__2025-07-06T06:00:00+00:00, execution_date=20250706T060000, start_date=20250707T112155, end_date=20250707T112156
[2025-07-07T11:21:56.850+0000] {local_task_job_runner.py:240} INFO - Task exited with return code 0
[2025-07-07T11:21:56.905+0000] {taskinstance.py:3498} INFO - 1 downstream tasks scheduled from follow-on schedule check
[2025-07-07T11:21:56.907+0000] {local_task_job_runner.py:222} INFO - ::endgroup::
