[2025-07-05T06:10:56.457+0000] {local_task_job_runner.py:120} INFO - ::group::Pre task execution logs
[2025-07-05T06:10:56.570+0000] {taskinstance.py:2076} INFO - Dependencies all met for dep_context=non-requeueable deps ti=<TaskInstance: tutorial.templated scheduled__2025-07-04T00:00:00+00:00 [queued]>
[2025-07-05T06:10:56.604+0000] {taskinstance.py:2076} INFO - Dependencies all met for dep_context=requeueable deps ti=<TaskInstance: tutorial.templated scheduled__2025-07-04T00:00:00+00:00 [queued]>
[2025-07-05T06:10:56.605+0000] {taskinstance.py:2306} INFO - Starting attempt 1 of 2
[2025-07-05T06:10:57.013+0000] {taskinstance.py:2330} INFO - Executing <Task(BashOperator): templated> on 2025-07-04 00:00:00+00:00
[2025-07-05T06:10:57.023+0000] {logging_mixin.py:188} WARNING - /home/***/.local/lib/python3.12/site-packages/***/task/task_runner/standard_task_runner.py:61 DeprecationWarning: This process (pid=916) is multi-threaded, use of fork() may lead to deadlocks in the child.
[2025-07-05T06:10:57.042+0000] {standard_task_runner.py:63} INFO - Started process 994 to run task
[2025-07-05T06:10:57.030+0000] {standard_task_runner.py:90} INFO - Running: ['***', 'tasks', 'run', 'tutorial', 'templated', 'scheduled__2025-07-04T00:00:00+00:00', '--job-id', '134', '--raw', '--subdir', '/home/***/.local/lib/python3.12/site-packages/***/example_dags/tutorial.py', '--cfg-path', '/tmp/tmp4583s3lf']
[2025-07-05T06:10:57.060+0000] {standard_task_runner.py:91} INFO - Job 134: Subtask templated
[2025-07-05T06:10:57.252+0000] {task_command.py:426} INFO - Running <TaskInstance: tutorial.templated scheduled__2025-07-04T00:00:00+00:00 [running]> on host b39724c39614
[2025-07-05T06:10:57.544+0000] {taskinstance.py:2648} INFO - Exporting env vars: AIRFLOW_CTX_DAG_EMAIL='***@example.com' AIRFLOW_CTX_DAG_OWNER='***' AIRFLOW_CTX_DAG_ID='tutorial' AIRFLOW_CTX_TASK_ID='templated' AIRFLOW_CTX_EXECUTION_DATE='2025-07-04T00:00:00+00:00' AIRFLOW_CTX_TRY_NUMBER='1' AIRFLOW_CTX_DAG_RUN_ID='scheduled__2025-07-04T00:00:00+00:00'
[2025-07-05T06:10:57.545+0000] {taskinstance.py:430} INFO - ::endgroup::
[2025-07-05T06:10:57.549+0000] {subprocess.py:63} INFO - Tmp dir root location: /tmp
[2025-07-05T06:10:57.550+0000] {subprocess.py:75} INFO - Running command: ['/usr/bin/bash', '-c', '\n\n    echo "2025-07-04"\n    echo "2025-07-11"\n\n    echo "2025-07-04"\n    echo "2025-07-11"\n\n    echo "2025-07-04"\n    echo "2025-07-11"\n\n    echo "2025-07-04"\n    echo "2025-07-11"\n\n    echo "2025-07-04"\n    echo "2025-07-11"\n']
[2025-07-05T06:10:57.602+0000] {subprocess.py:86} INFO - Output:
[2025-07-05T06:10:57.637+0000] {subprocess.py:93} INFO - 2025-07-04
[2025-07-05T06:10:57.637+0000] {subprocess.py:93} INFO - 2025-07-11
[2025-07-05T06:10:57.638+0000] {subprocess.py:93} INFO - 2025-07-04
[2025-07-05T06:10:57.638+0000] {subprocess.py:93} INFO - 2025-07-11
[2025-07-05T06:10:57.638+0000] {subprocess.py:93} INFO - 2025-07-04
[2025-07-05T06:10:57.638+0000] {subprocess.py:93} INFO - 2025-07-11
[2025-07-05T06:10:57.638+0000] {subprocess.py:93} INFO - 2025-07-04
[2025-07-05T06:10:57.639+0000] {subprocess.py:93} INFO - 2025-07-11
[2025-07-05T06:10:57.639+0000] {subprocess.py:93} INFO - 2025-07-04
[2025-07-05T06:10:57.639+0000] {subprocess.py:93} INFO - 2025-07-11
[2025-07-05T06:10:57.640+0000] {subprocess.py:97} INFO - Command exited with return code 0
[2025-07-05T06:10:57.640+0000] {taskinstance.py:441} INFO - ::group::Post task execution logs
[2025-07-05T06:10:57.704+0000] {taskinstance.py:1206} INFO - Marking task as SUCCESS. dag_id=tutorial, task_id=templated, run_id=scheduled__2025-07-04T00:00:00+00:00, execution_date=20250704T000000, start_date=20250705T061056, end_date=20250705T061057
[2025-07-05T06:10:57.768+0000] {local_task_job_runner.py:240} INFO - Task exited with return code 0
[2025-07-05T06:10:57.786+0000] {local_task_job_runner.py:222} INFO - ::endgroup::
