[2025-07-05T06:10:21.916+0000] {local_task_job_runner.py:120} INFO - ::group::Pre task execution logs
[2025-07-05T06:10:21.979+0000] {taskinstance.py:2076} INFO - Dependencies all met for dep_context=non-requeueable deps ti=<TaskInstance: example_bash_operator.runme_2 scheduled__2025-07-04T00:00:00+00:00 [queued]>
[2025-07-05T06:10:22.020+0000] {taskinstance.py:2076} INFO - Dependencies all met for dep_context=requeueable deps ti=<TaskInstance: example_bash_operator.runme_2 scheduled__2025-07-04T00:00:00+00:00 [queued]>
[2025-07-05T06:10:22.020+0000] {taskinstance.py:2306} INFO - Starting attempt 1 of 1
[2025-07-05T06:10:22.115+0000] {taskinstance.py:2330} INFO - Executing <Task(BashOperator): runme_2> on 2025-07-04 00:00:00+00:00
[2025-07-05T06:10:22.155+0000] {standard_task_runner.py:90} INFO - Running: ['***', 'tasks', 'run', 'example_bash_operator', 'runme_2', 'scheduled__2025-07-04T00:00:00+00:00', '--job-id', '8', '--raw', '--subdir', '/home/***/.local/lib/python3.12/site-packages/***/example_dags/example_bash_operator.py', '--cfg-path', '/tmp/tmp4_zubjix']
[2025-07-05T06:10:22.158+0000] {standard_task_runner.py:91} INFO - Job 8: Subtask runme_2
[2025-07-05T06:10:22.176+0000] {logging_mixin.py:188} WARNING - /home/***/.local/lib/python3.12/site-packages/***/task/task_runner/standard_task_runner.py:61 DeprecationWarning: This process (pid=222) is multi-threaded, use of fork() may lead to deadlocks in the child.
[2025-07-05T06:10:22.176+0000] {standard_task_runner.py:63} INFO - Started process 415 to run task
[2025-07-05T06:10:22.297+0000] {task_command.py:426} INFO - Running <TaskInstance: example_bash_operator.runme_2 scheduled__2025-07-04T00:00:00+00:00 [running]> on host b39724c39614
[2025-07-05T06:10:22.586+0000] {taskinstance.py:2648} INFO - Exporting env vars: AIRFLOW_CTX_DAG_OWNER='***' AIRFLOW_CTX_DAG_ID='example_bash_operator' AIRFLOW_CTX_TASK_ID='runme_2' AIRFLOW_CTX_EXECUTION_DATE='2025-07-04T00:00:00+00:00' AIRFLOW_CTX_TRY_NUMBER='1' AIRFLOW_CTX_DAG_RUN_ID='scheduled__2025-07-04T00:00:00+00:00'
[2025-07-05T06:10:22.588+0000] {taskinstance.py:430} INFO - ::endgroup::
[2025-07-05T06:10:22.589+0000] {subprocess.py:63} INFO - Tmp dir root location: /tmp
[2025-07-05T06:10:22.589+0000] {subprocess.py:75} INFO - Running command: ['/usr/bin/bash', '-c', 'echo "example_bash_operator__runme_2__20250704" && sleep 1']
[2025-07-05T06:10:22.616+0000] {subprocess.py:86} INFO - Output:
[2025-07-05T06:10:22.634+0000] {subprocess.py:93} INFO - example_bash_operator__runme_2__20250704
[2025-07-05T06:10:23.643+0000] {subprocess.py:97} INFO - Command exited with return code 0
[2025-07-05T06:10:23.644+0000] {taskinstance.py:441} INFO - ::group::Post task execution logs
[2025-07-05T06:10:23.694+0000] {taskinstance.py:1206} INFO - Marking task as SUCCESS. dag_id=example_bash_operator, task_id=runme_2, run_id=scheduled__2025-07-04T00:00:00+00:00, execution_date=20250704T000000, start_date=20250705T061021, end_date=20250705T061023
[2025-07-05T06:10:23.776+0000] {local_task_job_runner.py:240} INFO - Task exited with return code 0
[2025-07-05T06:10:23.800+0000] {local_task_job_runner.py:222} INFO - ::endgroup::
