[2025-07-07T19:31:07.661+0000] {local_task_job_runner.py:120} INFO - ::group::Pre task execution logs
[2025-07-07T19:31:07.682+0000] {taskinstance.py:2076} INFO - Dependencies all met for dep_context=non-requeueable deps ti=<TaskInstance: dbt_run_lakehouse_project.dbt_generate_docs manual__2025-07-07T19:30:40.048959+00:00 [queued]>
[2025-07-07T19:31:07.688+0000] {taskinstance.py:2076} INFO - Dependencies all met for dep_context=requeueable deps ti=<TaskInstance: dbt_run_lakehouse_project.dbt_generate_docs manual__2025-07-07T19:30:40.048959+00:00 [queued]>
[2025-07-07T19:31:07.688+0000] {taskinstance.py:2306} INFO - Starting attempt 1 of 1
[2025-07-07T19:31:07.696+0000] {taskinstance.py:2330} INFO - Executing <Task(BashOperator): dbt_generate_docs> on 2025-07-07 19:30:40.048959+00:00
[2025-07-07T19:31:07.703+0000] {standard_task_runner.py:90} INFO - Running: ['***', 'tasks', 'run', 'dbt_run_lakehouse_project', 'dbt_generate_docs', 'manual__2025-07-07T19:30:40.048959+00:00', '--job-id', '6', '--raw', '--subdir', 'DAGS_FOLDER/dbt_dag.py', '--cfg-path', '/tmp/tmp5pxk2iq5']
[2025-07-07T19:31:07.704+0000] {standard_task_runner.py:91} INFO - Job 6: Subtask dbt_generate_docs
[2025-07-07T19:31:07.705+0000] {logging_mixin.py:188} WARNING - /home/***/.local/lib/python3.12/site-packages/***/task/task_runner/standard_task_runner.py:61 DeprecationWarning: This process (pid=963) is multi-threaded, use of fork() may lead to deadlocks in the child.
[2025-07-07T19:31:07.706+0000] {standard_task_runner.py:63} INFO - Started process 964 to run task
[2025-07-07T19:31:07.731+0000] {task_command.py:426} INFO - Running <TaskInstance: dbt_run_lakehouse_project.dbt_generate_docs manual__2025-07-07T19:30:40.048959+00:00 [running]> on host 11b8aecc26a8
[2025-07-07T19:31:07.781+0000] {taskinstance.py:2648} INFO - Exporting env vars: AIRFLOW_CTX_DAG_OWNER='***' AIRFLOW_CTX_DAG_ID='dbt_run_lakehouse_project' AIRFLOW_CTX_TASK_ID='dbt_generate_docs' AIRFLOW_CTX_EXECUTION_DATE='2025-07-07T19:30:40.048959+00:00' AIRFLOW_CTX_TRY_NUMBER='1' AIRFLOW_CTX_DAG_RUN_ID='manual__2025-07-07T19:30:40.048959+00:00'
[2025-07-07T19:31:07.782+0000] {taskinstance.py:430} INFO - ::endgroup::
[2025-07-07T19:31:07.792+0000] {subprocess.py:63} INFO - Tmp dir root location: /tmp
[2025-07-07T19:31:07.792+0000] {subprocess.py:75} INFO - Running command: ['/usr/bin/bash', '-c', 'cd /dbt_lakehouse && dbt docs generate']
[2025-07-07T19:31:07.801+0000] {subprocess.py:86} INFO - Output:
[2025-07-07T19:31:09.607+0000] {subprocess.py:93} INFO - [0m19:31:09  Running with dbt=1.10.3
[2025-07-07T19:31:09.624+0000] {subprocess.py:93} INFO - WARNING:thrift.transport.sslcompat:using legacy validation callback
[2025-07-07T19:31:09.852+0000] {subprocess.py:93} INFO - [0m19:31:09  Registered adapter: spark=1.9.2
[2025-07-07T19:31:10.034+0000] {subprocess.py:93} INFO - [0m19:31:10  [[33mWARNING[0m]: Configuration paths exist in your dbt_project.yml file which do not apply to any resources.
[2025-07-07T19:31:10.035+0000] {subprocess.py:93} INFO - There are 2 unused configuration paths:
[2025-07-07T19:31:10.035+0000] {subprocess.py:93} INFO - - models.dbt_lakehouse.intermediate
[2025-07-07T19:31:10.035+0000] {subprocess.py:93} INFO - - models.dbt_lakehouse.staging
[2025-07-07T19:31:10.089+0000] {subprocess.py:93} INFO - [0m19:31:10  Found 3 models, 2 data tests, 1 source, 475 macros
[2025-07-07T19:31:10.090+0000] {subprocess.py:93} INFO - [0m19:31:10
[2025-07-07T19:31:10.090+0000] {subprocess.py:93} INFO - [0m19:31:10  Concurrency: 1 threads (target='dev')
[2025-07-07T19:31:10.091+0000] {subprocess.py:93} INFO - [0m19:31:10
[2025-07-07T19:31:10.456+0000] {subprocess.py:93} INFO - [0m19:31:10  Building catalog
[2025-07-07T19:31:10.589+0000] {subprocess.py:93} INFO - [0m19:31:10  Catalog written to /dbt_lakehouse/target/catalog.json
[2025-07-07T19:31:10.867+0000] {subprocess.py:97} INFO - Command exited with return code 0
[2025-07-07T19:31:10.867+0000] {taskinstance.py:441} INFO - ::group::Post task execution logs
[2025-07-07T19:31:10.885+0000] {taskinstance.py:1206} INFO - Marking task as SUCCESS. dag_id=dbt_run_lakehouse_project, task_id=dbt_generate_docs, run_id=manual__2025-07-07T19:30:40.048959+00:00, execution_date=20250707T193040, start_date=20250707T193107, end_date=20250707T193110
[2025-07-07T19:31:10.928+0000] {local_task_job_runner.py:240} INFO - Task exited with return code 0
[2025-07-07T19:31:10.952+0000] {taskinstance.py:3498} INFO - 0 downstream tasks scheduled from follow-on schedule check
[2025-07-07T19:31:10.953+0000] {local_task_job_runner.py:222} INFO - ::endgroup::
