[2025-07-05T06:10:59.109+0000] {local_task_job_runner.py:120} INFO - ::group::Pre task execution logs
[2025-07-05T06:10:59.205+0000] {taskinstance.py:2076} INFO - Dependencies all met for dep_context=non-requeueable deps ti=<TaskInstance: example_setup_teardown.section_1.taskgroup_teardown scheduled__2025-07-04T00:00:00+00:00 [queued]>
[2025-07-05T06:10:59.227+0000] {taskinstance.py:2076} INFO - Dependencies all met for dep_context=requeueable deps ti=<TaskInstance: example_setup_teardown.section_1.taskgroup_teardown scheduled__2025-07-04T00:00:00+00:00 [queued]>
[2025-07-05T06:10:59.228+0000] {taskinstance.py:2306} INFO - Starting attempt 1 of 1
[2025-07-05T06:10:59.251+0000] {taskinstance.py:2330} INFO - Executing <Task(BashOperator): section_1.taskgroup_teardown> on 2025-07-04 00:00:00+00:00
[2025-07-05T06:10:59.266+0000] {standard_task_runner.py:90} INFO - Running: ['***', 'tasks', 'run', 'example_setup_teardown', 'section_1.taskgroup_teardown', 'scheduled__2025-07-04T00:00:00+00:00', '--job-id', '147', '--raw', '--subdir', '/home/***/.local/lib/python3.12/site-packages/***/example_dags/example_setup_teardown.py', '--cfg-path', '/tmp/tmpleijiue1']
[2025-07-05T06:10:59.269+0000] {standard_task_runner.py:91} INFO - Job 147: Subtask section_1.taskgroup_teardown
[2025-07-05T06:10:59.275+0000] {logging_mixin.py:188} WARNING - /home/***/.local/lib/python3.12/site-packages/***/task/task_runner/standard_task_runner.py:61 DeprecationWarning: This process (pid=938) is multi-threaded, use of fork() may lead to deadlocks in the child.
[2025-07-05T06:10:59.276+0000] {standard_task_runner.py:63} INFO - Started process 1041 to run task
[2025-07-05T06:10:59.413+0000] {task_command.py:426} INFO - Running <TaskInstance: example_setup_teardown.section_1.taskgroup_teardown scheduled__2025-07-04T00:00:00+00:00 [running]> on host b39724c39614
[2025-07-05T06:10:59.592+0000] {taskinstance.py:2648} INFO - Exporting env vars: AIRFLOW_CTX_DAG_OWNER='***' AIRFLOW_CTX_DAG_ID='example_setup_teardown' AIRFLOW_CTX_TASK_ID='section_1.taskgroup_teardown' AIRFLOW_CTX_EXECUTION_DATE='2025-07-04T00:00:00+00:00' AIRFLOW_CTX_TRY_NUMBER='1' AIRFLOW_CTX_DAG_RUN_ID='scheduled__2025-07-04T00:00:00+00:00'
[2025-07-05T06:10:59.594+0000] {taskinstance.py:430} INFO - ::endgroup::
[2025-07-05T06:10:59.594+0000] {subprocess.py:63} INFO - Tmp dir root location: /tmp
[2025-07-05T06:10:59.595+0000] {subprocess.py:75} INFO - Running command: ['/usr/bin/bash', '-c', "echo 'Hello from taskgroup_teardown'"]
[2025-07-05T06:10:59.636+0000] {subprocess.py:86} INFO - Output:
[2025-07-05T06:10:59.637+0000] {subprocess.py:93} INFO - Hello from taskgroup_teardown
[2025-07-05T06:10:59.638+0000] {subprocess.py:97} INFO - Command exited with return code 0
[2025-07-05T06:10:59.638+0000] {taskinstance.py:441} INFO - ::group::Post task execution logs
[2025-07-05T06:10:59.710+0000] {taskinstance.py:1206} INFO - Marking task as SUCCESS. dag_id=example_setup_teardown, task_id=section_1.taskgroup_teardown, run_id=scheduled__2025-07-04T00:00:00+00:00, execution_date=20250704T000000, start_date=20250705T061059, end_date=20250705T061059
[2025-07-05T06:10:59.743+0000] {local_task_job_runner.py:240} INFO - Task exited with return code 0
[2025-07-05T06:10:59.766+0000] {taskinstance.py:3498} INFO - 0 downstream tasks scheduled from follow-on schedule check
[2025-07-05T06:10:59.771+0000] {local_task_job_runner.py:222} INFO - ::endgroup::
