[2025-07-05T06:10:56.232+0000] {local_task_job_runner.py:120} INFO - ::group::Pre task execution logs
[2025-07-05T06:10:56.268+0000] {taskinstance.py:2076} INFO - Dependencies all met for dep_context=non-requeueable deps ti=<TaskInstance: tutorial.sleep scheduled__2025-07-04T00:00:00+00:00 [queued]>
[2025-07-05T06:10:56.283+0000] {taskinstance.py:2076} INFO - Dependencies all met for dep_context=requeueable deps ti=<TaskInstance: tutorial.sleep scheduled__2025-07-04T00:00:00+00:00 [queued]>
[2025-07-05T06:10:56.284+0000] {taskinstance.py:2306} INFO - Starting attempt 1 of 4
[2025-07-05T06:10:56.336+0000] {taskinstance.py:2330} INFO - Executing <Task(BashOperator): sleep> on 2025-07-04 00:00:00+00:00
[2025-07-05T06:10:56.353+0000] {logging_mixin.py:188} WARNING - /home/***/.local/lib/python3.12/site-packages/***/task/task_runner/standard_task_runner.py:61 DeprecationWarning: This process (pid=891) is multi-threaded, use of fork() may lead to deadlocks in the child.
[2025-07-05T06:10:56.363+0000] {standard_task_runner.py:63} INFO - Started process 977 to run task
[2025-07-05T06:10:56.365+0000] {standard_task_runner.py:90} INFO - Running: ['***', 'tasks', 'run', 'tutorial', 'sleep', 'scheduled__2025-07-04T00:00:00+00:00', '--job-id', '132', '--raw', '--subdir', '/home/***/.local/lib/python3.12/site-packages/***/example_dags/tutorial.py', '--cfg-path', '/tmp/tmp2bghi1ln']
[2025-07-05T06:10:56.368+0000] {standard_task_runner.py:91} INFO - Job 132: Subtask sleep
[2025-07-05T06:10:56.516+0000] {task_command.py:426} INFO - Running <TaskInstance: tutorial.sleep scheduled__2025-07-04T00:00:00+00:00 [running]> on host b39724c39614
[2025-07-05T06:10:56.768+0000] {taskinstance.py:2648} INFO - Exporting env vars: AIRFLOW_CTX_DAG_EMAIL='***@example.com' AIRFLOW_CTX_DAG_OWNER='***' AIRFLOW_CTX_DAG_ID='tutorial' AIRFLOW_CTX_TASK_ID='sleep' AIRFLOW_CTX_EXECUTION_DATE='2025-07-04T00:00:00+00:00' AIRFLOW_CTX_TRY_NUMBER='1' AIRFLOW_CTX_DAG_RUN_ID='scheduled__2025-07-04T00:00:00+00:00'
[2025-07-05T06:10:56.772+0000] {taskinstance.py:430} INFO - ::endgroup::
[2025-07-05T06:10:56.773+0000] {subprocess.py:63} INFO - Tmp dir root location: /tmp
[2025-07-05T06:10:56.776+0000] {subprocess.py:75} INFO - Running command: ['/usr/bin/bash', '-c', 'sleep 5']
[2025-07-05T06:10:56.810+0000] {subprocess.py:86} INFO - Output:
[2025-07-05T06:11:01.822+0000] {subprocess.py:97} INFO - Command exited with return code 0
[2025-07-05T06:11:01.822+0000] {taskinstance.py:441} INFO - ::group::Post task execution logs
[2025-07-05T06:11:01.871+0000] {taskinstance.py:1206} INFO - Marking task as SUCCESS. dag_id=tutorial, task_id=sleep, run_id=scheduled__2025-07-04T00:00:00+00:00, execution_date=20250704T000000, start_date=20250705T061056, end_date=20250705T061101
[2025-07-05T06:11:02.151+0000] {local_task_job_runner.py:240} INFO - Task exited with return code 0
[2025-07-05T06:11:02.178+0000] {taskinstance.py:3498} INFO - 0 downstream tasks scheduled from follow-on schedule check
[2025-07-05T06:11:02.182+0000] {local_task_job_runner.py:222} INFO - ::endgroup::
