[2025-07-05T06:10:30.891+0000] {local_task_job_runner.py:120} INFO - ::group::Pre task execution logs
[2025-07-05T06:10:30.990+0000] {taskinstance.py:2076} INFO - Dependencies all met for dep_context=non-requeueable deps ti=<TaskInstance: latest_only_with_trigger.latest_only scheduled__2025-07-05T00:00:00+00:00 [queued]>
[2025-07-05T06:10:31.052+0000] {taskinstance.py:2076} INFO - Dependencies all met for dep_context=requeueable deps ti=<TaskInstance: latest_only_with_trigger.latest_only scheduled__2025-07-05T00:00:00+00:00 [queued]>
[2025-07-05T06:10:31.052+0000] {taskinstance.py:2306} INFO - Starting attempt 1 of 1
[2025-07-05T06:10:31.182+0000] {taskinstance.py:2330} INFO - Executing <Task(LatestOnlyOperator): latest_only> on 2025-07-05 00:00:00+00:00
[2025-07-05T06:10:31.245+0000] {logging_mixin.py:188} WARNING - /home/***/.local/lib/python3.12/site-packages/***/task/task_runner/standard_task_runner.py:61 DeprecationWarning: This process (pid=520) is multi-threaded, use of fork() may lead to deadlocks in the child.
[2025-07-05T06:10:31.246+0000] {standard_task_runner.py:63} INFO - Started process 627 to run task
[2025-07-05T06:10:31.264+0000] {standard_task_runner.py:90} INFO - Running: ['***', 'tasks', 'run', 'latest_only_with_trigger', 'latest_only', 'scheduled__2025-07-05T00:00:00+00:00', '--job-id', '41', '--raw', '--subdir', '/home/***/.local/lib/python3.12/site-packages/***/example_dags/example_latest_only_with_trigger.py', '--cfg-path', '/tmp/tmpsg9ags0o']
[2025-07-05T06:10:31.266+0000] {standard_task_runner.py:91} INFO - Job 41: Subtask latest_only
[2025-07-05T06:10:31.443+0000] {task_command.py:426} INFO - Running <TaskInstance: latest_only_with_trigger.latest_only scheduled__2025-07-05T00:00:00+00:00 [running]> on host b39724c39614
[2025-07-05T06:10:31.723+0000] {taskinstance.py:2648} INFO - Exporting env vars: AIRFLOW_CTX_DAG_OWNER='***' AIRFLOW_CTX_DAG_ID='latest_only_with_trigger' AIRFLOW_CTX_TASK_ID='latest_only' AIRFLOW_CTX_EXECUTION_DATE='2025-07-05T00:00:00+00:00' AIRFLOW_CTX_TRY_NUMBER='1' AIRFLOW_CTX_DAG_RUN_ID='scheduled__2025-07-05T00:00:00+00:00'
[2025-07-05T06:10:31.725+0000] {taskinstance.py:430} INFO - ::endgroup::
[2025-07-05T06:10:31.725+0000] {latest_only.py:63} INFO - Checking latest only with left_window: 2025-07-05 04:00:00+00:00 right_window: 2025-07-05 08:00:00+00:00 now: 2025-07-05 06:10:31.725769+00:00
[2025-07-05T06:10:31.726+0000] {latest_only.py:76} INFO - Latest, allowing execution to proceed.
[2025-07-05T06:10:31.726+0000] {branch.py:36} INFO - Branch into ['task1']
[2025-07-05T06:10:31.726+0000] {skipmixin.py:178} INFO - Following branch ['task1']
[2025-07-05T06:10:31.773+0000] {skipmixin.py:246} INFO - Skipping tasks []
[2025-07-05T06:10:31.802+0000] {taskinstance.py:441} INFO - ::group::Post task execution logs
[2025-07-05T06:10:31.856+0000] {taskinstance.py:1206} INFO - Marking task as SUCCESS. dag_id=latest_only_with_trigger, task_id=latest_only, run_id=scheduled__2025-07-05T00:00:00+00:00, execution_date=20250705T000000, start_date=20250705T061030, end_date=20250705T061031
[2025-07-05T06:10:31.937+0000] {local_task_job_runner.py:240} INFO - Task exited with return code 0
[2025-07-05T06:10:31.954+0000] {local_task_job_runner.py:222} INFO - ::endgroup::
