[2025-07-05T06:10:29.710+0000] {local_task_job_runner.py:120} INFO - ::group::Pre task execution logs
[2025-07-05T06:10:29.822+0000] {taskinstance.py:2076} INFO - Dependencies all met for dep_context=non-requeueable deps ti=<TaskInstance: example_branch_python_operator_decorator.branching scheduled__2025-07-04T00:00:00+00:00 [queued]>
[2025-07-05T06:10:29.868+0000] {taskinstance.py:2076} INFO - Dependencies all met for dep_context=requeueable deps ti=<TaskInstance: example_branch_python_operator_decorator.branching scheduled__2025-07-04T00:00:00+00:00 [queued]>
[2025-07-05T06:10:29.876+0000] {taskinstance.py:2306} INFO - Starting attempt 1 of 1
[2025-07-05T06:10:29.944+0000] {taskinstance.py:2330} INFO - Executing <Task(_BranchPythonDecoratedOperator): branching> on 2025-07-04 00:00:00+00:00
[2025-07-05T06:10:30.004+0000] {standard_task_runner.py:90} INFO - Running: ['***', 'tasks', 'run', 'example_branch_python_operator_decorator', 'branching', 'scheduled__2025-07-04T00:00:00+00:00', '--job-id', '37', '--raw', '--subdir', '/home/***/.local/lib/python3.12/site-packages/***/example_dags/example_branch_operator_decorator.py', '--cfg-path', '/tmp/tmpi7s3txni']
[2025-07-05T06:10:30.020+0000] {standard_task_runner.py:91} INFO - Job 37: Subtask branching
[2025-07-05T06:10:30.022+0000] {logging_mixin.py:188} WARNING - /home/***/.local/lib/python3.12/site-packages/***/task/task_runner/standard_task_runner.py:61 DeprecationWarning: This process (pid=484) is multi-threaded, use of fork() may lead to deadlocks in the child.
[2025-07-05T06:10:30.059+0000] {standard_task_runner.py:63} INFO - Started process 613 to run task
[2025-07-05T06:10:30.181+0000] {task_command.py:426} INFO - Running <TaskInstance: example_branch_python_operator_decorator.branching scheduled__2025-07-04T00:00:00+00:00 [running]> on host b39724c39614
[2025-07-05T06:10:30.500+0000] {taskinstance.py:2648} INFO - Exporting env vars: AIRFLOW_CTX_DAG_OWNER='***' AIRFLOW_CTX_DAG_ID='example_branch_python_operator_decorator' AIRFLOW_CTX_TASK_ID='branching' AIRFLOW_CTX_EXECUTION_DATE='2025-07-04T00:00:00+00:00' AIRFLOW_CTX_TRY_NUMBER='1' AIRFLOW_CTX_DAG_RUN_ID='scheduled__2025-07-04T00:00:00+00:00'
[2025-07-05T06:10:30.501+0000] {taskinstance.py:430} INFO - ::endgroup::
[2025-07-05T06:10:30.502+0000] {python.py:237} INFO - Done. Returned value was: branch_a
[2025-07-05T06:10:30.502+0000] {branch.py:36} INFO - Branch into branch_a
[2025-07-05T06:10:30.502+0000] {skipmixin.py:178} INFO - Following branch branch_a
[2025-07-05T06:10:30.579+0000] {skipmixin.py:246} INFO - Skipping tasks [('branch_d', -1), ('branch_c', -1), ('branch_b', -1)]
[2025-07-05T06:10:30.655+0000] {taskinstance.py:441} INFO - ::group::Post task execution logs
[2025-07-05T06:10:30.730+0000] {taskinstance.py:1206} INFO - Marking task as SUCCESS. dag_id=example_branch_python_operator_decorator, task_id=branching, run_id=scheduled__2025-07-04T00:00:00+00:00, execution_date=20250704T000000, start_date=20250705T061029, end_date=20250705T061030
[2025-07-05T06:10:30.792+0000] {local_task_job_runner.py:240} INFO - Task exited with return code 0
[2025-07-05T06:10:30.924+0000] {taskinstance.py:3498} INFO - 1 downstream tasks scheduled from follow-on schedule check
[2025-07-05T06:10:30.941+0000] {local_task_job_runner.py:222} INFO - ::endgroup::
