[2025-07-05T06:10:22.203+0000] {local_task_job_runner.py:120} INFO - ::group::Pre task execution logs
[2025-07-05T06:10:22.273+0000] {taskinstance.py:2076} INFO - Dependencies all met for dep_context=non-requeueable deps ti=<TaskInstance: conditional_dataset_and_time_based_timetable.conditional_dataset_and_time_based_timetable scheduled__2025-07-02T01:00:00+00:00 [queued]>
[2025-07-05T06:10:22.291+0000] {taskinstance.py:2076} INFO - Dependencies all met for dep_context=requeueable deps ti=<TaskInstance: conditional_dataset_and_time_based_timetable.conditional_dataset_and_time_based_timetable scheduled__2025-07-02T01:00:00+00:00 [queued]>
[2025-07-05T06:10:22.291+0000] {taskinstance.py:2306} INFO - Starting attempt 1 of 1
[2025-07-05T06:10:22.332+0000] {taskinstance.py:2330} INFO - Executing <Task(BashOperator): conditional_dataset_and_time_based_timetable> on 2025-07-02 01:00:00+00:00
[2025-07-05T06:10:22.358+0000] {logging_mixin.py:188} WARNING - /home/***/.local/lib/python3.12/site-packages/***/task/task_runner/standard_task_runner.py:61 DeprecationWarning: This process (pid=240) is multi-threaded, use of fork() may lead to deadlocks in the child.
[2025-07-05T06:10:22.360+0000] {standard_task_runner.py:63} INFO - Started process 420 to run task
[2025-07-05T06:10:22.402+0000] {standard_task_runner.py:90} INFO - Running: ['***', 'tasks', 'run', 'conditional_dataset_and_time_based_timetable', 'conditional_dataset_and_time_based_timetable', 'scheduled__2025-07-02T01:00:00+00:00', '--job-id', '9', '--raw', '--subdir', '/home/***/.local/lib/python3.12/site-packages/***/example_dags/example_datasets.py', '--cfg-path', '/tmp/tmp__pw9dtv']
[2025-07-05T06:10:22.407+0000] {standard_task_runner.py:91} INFO - Job 9: Subtask conditional_dataset_and_time_based_timetable
[2025-07-05T06:10:22.569+0000] {task_command.py:426} INFO - Running <TaskInstance: conditional_dataset_and_time_based_timetable.conditional_dataset_and_time_based_timetable scheduled__2025-07-02T01:00:00+00:00 [running]> on host b39724c39614
[2025-07-05T06:10:22.836+0000] {taskinstance.py:2648} INFO - Exporting env vars: AIRFLOW_CTX_DAG_OWNER='***' AIRFLOW_CTX_DAG_ID='conditional_dataset_and_time_based_timetable' AIRFLOW_CTX_TASK_ID='conditional_dataset_and_time_based_timetable' AIRFLOW_CTX_EXECUTION_DATE='2025-07-02T01:00:00+00:00' AIRFLOW_CTX_TRY_NUMBER='1' AIRFLOW_CTX_DAG_RUN_ID='scheduled__2025-07-02T01:00:00+00:00'
[2025-07-05T06:10:22.838+0000] {taskinstance.py:430} INFO - ::endgroup::
[2025-07-05T06:10:22.839+0000] {subprocess.py:63} INFO - Tmp dir root location: /tmp
[2025-07-05T06:10:22.841+0000] {subprocess.py:75} INFO - Running command: ['/usr/bin/bash', '-c', 'sleep 5']
[2025-07-05T06:10:22.875+0000] {subprocess.py:86} INFO - Output:
[2025-07-05T06:10:27.882+0000] {subprocess.py:97} INFO - Command exited with return code 0
[2025-07-05T06:10:27.882+0000] {taskinstance.py:441} INFO - ::group::Post task execution logs
[2025-07-05T06:10:27.914+0000] {logging_mixin.py:188} WARNING - /home/***/.local/lib/python3.12/site-packages/***/models/baseoperator.py:1564 RemovedInAirflow3Warning: Passing 'execution_date' to 'TaskInstance.xcom_push()' is deprecated.
[2025-07-05T06:10:27.969+0000] {taskinstance.py:1206} INFO - Marking task as SUCCESS. dag_id=conditional_dataset_and_time_based_timetable, task_id=conditional_dataset_and_time_based_timetable, run_id=scheduled__2025-07-02T01:00:00+00:00, execution_date=20250702T010000, start_date=20250705T061022, end_date=20250705T061027
[2025-07-05T06:10:28.025+0000] {local_task_job_runner.py:240} INFO - Task exited with return code 0
[2025-07-05T06:10:28.060+0000] {taskinstance.py:3498} INFO - 0 downstream tasks scheduled from follow-on schedule check
[2025-07-05T06:10:28.071+0000] {local_task_job_runner.py:222} INFO - ::endgroup::
