[2025-07-07T06:49:34.108+0000] {local_task_job_runner.py:120} INFO - ::group::Pre task execution logs
[2025-07-07T06:49:34.130+0000] {taskinstance.py:2076} INFO - Dependencies all met for dep_context=non-requeueable deps ti=<TaskInstance: dbt_run_lakehouse_project.dbt_generate_docs manual__2025-07-07T06:46:56.958652+00:00 [queued]>
[2025-07-07T06:49:34.135+0000] {taskinstance.py:2076} INFO - Dependencies all met for dep_context=requeueable deps ti=<TaskInstance: dbt_run_lakehouse_project.dbt_generate_docs manual__2025-07-07T06:46:56.958652+00:00 [queued]>
[2025-07-07T06:49:34.135+0000] {taskinstance.py:2306} INFO - Starting attempt 1 of 1
[2025-07-07T06:49:34.145+0000] {taskinstance.py:2330} INFO - Executing <Task(BashOperator): dbt_generate_docs> on 2025-07-07 06:46:56.958652+00:00
[2025-07-07T06:49:34.152+0000] {standard_task_runner.py:90} INFO - Running: ['***', 'tasks', 'run', 'dbt_run_lakehouse_project', 'dbt_generate_docs', 'manual__2025-07-07T06:46:56.958652+00:00', '--job-id', '9', '--raw', '--subdir', 'DAGS_FOLDER/dbt_dag.py', '--cfg-path', '/tmp/tmp33wl1pck']
[2025-07-07T06:49:34.153+0000] {standard_task_runner.py:91} INFO - Job 9: Subtask dbt_generate_docs
[2025-07-07T06:49:34.154+0000] {logging_mixin.py:188} WARNING - /home/***/.local/lib/python3.12/site-packages/***/task/task_runner/standard_task_runner.py:61 DeprecationWarning: This process (pid=1270) is multi-threaded, use of fork() may lead to deadlocks in the child.
[2025-07-07T06:49:34.155+0000] {standard_task_runner.py:63} INFO - Started process 1271 to run task
[2025-07-07T06:49:34.182+0000] {task_command.py:426} INFO - Running <TaskInstance: dbt_run_lakehouse_project.dbt_generate_docs manual__2025-07-07T06:46:56.958652+00:00 [running]> on host 5ff4c7b39ece
[2025-07-07T06:49:34.244+0000] {taskinstance.py:2648} INFO - Exporting env vars: AIRFLOW_CTX_DAG_OWNER='***' AIRFLOW_CTX_DAG_ID='dbt_run_lakehouse_project' AIRFLOW_CTX_TASK_ID='dbt_generate_docs' AIRFLOW_CTX_EXECUTION_DATE='2025-07-07T06:46:56.958652+00:00' AIRFLOW_CTX_TRY_NUMBER='1' AIRFLOW_CTX_DAG_RUN_ID='manual__2025-07-07T06:46:56.958652+00:00'
[2025-07-07T06:49:34.245+0000] {taskinstance.py:430} INFO - ::endgroup::
[2025-07-07T06:49:34.258+0000] {subprocess.py:63} INFO - Tmp dir root location: /tmp
[2025-07-07T06:49:34.258+0000] {subprocess.py:75} INFO - Running command: ['/usr/bin/bash', '-c', 'cd /dbt_lakehouse && dbt docs generate']
[2025-07-07T06:49:34.267+0000] {subprocess.py:86} INFO - Output:
[2025-07-07T06:49:36.035+0000] {subprocess.py:93} INFO - [0m06:49:36  Running with dbt=1.10.3
[2025-07-07T06:49:36.067+0000] {subprocess.py:93} INFO - INFO:trino.auth:keyring module not found. OAuth2 token will not be stored in keyring.
[2025-07-07T06:49:36.069+0000] {subprocess.py:93} INFO - INFO:trino.auth:keyring module not found. OAuth2 token will not be stored in keyring.
[2025-07-07T06:49:36.253+0000] {subprocess.py:93} INFO - [0m06:49:36  Registered adapter: trino=1.9.2
[2025-07-07T06:49:36.403+0000] {subprocess.py:93} INFO - [0m06:49:36  Unable to do partial parsing because a project config has changed
[2025-07-07T06:49:37.570+0000] {subprocess.py:93} INFO - [0m06:49:37  [[33mWARNING[0m]: Configuration paths exist in your dbt_project.yml file which do not apply to any resources.
[2025-07-07T06:49:37.571+0000] {subprocess.py:93} INFO - There are 2 unused configuration paths:
[2025-07-07T06:49:37.571+0000] {subprocess.py:93} INFO - - models.dbt_lakehouse.staging
[2025-07-07T06:49:37.571+0000] {subprocess.py:93} INFO - - models.dbt_lakehouse.intermediate
[2025-07-07T06:49:37.591+0000] {subprocess.py:93} INFO - [0m06:49:37  Found 3 models, 6 data tests, 1 source, 454 macros
[2025-07-07T06:49:37.593+0000] {subprocess.py:93} INFO - [0m06:49:37
[2025-07-07T06:49:37.593+0000] {subprocess.py:93} INFO - [0m06:49:37  Concurrency: 1 threads (target='dev')
[2025-07-07T06:49:37.593+0000] {subprocess.py:93} INFO - [0m06:49:37
[2025-07-07T06:49:37.638+0000] {subprocess.py:93} INFO - [0m06:49:37  [[33mWARNING[0m]: SSL certificate validation is disabled by default. It is legacy behavior which will be changed in future releases. It is strongly advised to enable `require_certificate_validation` flag or explicitly set `cert` configuration to `True` for security reasons. You may receive an error after that if your SSL setup is incorrect.
[2025-07-07T06:49:37.639+0000] {subprocess.py:93} INFO - You may opt into the new behavior sooner by setting `flags.require_certificate_validation` to `True` in `dbt_project.yml`.
[2025-07-07T06:49:37.639+0000] {subprocess.py:93} INFO - Visit https://docs.getdbt.com/reference/global-configs/behavior-changes for more information.
[2025-07-07T06:49:38.155+0000] {subprocess.py:93} INFO - [0m06:49:38  Building catalog
[2025-07-07T06:49:39.126+0000] {subprocess.py:93} INFO - [0m06:49:39  Catalog written to /dbt_lakehouse/target/catalog.json
[2025-07-07T06:49:39.465+0000] {subprocess.py:97} INFO - Command exited with return code 0
[2025-07-07T06:49:39.465+0000] {taskinstance.py:441} INFO - ::group::Post task execution logs
[2025-07-07T06:49:39.488+0000] {taskinstance.py:1206} INFO - Marking task as SUCCESS. dag_id=dbt_run_lakehouse_project, task_id=dbt_generate_docs, run_id=manual__2025-07-07T06:46:56.958652+00:00, execution_date=20250707T064656, start_date=20250707T064934, end_date=20250707T064939
[2025-07-07T06:49:39.501+0000] {local_task_job_runner.py:240} INFO - Task exited with return code 0
[2025-07-07T06:49:39.514+0000] {taskinstance.py:3498} INFO - 0 downstream tasks scheduled from follow-on schedule check
[2025-07-07T06:49:39.515+0000] {local_task_job_runner.py:222} INFO - ::endgroup::
